/data/miniconda/envs/torch/lib/python3.10/site-packages/torch/distributed/launch.py:183: FutureWarning: The module torch.distributed.launch is deprecated
and will be removed in future. Use torchrun.
Note that --use-env is set by default in torchrun.
If your script expects `--local-rank` argument to be set, please
change it to read from `os.environ['LOCAL_RANK']` instead. See 
https://pytorch.org/docs/stable/distributed.html#launch-utility for 
further instructions

  warnings.warn(
W0104 16:53:30.513000 140045301970752 torch/distributed/run.py:757] 
W0104 16:53:30.513000 140045301970752 torch/distributed/run.py:757] *****************************************
W0104 16:53:30.513000 140045301970752 torch/distributed/run.py:757] Setting OMP_NUM_THREADS environment variable for each process to be 1 in default, to avoid your system being overloaded, please further tune the variable for optimal performance in your application as needed. 
W0104 16:53:30.513000 140045301970752 torch/distributed/run.py:757] *****************************************
/data/miniconda/envs/torch/lib/python3.10/site-packages/timm/models/layers/__init__.py:48: FutureWarning: Importing from timm.models.layers is deprecated, please import via timm.layers
  warnings.warn(f"Importing from {__name__} is deprecated, please import via timm.layers", FutureWarning)
/data/miniconda/envs/torch/lib/python3.10/site-packages/timm/models/layers/__init__.py:48: FutureWarning: Importing from timm.models.layers is deprecated, please import via timm.layers
  warnings.warn(f"Importing from {__name__} is deprecated, please import via timm.layers", FutureWarning)
[2025-01-04 16:53:34,768][    INFO] {'bs': 8,
 'dataset': 'eventscape',
 'depth_anything_pretrained': '/data/coding/upload-data/checkpoints/depth_anything_v2_vitl.pth',
 'encoder': 'vitl',
 'epochs': 50,
 'event_voxel_chans': 3,
 'finetune_mode': 'decoder',
 'img_size': 350,
 'local_rank': 0,
 'lr': 5e-06,
 'max_depth': 1.0,
 'min_depth': 0.0,
 'ngpus': 2,
 'normalized_depth': True,
 'port': 20596,
 'pretrained_from': None,
 'prompt_type': 'epde_deep',
 'save_path': '/data/coding/code/da2-prompt-tuning/exp/var_fuse_eventscape_decoder_nl_20250104_165328'}

INFO:dinov2:using MLP layer as FFN
INFO:dinov2:using MLP layer as FFN
Loaded pretrained weights from /data/coding/upload-data/checkpoints/depth_anything_v2_vitl.pth
Loaded pretrained weights from /data/coding/upload-data/checkpoints/depth_anything_v2_vitl.pth
The freezing mode of weights is: decoder
The freezing mode of weights is: decoder
[2025-01-04 16:53:45,101][    INFO] Module: module.foundation.depth_head.projects.0.weight, Trainable Parameters: 262144
[2025-01-04 16:53:45,102][    INFO] Module: module.foundation.depth_head.projects.0.bias, Trainable Parameters: 256
[2025-01-04 16:53:45,102][    INFO] Module: module.foundation.depth_head.projects.1.weight, Trainable Parameters: 524288
[2025-01-04 16:53:45,102][    INFO] Module: module.foundation.depth_head.projects.1.bias, Trainable Parameters: 512
[2025-01-04 16:53:45,102][    INFO] Module: module.foundation.depth_head.projects.2.weight, Trainable Parameters: 1048576
[2025-01-04 16:53:45,102][    INFO] Module: module.foundation.depth_head.projects.2.bias, Trainable Parameters: 1024
[2025-01-04 16:53:45,102][    INFO] Module: module.foundation.depth_head.projects.3.weight, Trainable Parameters: 1048576
[2025-01-04 16:53:45,102][    INFO] Module: module.foundation.depth_head.projects.3.bias, Trainable Parameters: 1024
[2025-01-04 16:53:45,102][    INFO] Module: module.foundation.depth_head.resize_layers.0.weight, Trainable Parameters: 1048576
[2025-01-04 16:53:45,102][    INFO] Module: module.foundation.depth_head.resize_layers.0.bias, Trainable Parameters: 256
[2025-01-04 16:53:45,102][    INFO] Module: module.foundation.depth_head.resize_layers.1.weight, Trainable Parameters: 1048576
[2025-01-04 16:53:45,102][    INFO] Module: module.foundation.depth_head.resize_layers.1.bias, Trainable Parameters: 512
[2025-01-04 16:53:45,102][    INFO] Module: module.foundation.depth_head.resize_layers.3.weight, Trainable Parameters: 9437184
[2025-01-04 16:53:45,102][    INFO] Module: module.foundation.depth_head.resize_layers.3.bias, Trainable Parameters: 1024
[2025-01-04 16:53:45,102][    INFO] Module: module.foundation.depth_head.scratch.layer1_rn.weight, Trainable Parameters: 589824
[2025-01-04 16:53:45,102][    INFO] Module: module.foundation.depth_head.scratch.layer2_rn.weight, Trainable Parameters: 1179648
[2025-01-04 16:53:45,102][    INFO] Module: module.foundation.depth_head.scratch.layer3_rn.weight, Trainable Parameters: 2359296
[2025-01-04 16:53:45,102][    INFO] Module: module.foundation.depth_head.scratch.layer4_rn.weight, Trainable Parameters: 2359296
[2025-01-04 16:53:45,102][    INFO] Module: module.foundation.depth_head.scratch.refinenet1.out_conv.weight, Trainable Parameters: 65536
[2025-01-04 16:53:45,102][    INFO] Module: module.foundation.depth_head.scratch.refinenet1.out_conv.bias, Trainable Parameters: 256
[2025-01-04 16:53:45,102][    INFO] Module: module.foundation.depth_head.scratch.refinenet1.resConfUnit1.conv1.weight, Trainable Parameters: 589824
[2025-01-04 16:53:45,102][    INFO] Module: module.foundation.depth_head.scratch.refinenet1.resConfUnit1.conv1.bias, Trainable Parameters: 256
[2025-01-04 16:53:45,102][    INFO] Module: module.foundation.depth_head.scratch.refinenet1.resConfUnit1.conv2.weight, Trainable Parameters: 589824
[2025-01-04 16:53:45,102][    INFO] Module: module.foundation.depth_head.scratch.refinenet1.resConfUnit1.conv2.bias, Trainable Parameters: 256
[2025-01-04 16:53:45,102][    INFO] Module: module.foundation.depth_head.scratch.refinenet1.resConfUnit2.conv1.weight, Trainable Parameters: 589824
[2025-01-04 16:53:45,102][    INFO] Module: module.foundation.depth_head.scratch.refinenet1.resConfUnit2.conv1.bias, Trainable Parameters: 256
[2025-01-04 16:53:45,102][    INFO] Module: module.foundation.depth_head.scratch.refinenet1.resConfUnit2.conv2.weight, Trainable Parameters: 589824
[2025-01-04 16:53:45,102][    INFO] Module: module.foundation.depth_head.scratch.refinenet1.resConfUnit2.conv2.bias, Trainable Parameters: 256
[2025-01-04 16:53:45,102][    INFO] Module: module.foundation.depth_head.scratch.refinenet2.out_conv.weight, Trainable Parameters: 65536
[2025-01-04 16:53:45,102][    INFO] Module: module.foundation.depth_head.scratch.refinenet2.out_conv.bias, Trainable Parameters: 256
[2025-01-04 16:53:45,102][    INFO] Module: module.foundation.depth_head.scratch.refinenet2.resConfUnit1.conv1.weight, Trainable Parameters: 589824
[2025-01-04 16:53:45,102][    INFO] Module: module.foundation.depth_head.scratch.refinenet2.resConfUnit1.conv1.bias, Trainable Parameters: 256
[2025-01-04 16:53:45,102][    INFO] Module: module.foundation.depth_head.scratch.refinenet2.resConfUnit1.conv2.weight, Trainable Parameters: 589824
[2025-01-04 16:53:45,103][    INFO] Module: module.foundation.depth_head.scratch.refinenet2.resConfUnit1.conv2.bias, Trainable Parameters: 256
[2025-01-04 16:53:45,103][    INFO] Module: module.foundation.depth_head.scratch.refinenet2.resConfUnit2.conv1.weight, Trainable Parameters: 589824
[2025-01-04 16:53:45,103][    INFO] Module: module.foundation.depth_head.scratch.refinenet2.resConfUnit2.conv1.bias, Trainable Parameters: 256
[2025-01-04 16:53:45,103][    INFO] Module: module.foundation.depth_head.scratch.refinenet2.resConfUnit2.conv2.weight, Trainable Parameters: 589824
[2025-01-04 16:53:45,103][    INFO] Module: module.foundation.depth_head.scratch.refinenet2.resConfUnit2.conv2.bias, Trainable Parameters: 256
[2025-01-04 16:53:45,103][    INFO] Module: module.foundation.depth_head.scratch.refinenet3.out_conv.weight, Trainable Parameters: 65536
[2025-01-04 16:53:45,103][    INFO] Module: module.foundation.depth_head.scratch.refinenet3.out_conv.bias, Trainable Parameters: 256
[2025-01-04 16:53:45,103][    INFO] Module: module.foundation.depth_head.scratch.refinenet3.resConfUnit1.conv1.weight, Trainable Parameters: 589824
[2025-01-04 16:53:45,103][    INFO] Module: module.foundation.depth_head.scratch.refinenet3.resConfUnit1.conv1.bias, Trainable Parameters: 256
[2025-01-04 16:53:45,103][    INFO] Module: module.foundation.depth_head.scratch.refinenet3.resConfUnit1.conv2.weight, Trainable Parameters: 589824
[2025-01-04 16:53:45,103][    INFO] Module: module.foundation.depth_head.scratch.refinenet3.resConfUnit1.conv2.bias, Trainable Parameters: 256
[2025-01-04 16:53:45,103][    INFO] Module: module.foundation.depth_head.scratch.refinenet3.resConfUnit2.conv1.weight, Trainable Parameters: 589824
[2025-01-04 16:53:45,103][    INFO] Module: module.foundation.depth_head.scratch.refinenet3.resConfUnit2.conv1.bias, Trainable Parameters: 256
[2025-01-04 16:53:45,103][    INFO] Module: module.foundation.depth_head.scratch.refinenet3.resConfUnit2.conv2.weight, Trainable Parameters: 589824
[2025-01-04 16:53:45,103][    INFO] Module: module.foundation.depth_head.scratch.refinenet3.resConfUnit2.conv2.bias, Trainable Parameters: 256
[2025-01-04 16:53:45,103][    INFO] Module: module.foundation.depth_head.scratch.refinenet4.out_conv.weight, Trainable Parameters: 65536
[2025-01-04 16:53:45,103][    INFO] Module: module.foundation.depth_head.scratch.refinenet4.out_conv.bias, Trainable Parameters: 256
[2025-01-04 16:53:45,103][    INFO] Module: module.foundation.depth_head.scratch.refinenet4.resConfUnit1.conv1.weight, Trainable Parameters: 589824
[2025-01-04 16:53:45,103][    INFO] Module: module.foundation.depth_head.scratch.refinenet4.resConfUnit1.conv1.bias, Trainable Parameters: 256
[2025-01-04 16:53:45,103][    INFO] Module: module.foundation.depth_head.scratch.refinenet4.resConfUnit1.conv2.weight, Trainable Parameters: 589824
[2025-01-04 16:53:45,103][    INFO] Module: module.foundation.depth_head.scratch.refinenet4.resConfUnit1.conv2.bias, Trainable Parameters: 256
[2025-01-04 16:53:45,103][    INFO] Module: module.foundation.depth_head.scratch.refinenet4.resConfUnit2.conv1.weight, Trainable Parameters: 589824
[2025-01-04 16:53:45,103][    INFO] Module: module.foundation.depth_head.scratch.refinenet4.resConfUnit2.conv1.bias, Trainable Parameters: 256
[2025-01-04 16:53:45,103][    INFO] Module: module.foundation.depth_head.scratch.refinenet4.resConfUnit2.conv2.weight, Trainable Parameters: 589824
[2025-01-04 16:53:45,103][    INFO] Module: module.foundation.depth_head.scratch.refinenet4.resConfUnit2.conv2.bias, Trainable Parameters: 256
[2025-01-04 16:53:45,103][    INFO] Module: module.foundation.depth_head.scratch.output_conv1.weight, Trainable Parameters: 294912
[2025-01-04 16:53:45,103][    INFO] Module: module.foundation.depth_head.scratch.output_conv1.bias, Trainable Parameters: 128
[2025-01-04 16:53:45,103][    INFO] Module: module.foundation.depth_head.scratch.output_conv2.0.weight, Trainable Parameters: 36864
[2025-01-04 16:53:45,103][    INFO] Module: module.foundation.depth_head.scratch.output_conv2.0.bias, Trainable Parameters: 32
[2025-01-04 16:53:45,103][    INFO] Module: module.foundation.depth_head.scratch.output_conv2.2.weight, Trainable Parameters: 32
[2025-01-04 16:53:45,103][    INFO] Module: module.foundation.depth_head.scratch.output_conv2.2.bias, Trainable Parameters: 1
[2025-01-04 16:53:45,103][    INFO] Module: module.patch_embed_prompt.proj.weight, Trainable Parameters: 602112
[2025-01-04 16:53:45,103][    INFO] Module: module.patch_embed_prompt.proj.bias, Trainable Parameters: 1024
[2025-01-04 16:53:45,103][    INFO] Module: module.prompt_blocks.0.norm1.weight, Trainable Parameters: 1024
[2025-01-04 16:53:45,104][    INFO] Module: module.prompt_blocks.0.norm1.bias, Trainable Parameters: 1024
[2025-01-04 16:53:45,104][    INFO] Module: module.prompt_blocks.0.attn.qkv.weight, Trainable Parameters: 3145728
[2025-01-04 16:53:45,104][    INFO] Module: module.prompt_blocks.0.attn.qkv.bias, Trainable Parameters: 3072
[2025-01-04 16:53:45,104][    INFO] Module: module.prompt_blocks.0.attn.proj.weight, Trainable Parameters: 1048576
[2025-01-04 16:53:45,104][    INFO] Module: module.prompt_blocks.0.attn.proj.bias, Trainable Parameters: 1024
[2025-01-04 16:53:45,104][    INFO] Module: module.prompt_blocks.0.norm2.weight, Trainable Parameters: 1024
[2025-01-04 16:53:45,104][    INFO] Module: module.prompt_blocks.0.norm2.bias, Trainable Parameters: 1024
[2025-01-04 16:53:45,104][    INFO] Module: module.prompt_blocks.0.mlp.fc1.weight, Trainable Parameters: 4194304
[2025-01-04 16:53:45,104][    INFO] Module: module.prompt_blocks.0.mlp.fc1.bias, Trainable Parameters: 4096
[2025-01-04 16:53:45,104][    INFO] Module: module.prompt_blocks.0.mlp.fc2.weight, Trainable Parameters: 4194304
[2025-01-04 16:53:45,104][    INFO] Module: module.prompt_blocks.0.mlp.fc2.bias, Trainable Parameters: 1024
[2025-01-04 16:53:45,104][    INFO] Module: module.prompt_blocks.1.norm1.weight, Trainable Parameters: 1024
[2025-01-04 16:53:45,104][    INFO] Module: module.prompt_blocks.1.norm1.bias, Trainable Parameters: 1024
[2025-01-04 16:53:45,104][    INFO] Module: module.prompt_blocks.1.attn.qkv.weight, Trainable Parameters: 3145728
[2025-01-04 16:53:45,104][    INFO] Module: module.prompt_blocks.1.attn.qkv.bias, Trainable Parameters: 3072
[2025-01-04 16:53:45,104][    INFO] Module: module.prompt_blocks.1.attn.proj.weight, Trainable Parameters: 1048576
[2025-01-04 16:53:45,104][    INFO] Module: module.prompt_blocks.1.attn.proj.bias, Trainable Parameters: 1024
[2025-01-04 16:53:45,104][    INFO] Module: module.prompt_blocks.1.norm2.weight, Trainable Parameters: 1024
[2025-01-04 16:53:45,104][    INFO] Module: module.prompt_blocks.1.norm2.bias, Trainable Parameters: 1024
[2025-01-04 16:53:45,104][    INFO] Module: module.prompt_blocks.1.mlp.fc1.weight, Trainable Parameters: 4194304
[2025-01-04 16:53:45,104][    INFO] Module: module.prompt_blocks.1.mlp.fc1.bias, Trainable Parameters: 4096
[2025-01-04 16:53:45,104][    INFO] Module: module.prompt_blocks.1.mlp.fc2.weight, Trainable Parameters: 4194304
[2025-01-04 16:53:45,104][    INFO] Module: module.prompt_blocks.1.mlp.fc2.bias, Trainable Parameters: 1024
[2025-01-04 16:53:45,104][    INFO] Module: module.prompt_blocks.2.norm1.weight, Trainable Parameters: 1024
[2025-01-04 16:53:45,104][    INFO] Module: module.prompt_blocks.2.norm1.bias, Trainable Parameters: 1024
[2025-01-04 16:53:45,104][    INFO] Module: module.prompt_blocks.2.attn.qkv.weight, Trainable Parameters: 3145728
[2025-01-04 16:53:45,104][    INFO] Module: module.prompt_blocks.2.attn.qkv.bias, Trainable Parameters: 3072
[2025-01-04 16:53:45,104][    INFO] Module: module.prompt_blocks.2.attn.proj.weight, Trainable Parameters: 1048576
[2025-01-04 16:53:45,104][    INFO] Module: module.prompt_blocks.2.attn.proj.bias, Trainable Parameters: 1024
[2025-01-04 16:53:45,104][    INFO] Module: module.prompt_blocks.2.norm2.weight, Trainable Parameters: 1024
[2025-01-04 16:53:45,104][    INFO] Module: module.prompt_blocks.2.norm2.bias, Trainable Parameters: 1024
[2025-01-04 16:53:45,104][    INFO] Module: module.prompt_blocks.2.mlp.fc1.weight, Trainable Parameters: 4194304
[2025-01-04 16:53:45,104][    INFO] Module: module.prompt_blocks.2.mlp.fc1.bias, Trainable Parameters: 4096
[2025-01-04 16:53:45,104][    INFO] Module: module.prompt_blocks.2.mlp.fc2.weight, Trainable Parameters: 4194304
[2025-01-04 16:53:45,104][    INFO] Module: module.prompt_blocks.2.mlp.fc2.bias, Trainable Parameters: 1024
[2025-01-04 16:53:45,104][    INFO] Module: module.prompt_blocks.3.norm1.weight, Trainable Parameters: 1024
[2025-01-04 16:53:45,104][    INFO] Module: module.prompt_blocks.3.norm1.bias, Trainable Parameters: 1024
[2025-01-04 16:53:45,105][    INFO] Module: module.prompt_blocks.3.attn.qkv.weight, Trainable Parameters: 3145728
[2025-01-04 16:53:45,105][    INFO] Module: module.prompt_blocks.3.attn.qkv.bias, Trainable Parameters: 3072
[2025-01-04 16:53:45,105][    INFO] Module: module.prompt_blocks.3.attn.proj.weight, Trainable Parameters: 1048576
[2025-01-04 16:53:45,105][    INFO] Module: module.prompt_blocks.3.attn.proj.bias, Trainable Parameters: 1024
[2025-01-04 16:53:45,105][    INFO] Module: module.prompt_blocks.3.norm2.weight, Trainable Parameters: 1024
[2025-01-04 16:53:45,105][    INFO] Module: module.prompt_blocks.3.norm2.bias, Trainable Parameters: 1024
[2025-01-04 16:53:45,105][    INFO] Module: module.prompt_blocks.3.mlp.fc1.weight, Trainable Parameters: 4194304
[2025-01-04 16:53:45,105][    INFO] Module: module.prompt_blocks.3.mlp.fc1.bias, Trainable Parameters: 4096
[2025-01-04 16:53:45,105][    INFO] Module: module.prompt_blocks.3.mlp.fc2.weight, Trainable Parameters: 4194304
[2025-01-04 16:53:45,105][    INFO] Module: module.prompt_blocks.3.mlp.fc2.bias, Trainable Parameters: 1024
[2025-01-04 16:53:45,105][    INFO] Module: module.prompt_blocks.4.norm1.weight, Trainable Parameters: 1024
[2025-01-04 16:53:45,105][    INFO] Module: module.prompt_blocks.4.norm1.bias, Trainable Parameters: 1024
[2025-01-04 16:53:45,105][    INFO] Module: module.prompt_blocks.4.attn.qkv.weight, Trainable Parameters: 3145728
[2025-01-04 16:53:45,105][    INFO] Module: module.prompt_blocks.4.attn.qkv.bias, Trainable Parameters: 3072
[2025-01-04 16:53:45,105][    INFO] Module: module.prompt_blocks.4.attn.proj.weight, Trainable Parameters: 1048576
[2025-01-04 16:53:45,105][    INFO] Module: module.prompt_blocks.4.attn.proj.bias, Trainable Parameters: 1024
[2025-01-04 16:53:45,105][    INFO] Module: module.prompt_blocks.4.norm2.weight, Trainable Parameters: 1024
[2025-01-04 16:53:45,105][    INFO] Module: module.prompt_blocks.4.norm2.bias, Trainable Parameters: 1024
[2025-01-04 16:53:45,105][    INFO] Module: module.prompt_blocks.4.mlp.fc1.weight, Trainable Parameters: 4194304
[2025-01-04 16:53:45,105][    INFO] Module: module.prompt_blocks.4.mlp.fc1.bias, Trainable Parameters: 4096
[2025-01-04 16:53:45,105][    INFO] Module: module.prompt_blocks.4.mlp.fc2.weight, Trainable Parameters: 4194304
[2025-01-04 16:53:45,105][    INFO] Module: module.prompt_blocks.4.mlp.fc2.bias, Trainable Parameters: 1024
[2025-01-04 16:53:45,105][    INFO] Module: module.prompt_blocks.5.norm1.weight, Trainable Parameters: 1024
[2025-01-04 16:53:45,105][    INFO] Module: module.prompt_blocks.5.norm1.bias, Trainable Parameters: 1024
[2025-01-04 16:53:45,105][    INFO] Module: module.prompt_blocks.5.attn.qkv.weight, Trainable Parameters: 3145728
[2025-01-04 16:53:45,105][    INFO] Module: module.prompt_blocks.5.attn.qkv.bias, Trainable Parameters: 3072
[2025-01-04 16:53:45,105][    INFO] Module: module.prompt_blocks.5.attn.proj.weight, Trainable Parameters: 1048576
[2025-01-04 16:53:45,105][    INFO] Module: module.prompt_blocks.5.attn.proj.bias, Trainable Parameters: 1024
[2025-01-04 16:53:45,105][    INFO] Module: module.prompt_blocks.5.norm2.weight, Trainable Parameters: 1024
[2025-01-04 16:53:45,105][    INFO] Module: module.prompt_blocks.5.norm2.bias, Trainable Parameters: 1024
[2025-01-04 16:53:45,105][    INFO] Module: module.prompt_blocks.5.mlp.fc1.weight, Trainable Parameters: 4194304
[2025-01-04 16:53:45,105][    INFO] Module: module.prompt_blocks.5.mlp.fc1.bias, Trainable Parameters: 4096
[2025-01-04 16:53:45,105][    INFO] Module: module.prompt_blocks.5.mlp.fc2.weight, Trainable Parameters: 4194304
[2025-01-04 16:53:45,105][    INFO] Module: module.prompt_blocks.5.mlp.fc2.bias, Trainable Parameters: 1024
[2025-01-04 16:53:45,105][    INFO] Module: module.prompt_blocks.6.norm1.weight, Trainable Parameters: 1024
[2025-01-04 16:53:45,105][    INFO] Module: module.prompt_blocks.6.norm1.bias, Trainable Parameters: 1024
[2025-01-04 16:53:45,105][    INFO] Module: module.prompt_blocks.6.attn.qkv.weight, Trainable Parameters: 3145728
[2025-01-04 16:53:45,106][    INFO] Module: module.prompt_blocks.6.attn.qkv.bias, Trainable Parameters: 3072
[2025-01-04 16:53:45,106][    INFO] Module: module.prompt_blocks.6.attn.proj.weight, Trainable Parameters: 1048576
[2025-01-04 16:53:45,106][    INFO] Module: module.prompt_blocks.6.attn.proj.bias, Trainable Parameters: 1024
[2025-01-04 16:53:45,106][    INFO] Module: module.prompt_blocks.6.norm2.weight, Trainable Parameters: 1024
[2025-01-04 16:53:45,106][    INFO] Module: module.prompt_blocks.6.norm2.bias, Trainable Parameters: 1024
[2025-01-04 16:53:45,106][    INFO] Module: module.prompt_blocks.6.mlp.fc1.weight, Trainable Parameters: 4194304
[2025-01-04 16:53:45,106][    INFO] Module: module.prompt_blocks.6.mlp.fc1.bias, Trainable Parameters: 4096
[2025-01-04 16:53:45,106][    INFO] Module: module.prompt_blocks.6.mlp.fc2.weight, Trainable Parameters: 4194304
[2025-01-04 16:53:45,106][    INFO] Module: module.prompt_blocks.6.mlp.fc2.bias, Trainable Parameters: 1024
[2025-01-04 16:53:45,106][    INFO] Module: module.prompt_blocks.7.norm1.weight, Trainable Parameters: 1024
[2025-01-04 16:53:45,106][    INFO] Module: module.prompt_blocks.7.norm1.bias, Trainable Parameters: 1024
[2025-01-04 16:53:45,106][    INFO] Module: module.prompt_blocks.7.attn.qkv.weight, Trainable Parameters: 3145728
[2025-01-04 16:53:45,106][    INFO] Module: module.prompt_blocks.7.attn.qkv.bias, Trainable Parameters: 3072
[2025-01-04 16:53:45,106][    INFO] Module: module.prompt_blocks.7.attn.proj.weight, Trainable Parameters: 1048576
[2025-01-04 16:53:45,106][    INFO] Module: module.prompt_blocks.7.attn.proj.bias, Trainable Parameters: 1024
[2025-01-04 16:53:45,106][    INFO] Module: module.prompt_blocks.7.norm2.weight, Trainable Parameters: 1024
[2025-01-04 16:53:45,106][    INFO] Module: module.prompt_blocks.7.norm2.bias, Trainable Parameters: 1024
[2025-01-04 16:53:45,106][    INFO] Module: module.prompt_blocks.7.mlp.fc1.weight, Trainable Parameters: 4194304
[2025-01-04 16:53:45,106][    INFO] Module: module.prompt_blocks.7.mlp.fc1.bias, Trainable Parameters: 4096
[2025-01-04 16:53:45,106][    INFO] Module: module.prompt_blocks.7.mlp.fc2.weight, Trainable Parameters: 4194304
[2025-01-04 16:53:45,106][    INFO] Module: module.prompt_blocks.7.mlp.fc2.bias, Trainable Parameters: 1024
[2025-01-04 16:53:45,106][    INFO] Module: module.prompt_blocks.8.norm1.weight, Trainable Parameters: 1024
[2025-01-04 16:53:45,106][    INFO] Module: module.prompt_blocks.8.norm1.bias, Trainable Parameters: 1024
[2025-01-04 16:53:45,106][    INFO] Module: module.prompt_blocks.8.attn.qkv.weight, Trainable Parameters: 3145728
[2025-01-04 16:53:45,106][    INFO] Module: module.prompt_blocks.8.attn.qkv.bias, Trainable Parameters: 3072
[2025-01-04 16:53:45,106][    INFO] Module: module.prompt_blocks.8.attn.proj.weight, Trainable Parameters: 1048576
[2025-01-04 16:53:45,106][    INFO] Module: module.prompt_blocks.8.attn.proj.bias, Trainable Parameters: 1024
[2025-01-04 16:53:45,106][    INFO] Module: module.prompt_blocks.8.norm2.weight, Trainable Parameters: 1024
[2025-01-04 16:53:45,106][    INFO] Module: module.prompt_blocks.8.norm2.bias, Trainable Parameters: 1024
[2025-01-04 16:53:45,106][    INFO] Module: module.prompt_blocks.8.mlp.fc1.weight, Trainable Parameters: 4194304
[2025-01-04 16:53:45,106][    INFO] Module: module.prompt_blocks.8.mlp.fc1.bias, Trainable Parameters: 4096
[2025-01-04 16:53:45,106][    INFO] Module: module.prompt_blocks.8.mlp.fc2.weight, Trainable Parameters: 4194304
[2025-01-04 16:53:45,106][    INFO] Module: module.prompt_blocks.8.mlp.fc2.bias, Trainable Parameters: 1024
[2025-01-04 16:53:45,106][    INFO] Module: module.prompt_blocks.9.norm1.weight, Trainable Parameters: 1024
[2025-01-04 16:53:45,106][    INFO] Module: module.prompt_blocks.9.norm1.bias, Trainable Parameters: 1024
[2025-01-04 16:53:45,106][    INFO] Module: module.prompt_blocks.9.attn.qkv.weight, Trainable Parameters: 3145728
[2025-01-04 16:53:45,106][    INFO] Module: module.prompt_blocks.9.attn.qkv.bias, Trainable Parameters: 3072
[2025-01-04 16:53:45,106][    INFO] Module: module.prompt_blocks.9.attn.proj.weight, Trainable Parameters: 1048576
[2025-01-04 16:53:45,107][    INFO] Module: module.prompt_blocks.9.attn.proj.bias, Trainable Parameters: 1024
[2025-01-04 16:53:45,107][    INFO] Module: module.prompt_blocks.9.norm2.weight, Trainable Parameters: 1024
[2025-01-04 16:53:45,107][    INFO] Module: module.prompt_blocks.9.norm2.bias, Trainable Parameters: 1024
[2025-01-04 16:53:45,107][    INFO] Module: module.prompt_blocks.9.mlp.fc1.weight, Trainable Parameters: 4194304
[2025-01-04 16:53:45,107][    INFO] Module: module.prompt_blocks.9.mlp.fc1.bias, Trainable Parameters: 4096
[2025-01-04 16:53:45,107][    INFO] Module: module.prompt_blocks.9.mlp.fc2.weight, Trainable Parameters: 4194304
[2025-01-04 16:53:45,107][    INFO] Module: module.prompt_blocks.9.mlp.fc2.bias, Trainable Parameters: 1024
[2025-01-04 16:53:45,107][    INFO] Module: module.prompt_blocks.10.norm1.weight, Trainable Parameters: 1024
[2025-01-04 16:53:45,107][    INFO] Module: module.prompt_blocks.10.norm1.bias, Trainable Parameters: 1024
[2025-01-04 16:53:45,107][    INFO] Module: module.prompt_blocks.10.attn.qkv.weight, Trainable Parameters: 3145728
[2025-01-04 16:53:45,107][    INFO] Module: module.prompt_blocks.10.attn.qkv.bias, Trainable Parameters: 3072
[2025-01-04 16:53:45,107][    INFO] Module: module.prompt_blocks.10.attn.proj.weight, Trainable Parameters: 1048576
[2025-01-04 16:53:45,107][    INFO] Module: module.prompt_blocks.10.attn.proj.bias, Trainable Parameters: 1024
[2025-01-04 16:53:45,107][    INFO] Module: module.prompt_blocks.10.norm2.weight, Trainable Parameters: 1024
[2025-01-04 16:53:45,107][    INFO] Module: module.prompt_blocks.10.norm2.bias, Trainable Parameters: 1024
[2025-01-04 16:53:45,107][    INFO] Module: module.prompt_blocks.10.mlp.fc1.weight, Trainable Parameters: 4194304
[2025-01-04 16:53:45,107][    INFO] Module: module.prompt_blocks.10.mlp.fc1.bias, Trainable Parameters: 4096
[2025-01-04 16:53:45,107][    INFO] Module: module.prompt_blocks.10.mlp.fc2.weight, Trainable Parameters: 4194304
[2025-01-04 16:53:45,107][    INFO] Module: module.prompt_blocks.10.mlp.fc2.bias, Trainable Parameters: 1024
[2025-01-04 16:53:45,107][    INFO] Module: module.prompt_blocks.11.norm1.weight, Trainable Parameters: 1024
[2025-01-04 16:53:45,107][    INFO] Module: module.prompt_blocks.11.norm1.bias, Trainable Parameters: 1024
[2025-01-04 16:53:45,107][    INFO] Module: module.prompt_blocks.11.attn.qkv.weight, Trainable Parameters: 3145728
[2025-01-04 16:53:45,107][    INFO] Module: module.prompt_blocks.11.attn.qkv.bias, Trainable Parameters: 3072
[2025-01-04 16:53:45,107][    INFO] Module: module.prompt_blocks.11.attn.proj.weight, Trainable Parameters: 1048576
[2025-01-04 16:53:45,107][    INFO] Module: module.prompt_blocks.11.attn.proj.bias, Trainable Parameters: 1024
[2025-01-04 16:53:45,107][    INFO] Module: module.prompt_blocks.11.norm2.weight, Trainable Parameters: 1024
[2025-01-04 16:53:45,107][    INFO] Module: module.prompt_blocks.11.norm2.bias, Trainable Parameters: 1024
[2025-01-04 16:53:45,107][    INFO] Module: module.prompt_blocks.11.mlp.fc1.weight, Trainable Parameters: 4194304
[2025-01-04 16:53:45,107][    INFO] Module: module.prompt_blocks.11.mlp.fc1.bias, Trainable Parameters: 4096
[2025-01-04 16:53:45,107][    INFO] Module: module.prompt_blocks.11.mlp.fc2.weight, Trainable Parameters: 4194304
[2025-01-04 16:53:45,107][    INFO] Module: module.prompt_blocks.11.mlp.fc2.bias, Trainable Parameters: 1024
[2025-01-04 16:53:45,109][    INFO] Total Trainable Parameters: 182704833
[2025-01-04 16:53:45,109][    INFO] ===========> Epoch: 0/50, d1: 0.000, d2: 0.000, d3: 0.000
[2025-01-04 16:53:45,109][    INFO] ===========> Epoch: 0/50, abs_rel: 100.000, sq_rel: 100.000, rmse: 100.000, rmse_log: 100.000, log10: 100.000, silog: 100.000
/data/miniconda/envs/torch/lib/python3.10/site-packages/torch/autograd/graph.py:744: UserWarning: Grad strides do not match bucket view strides. This may indicate grad was not created according to the gradient layout contract, or that the param's strides changed since DDP was constructed.  This is not an error, but may impair performance.
grad.sizes() = [1, 32, 1, 1], strides() = [32, 1, 32, 32]
bucket_view.sizes() = [1, 32, 1, 1], strides() = [32, 1, 1, 1] (Triggered internally at ../torch/csrc/distributed/c10d/reducer.cpp:325.)
  return Variable._execution_engine.run_backward(  # Calls into the C++ engine to run the backward pass
/data/miniconda/envs/torch/lib/python3.10/site-packages/torch/autograd/graph.py:744: UserWarning: Grad strides do not match bucket view strides. This may indicate grad was not created according to the gradient layout contract, or that the param's strides changed since DDP was constructed.  This is not an error, but may impair performance.
grad.sizes() = [1, 32, 1, 1], strides() = [32, 1, 32, 32]
bucket_view.sizes() = [1, 32, 1, 1], strides() = [32, 1, 1, 1] (Triggered internally at ../torch/csrc/distributed/c10d/reducer.cpp:325.)
  return Variable._execution_engine.run_backward(  # Calls into the C++ engine to run the backward pass
[2025-01-04 16:53:50,379][    INFO] Iter: 0/7645, LR: 0.0000050, Loss: 1.389
[2025-01-04 16:54:49,553][    INFO] Iter: 100/7645, LR: 0.0000050, Loss: 1.025
[2025-01-04 16:55:48,790][    INFO] Iter: 200/7645, LR: 0.0000050, Loss: 0.357
[2025-01-04 16:56:48,123][    INFO] Iter: 300/7645, LR: 0.0000050, Loss: 0.226
[2025-01-04 16:57:47,726][    INFO] Iter: 400/7645, LR: 0.0000050, Loss: 0.219
[2025-01-04 16:58:47,198][    INFO] Iter: 500/7645, LR: 0.0000050, Loss: 0.350
[2025-01-04 16:59:47,007][    INFO] Iter: 600/7645, LR: 0.0000050, Loss: 0.321
[2025-01-04 17:00:46,473][    INFO] Iter: 700/7645, LR: 0.0000050, Loss: 1.317
[2025-01-04 17:01:46,143][    INFO] Iter: 800/7645, LR: 0.0000050, Loss: 0.239
[2025-01-04 17:02:45,644][    INFO] Iter: 900/7645, LR: 0.0000050, Loss: 0.445
[2025-01-04 17:03:44,951][    INFO] Iter: 1000/7645, LR: 0.0000050, Loss: 0.505
[2025-01-04 17:04:44,289][    INFO] Iter: 1100/7645, LR: 0.0000050, Loss: 0.143
[2025-01-04 17:05:43,362][    INFO] Iter: 1200/7645, LR: 0.0000050, Loss: 0.291
[2025-01-04 17:06:42,471][    INFO] Iter: 1300/7645, LR: 0.0000050, Loss: 0.478
[2025-01-04 17:07:41,557][    INFO] Iter: 1400/7645, LR: 0.0000050, Loss: 0.171
[2025-01-04 17:08:40,651][    INFO] Iter: 1500/7645, LR: 0.0000050, Loss: 0.190
[2025-01-04 17:09:39,769][    INFO] Iter: 1600/7645, LR: 0.0000050, Loss: 0.770
[2025-01-04 17:10:39,045][    INFO] Iter: 1700/7645, LR: 0.0000050, Loss: 0.415
[2025-01-04 17:11:38,155][    INFO] Iter: 1800/7645, LR: 0.0000050, Loss: 0.329
[2025-01-04 17:12:37,216][    INFO] Iter: 1900/7645, LR: 0.0000050, Loss: 0.239
[2025-01-04 17:13:36,268][    INFO] Iter: 2000/7645, LR: 0.0000050, Loss: 0.210
[2025-01-04 17:14:35,363][    INFO] Iter: 2100/7645, LR: 0.0000050, Loss: 0.131
[2025-01-04 17:15:34,455][    INFO] Iter: 2200/7645, LR: 0.0000050, Loss: 0.183
[2025-01-04 17:16:33,612][    INFO] Iter: 2300/7645, LR: 0.0000050, Loss: 0.221
[2025-01-04 17:17:32,680][    INFO] Iter: 2400/7645, LR: 0.0000050, Loss: 0.155
[2025-01-04 17:18:31,764][    INFO] Iter: 2500/7645, LR: 0.0000050, Loss: 0.130
[2025-01-04 17:19:30,847][    INFO] Iter: 2600/7645, LR: 0.0000050, Loss: 0.230
[2025-01-04 17:20:29,908][    INFO] Iter: 2700/7645, LR: 0.0000050, Loss: 0.311
[2025-01-04 17:21:29,060][    INFO] Iter: 2800/7645, LR: 0.0000050, Loss: 0.246
[2025-01-04 17:22:28,147][    INFO] Iter: 2900/7645, LR: 0.0000050, Loss: 0.171
[2025-01-04 17:23:27,274][    INFO] Iter: 3000/7645, LR: 0.0000050, Loss: 0.604
[2025-01-04 17:24:26,316][    INFO] Iter: 3100/7645, LR: 0.0000050, Loss: 0.393
[2025-01-04 17:25:25,369][    INFO] Iter: 3200/7645, LR: 0.0000050, Loss: 0.232
[2025-01-04 17:26:24,429][    INFO] Iter: 3300/7645, LR: 0.0000050, Loss: 0.690
[2025-01-04 17:27:23,495][    INFO] Iter: 3400/7645, LR: 0.0000050, Loss: 0.119
[2025-01-04 17:28:22,600][    INFO] Iter: 3500/7645, LR: 0.0000050, Loss: 0.195
[2025-01-04 17:29:21,698][    INFO] Iter: 3600/7645, LR: 0.0000050, Loss: 0.344
[2025-01-04 17:30:20,800][    INFO] Iter: 3700/7645, LR: 0.0000050, Loss: 0.306
[2025-01-04 17:31:19,853][    INFO] Iter: 3800/7645, LR: 0.0000050, Loss: 0.134
[2025-01-04 17:32:18,963][    INFO] Iter: 3900/7645, LR: 0.0000050, Loss: 0.151
[2025-01-04 17:33:18,039][    INFO] Iter: 4000/7645, LR: 0.0000050, Loss: 0.376
[2025-01-04 17:34:17,171][    INFO] Iter: 4100/7645, LR: 0.0000050, Loss: 0.647
[2025-01-04 17:35:16,304][    INFO] Iter: 4200/7645, LR: 0.0000050, Loss: 0.453
[2025-01-04 17:36:15,399][    INFO] Iter: 4300/7645, LR: 0.0000049, Loss: 0.454
[2025-01-04 17:37:14,445][    INFO] Iter: 4400/7645, LR: 0.0000049, Loss: 0.309
[2025-01-04 17:38:13,523][    INFO] Iter: 4500/7645, LR: 0.0000049, Loss: 0.188
[2025-01-04 17:39:12,666][    INFO] Iter: 4600/7645, LR: 0.0000049, Loss: 0.131
[2025-01-04 17:40:11,797][    INFO] Iter: 4700/7645, LR: 0.0000049, Loss: 0.174
[2025-01-04 17:41:10,876][    INFO] Iter: 4800/7645, LR: 0.0000049, Loss: 0.398
[2025-01-04 17:42:09,950][    INFO] Iter: 4900/7645, LR: 0.0000049, Loss: 0.334
[2025-01-04 17:43:09,043][    INFO] Iter: 5000/7645, LR: 0.0000049, Loss: 0.152
[2025-01-04 17:44:08,091][    INFO] Iter: 5100/7645, LR: 0.0000049, Loss: 0.415
[2025-01-04 17:45:07,093][    INFO] Iter: 5200/7645, LR: 0.0000049, Loss: 0.346
[2025-01-04 17:46:06,107][    INFO] Iter: 5300/7645, LR: 0.0000049, Loss: 0.119
[2025-01-04 17:47:05,146][    INFO] Iter: 5400/7645, LR: 0.0000049, Loss: 0.166
[2025-01-04 17:48:04,245][    INFO] Iter: 5500/7645, LR: 0.0000049, Loss: 0.192
[2025-01-04 17:49:03,275][    INFO] Iter: 5600/7645, LR: 0.0000049, Loss: 0.300
[2025-01-04 17:50:02,318][    INFO] Iter: 5700/7645, LR: 0.0000049, Loss: 0.243
[2025-01-04 17:51:01,342][    INFO] Iter: 5800/7645, LR: 0.0000049, Loss: 0.144
[2025-01-04 17:52:00,320][    INFO] Iter: 5900/7645, LR: 0.0000049, Loss: 0.214
[2025-01-04 17:52:59,232][    INFO] Iter: 6000/7645, LR: 0.0000049, Loss: 0.239
[2025-01-04 17:53:58,348][    INFO] Iter: 6100/7645, LR: 0.0000049, Loss: 0.119
[2025-01-04 17:54:57,639][    INFO] Iter: 6200/7645, LR: 0.0000049, Loss: 0.157
[2025-01-04 17:55:56,679][    INFO] Iter: 6300/7645, LR: 0.0000049, Loss: 0.174
[2025-01-04 17:56:55,755][    INFO] Iter: 6400/7645, LR: 0.0000049, Loss: 0.325
[2025-01-04 17:57:54,911][    INFO] Iter: 6500/7645, LR: 0.0000049, Loss: 0.170
[2025-01-04 17:58:54,270][    INFO] Iter: 6600/7645, LR: 0.0000049, Loss: 0.244
[2025-01-04 17:59:54,261][    INFO] Iter: 6700/7645, LR: 0.0000049, Loss: 0.126
[2025-01-04 18:00:53,733][    INFO] Iter: 6800/7645, LR: 0.0000049, Loss: 0.145
[2025-01-04 18:01:52,864][    INFO] Iter: 6900/7645, LR: 0.0000049, Loss: 0.147
[2025-01-04 18:02:51,835][    INFO] Iter: 7000/7645, LR: 0.0000049, Loss: 0.149
[2025-01-04 18:03:50,915][    INFO] Iter: 7100/7645, LR: 0.0000049, Loss: 0.217
[2025-01-04 18:04:50,029][    INFO] Iter: 7200/7645, LR: 0.0000049, Loss: 0.159
[2025-01-04 18:05:49,127][    INFO] Iter: 7300/7645, LR: 0.0000049, Loss: 1.937
[2025-01-04 18:06:48,136][    INFO] Iter: 7400/7645, LR: 0.0000049, Loss: 0.125
[2025-01-04 18:07:47,207][    INFO] Iter: 7500/7645, LR: 0.0000049, Loss: 0.177
[2025-01-04 18:08:46,376][    INFO] Iter: 7600/7645, LR: 0.0000049, Loss: 0.119
[2025-01-04 18:09:48,724][    INFO] ==========================================================================================
[2025-01-04 18:09:48,724][    INFO]       d1,       d2,       d3,  abs_rel,   sq_rel,     rmse, rmse_log,    log10,    silog
[2025-01-04 18:09:48,725][    INFO]    0.801,    0.920,    0.966,    0.146,    6.578,   38.091,    0.293,    0.064,    0.289
[2025-01-04 18:09:48,725][    INFO] ==========================================================================================

[2025-01-04 18:10:03,709][    INFO] ===========> Epoch: 1/50, d1: 0.801, d2: 0.920, d3: 0.966
[2025-01-04 18:10:03,709][    INFO] ===========> Epoch: 1/50, abs_rel: 0.146, sq_rel: 6.578, rmse: 38.091, rmse_log: 0.293, log10: 0.064, silog: 0.289
[2025-01-04 18:10:05,016][    INFO] Iter: 0/7645, LR: 0.0000049, Loss: 0.110
[2025-01-04 18:11:04,316][    INFO] Iter: 100/7645, LR: 0.0000049, Loss: 0.111
[2025-01-04 18:12:03,495][    INFO] Iter: 200/7645, LR: 0.0000049, Loss: 0.277
[2025-01-04 18:13:02,617][    INFO] Iter: 300/7645, LR: 0.0000049, Loss: 0.684
[2025-01-04 18:14:01,809][    INFO] Iter: 400/7645, LR: 0.0000049, Loss: 0.287
[2025-01-04 18:15:00,974][    INFO] Iter: 500/7645, LR: 0.0000049, Loss: 0.125
[2025-01-04 18:16:00,162][    INFO] Iter: 600/7645, LR: 0.0000049, Loss: 0.122
[2025-01-04 18:16:59,292][    INFO] Iter: 700/7645, LR: 0.0000049, Loss: 0.246
[2025-01-04 18:17:58,441][    INFO] Iter: 800/7645, LR: 0.0000049, Loss: 0.132
[2025-01-04 18:18:57,694][    INFO] Iter: 900/7645, LR: 0.0000049, Loss: 0.191
[2025-01-04 18:19:56,822][    INFO] Iter: 1000/7645, LR: 0.0000049, Loss: 0.171
[2025-01-04 18:20:56,061][    INFO] Iter: 1100/7645, LR: 0.0000049, Loss: 0.809
[2025-01-04 18:21:55,230][    INFO] Iter: 1200/7645, LR: 0.0000049, Loss: 0.462
[2025-01-04 18:22:54,315][    INFO] Iter: 1300/7645, LR: 0.0000049, Loss: 0.114
[2025-01-04 18:23:53,341][    INFO] Iter: 1400/7645, LR: 0.0000049, Loss: 0.150
[2025-01-04 18:24:52,859][    INFO] Iter: 1500/7645, LR: 0.0000049, Loss: 0.382
[2025-01-04 18:25:51,996][    INFO] Iter: 1600/7645, LR: 0.0000049, Loss: 0.320
[2025-01-04 18:26:51,102][    INFO] Iter: 1700/7645, LR: 0.0000049, Loss: 0.328
[2025-01-04 18:27:50,223][    INFO] Iter: 1800/7645, LR: 0.0000049, Loss: 0.370
[2025-01-04 18:28:49,761][    INFO] Iter: 1900/7645, LR: 0.0000049, Loss: 0.171
[2025-01-04 18:29:48,821][    INFO] Iter: 2000/7645, LR: 0.0000049, Loss: 0.196
[2025-01-04 18:30:47,894][    INFO] Iter: 2100/7645, LR: 0.0000049, Loss: 0.458
[2025-01-04 18:31:47,028][    INFO] Iter: 2200/7645, LR: 0.0000049, Loss: 0.264
[2025-01-04 18:32:46,373][    INFO] Iter: 2300/7645, LR: 0.0000049, Loss: 0.223
[2025-01-04 18:33:45,988][    INFO] Iter: 2400/7645, LR: 0.0000049, Loss: 0.180
[2025-01-04 18:34:45,131][    INFO] Iter: 2500/7645, LR: 0.0000049, Loss: 0.351
[2025-01-04 18:35:44,350][    INFO] Iter: 2600/7645, LR: 0.0000049, Loss: 0.103
[2025-01-04 18:36:43,610][    INFO] Iter: 2700/7645, LR: 0.0000049, Loss: 0.157
[2025-01-04 18:37:42,724][    INFO] Iter: 2800/7645, LR: 0.0000049, Loss: 0.143
[2025-01-04 18:38:41,894][    INFO] Iter: 2900/7645, LR: 0.0000049, Loss: 0.144
[2025-01-04 18:39:41,035][    INFO] Iter: 3000/7645, LR: 0.0000049, Loss: 0.173
[2025-01-04 18:40:40,100][    INFO] Iter: 3100/7645, LR: 0.0000049, Loss: 0.170
[2025-01-04 18:41:39,146][    INFO] Iter: 3200/7645, LR: 0.0000049, Loss: 0.132
[2025-01-04 18:42:38,264][    INFO] Iter: 3300/7645, LR: 0.0000049, Loss: 0.227
[2025-01-04 18:43:37,409][    INFO] Iter: 3400/7645, LR: 0.0000049, Loss: 0.278
[2025-01-04 18:44:36,519][    INFO] Iter: 3500/7645, LR: 0.0000049, Loss: 0.593
[2025-01-04 18:45:35,601][    INFO] Iter: 3600/7645, LR: 0.0000049, Loss: 0.377
[2025-01-04 18:46:34,681][    INFO] Iter: 3700/7645, LR: 0.0000049, Loss: 0.382
[2025-01-04 18:47:33,827][    INFO] Iter: 3800/7645, LR: 0.0000049, Loss: 0.363
[2025-01-04 18:48:32,982][    INFO] Iter: 3900/7645, LR: 0.0000049, Loss: 0.238
[2025-01-04 18:49:32,055][    INFO] Iter: 4000/7645, LR: 0.0000049, Loss: 0.143
[2025-01-04 18:50:31,272][    INFO] Iter: 4100/7645, LR: 0.0000049, Loss: 0.143
[2025-01-04 18:51:30,399][    INFO] Iter: 4200/7645, LR: 0.0000049, Loss: 0.689
[2025-01-04 18:52:29,594][    INFO] Iter: 4300/7645, LR: 0.0000049, Loss: 0.307
[2025-01-04 18:53:28,889][    INFO] Iter: 4400/7645, LR: 0.0000049, Loss: 0.233
[2025-01-04 18:54:28,453][    INFO] Iter: 4500/7645, LR: 0.0000049, Loss: 0.254
[2025-01-04 18:55:27,621][    INFO] Iter: 4600/7645, LR: 0.0000049, Loss: 0.180
[2025-01-04 18:56:26,814][    INFO] Iter: 4700/7645, LR: 0.0000049, Loss: 0.166
[2025-01-04 18:57:26,808][    INFO] Iter: 4800/7645, LR: 0.0000049, Loss: 0.232
[2025-01-04 18:58:25,983][    INFO] Iter: 4900/7645, LR: 0.0000049, Loss: 0.220
[2025-01-04 18:59:25,175][    INFO] Iter: 5000/7645, LR: 0.0000049, Loss: 0.142
[2025-01-04 19:00:24,299][    INFO] Iter: 5100/7645, LR: 0.0000048, Loss: 0.175
[2025-01-04 19:01:23,492][    INFO] Iter: 5200/7645, LR: 0.0000048, Loss: 0.133
[2025-01-04 19:02:22,647][    INFO] Iter: 5300/7645, LR: 0.0000048, Loss: 0.185
[2025-01-04 19:03:21,683][    INFO] Iter: 5400/7645, LR: 0.0000048, Loss: 0.706
[2025-01-04 19:04:20,755][    INFO] Iter: 5500/7645, LR: 0.0000048, Loss: 0.443
[2025-01-04 19:05:19,887][    INFO] Iter: 5600/7645, LR: 0.0000048, Loss: 0.116
[2025-01-04 19:06:18,995][    INFO] Iter: 5700/7645, LR: 0.0000048, Loss: 0.128
[2025-01-04 19:07:18,076][    INFO] Iter: 5800/7645, LR: 0.0000048, Loss: 0.141
[2025-01-04 19:08:17,223][    INFO] Iter: 5900/7645, LR: 0.0000048, Loss: 0.242
[2025-01-04 19:09:16,312][    INFO] Iter: 6000/7645, LR: 0.0000048, Loss: 0.148
[2025-01-04 19:10:15,426][    INFO] Iter: 6100/7645, LR: 0.0000048, Loss: 0.127
[2025-01-04 19:11:14,513][    INFO] Iter: 6200/7645, LR: 0.0000048, Loss: 0.235
[2025-01-04 19:12:13,651][    INFO] Iter: 6300/7645, LR: 0.0000048, Loss: 0.149
[2025-01-04 19:13:12,772][    INFO] Iter: 6400/7645, LR: 0.0000048, Loss: 0.266
[2025-01-04 19:14:11,871][    INFO] Iter: 6500/7645, LR: 0.0000048, Loss: 0.107
[2025-01-04 19:15:11,097][    INFO] Iter: 6600/7645, LR: 0.0000048, Loss: 0.157
[2025-01-04 19:16:10,200][    INFO] Iter: 6700/7645, LR: 0.0000048, Loss: 0.282
[2025-01-04 19:17:09,225][    INFO] Iter: 6800/7645, LR: 0.0000048, Loss: 0.269
[2025-01-04 19:18:08,283][    INFO] Iter: 6900/7645, LR: 0.0000048, Loss: 0.148
[2025-01-04 19:19:07,342][    INFO] Iter: 7000/7645, LR: 0.0000048, Loss: 1.298
[2025-01-04 19:20:06,439][    INFO] Iter: 7100/7645, LR: 0.0000048, Loss: 0.264
[2025-01-04 19:21:05,572][    INFO] Iter: 7200/7645, LR: 0.0000048, Loss: 0.436
[2025-01-04 19:22:04,698][    INFO] Iter: 7300/7645, LR: 0.0000048, Loss: 0.230
[2025-01-04 19:23:03,781][    INFO] Iter: 7400/7645, LR: 0.0000048, Loss: 0.203
[2025-01-04 19:24:02,850][    INFO] Iter: 7500/7645, LR: 0.0000048, Loss: 0.322
[2025-01-04 19:25:01,983][    INFO] Iter: 7600/7645, LR: 0.0000048, Loss: 0.713
[2025-01-04 19:26:04,076][    INFO] ==========================================================================================
[2025-01-04 19:26:04,076][    INFO]       d1,       d2,       d3,  abs_rel,   sq_rel,     rmse, rmse_log,    log10,    silog
[2025-01-04 19:26:04,077][    INFO]    0.808,    0.926,    0.967,    0.138,    6.056,   38.899,    0.291,    0.063,    0.286
[2025-01-04 19:26:04,077][    INFO] ==========================================================================================

[2025-01-04 19:26:16,714][    INFO] ===========> Epoch: 2/50, d1: 0.808, d2: 0.926, d3: 0.967
[2025-01-04 19:26:16,714][    INFO] ===========> Epoch: 2/50, abs_rel: 0.138, sq_rel: 6.056, rmse: 38.091, rmse_log: 0.291, log10: 0.063, silog: 0.286
[2025-01-04 19:26:18,131][    INFO] Iter: 0/7645, LR: 0.0000048, Loss: 2.331
