/home/sph/anaconda3/envs/anything/lib/python3.9/site-packages/torch/distributed/launch.py:183: FutureWarning: The module torch.distributed.launch is deprecated
and will be removed in future. Use torchrun.
Note that --use-env is set by default in torchrun.
If your script expects `--local-rank` argument to be set, please
change it to read from `os.environ['LOCAL_RANK']` instead. See 
https://pytorch.org/docs/stable/distributed.html#launch-utility for 
further instructions

  warnings.warn(
[2025-01-22 15:08:45,835] torch.distributed.run: [WARNING] 
[2025-01-22 15:08:45,835] torch.distributed.run: [WARNING] *****************************************
[2025-01-22 15:08:45,835] torch.distributed.run: [WARNING] Setting OMP_NUM_THREADS environment variable for each process to be 1 in default, to avoid your system being overloaded, please further tune the variable for optimal performance in your application as needed. 
[2025-01-22 15:08:45,835] torch.distributed.run: [WARNING] *****************************************
/home/sph/anaconda3/envs/anything/lib/python3.9/site-packages/timm/models/layers/__init__.py:48: FutureWarning: Importing from timm.models.layers is deprecated, please import via timm.layers
  warnings.warn(f"Importing from {__name__} is deprecated, please import via timm.layers", FutureWarning)
/home/sph/anaconda3/envs/anything/lib/python3.9/site-packages/timm/models/layers/__init__.py:48: FutureWarning: Importing from timm.models.layers is deprecated, please import via timm.layers
  warnings.warn(f"Importing from {__name__} is deprecated, please import via timm.layers", FutureWarning)
[2025-01-22 15:08:48,370][    INFO] {'bs': 24,
 'dataset': 'mvsec_2',
 'depth_anything_pretrained': None,
 'encoder': 'vitl',
 'epochs': 50,
 'event_voxel_chans': 3,
 'finetune_mode': 'decoder',
 'img_size': 266,
 'inv': False,
 'local_rank': 0,
 'lr': 5e-06,
 'max_depth': 100.0,
 'min_depth': 0.0,
 'ngpus': 2,
 'normalized_depth': False,
 'port': 20596,
 'pretrained_from': '/home/sph/event/da2-prompt-tuning/exp/fuse_log_l1_eventscape_fuse_cor_20250114_110446/latest.pth',
 'return_feature': False,
 'save_path': '/home/sph/event/da2-prompt-tuning/exp/epde_metric_noclip_mixed_mvsec_2_decoder_20250122_150844'}

max_depth: 100.0
INFO:dinov2:using MLP layer as FFN
max_depth: 100.0
INFO:dinov2:using MLP layer as FFN
INFO:dinov2:using MLP layer as FFN
INFO:dinov2:using MLP layer as FFN
Initializing encoder parameters without pre-trained weights
Initializing encoder parameters without pre-trained weights
Model weights load from /home/sph/event/da2-prompt-tuning/exp/fuse_log_l1_eventscape_fuse_cor_20250114_110446/latest.pth successfully!
Model weights load from /home/sph/event/da2-prompt-tuning/exp/fuse_log_l1_eventscape_fuse_cor_20250114_110446/latest.pth successfully!
The freezing mode of weights is: decoder
The freezing mode of weights is: decoder
[2025-01-22 15:09:07,015][    INFO] Total Trainable Parameters: 30947009
[2025-01-22 15:09:07,015][    INFO] ===========> Epoch: 0/50, d1: 0.000, d2: 0.000, d3: 0.000
[2025-01-22 15:09:07,015][    INFO] ===========> Epoch: 0/50, abs_rel: 100.000, sq_rel: 100.000, rmse: 100.000, rmse_log: 100.000, log10: 100.000, silog: 100.000
/home/sph/anaconda3/envs/anything/lib/python3.9/site-packages/torch/autograd/__init__.py:266: UserWarning: Grad strides do not match bucket view strides. This may indicate grad was not created according to the gradient layout contract, or that the param's strides changed since DDP was constructed.  This is not an error, but may impair performance.
grad.sizes() = [1, 32, 1, 1], strides() = [32, 1, 32, 32]
bucket_view.sizes() = [1, 32, 1, 1], strides() = [32, 1, 1, 1] (Triggered internally at ../torch/csrc/distributed/c10d/reducer.cpp:322.)
  Variable._execution_engine.run_backward(  # Calls into the C++ engine to run the backward pass
/home/sph/anaconda3/envs/anything/lib/python3.9/site-packages/torch/autograd/__init__.py:266: UserWarning: Grad strides do not match bucket view strides. This may indicate grad was not created according to the gradient layout contract, or that the param's strides changed since DDP was constructed.  This is not an error, but may impair performance.
grad.sizes() = [1, 32, 1, 1], strides() = [32, 1, 32, 32]
bucket_view.sizes() = [1, 32, 1, 1], strides() = [32, 1, 1, 1] (Triggered internally at ../torch/csrc/distributed/c10d/reducer.cpp:322.)
  Variable._execution_engine.run_backward(  # Calls into the C++ engine to run the backward pass
[2025-01-22 15:09:15,795][    INFO] Iter: 0/269, LR: 0.0000050, Loss: 1.385, SiLoss: 1.354, GradLoss: 0.126
[2025-01-22 15:12:25,624][    INFO] Iter: 100/269, LR: 0.0000050, Loss: 0.341, SiLoss: 0.311, GradLoss: 0.118
[2025-01-22 15:15:36,133][    INFO] Iter: 200/269, LR: 0.0000049, Loss: 0.334, SiLoss: 0.303, GradLoss: 0.123
[2025-01-22 15:18:24,645][    INFO] ==========================================================================================
[2025-01-22 15:18:24,645][    INFO]       d1,       d2,       d3,  abs_rel,   sq_rel,     rmse, rmse_log,    log10,    silog
[2025-01-22 15:18:24,646][    INFO]    0.617,    0.828,    0.930,    0.282,    2.335,    6.686,    0.350,    0.107,    0.345
[2025-01-22 15:18:24,646][    INFO] ==========================================================================================

[2025-01-22 15:18:35,028][    INFO] ===========> Epoch: 1/50, d1: 0.617, d2: 0.828, d3: 0.930
[2025-01-22 15:18:35,028][    INFO] ===========> Epoch: 1/50, abs_rel: 0.282, sq_rel: 2.335, rmse: 6.686, rmse_log: 0.350, log10: 0.107, silog: 0.345
[2025-01-22 15:18:37,536][    INFO] Iter: 0/269, LR: 0.0000049, Loss: 0.308, SiLoss: 0.280, GradLoss: 0.111
[2025-01-22 15:21:47,814][    INFO] Iter: 100/269, LR: 0.0000049, Loss: 0.342, SiLoss: 0.312, GradLoss: 0.121
[2025-01-22 15:24:58,611][    INFO] Iter: 200/269, LR: 0.0000048, Loss: 0.310, SiLoss: 0.283, GradLoss: 0.108
[2025-01-22 15:27:46,690][    INFO] ==========================================================================================
[2025-01-22 15:27:46,690][    INFO]       d1,       d2,       d3,  abs_rel,   sq_rel,     rmse, rmse_log,    log10,    silog
[2025-01-22 15:27:46,690][    INFO]    0.613,    0.822,    0.925,    0.271,    2.283,    6.890,    0.356,    0.106,    0.350
[2025-01-22 15:27:46,690][    INFO] ==========================================================================================

[2025-01-22 15:27:52,989][    INFO] ===========> Epoch: 2/50, d1: 0.617, d2: 0.828, d3: 0.930
[2025-01-22 15:27:52,989][    INFO] ===========> Epoch: 2/50, abs_rel: 0.271, sq_rel: 2.283, rmse: 6.686, rmse_log: 0.350, log10: 0.106, silog: 0.345
[2025-01-22 15:27:55,482][    INFO] Iter: 0/269, LR: 0.0000048, Loss: 0.282, SiLoss: 0.257, GradLoss: 0.102
[2025-01-22 15:31:05,477][    INFO] Iter: 100/269, LR: 0.0000048, Loss: 0.292, SiLoss: 0.266, GradLoss: 0.105
[2025-01-22 15:34:15,649][    INFO] Iter: 200/269, LR: 0.0000048, Loss: 0.288, SiLoss: 0.262, GradLoss: 0.103
[2025-01-22 15:37:03,391][    INFO] ==========================================================================================
[2025-01-22 15:37:03,391][    INFO]       d1,       d2,       d3,  abs_rel,   sq_rel,     rmse, rmse_log,    log10,    silog
[2025-01-22 15:37:03,392][    INFO]    0.609,    0.818,    0.919,    0.284,    2.457,    7.011,    0.362,    0.107,    0.357
[2025-01-22 15:37:03,392][    INFO] ==========================================================================================

[2025-01-22 15:37:07,055][    INFO] ===========> Epoch: 3/50, d1: 0.617, d2: 0.828, d3: 0.930
[2025-01-22 15:37:07,056][    INFO] ===========> Epoch: 3/50, abs_rel: 0.271, sq_rel: 2.283, rmse: 6.686, rmse_log: 0.350, log10: 0.106, silog: 0.345
[2025-01-22 15:37:09,539][    INFO] Iter: 0/269, LR: 0.0000047, Loss: 0.303, SiLoss: 0.273, GradLoss: 0.118
[2025-01-22 15:40:19,582][    INFO] Iter: 100/269, LR: 0.0000047, Loss: 0.308, SiLoss: 0.278, GradLoss: 0.118
[2025-01-22 15:43:29,557][    INFO] Iter: 200/269, LR: 0.0000047, Loss: 0.327, SiLoss: 0.296, GradLoss: 0.126
[2025-01-22 15:46:17,115][    INFO] ==========================================================================================
[2025-01-22 15:46:17,115][    INFO]       d1,       d2,       d3,  abs_rel,   sq_rel,     rmse, rmse_log,    log10,    silog
[2025-01-22 15:46:17,116][    INFO]    0.622,    0.829,    0.927,    0.269,    2.213,    6.949,    0.349,    0.104,    0.345
[2025-01-22 15:46:17,116][    INFO] ==========================================================================================

[2025-01-22 15:46:26,023][    INFO] ===========> Epoch: 4/50, d1: 0.622, d2: 0.829, d3: 0.930
[2025-01-22 15:46:26,023][    INFO] ===========> Epoch: 4/50, abs_rel: 0.269, sq_rel: 2.213, rmse: 6.686, rmse_log: 0.349, log10: 0.104, silog: 0.345
[2025-01-22 15:46:28,508][    INFO] Iter: 0/269, LR: 0.0000046, Loss: 0.276, SiLoss: 0.251, GradLoss: 0.103
[2025-01-22 15:49:38,389][    INFO] Iter: 100/269, LR: 0.0000046, Loss: 0.303, SiLoss: 0.275, GradLoss: 0.115
[2025-01-22 15:52:48,232][    INFO] Iter: 200/269, LR: 0.0000046, Loss: 0.301, SiLoss: 0.274, GradLoss: 0.110
[2025-01-22 15:55:35,847][    INFO] ==========================================================================================
[2025-01-22 15:55:35,847][    INFO]       d1,       d2,       d3,  abs_rel,   sq_rel,     rmse, rmse_log,    log10,    silog
[2025-01-22 15:55:35,848][    INFO]    0.634,    0.834,    0.927,    0.281,    2.468,    6.568,    0.349,    0.101,    0.344
[2025-01-22 15:55:35,848][    INFO] ==========================================================================================

[2025-01-22 15:55:45,209][    INFO] ===========> Epoch: 5/50, d1: 0.634, d2: 0.834, d3: 0.930
[2025-01-22 15:55:45,209][    INFO] ===========> Epoch: 5/50, abs_rel: 0.269, sq_rel: 2.213, rmse: 6.568, rmse_log: 0.349, log10: 0.101, silog: 0.344
[2025-01-22 15:55:47,663][    INFO] Iter: 0/269, LR: 0.0000045, Loss: 0.268, SiLoss: 0.242, GradLoss: 0.103
[2025-01-22 15:58:57,422][    INFO] Iter: 100/269, LR: 0.0000045, Loss: 0.275, SiLoss: 0.248, GradLoss: 0.111
[2025-01-22 16:02:07,258][    INFO] Iter: 200/269, LR: 0.0000045, Loss: 0.281, SiLoss: 0.255, GradLoss: 0.104
[2025-01-22 16:04:55,029][    INFO] ==========================================================================================
[2025-01-22 16:04:55,029][    INFO]       d1,       d2,       d3,  abs_rel,   sq_rel,     rmse, rmse_log,    log10,    silog
[2025-01-22 16:04:55,030][    INFO]    0.635,    0.833,    0.927,    0.277,    2.537,    6.531,    0.350,    0.102,    0.346
[2025-01-22 16:04:55,030][    INFO] ==========================================================================================

[2025-01-22 16:05:07,717][    INFO] ===========> Epoch: 6/50, d1: 0.635, d2: 0.834, d3: 0.930
[2025-01-22 16:05:07,717][    INFO] ===========> Epoch: 6/50, abs_rel: 0.269, sq_rel: 2.213, rmse: 6.531, rmse_log: 0.349, log10: 0.101, silog: 0.344
[2025-01-22 16:05:10,254][    INFO] Iter: 0/269, LR: 0.0000045, Loss: 0.244, SiLoss: 0.221, GradLoss: 0.093
[2025-01-22 16:08:20,065][    INFO] Iter: 100/269, LR: 0.0000044, Loss: 0.252, SiLoss: 0.229, GradLoss: 0.092
[2025-01-22 16:11:29,970][    INFO] Iter: 200/269, LR: 0.0000044, Loss: 0.263, SiLoss: 0.236, GradLoss: 0.108
[2025-01-22 16:14:17,376][    INFO] ==========================================================================================
[2025-01-22 16:14:17,376][    INFO]       d1,       d2,       d3,  abs_rel,   sq_rel,     rmse, rmse_log,    log10,    silog
[2025-01-22 16:14:17,377][    INFO]    0.621,    0.819,    0.919,    0.278,    2.576,    6.747,    0.363,    0.106,    0.358
[2025-01-22 16:14:17,377][    INFO] ==========================================================================================

[2025-01-22 16:14:21,033][    INFO] ===========> Epoch: 7/50, d1: 0.635, d2: 0.834, d3: 0.930
[2025-01-22 16:14:21,033][    INFO] ===========> Epoch: 7/50, abs_rel: 0.269, sq_rel: 2.213, rmse: 6.531, rmse_log: 0.349, log10: 0.101, silog: 0.344
[2025-01-22 16:14:23,551][    INFO] Iter: 0/269, LR: 0.0000044, Loss: 0.247, SiLoss: 0.224, GradLoss: 0.095
[2025-01-22 16:17:33,209][    INFO] Iter: 100/269, LR: 0.0000043, Loss: 0.259, SiLoss: 0.233, GradLoss: 0.103
[2025-01-22 16:20:46,516][    INFO] Iter: 200/269, LR: 0.0000043, Loss: 0.261, SiLoss: 0.235, GradLoss: 0.103
[2025-01-22 16:23:34,237][    INFO] ==========================================================================================
[2025-01-22 16:23:34,237][    INFO]       d1,       d2,       d3,  abs_rel,   sq_rel,     rmse, rmse_log,    log10,    silog
[2025-01-22 16:23:34,237][    INFO]    0.629,    0.822,    0.922,    0.266,    2.287,    7.124,    0.357,    0.106,    0.351
[2025-01-22 16:23:34,237][    INFO] ==========================================================================================

[2025-01-22 16:23:44,393][    INFO] ===========> Epoch: 8/50, d1: 0.635, d2: 0.834, d3: 0.930
[2025-01-22 16:23:44,393][    INFO] ===========> Epoch: 8/50, abs_rel: 0.266, sq_rel: 2.213, rmse: 6.531, rmse_log: 0.349, log10: 0.101, silog: 0.344
[2025-01-22 16:23:46,897][    INFO] Iter: 0/269, LR: 0.0000043, Loss: 0.241, SiLoss: 0.216, GradLoss: 0.102
[2025-01-22 16:26:56,686][    INFO] Iter: 100/269, LR: 0.0000042, Loss: 0.261, SiLoss: 0.235, GradLoss: 0.106
[2025-01-22 16:30:06,531][    INFO] Iter: 200/269, LR: 0.0000042, Loss: 0.249, SiLoss: 0.223, GradLoss: 0.106
[2025-01-22 16:32:54,142][    INFO] ==========================================================================================
[2025-01-22 16:32:54,142][    INFO]       d1,       d2,       d3,  abs_rel,   sq_rel,     rmse, rmse_log,    log10,    silog
[2025-01-22 16:32:54,143][    INFO]    0.650,    0.842,    0.930,    0.280,    2.488,    6.446,    0.346,    0.102,    0.342
[2025-01-22 16:32:54,143][    INFO] ==========================================================================================

[2025-01-22 16:33:03,150][    INFO] ===========> Epoch: 9/50, d1: 0.650, d2: 0.842, d3: 0.930
[2025-01-22 16:33:03,150][    INFO] ===========> Epoch: 9/50, abs_rel: 0.266, sq_rel: 2.213, rmse: 6.446, rmse_log: 0.346, log10: 0.101, silog: 0.342
[2025-01-22 16:33:05,633][    INFO] Iter: 0/269, LR: 0.0000042, Loss: 0.259, SiLoss: 0.234, GradLoss: 0.100
[2025-01-22 16:36:15,282][    INFO] Iter: 100/269, LR: 0.0000041, Loss: 0.256, SiLoss: 0.230, GradLoss: 0.103
[2025-01-22 16:39:24,807][    INFO] Iter: 200/269, LR: 0.0000041, Loss: 0.259, SiLoss: 0.233, GradLoss: 0.105
[2025-01-22 16:42:12,206][    INFO] ==========================================================================================
[2025-01-22 16:42:12,207][    INFO]       d1,       d2,       d3,  abs_rel,   sq_rel,     rmse, rmse_log,    log10,    silog
[2025-01-22 16:42:12,207][    INFO]    0.641,    0.833,    0.926,    0.271,    2.378,    6.520,    0.349,    0.100,    0.344
[2025-01-22 16:42:12,207][    INFO] ==========================================================================================

[2025-01-22 16:42:15,868][    INFO] ===========> Epoch: 10/50, d1: 0.650, d2: 0.842, d3: 0.930
[2025-01-22 16:42:15,868][    INFO] ===========> Epoch: 10/50, abs_rel: 0.266, sq_rel: 2.213, rmse: 6.446, rmse_log: 0.346, log10: 0.100, silog: 0.342
[2025-01-22 16:42:18,327][    INFO] Iter: 0/269, LR: 0.0000041, Loss: 0.219, SiLoss: 0.198, GradLoss: 0.081
[2025-01-22 16:45:28,025][    INFO] Iter: 100/269, LR: 0.0000041, Loss: 0.258, SiLoss: 0.233, GradLoss: 0.101
[2025-01-22 16:48:37,862][    INFO] Iter: 200/269, LR: 0.0000040, Loss: 0.237, SiLoss: 0.214, GradLoss: 0.094
[2025-01-22 16:51:25,562][    INFO] ==========================================================================================
[2025-01-22 16:51:25,562][    INFO]       d1,       d2,       d3,  abs_rel,   sq_rel,     rmse, rmse_log,    log10,    silog
[2025-01-22 16:51:25,563][    INFO]    0.643,    0.834,    0.925,    0.275,    2.480,    6.500,    0.352,    0.101,    0.347
[2025-01-22 16:51:25,563][    INFO] ==========================================================================================

[2025-01-22 16:51:29,336][    INFO] ===========> Epoch: 11/50, d1: 0.650, d2: 0.842, d3: 0.930
[2025-01-22 16:51:29,336][    INFO] ===========> Epoch: 11/50, abs_rel: 0.266, sq_rel: 2.213, rmse: 6.446, rmse_log: 0.346, log10: 0.100, silog: 0.342
[2025-01-22 16:51:31,855][    INFO] Iter: 0/269, LR: 0.0000040, Loss: 0.266, SiLoss: 0.239, GradLoss: 0.106
[2025-01-22 16:54:41,453][    INFO] Iter: 100/269, LR: 0.0000040, Loss: 0.257, SiLoss: 0.230, GradLoss: 0.108
[2025-01-22 16:57:51,202][    INFO] Iter: 200/269, LR: 0.0000039, Loss: 0.236, SiLoss: 0.212, GradLoss: 0.095
[2025-01-22 17:00:38,856][    INFO] ==========================================================================================
[2025-01-22 17:00:38,856][    INFO]       d1,       d2,       d3,  abs_rel,   sq_rel,     rmse, rmse_log,    log10,    silog
[2025-01-22 17:00:38,857][    INFO]    0.643,    0.831,    0.922,    0.272,    2.496,    6.615,    0.355,    0.100,    0.350
[2025-01-22 17:00:38,857][    INFO] ==========================================================================================

[2025-01-22 17:00:42,442][    INFO] ===========> Epoch: 12/50, d1: 0.650, d2: 0.842, d3: 0.930
[2025-01-22 17:00:42,443][    INFO] ===========> Epoch: 12/50, abs_rel: 0.266, sq_rel: 2.213, rmse: 6.446, rmse_log: 0.346, log10: 0.100, silog: 0.342
[2025-01-22 17:00:44,901][    INFO] Iter: 0/269, LR: 0.0000039, Loss: 0.239, SiLoss: 0.214, GradLoss: 0.100
[2025-01-22 17:03:54,485][    INFO] Iter: 100/269, LR: 0.0000039, Loss: 0.244, SiLoss: 0.219, GradLoss: 0.101
[2025-01-22 17:07:04,219][    INFO] Iter: 200/269, LR: 0.0000038, Loss: 0.235, SiLoss: 0.211, GradLoss: 0.096
[2025-01-22 17:09:51,835][    INFO] ==========================================================================================
[2025-01-22 17:09:51,835][    INFO]       d1,       d2,       d3,  abs_rel,   sq_rel,     rmse, rmse_log,    log10,    silog
[2025-01-22 17:09:51,836][    INFO]    0.626,    0.819,    0.919,    0.268,    2.394,    6.855,    0.362,    0.105,    0.357
[2025-01-22 17:09:51,836][    INFO] ==========================================================================================

[2025-01-22 17:09:55,507][    INFO] ===========> Epoch: 13/50, d1: 0.650, d2: 0.842, d3: 0.930
[2025-01-22 17:09:55,507][    INFO] ===========> Epoch: 13/50, abs_rel: 0.266, sq_rel: 2.213, rmse: 6.446, rmse_log: 0.346, log10: 0.100, silog: 0.342
[2025-01-22 17:09:57,963][    INFO] Iter: 0/269, LR: 0.0000038, Loss: 0.254, SiLoss: 0.227, GradLoss: 0.110
[2025-01-22 17:13:07,448][    INFO] Iter: 100/269, LR: 0.0000038, Loss: 0.252, SiLoss: 0.225, GradLoss: 0.107
[2025-01-22 17:16:17,029][    INFO] Iter: 200/269, LR: 0.0000037, Loss: 0.265, SiLoss: 0.236, GradLoss: 0.112
[2025-01-22 17:19:04,321][    INFO] ==========================================================================================
[2025-01-22 17:19:04,321][    INFO]       d1,       d2,       d3,  abs_rel,   sq_rel,     rmse, rmse_log,    log10,    silog
[2025-01-22 17:19:04,322][    INFO]    0.631,    0.823,    0.919,    0.264,    2.331,    6.928,    0.362,    0.105,    0.356
[2025-01-22 17:19:04,322][    INFO] ==========================================================================================

[2025-01-22 17:19:10,939][    INFO] ===========> Epoch: 14/50, d1: 0.650, d2: 0.842, d3: 0.930
[2025-01-22 17:19:10,939][    INFO] ===========> Epoch: 14/50, abs_rel: 0.264, sq_rel: 2.213, rmse: 6.446, rmse_log: 0.346, log10: 0.100, silog: 0.342
[2025-01-22 17:19:13,420][    INFO] Iter: 0/269, LR: 0.0000037, Loss: 0.233, SiLoss: 0.207, GradLoss: 0.102
[2025-01-22 17:22:22,973][    INFO] Iter: 100/269, LR: 0.0000037, Loss: 0.258, SiLoss: 0.230, GradLoss: 0.110
[2025-01-22 17:25:32,464][    INFO] Iter: 200/269, LR: 0.0000037, Loss: 0.265, SiLoss: 0.236, GradLoss: 0.113
[2025-01-22 17:28:23,212][    INFO] ==========================================================================================
[2025-01-22 17:28:23,212][    INFO]       d1,       d2,       d3,  abs_rel,   sq_rel,     rmse, rmse_log,    log10,    silog
[2025-01-22 17:28:23,212][    INFO]    0.638,    0.828,    0.922,    0.272,    2.457,    6.735,    0.356,    0.101,    0.351
[2025-01-22 17:28:23,212][    INFO] ==========================================================================================

[2025-01-22 17:28:26,897][    INFO] ===========> Epoch: 15/50, d1: 0.650, d2: 0.842, d3: 0.930
[2025-01-22 17:28:26,897][    INFO] ===========> Epoch: 15/50, abs_rel: 0.264, sq_rel: 2.213, rmse: 6.446, rmse_log: 0.346, log10: 0.100, silog: 0.342
[2025-01-22 17:28:29,407][    INFO] Iter: 0/269, LR: 0.0000036, Loss: 0.246, SiLoss: 0.220, GradLoss: 0.104
[2025-01-22 17:31:38,906][    INFO] Iter: 100/269, LR: 0.0000036, Loss: 0.240, SiLoss: 0.215, GradLoss: 0.100
[2025-01-22 17:34:48,495][    INFO] Iter: 200/269, LR: 0.0000036, Loss: 0.255, SiLoss: 0.227, GradLoss: 0.111
[2025-01-22 17:37:35,640][    INFO] ==========================================================================================
[2025-01-22 17:37:35,640][    INFO]       d1,       d2,       d3,  abs_rel,   sq_rel,     rmse, rmse_log,    log10,    silog
[2025-01-22 17:37:35,640][    INFO]    0.633,    0.821,    0.918,    0.276,    2.493,    6.818,    0.363,    0.104,    0.358
[2025-01-22 17:37:35,640][    INFO] ==========================================================================================

[2025-01-22 17:37:39,279][    INFO] ===========> Epoch: 16/50, d1: 0.650, d2: 0.842, d3: 0.930
[2025-01-22 17:37:39,279][    INFO] ===========> Epoch: 16/50, abs_rel: 0.264, sq_rel: 2.213, rmse: 6.446, rmse_log: 0.346, log10: 0.100, silog: 0.342
[2025-01-22 17:37:41,785][    INFO] Iter: 0/269, LR: 0.0000035, Loss: 0.223, SiLoss: 0.201, GradLoss: 0.089
[2025-01-22 17:40:51,479][    INFO] Iter: 100/269, LR: 0.0000035, Loss: 0.216, SiLoss: 0.193, GradLoss: 0.090
[2025-01-22 17:44:01,163][    INFO] Iter: 200/269, LR: 0.0000035, Loss: 0.242, SiLoss: 0.216, GradLoss: 0.102
[2025-01-22 17:46:48,384][    INFO] ==========================================================================================
[2025-01-22 17:46:48,384][    INFO]       d1,       d2,       d3,  abs_rel,   sq_rel,     rmse, rmse_log,    log10,    silog
[2025-01-22 17:46:48,385][    INFO]    0.629,    0.819,    0.917,    0.281,    2.631,    6.869,    0.366,    0.104,    0.361
[2025-01-22 17:46:48,385][    INFO] ==========================================================================================

[2025-01-22 17:46:52,017][    INFO] ===========> Epoch: 17/50, d1: 0.650, d2: 0.842, d3: 0.930
[2025-01-22 17:46:52,018][    INFO] ===========> Epoch: 17/50, abs_rel: 0.264, sq_rel: 2.213, rmse: 6.446, rmse_log: 0.346, log10: 0.100, silog: 0.342
[2025-01-22 17:46:54,515][    INFO] Iter: 0/269, LR: 0.0000034, Loss: 0.248, SiLoss: 0.220, GradLoss: 0.112
[2025-01-22 17:50:03,937][    INFO] Iter: 100/269, LR: 0.0000034, Loss: 0.225, SiLoss: 0.202, GradLoss: 0.096
[2025-01-22 17:53:13,206][    INFO] Iter: 200/269, LR: 0.0000034, Loss: 0.271, SiLoss: 0.243, GradLoss: 0.112
[2025-01-22 17:56:00,060][    INFO] ==========================================================================================
[2025-01-22 17:56:00,060][    INFO]       d1,       d2,       d3,  abs_rel,   sq_rel,     rmse, rmse_log,    log10,    silog
[2025-01-22 17:56:00,060][    INFO]    0.627,    0.818,    0.916,    0.279,    2.522,    6.855,    0.365,    0.104,    0.360
[2025-01-22 17:56:00,060][    INFO] ==========================================================================================

[2025-01-22 17:56:03,685][    INFO] ===========> Epoch: 18/50, d1: 0.650, d2: 0.842, d3: 0.930
[2025-01-22 17:56:03,685][    INFO] ===========> Epoch: 18/50, abs_rel: 0.264, sq_rel: 2.213, rmse: 6.446, rmse_log: 0.346, log10: 0.100, silog: 0.342
[2025-01-22 17:56:06,162][    INFO] Iter: 0/269, LR: 0.0000033, Loss: 0.244, SiLoss: 0.217, GradLoss: 0.106
[2025-01-22 17:59:15,609][    INFO] Iter: 100/269, LR: 0.0000033, Loss: 0.251, SiLoss: 0.224, GradLoss: 0.107
[2025-01-22 18:02:25,400][    INFO] Iter: 200/269, LR: 0.0000033, Loss: 0.222, SiLoss: 0.198, GradLoss: 0.095
[2025-01-22 18:05:12,864][    INFO] ==========================================================================================
[2025-01-22 18:05:12,864][    INFO]       d1,       d2,       d3,  abs_rel,   sq_rel,     rmse, rmse_log,    log10,    silog
[2025-01-22 18:05:12,864][    INFO]    0.632,    0.822,    0.918,    0.276,    2.556,    6.786,    0.363,    0.103,    0.358
[2025-01-22 18:05:12,865][    INFO] ==========================================================================================

[2025-01-22 18:05:16,503][    INFO] ===========> Epoch: 19/50, d1: 0.650, d2: 0.842, d3: 0.930
[2025-01-22 18:05:16,503][    INFO] ===========> Epoch: 19/50, abs_rel: 0.264, sq_rel: 2.213, rmse: 6.446, rmse_log: 0.346, log10: 0.100, silog: 0.342
[2025-01-22 18:05:19,023][    INFO] Iter: 0/269, LR: 0.0000033, Loss: 0.225, SiLoss: 0.201, GradLoss: 0.097
[2025-01-22 18:08:28,653][    INFO] Iter: 100/269, LR: 0.0000032, Loss: 0.268, SiLoss: 0.239, GradLoss: 0.116
[2025-01-22 18:11:38,332][    INFO] Iter: 200/269, LR: 0.0000032, Loss: 0.220, SiLoss: 0.197, GradLoss: 0.094
[2025-01-22 18:14:25,655][    INFO] ==========================================================================================
[2025-01-22 18:14:25,656][    INFO]       d1,       d2,       d3,  abs_rel,   sq_rel,     rmse, rmse_log,    log10,    silog
[2025-01-22 18:14:25,656][    INFO]    0.640,    0.824,    0.917,    0.284,    2.788,    6.735,    0.364,    0.102,    0.359
[2025-01-22 18:14:25,656][    INFO] ==========================================================================================

[2025-01-22 18:14:29,304][    INFO] ===========> Epoch: 20/50, d1: 0.650, d2: 0.842, d3: 0.930
[2025-01-22 18:14:29,304][    INFO] ===========> Epoch: 20/50, abs_rel: 0.264, sq_rel: 2.213, rmse: 6.446, rmse_log: 0.346, log10: 0.100, silog: 0.342
[2025-01-22 18:14:31,766][    INFO] Iter: 0/269, LR: 0.0000032, Loss: 0.219, SiLoss: 0.196, GradLoss: 0.092
[2025-01-22 18:17:41,180][    INFO] Iter: 100/269, LR: 0.0000031, Loss: 0.213, SiLoss: 0.190, GradLoss: 0.093
[2025-01-22 18:20:50,743][    INFO] Iter: 200/269, LR: 0.0000031, Loss: 0.248, SiLoss: 0.222, GradLoss: 0.105
[2025-01-22 18:23:38,133][    INFO] ==========================================================================================
[2025-01-22 18:23:38,133][    INFO]       d1,       d2,       d3,  abs_rel,   sq_rel,     rmse, rmse_log,    log10,    silog
[2025-01-22 18:23:38,134][    INFO]    0.640,    0.826,    0.920,    0.274,    2.511,    6.785,    0.358,    0.102,    0.354
[2025-01-22 18:23:38,134][    INFO] ==========================================================================================

[2025-01-22 18:23:41,763][    INFO] ===========> Epoch: 21/50, d1: 0.650, d2: 0.842, d3: 0.930
[2025-01-22 18:23:41,764][    INFO] ===========> Epoch: 21/50, abs_rel: 0.264, sq_rel: 2.213, rmse: 6.446, rmse_log: 0.346, log10: 0.100, silog: 0.342
[2025-01-22 18:23:44,223][    INFO] Iter: 0/269, LR: 0.0000031, Loss: 0.220, SiLoss: 0.197, GradLoss: 0.093
[2025-01-22 18:26:53,732][    INFO] Iter: 100/269, LR: 0.0000030, Loss: 0.273, SiLoss: 0.244, GradLoss: 0.116
[2025-01-22 18:30:03,385][    INFO] Iter: 200/269, LR: 0.0000030, Loss: 0.229, SiLoss: 0.205, GradLoss: 0.098
[2025-01-22 18:32:50,710][    INFO] ==========================================================================================
[2025-01-22 18:32:50,710][    INFO]       d1,       d2,       d3,  abs_rel,   sq_rel,     rmse, rmse_log,    log10,    silog
[2025-01-22 18:32:50,711][    INFO]    0.638,    0.825,    0.918,    0.284,    2.698,    6.742,    0.363,    0.103,    0.358
[2025-01-22 18:32:50,711][    INFO] ==========================================================================================

[2025-01-22 18:32:54,335][    INFO] ===========> Epoch: 22/50, d1: 0.650, d2: 0.842, d3: 0.930
[2025-01-22 18:32:54,335][    INFO] ===========> Epoch: 22/50, abs_rel: 0.264, sq_rel: 2.213, rmse: 6.446, rmse_log: 0.346, log10: 0.100, silog: 0.342
[2025-01-22 18:32:56,800][    INFO] Iter: 0/269, LR: 0.0000030, Loss: 0.252, SiLoss: 0.225, GradLoss: 0.110
[2025-01-22 18:36:09,871][    INFO] Iter: 100/269, LR: 0.0000029, Loss: 0.230, SiLoss: 0.205, GradLoss: 0.100
[2025-01-22 18:39:19,396][    INFO] Iter: 200/269, LR: 0.0000029, Loss: 0.242, SiLoss: 0.216, GradLoss: 0.107
[2025-01-22 18:42:06,437][    INFO] ==========================================================================================
[2025-01-22 18:42:06,437][    INFO]       d1,       d2,       d3,  abs_rel,   sq_rel,     rmse, rmse_log,    log10,    silog
[2025-01-22 18:42:06,437][    INFO]    0.642,    0.828,    0.921,    0.285,    2.748,    6.698,    0.360,    0.101,    0.355
[2025-01-22 18:42:06,438][    INFO] ==========================================================================================

[2025-01-22 18:42:10,068][    INFO] ===========> Epoch: 23/50, d1: 0.650, d2: 0.842, d3: 0.930
[2025-01-22 18:42:10,068][    INFO] ===========> Epoch: 23/50, abs_rel: 0.264, sq_rel: 2.213, rmse: 6.446, rmse_log: 0.346, log10: 0.100, silog: 0.342
[2025-01-22 18:42:12,519][    INFO] Iter: 0/269, LR: 0.0000029, Loss: 0.220, SiLoss: 0.197, GradLoss: 0.094
[2025-01-22 18:45:22,072][    INFO] Iter: 100/269, LR: 0.0000028, Loss: 0.232, SiLoss: 0.206, GradLoss: 0.102
[2025-01-22 18:48:31,904][    INFO] Iter: 200/269, LR: 0.0000028, Loss: 0.237, SiLoss: 0.211, GradLoss: 0.103
[2025-01-22 18:51:19,484][    INFO] ==========================================================================================
[2025-01-22 18:51:19,485][    INFO]       d1,       d2,       d3,  abs_rel,   sq_rel,     rmse, rmse_log,    log10,    silog
[2025-01-22 18:51:19,485][    INFO]    0.634,    0.822,    0.917,    0.279,    2.633,    6.838,    0.364,    0.103,    0.360
[2025-01-22 18:51:19,485][    INFO] ==========================================================================================

[2025-01-22 18:51:23,112][    INFO] ===========> Epoch: 24/50, d1: 0.650, d2: 0.842, d3: 0.930
[2025-01-22 18:51:23,112][    INFO] ===========> Epoch: 24/50, abs_rel: 0.264, sq_rel: 2.213, rmse: 6.446, rmse_log: 0.346, log10: 0.100, silog: 0.342
[2025-01-22 18:51:25,616][    INFO] Iter: 0/269, LR: 0.0000028, Loss: 0.219, SiLoss: 0.195, GradLoss: 0.098
[2025-01-22 18:54:35,626][    INFO] Iter: 100/269, LR: 0.0000027, Loss: 0.223, SiLoss: 0.198, GradLoss: 0.097
[2025-01-22 18:57:45,732][    INFO] Iter: 200/269, LR: 0.0000027, Loss: 0.224, SiLoss: 0.200, GradLoss: 0.097
[2025-01-22 19:00:33,438][    INFO] ==========================================================================================
[2025-01-22 19:00:33,439][    INFO]       d1,       d2,       d3,  abs_rel,   sq_rel,     rmse, rmse_log,    log10,    silog
[2025-01-22 19:00:33,439][    INFO]    0.639,    0.825,    0.918,    0.279,    2.636,    6.801,    0.361,    0.102,    0.356
[2025-01-22 19:00:33,439][    INFO] ==========================================================================================

[2025-01-22 19:00:37,065][    INFO] ===========> Epoch: 25/50, d1: 0.650, d2: 0.842, d3: 0.930
[2025-01-22 19:00:37,065][    INFO] ===========> Epoch: 25/50, abs_rel: 0.264, sq_rel: 2.213, rmse: 6.446, rmse_log: 0.346, log10: 0.100, silog: 0.342
[2025-01-22 19:00:39,532][    INFO] Iter: 0/269, LR: 0.0000027, Loss: 0.230, SiLoss: 0.204, GradLoss: 0.105
[2025-01-22 19:03:49,313][    INFO] Iter: 100/269, LR: 0.0000026, Loss: 0.233, SiLoss: 0.207, GradLoss: 0.107
[2025-01-22 19:06:59,153][    INFO] Iter: 200/269, LR: 0.0000026, Loss: 0.205, SiLoss: 0.182, GradLoss: 0.090
[2025-01-22 19:09:46,685][    INFO] ==========================================================================================
[2025-01-22 19:09:46,686][    INFO]       d1,       d2,       d3,  abs_rel,   sq_rel,     rmse, rmse_log,    log10,    silog
[2025-01-22 19:09:46,686][    INFO]    0.635,    0.819,    0.914,    0.281,    2.706,    6.869,    0.368,    0.105,    0.364
[2025-01-22 19:09:46,686][    INFO] ==========================================================================================

[2025-01-22 19:09:50,295][    INFO] ===========> Epoch: 26/50, d1: 0.650, d2: 0.842, d3: 0.930
[2025-01-22 19:09:50,295][    INFO] ===========> Epoch: 26/50, abs_rel: 0.264, sq_rel: 2.213, rmse: 6.446, rmse_log: 0.346, log10: 0.100, silog: 0.342
[2025-01-22 19:09:52,767][    INFO] Iter: 0/269, LR: 0.0000026, Loss: 0.214, SiLoss: 0.190, GradLoss: 0.096
[2025-01-22 19:13:02,636][    INFO] Iter: 100/269, LR: 0.0000025, Loss: 0.232, SiLoss: 0.207, GradLoss: 0.100
[2025-01-22 19:16:12,579][    INFO] Iter: 200/269, LR: 0.0000025, Loss: 0.240, SiLoss: 0.212, GradLoss: 0.110
[2025-01-22 19:19:00,432][    INFO] ==========================================================================================
[2025-01-22 19:19:00,433][    INFO]       d1,       d2,       d3,  abs_rel,   sq_rel,     rmse, rmse_log,    log10,    silog
[2025-01-22 19:19:00,433][    INFO]    0.637,    0.823,    0.917,    0.284,    2.664,    6.772,    0.363,    0.102,    0.358
[2025-01-22 19:19:00,433][    INFO] ==========================================================================================

[2025-01-22 19:19:04,106][    INFO] ===========> Epoch: 27/50, d1: 0.650, d2: 0.842, d3: 0.930
[2025-01-22 19:19:04,106][    INFO] ===========> Epoch: 27/50, abs_rel: 0.264, sq_rel: 2.213, rmse: 6.446, rmse_log: 0.346, log10: 0.100, silog: 0.342
[2025-01-22 19:19:06,578][    INFO] Iter: 0/269, LR: 0.0000025, Loss: 0.245, SiLoss: 0.218, GradLoss: 0.111
[2025-01-22 19:22:16,627][    INFO] Iter: 100/269, LR: 0.0000024, Loss: 0.233, SiLoss: 0.207, GradLoss: 0.107
[2025-01-22 19:25:26,648][    INFO] Iter: 200/269, LR: 0.0000024, Loss: 0.206, SiLoss: 0.184, GradLoss: 0.090
[2025-01-22 19:28:14,551][    INFO] ==========================================================================================
[2025-01-22 19:28:14,551][    INFO]       d1,       d2,       d3,  abs_rel,   sq_rel,     rmse, rmse_log,    log10,    silog
[2025-01-22 19:28:14,552][    INFO]    0.642,    0.829,    0.920,    0.279,    2.624,    6.692,    0.358,    0.101,    0.354
[2025-01-22 19:28:14,552][    INFO] ==========================================================================================

[2025-01-22 19:28:18,200][    INFO] ===========> Epoch: 28/50, d1: 0.650, d2: 0.842, d3: 0.930
[2025-01-22 19:28:18,200][    INFO] ===========> Epoch: 28/50, abs_rel: 0.264, sq_rel: 2.213, rmse: 6.446, rmse_log: 0.346, log10: 0.100, silog: 0.342
[2025-01-22 19:28:20,670][    INFO] Iter: 0/269, LR: 0.0000024, Loss: 0.208, SiLoss: 0.185, GradLoss: 0.093
[2025-01-22 19:31:30,649][    INFO] Iter: 100/269, LR: 0.0000024, Loss: 0.241, SiLoss: 0.213, GradLoss: 0.110
[2025-01-22 19:34:40,705][    INFO] Iter: 200/269, LR: 0.0000023, Loss: 0.199, SiLoss: 0.177, GradLoss: 0.087
[2025-01-22 19:37:28,545][    INFO] ==========================================================================================
[2025-01-22 19:37:28,545][    INFO]       d1,       d2,       d3,  abs_rel,   sq_rel,     rmse, rmse_log,    log10,    silog
[2025-01-22 19:37:28,546][    INFO]    0.634,    0.821,    0.917,    0.277,    2.616,    6.862,    0.364,    0.103,    0.359
[2025-01-22 19:37:28,546][    INFO] ==========================================================================================

[2025-01-22 19:37:36,233][    INFO] ===========> Epoch: 29/50, d1: 0.650, d2: 0.842, d3: 0.930
[2025-01-22 19:37:36,233][    INFO] ===========> Epoch: 29/50, abs_rel: 0.264, sq_rel: 2.213, rmse: 6.446, rmse_log: 0.346, log10: 0.100, silog: 0.342
[2025-01-22 19:37:38,687][    INFO] Iter: 0/269, LR: 0.0000023, Loss: 0.217, SiLoss: 0.193, GradLoss: 0.096
[2025-01-22 19:40:48,553][    INFO] Iter: 100/269, LR: 0.0000023, Loss: 0.227, SiLoss: 0.202, GradLoss: 0.102
[2025-01-22 19:44:02,064][    INFO] Iter: 200/269, LR: 0.0000022, Loss: 0.202, SiLoss: 0.180, GradLoss: 0.089
[2025-01-22 19:46:49,841][    INFO] ==========================================================================================
[2025-01-22 19:46:49,841][    INFO]       d1,       d2,       d3,  abs_rel,   sq_rel,     rmse, rmse_log,    log10,    silog
[2025-01-22 19:46:49,842][    INFO]    0.630,    0.821,    0.916,    0.288,    2.711,    6.794,    0.365,    0.104,    0.360
[2025-01-22 19:46:49,842][    INFO] ==========================================================================================

[2025-01-22 19:46:53,514][    INFO] ===========> Epoch: 30/50, d1: 0.650, d2: 0.842, d3: 0.930
[2025-01-22 19:46:53,514][    INFO] ===========> Epoch: 30/50, abs_rel: 0.264, sq_rel: 2.213, rmse: 6.446, rmse_log: 0.346, log10: 0.100, silog: 0.342
[2025-01-22 19:46:56,003][    INFO] Iter: 0/269, LR: 0.0000022, Loss: 0.238, SiLoss: 0.211, GradLoss: 0.106
[2025-01-22 19:50:06,070][    INFO] Iter: 100/269, LR: 0.0000022, Loss: 0.223, SiLoss: 0.198, GradLoss: 0.100
[2025-01-22 19:53:16,167][    INFO] Iter: 200/269, LR: 0.0000021, Loss: 0.221, SiLoss: 0.196, GradLoss: 0.100
[2025-01-22 19:56:03,965][    INFO] ==========================================================================================
[2025-01-22 19:56:03,965][    INFO]       d1,       d2,       d3,  abs_rel,   sq_rel,     rmse, rmse_log,    log10,    silog
[2025-01-22 19:56:03,966][    INFO]    0.632,    0.822,    0.917,    0.275,    2.526,    6.819,    0.362,    0.103,    0.358
[2025-01-22 19:56:03,966][    INFO] ==========================================================================================

[2025-01-22 19:56:07,623][    INFO] ===========> Epoch: 31/50, d1: 0.650, d2: 0.842, d3: 0.930
[2025-01-22 19:56:07,624][    INFO] ===========> Epoch: 31/50, abs_rel: 0.264, sq_rel: 2.213, rmse: 6.446, rmse_log: 0.346, log10: 0.100, silog: 0.342
[2025-01-22 19:56:10,078][    INFO] Iter: 0/269, LR: 0.0000021, Loss: 0.206, SiLoss: 0.182, GradLoss: 0.095
[2025-01-22 19:59:20,013][    INFO] Iter: 100/269, LR: 0.0000021, Loss: 0.237, SiLoss: 0.210, GradLoss: 0.107
