/home/sph/anaconda3/envs/anything/lib/python3.9/site-packages/torch/distributed/launch.py:183: FutureWarning: The module torch.distributed.launch is deprecated
and will be removed in future. Use torchrun.
Note that --use-env is set by default in torchrun.
If your script expects `--local-rank` argument to be set, please
change it to read from `os.environ['LOCAL_RANK']` instead. See 
https://pytorch.org/docs/stable/distributed.html#launch-utility for 
further instructions

  warnings.warn(
[2024-12-20 15:38:09,477] torch.distributed.run: [WARNING] 
[2024-12-20 15:38:09,477] torch.distributed.run: [WARNING] *****************************************
[2024-12-20 15:38:09,477] torch.distributed.run: [WARNING] Setting OMP_NUM_THREADS environment variable for each process to be 1 in default, to avoid your system being overloaded, please further tune the variable for optimal performance in your application as needed. 
[2024-12-20 15:38:09,477] torch.distributed.run: [WARNING] *****************************************
/home/sph/anaconda3/envs/anything/lib/python3.9/site-packages/timm/models/layers/__init__.py:48: FutureWarning: Importing from timm.models.layers is deprecated, please import via timm.layers
  warnings.warn(f"Importing from {__name__} is deprecated, please import via timm.layers", FutureWarning)
/home/sph/anaconda3/envs/anything/lib/python3.9/site-packages/timm/models/layers/__init__.py:48: FutureWarning: Importing from timm.models.layers is deprecated, please import via timm.layers
  warnings.warn(f"Importing from {__name__} is deprecated, please import via timm.layers", FutureWarning)
[2024-12-20 15:38:11,902][    INFO] {'bs': 8,
 'dataset': 'mvsec',
 'depth_anything_pretrained': '/data_nvme/sph/da2_checkpoints/depth_anything_v2_metric_vkitti_vitl.pth',
 'encoder': 'vitl',
 'epochs': 50,
 'event_voxel_chans': 3,
 'finetune_mode': 'prompt',
 'img_size': 350,
 'local_rank': 0,
 'lr': 5e-06,
 'max_depth': 80.0,
 'min_depth': 0.0,
 'ngpus': 2,
 'normalized_depth': False,
 'port': 20596,
 'pretrained_from': None,
 'prompt_type': 'epde_deep',
 'save_path': '/home/sph/event/da2-prompt-tuning/exp/mvsec_prompt_metric_20241220_153808'}

Loaded pretrained weights from /data_nvme/sph/da2_checkpoints/depth_anything_v2_metric_vkitti_vitl.pth
Loaded pretrained weights from /data_nvme/sph/da2_checkpoints/depth_anything_v2_metric_vkitti_vitl.pth
The freezing mode of weights is: prompt
The freezing mode of weights is: prompt
[2024-12-20 15:38:17,649][    INFO] Module: module.patch_embed_prompt.proj.weight, Trainable Parameters: 602112
[2024-12-20 15:38:17,649][    INFO] Module: module.patch_embed_prompt.proj.bias, Trainable Parameters: 1024
[2024-12-20 15:38:17,649][    INFO] Module: module.prompt_blocks.0.conv0_0.weight, Trainable Parameters: 8192
[2024-12-20 15:38:17,649][    INFO] Module: module.prompt_blocks.0.conv0_0.bias, Trainable Parameters: 8
[2024-12-20 15:38:17,649][    INFO] Module: module.prompt_blocks.0.conv0_1.weight, Trainable Parameters: 8192
[2024-12-20 15:38:17,649][    INFO] Module: module.prompt_blocks.0.conv0_1.bias, Trainable Parameters: 8
[2024-12-20 15:38:17,649][    INFO] Module: module.prompt_blocks.0.conv1x1.weight, Trainable Parameters: 8192
[2024-12-20 15:38:17,649][    INFO] Module: module.prompt_blocks.0.conv1x1.bias, Trainable Parameters: 1024
[2024-12-20 15:38:17,649][    INFO] Module: module.prompt_blocks.0.fovea.smooth, Trainable Parameters: 1
[2024-12-20 15:38:17,650][    INFO] Module: module.prompt_blocks.1.conv0_0.weight, Trainable Parameters: 8192
[2024-12-20 15:38:17,650][    INFO] Module: module.prompt_blocks.1.conv0_0.bias, Trainable Parameters: 8
[2024-12-20 15:38:17,650][    INFO] Module: module.prompt_blocks.1.conv0_1.weight, Trainable Parameters: 8192
[2024-12-20 15:38:17,650][    INFO] Module: module.prompt_blocks.1.conv0_1.bias, Trainable Parameters: 8
[2024-12-20 15:38:17,650][    INFO] Module: module.prompt_blocks.1.conv1x1.weight, Trainable Parameters: 8192
[2024-12-20 15:38:17,650][    INFO] Module: module.prompt_blocks.1.conv1x1.bias, Trainable Parameters: 1024
[2024-12-20 15:38:17,650][    INFO] Module: module.prompt_blocks.1.fovea.smooth, Trainable Parameters: 1
[2024-12-20 15:38:17,650][    INFO] Module: module.prompt_blocks.2.conv0_0.weight, Trainable Parameters: 8192
[2024-12-20 15:38:17,650][    INFO] Module: module.prompt_blocks.2.conv0_0.bias, Trainable Parameters: 8
[2024-12-20 15:38:17,650][    INFO] Module: module.prompt_blocks.2.conv0_1.weight, Trainable Parameters: 8192
[2024-12-20 15:38:17,650][    INFO] Module: module.prompt_blocks.2.conv0_1.bias, Trainable Parameters: 8
[2024-12-20 15:38:17,650][    INFO] Module: module.prompt_blocks.2.conv1x1.weight, Trainable Parameters: 8192
[2024-12-20 15:38:17,650][    INFO] Module: module.prompt_blocks.2.conv1x1.bias, Trainable Parameters: 1024
[2024-12-20 15:38:17,650][    INFO] Module: module.prompt_blocks.2.fovea.smooth, Trainable Parameters: 1
[2024-12-20 15:38:17,650][    INFO] Module: module.prompt_blocks.3.conv0_0.weight, Trainable Parameters: 8192
[2024-12-20 15:38:17,650][    INFO] Module: module.prompt_blocks.3.conv0_0.bias, Trainable Parameters: 8
[2024-12-20 15:38:17,650][    INFO] Module: module.prompt_blocks.3.conv0_1.weight, Trainable Parameters: 8192
[2024-12-20 15:38:17,650][    INFO] Module: module.prompt_blocks.3.conv0_1.bias, Trainable Parameters: 8
[2024-12-20 15:38:17,650][    INFO] Module: module.prompt_blocks.3.conv1x1.weight, Trainable Parameters: 8192
[2024-12-20 15:38:17,650][    INFO] Module: module.prompt_blocks.3.conv1x1.bias, Trainable Parameters: 1024
[2024-12-20 15:38:17,650][    INFO] Module: module.prompt_blocks.3.fovea.smooth, Trainable Parameters: 1
[2024-12-20 15:38:17,650][    INFO] Module: module.prompt_blocks.4.conv0_0.weight, Trainable Parameters: 8192
[2024-12-20 15:38:17,650][    INFO] Module: module.prompt_blocks.4.conv0_0.bias, Trainable Parameters: 8
[2024-12-20 15:38:17,650][    INFO] Module: module.prompt_blocks.4.conv0_1.weight, Trainable Parameters: 8192
[2024-12-20 15:38:17,650][    INFO] Module: module.prompt_blocks.4.conv0_1.bias, Trainable Parameters: 8
[2024-12-20 15:38:17,650][    INFO] Module: module.prompt_blocks.4.conv1x1.weight, Trainable Parameters: 8192
[2024-12-20 15:38:17,650][    INFO] Module: module.prompt_blocks.4.conv1x1.bias, Trainable Parameters: 1024
[2024-12-20 15:38:17,650][    INFO] Module: module.prompt_blocks.4.fovea.smooth, Trainable Parameters: 1
[2024-12-20 15:38:17,650][    INFO] Module: module.prompt_blocks.5.conv0_0.weight, Trainable Parameters: 8192
[2024-12-20 15:38:17,650][    INFO] Module: module.prompt_blocks.5.conv0_0.bias, Trainable Parameters: 8
[2024-12-20 15:38:17,650][    INFO] Module: module.prompt_blocks.5.conv0_1.weight, Trainable Parameters: 8192
[2024-12-20 15:38:17,650][    INFO] Module: module.prompt_blocks.5.conv0_1.bias, Trainable Parameters: 8
[2024-12-20 15:38:17,650][    INFO] Module: module.prompt_blocks.5.conv1x1.weight, Trainable Parameters: 8192
[2024-12-20 15:38:17,650][    INFO] Module: module.prompt_blocks.5.conv1x1.bias, Trainable Parameters: 1024
[2024-12-20 15:38:17,650][    INFO] Module: module.prompt_blocks.5.fovea.smooth, Trainable Parameters: 1
[2024-12-20 15:38:17,650][    INFO] Module: module.prompt_blocks.6.conv0_0.weight, Trainable Parameters: 8192
[2024-12-20 15:38:17,650][    INFO] Module: module.prompt_blocks.6.conv0_0.bias, Trainable Parameters: 8
[2024-12-20 15:38:17,650][    INFO] Module: module.prompt_blocks.6.conv0_1.weight, Trainable Parameters: 8192
[2024-12-20 15:38:17,650][    INFO] Module: module.prompt_blocks.6.conv0_1.bias, Trainable Parameters: 8
[2024-12-20 15:38:17,650][    INFO] Module: module.prompt_blocks.6.conv1x1.weight, Trainable Parameters: 8192
[2024-12-20 15:38:17,650][    INFO] Module: module.prompt_blocks.6.conv1x1.bias, Trainable Parameters: 1024
[2024-12-20 15:38:17,650][    INFO] Module: module.prompt_blocks.6.fovea.smooth, Trainable Parameters: 1
[2024-12-20 15:38:17,650][    INFO] Module: module.prompt_blocks.7.conv0_0.weight, Trainable Parameters: 8192
[2024-12-20 15:38:17,650][    INFO] Module: module.prompt_blocks.7.conv0_0.bias, Trainable Parameters: 8
[2024-12-20 15:38:17,650][    INFO] Module: module.prompt_blocks.7.conv0_1.weight, Trainable Parameters: 8192
[2024-12-20 15:38:17,650][    INFO] Module: module.prompt_blocks.7.conv0_1.bias, Trainable Parameters: 8
[2024-12-20 15:38:17,650][    INFO] Module: module.prompt_blocks.7.conv1x1.weight, Trainable Parameters: 8192
[2024-12-20 15:38:17,650][    INFO] Module: module.prompt_blocks.7.conv1x1.bias, Trainable Parameters: 1024
[2024-12-20 15:38:17,651][    INFO] Module: module.prompt_blocks.7.fovea.smooth, Trainable Parameters: 1
[2024-12-20 15:38:17,651][    INFO] Module: module.prompt_blocks.8.conv0_0.weight, Trainable Parameters: 8192
[2024-12-20 15:38:17,651][    INFO] Module: module.prompt_blocks.8.conv0_0.bias, Trainable Parameters: 8
[2024-12-20 15:38:17,651][    INFO] Module: module.prompt_blocks.8.conv0_1.weight, Trainable Parameters: 8192
[2024-12-20 15:38:17,651][    INFO] Module: module.prompt_blocks.8.conv0_1.bias, Trainable Parameters: 8
[2024-12-20 15:38:17,651][    INFO] Module: module.prompt_blocks.8.conv1x1.weight, Trainable Parameters: 8192
[2024-12-20 15:38:17,651][    INFO] Module: module.prompt_blocks.8.conv1x1.bias, Trainable Parameters: 1024
[2024-12-20 15:38:17,651][    INFO] Module: module.prompt_blocks.8.fovea.smooth, Trainable Parameters: 1
[2024-12-20 15:38:17,651][    INFO] Module: module.prompt_blocks.9.conv0_0.weight, Trainable Parameters: 8192
[2024-12-20 15:38:17,651][    INFO] Module: module.prompt_blocks.9.conv0_0.bias, Trainable Parameters: 8
[2024-12-20 15:38:17,651][    INFO] Module: module.prompt_blocks.9.conv0_1.weight, Trainable Parameters: 8192
[2024-12-20 15:38:17,651][    INFO] Module: module.prompt_blocks.9.conv0_1.bias, Trainable Parameters: 8
[2024-12-20 15:38:17,651][    INFO] Module: module.prompt_blocks.9.conv1x1.weight, Trainable Parameters: 8192
[2024-12-20 15:38:17,651][    INFO] Module: module.prompt_blocks.9.conv1x1.bias, Trainable Parameters: 1024
[2024-12-20 15:38:17,651][    INFO] Module: module.prompt_blocks.9.fovea.smooth, Trainable Parameters: 1
[2024-12-20 15:38:17,651][    INFO] Module: module.prompt_blocks.10.conv0_0.weight, Trainable Parameters: 8192
[2024-12-20 15:38:17,651][    INFO] Module: module.prompt_blocks.10.conv0_0.bias, Trainable Parameters: 8
[2024-12-20 15:38:17,651][    INFO] Module: module.prompt_blocks.10.conv0_1.weight, Trainable Parameters: 8192
[2024-12-20 15:38:17,651][    INFO] Module: module.prompt_blocks.10.conv0_1.bias, Trainable Parameters: 8
[2024-12-20 15:38:17,651][    INFO] Module: module.prompt_blocks.10.conv1x1.weight, Trainable Parameters: 8192
[2024-12-20 15:38:17,651][    INFO] Module: module.prompt_blocks.10.conv1x1.bias, Trainable Parameters: 1024
[2024-12-20 15:38:17,651][    INFO] Module: module.prompt_blocks.10.fovea.smooth, Trainable Parameters: 1
[2024-12-20 15:38:17,651][    INFO] Module: module.prompt_blocks.11.conv0_0.weight, Trainable Parameters: 8192
[2024-12-20 15:38:17,651][    INFO] Module: module.prompt_blocks.11.conv0_0.bias, Trainable Parameters: 8
[2024-12-20 15:38:17,651][    INFO] Module: module.prompt_blocks.11.conv0_1.weight, Trainable Parameters: 8192
[2024-12-20 15:38:17,651][    INFO] Module: module.prompt_blocks.11.conv0_1.bias, Trainable Parameters: 8
[2024-12-20 15:38:17,651][    INFO] Module: module.prompt_blocks.11.conv1x1.weight, Trainable Parameters: 8192
[2024-12-20 15:38:17,651][    INFO] Module: module.prompt_blocks.11.conv1x1.bias, Trainable Parameters: 1024
[2024-12-20 15:38:17,651][    INFO] Module: module.prompt_blocks.11.fovea.smooth, Trainable Parameters: 1
[2024-12-20 15:38:17,651][    INFO] Module: module.prompt_blocks.12.conv0_0.weight, Trainable Parameters: 8192
[2024-12-20 15:38:17,651][    INFO] Module: module.prompt_blocks.12.conv0_0.bias, Trainable Parameters: 8
[2024-12-20 15:38:17,651][    INFO] Module: module.prompt_blocks.12.conv0_1.weight, Trainable Parameters: 8192
[2024-12-20 15:38:17,651][    INFO] Module: module.prompt_blocks.12.conv0_1.bias, Trainable Parameters: 8
[2024-12-20 15:38:17,651][    INFO] Module: module.prompt_blocks.12.conv1x1.weight, Trainable Parameters: 8192
[2024-12-20 15:38:17,651][    INFO] Module: module.prompt_blocks.12.conv1x1.bias, Trainable Parameters: 1024
[2024-12-20 15:38:17,651][    INFO] Module: module.prompt_blocks.12.fovea.smooth, Trainable Parameters: 1
[2024-12-20 15:38:17,651][    INFO] Module: module.prompt_blocks.13.conv0_0.weight, Trainable Parameters: 8192
[2024-12-20 15:38:17,651][    INFO] Module: module.prompt_blocks.13.conv0_0.bias, Trainable Parameters: 8
[2024-12-20 15:38:17,651][    INFO] Module: module.prompt_blocks.13.conv0_1.weight, Trainable Parameters: 8192
[2024-12-20 15:38:17,651][    INFO] Module: module.prompt_blocks.13.conv0_1.bias, Trainable Parameters: 8
[2024-12-20 15:38:17,651][    INFO] Module: module.prompt_blocks.13.conv1x1.weight, Trainable Parameters: 8192
[2024-12-20 15:38:17,651][    INFO] Module: module.prompt_blocks.13.conv1x1.bias, Trainable Parameters: 1024
[2024-12-20 15:38:17,651][    INFO] Module: module.prompt_blocks.13.fovea.smooth, Trainable Parameters: 1
[2024-12-20 15:38:17,651][    INFO] Module: module.prompt_blocks.14.conv0_0.weight, Trainable Parameters: 8192
[2024-12-20 15:38:17,651][    INFO] Module: module.prompt_blocks.14.conv0_0.bias, Trainable Parameters: 8
[2024-12-20 15:38:17,651][    INFO] Module: module.prompt_blocks.14.conv0_1.weight, Trainable Parameters: 8192
[2024-12-20 15:38:17,651][    INFO] Module: module.prompt_blocks.14.conv0_1.bias, Trainable Parameters: 8
[2024-12-20 15:38:17,651][    INFO] Module: module.prompt_blocks.14.conv1x1.weight, Trainable Parameters: 8192
[2024-12-20 15:38:17,651][    INFO] Module: module.prompt_blocks.14.conv1x1.bias, Trainable Parameters: 1024
[2024-12-20 15:38:17,652][    INFO] Module: module.prompt_blocks.14.fovea.smooth, Trainable Parameters: 1
[2024-12-20 15:38:17,652][    INFO] Module: module.prompt_blocks.15.conv0_0.weight, Trainable Parameters: 8192
[2024-12-20 15:38:17,652][    INFO] Module: module.prompt_blocks.15.conv0_0.bias, Trainable Parameters: 8
[2024-12-20 15:38:17,652][    INFO] Module: module.prompt_blocks.15.conv0_1.weight, Trainable Parameters: 8192
[2024-12-20 15:38:17,652][    INFO] Module: module.prompt_blocks.15.conv0_1.bias, Trainable Parameters: 8
[2024-12-20 15:38:17,652][    INFO] Module: module.prompt_blocks.15.conv1x1.weight, Trainable Parameters: 8192
[2024-12-20 15:38:17,652][    INFO] Module: module.prompt_blocks.15.conv1x1.bias, Trainable Parameters: 1024
[2024-12-20 15:38:17,652][    INFO] Module: module.prompt_blocks.15.fovea.smooth, Trainable Parameters: 1
[2024-12-20 15:38:17,652][    INFO] Module: module.prompt_blocks.16.conv0_0.weight, Trainable Parameters: 8192
[2024-12-20 15:38:17,652][    INFO] Module: module.prompt_blocks.16.conv0_0.bias, Trainable Parameters: 8
[2024-12-20 15:38:17,652][    INFO] Module: module.prompt_blocks.16.conv0_1.weight, Trainable Parameters: 8192
[2024-12-20 15:38:17,652][    INFO] Module: module.prompt_blocks.16.conv0_1.bias, Trainable Parameters: 8
[2024-12-20 15:38:17,652][    INFO] Module: module.prompt_blocks.16.conv1x1.weight, Trainable Parameters: 8192
[2024-12-20 15:38:17,652][    INFO] Module: module.prompt_blocks.16.conv1x1.bias, Trainable Parameters: 1024
[2024-12-20 15:38:17,652][    INFO] Module: module.prompt_blocks.16.fovea.smooth, Trainable Parameters: 1
[2024-12-20 15:38:17,652][    INFO] Module: module.prompt_blocks.17.conv0_0.weight, Trainable Parameters: 8192
[2024-12-20 15:38:17,652][    INFO] Module: module.prompt_blocks.17.conv0_0.bias, Trainable Parameters: 8
[2024-12-20 15:38:17,652][    INFO] Module: module.prompt_blocks.17.conv0_1.weight, Trainable Parameters: 8192
[2024-12-20 15:38:17,652][    INFO] Module: module.prompt_blocks.17.conv0_1.bias, Trainable Parameters: 8
[2024-12-20 15:38:17,652][    INFO] Module: module.prompt_blocks.17.conv1x1.weight, Trainable Parameters: 8192
[2024-12-20 15:38:17,652][    INFO] Module: module.prompt_blocks.17.conv1x1.bias, Trainable Parameters: 1024
[2024-12-20 15:38:17,652][    INFO] Module: module.prompt_blocks.17.fovea.smooth, Trainable Parameters: 1
[2024-12-20 15:38:17,652][    INFO] Module: module.prompt_blocks.18.conv0_0.weight, Trainable Parameters: 8192
[2024-12-20 15:38:17,652][    INFO] Module: module.prompt_blocks.18.conv0_0.bias, Trainable Parameters: 8
[2024-12-20 15:38:17,652][    INFO] Module: module.prompt_blocks.18.conv0_1.weight, Trainable Parameters: 8192
[2024-12-20 15:38:17,652][    INFO] Module: module.prompt_blocks.18.conv0_1.bias, Trainable Parameters: 8
[2024-12-20 15:38:17,652][    INFO] Module: module.prompt_blocks.18.conv1x1.weight, Trainable Parameters: 8192
[2024-12-20 15:38:17,652][    INFO] Module: module.prompt_blocks.18.conv1x1.bias, Trainable Parameters: 1024
[2024-12-20 15:38:17,652][    INFO] Module: module.prompt_blocks.18.fovea.smooth, Trainable Parameters: 1
[2024-12-20 15:38:17,652][    INFO] Module: module.prompt_blocks.19.conv0_0.weight, Trainable Parameters: 8192
[2024-12-20 15:38:17,652][    INFO] Module: module.prompt_blocks.19.conv0_0.bias, Trainable Parameters: 8
[2024-12-20 15:38:17,652][    INFO] Module: module.prompt_blocks.19.conv0_1.weight, Trainable Parameters: 8192
[2024-12-20 15:38:17,652][    INFO] Module: module.prompt_blocks.19.conv0_1.bias, Trainable Parameters: 8
[2024-12-20 15:38:17,652][    INFO] Module: module.prompt_blocks.19.conv1x1.weight, Trainable Parameters: 8192
[2024-12-20 15:38:17,652][    INFO] Module: module.prompt_blocks.19.conv1x1.bias, Trainable Parameters: 1024
[2024-12-20 15:38:17,652][    INFO] Module: module.prompt_blocks.19.fovea.smooth, Trainable Parameters: 1
[2024-12-20 15:38:17,652][    INFO] Module: module.prompt_blocks.20.conv0_0.weight, Trainable Parameters: 8192
[2024-12-20 15:38:17,652][    INFO] Module: module.prompt_blocks.20.conv0_0.bias, Trainable Parameters: 8
[2024-12-20 15:38:17,652][    INFO] Module: module.prompt_blocks.20.conv0_1.weight, Trainable Parameters: 8192
[2024-12-20 15:38:17,652][    INFO] Module: module.prompt_blocks.20.conv0_1.bias, Trainable Parameters: 8
[2024-12-20 15:38:17,652][    INFO] Module: module.prompt_blocks.20.conv1x1.weight, Trainable Parameters: 8192
[2024-12-20 15:38:17,652][    INFO] Module: module.prompt_blocks.20.conv1x1.bias, Trainable Parameters: 1024
[2024-12-20 15:38:17,652][    INFO] Module: module.prompt_blocks.20.fovea.smooth, Trainable Parameters: 1
[2024-12-20 15:38:17,652][    INFO] Module: module.prompt_blocks.21.conv0_0.weight, Trainable Parameters: 8192
[2024-12-20 15:38:17,652][    INFO] Module: module.prompt_blocks.21.conv0_0.bias, Trainable Parameters: 8
[2024-12-20 15:38:17,652][    INFO] Module: module.prompt_blocks.21.conv0_1.weight, Trainable Parameters: 8192
[2024-12-20 15:38:17,652][    INFO] Module: module.prompt_blocks.21.conv0_1.bias, Trainable Parameters: 8
[2024-12-20 15:38:17,652][    INFO] Module: module.prompt_blocks.21.conv1x1.weight, Trainable Parameters: 8192
[2024-12-20 15:38:17,652][    INFO] Module: module.prompt_blocks.21.conv1x1.bias, Trainable Parameters: 1024
[2024-12-20 15:38:17,653][    INFO] Module: module.prompt_blocks.21.fovea.smooth, Trainable Parameters: 1
[2024-12-20 15:38:17,653][    INFO] Module: module.prompt_blocks.22.conv0_0.weight, Trainable Parameters: 8192
[2024-12-20 15:38:17,653][    INFO] Module: module.prompt_blocks.22.conv0_0.bias, Trainable Parameters: 8
[2024-12-20 15:38:17,653][    INFO] Module: module.prompt_blocks.22.conv0_1.weight, Trainable Parameters: 8192
[2024-12-20 15:38:17,653][    INFO] Module: module.prompt_blocks.22.conv0_1.bias, Trainable Parameters: 8
[2024-12-20 15:38:17,653][    INFO] Module: module.prompt_blocks.22.conv1x1.weight, Trainable Parameters: 8192
[2024-12-20 15:38:17,653][    INFO] Module: module.prompt_blocks.22.conv1x1.bias, Trainable Parameters: 1024
[2024-12-20 15:38:17,653][    INFO] Module: module.prompt_blocks.22.fovea.smooth, Trainable Parameters: 1
[2024-12-20 15:38:17,653][    INFO] Module: module.prompt_blocks.23.conv0_0.weight, Trainable Parameters: 8192
[2024-12-20 15:38:17,653][    INFO] Module: module.prompt_blocks.23.conv0_0.bias, Trainable Parameters: 8
[2024-12-20 15:38:17,653][    INFO] Module: module.prompt_blocks.23.conv0_1.weight, Trainable Parameters: 8192
[2024-12-20 15:38:17,653][    INFO] Module: module.prompt_blocks.23.conv0_1.bias, Trainable Parameters: 8
[2024-12-20 15:38:17,653][    INFO] Module: module.prompt_blocks.23.conv1x1.weight, Trainable Parameters: 8192
[2024-12-20 15:38:17,653][    INFO] Module: module.prompt_blocks.23.conv1x1.bias, Trainable Parameters: 1024
[2024-12-20 15:38:17,653][    INFO] Module: module.prompt_blocks.23.fovea.smooth, Trainable Parameters: 1
[2024-12-20 15:38:17,653][    INFO] Module: module.prompt_norms.0.weight, Trainable Parameters: 1024
[2024-12-20 15:38:17,653][    INFO] Module: module.prompt_norms.0.bias, Trainable Parameters: 1024
[2024-12-20 15:38:17,653][    INFO] Module: module.prompt_norms.1.weight, Trainable Parameters: 1024
[2024-12-20 15:38:17,653][    INFO] Module: module.prompt_norms.1.bias, Trainable Parameters: 1024
[2024-12-20 15:38:17,653][    INFO] Module: module.prompt_norms.2.weight, Trainable Parameters: 1024
[2024-12-20 15:38:17,653][    INFO] Module: module.prompt_norms.2.bias, Trainable Parameters: 1024
[2024-12-20 15:38:17,653][    INFO] Module: module.prompt_norms.3.weight, Trainable Parameters: 1024
[2024-12-20 15:38:17,653][    INFO] Module: module.prompt_norms.3.bias, Trainable Parameters: 1024
[2024-12-20 15:38:17,653][    INFO] Module: module.prompt_norms.4.weight, Trainable Parameters: 1024
[2024-12-20 15:38:17,653][    INFO] Module: module.prompt_norms.4.bias, Trainable Parameters: 1024
[2024-12-20 15:38:17,653][    INFO] Module: module.prompt_norms.5.weight, Trainable Parameters: 1024
[2024-12-20 15:38:17,653][    INFO] Module: module.prompt_norms.5.bias, Trainable Parameters: 1024
[2024-12-20 15:38:17,653][    INFO] Module: module.prompt_norms.6.weight, Trainable Parameters: 1024
[2024-12-20 15:38:17,653][    INFO] Module: module.prompt_norms.6.bias, Trainable Parameters: 1024
[2024-12-20 15:38:17,653][    INFO] Module: module.prompt_norms.7.weight, Trainable Parameters: 1024
[2024-12-20 15:38:17,653][    INFO] Module: module.prompt_norms.7.bias, Trainable Parameters: 1024
[2024-12-20 15:38:17,653][    INFO] Module: module.prompt_norms.8.weight, Trainable Parameters: 1024
[2024-12-20 15:38:17,653][    INFO] Module: module.prompt_norms.8.bias, Trainable Parameters: 1024
[2024-12-20 15:38:17,653][    INFO] Module: module.prompt_norms.9.weight, Trainable Parameters: 1024
[2024-12-20 15:38:17,653][    INFO] Module: module.prompt_norms.9.bias, Trainable Parameters: 1024
[2024-12-20 15:38:17,653][    INFO] Module: module.prompt_norms.10.weight, Trainable Parameters: 1024
[2024-12-20 15:38:17,653][    INFO] Module: module.prompt_norms.10.bias, Trainable Parameters: 1024
[2024-12-20 15:38:17,653][    INFO] Module: module.prompt_norms.11.weight, Trainable Parameters: 1024
[2024-12-20 15:38:17,653][    INFO] Module: module.prompt_norms.11.bias, Trainable Parameters: 1024
[2024-12-20 15:38:17,653][    INFO] Module: module.prompt_norms.12.weight, Trainable Parameters: 1024
[2024-12-20 15:38:17,653][    INFO] Module: module.prompt_norms.12.bias, Trainable Parameters: 1024
[2024-12-20 15:38:17,653][    INFO] Module: module.prompt_norms.13.weight, Trainable Parameters: 1024
[2024-12-20 15:38:17,653][    INFO] Module: module.prompt_norms.13.bias, Trainable Parameters: 1024
[2024-12-20 15:38:17,653][    INFO] Module: module.prompt_norms.14.weight, Trainable Parameters: 1024
[2024-12-20 15:38:17,653][    INFO] Module: module.prompt_norms.14.bias, Trainable Parameters: 1024
[2024-12-20 15:38:17,653][    INFO] Module: module.prompt_norms.15.weight, Trainable Parameters: 1024
[2024-12-20 15:38:17,653][    INFO] Module: module.prompt_norms.15.bias, Trainable Parameters: 1024
[2024-12-20 15:38:17,653][    INFO] Module: module.prompt_norms.16.weight, Trainable Parameters: 1024
[2024-12-20 15:38:17,653][    INFO] Module: module.prompt_norms.16.bias, Trainable Parameters: 1024
[2024-12-20 15:38:17,653][    INFO] Module: module.prompt_norms.17.weight, Trainable Parameters: 1024
[2024-12-20 15:38:17,654][    INFO] Module: module.prompt_norms.17.bias, Trainable Parameters: 1024
[2024-12-20 15:38:17,654][    INFO] Module: module.prompt_norms.18.weight, Trainable Parameters: 1024
[2024-12-20 15:38:17,654][    INFO] Module: module.prompt_norms.18.bias, Trainable Parameters: 1024
[2024-12-20 15:38:17,654][    INFO] Module: module.prompt_norms.19.weight, Trainable Parameters: 1024
[2024-12-20 15:38:17,654][    INFO] Module: module.prompt_norms.19.bias, Trainable Parameters: 1024
[2024-12-20 15:38:17,654][    INFO] Module: module.prompt_norms.20.weight, Trainable Parameters: 1024
[2024-12-20 15:38:17,654][    INFO] Module: module.prompt_norms.20.bias, Trainable Parameters: 1024
[2024-12-20 15:38:17,654][    INFO] Module: module.prompt_norms.21.weight, Trainable Parameters: 1024
[2024-12-20 15:38:17,654][    INFO] Module: module.prompt_norms.21.bias, Trainable Parameters: 1024
[2024-12-20 15:38:17,654][    INFO] Module: module.prompt_norms.22.weight, Trainable Parameters: 1024
[2024-12-20 15:38:17,654][    INFO] Module: module.prompt_norms.22.bias, Trainable Parameters: 1024
[2024-12-20 15:38:17,654][    INFO] Module: module.prompt_norms.23.weight, Trainable Parameters: 1024
[2024-12-20 15:38:17,654][    INFO] Module: module.prompt_norms.23.bias, Trainable Parameters: 1024
[2024-12-20 15:38:17,655][    INFO] Total Trainable Parameters: 1267096
[2024-12-20 15:38:17,655][    INFO] ===========> Epoch: 0/50, d1: 0.000, d2: 0.000, d3: 0.000
[2024-12-20 15:38:17,655][    INFO] ===========> Epoch: 0/50, abs_rel: 100.000, sq_rel: 100.000, rmse: 100.000, rmse_log: 100.000, log10: 100.000, silog: 100.000
[2024-12-20 15:38:22,117][    INFO] Iter: 0/667, LR: 0.0000050, Loss: 1.286
[2024-12-20 15:40:04,404][    INFO] Iter: 100/667, LR: 0.0000050, Loss: 1.108
[2024-12-20 15:41:46,792][    INFO] Iter: 200/667, LR: 0.0000050, Loss: 1.095
[2024-12-20 15:43:29,274][    INFO] Iter: 300/667, LR: 0.0000050, Loss: 1.050
[2024-12-20 15:45:11,788][    INFO] Iter: 400/667, LR: 0.0000049, Loss: 1.076
[2024-12-20 15:46:54,239][    INFO] Iter: 500/667, LR: 0.0000049, Loss: 1.032
[2024-12-20 15:48:36,740][    INFO] Iter: 600/667, LR: 0.0000049, Loss: 1.021
/home/sph/event/da2-prompt-tuning/train.py:356: UserWarning: indexing with dtype torch.uint8 is now deprecated, please use a dtype torch.bool instead. (Triggered internally at ../aten/src/ATen/native/IndexingUtils.h:27.)
  pred[valid_mask], depth[valid_mask], dataset=args.dataset
/home/sph/event/da2-prompt-tuning/train.py:356: UserWarning: indexing with dtype torch.uint8 is now deprecated, please use a dtype torch.bool instead. (Triggered internally at ../aten/src/ATen/native/IndexingUtils.h:27.)
  pred[valid_mask], depth[valid_mask], dataset=args.dataset
[2024-12-20 15:49:53,157][    INFO] ==========================================================================================
[2024-12-20 15:49:53,158][    INFO]       d1,       d2,       d3,  abs_rel,   sq_rel,     rmse, rmse_log,    log10,    silog
[2024-12-20 15:49:53,158][    INFO]    0.126,    0.247,    0.353,    2.569,   48.311,   15.978,    1.244,    0.459,    1.054
[2024-12-20 15:49:53,158][    INFO] ==========================================================================================

[2024-12-20 15:49:58,718][    INFO] ===========> Epoch: 1/50, d1: 0.126, d2: 0.247, d3: 0.353
[2024-12-20 15:49:58,718][    INFO] ===========> Epoch: 1/50, abs_rel: 2.569, sq_rel: 48.311, rmse: 15.978, rmse_log: 1.244, log10: 0.459, silog: 1.054
[2024-12-20 15:50:00,103][    INFO] Iter: 0/667, LR: 0.0000049, Loss: 0.982
[2024-12-20 15:51:42,682][    INFO] Iter: 100/667, LR: 0.0000049, Loss: 1.005
[2024-12-20 15:53:25,326][    INFO] Iter: 200/667, LR: 0.0000049, Loss: 0.972
[2024-12-20 15:55:07,908][    INFO] Iter: 300/667, LR: 0.0000049, Loss: 0.938
[2024-12-20 15:56:50,497][    INFO] Iter: 400/667, LR: 0.0000049, Loss: 0.968
[2024-12-20 15:58:33,185][    INFO] Iter: 500/667, LR: 0.0000048, Loss: 0.990
[2024-12-20 16:00:15,950][    INFO] Iter: 600/667, LR: 0.0000048, Loss: 0.969
[2024-12-20 16:01:32,006][    INFO] ==========================================================================================
[2024-12-20 16:01:32,006][    INFO]       d1,       d2,       d3,  abs_rel,   sq_rel,     rmse, rmse_log,    log10,    silog
[2024-12-20 16:01:32,006][    INFO]    0.128,    0.248,    0.354,    2.547,   47.542,   15.884,    1.239,    0.457,    1.050
[2024-12-20 16:01:32,006][    INFO] ==========================================================================================

[2024-12-20 16:01:38,261][    INFO] ===========> Epoch: 2/50, d1: 0.128, d2: 0.248, d3: 0.354
[2024-12-20 16:01:38,262][    INFO] ===========> Epoch: 2/50, abs_rel: 2.547, sq_rel: 47.542, rmse: 15.884, rmse_log: 1.239, log10: 0.457, silog: 1.050
[2024-12-20 16:01:39,633][    INFO] Iter: 0/667, LR: 0.0000048, Loss: 1.004
[2024-12-20 16:03:22,242][    INFO] Iter: 100/667, LR: 0.0000048, Loss: 1.047
[2024-12-20 16:05:04,768][    INFO] Iter: 200/667, LR: 0.0000048, Loss: 1.011
[2024-12-20 16:06:47,302][    INFO] Iter: 300/667, LR: 0.0000048, Loss: 0.940
[2024-12-20 16:08:29,867][    INFO] Iter: 400/667, LR: 0.0000048, Loss: 1.061
[2024-12-20 16:10:12,425][    INFO] Iter: 500/667, LR: 0.0000048, Loss: 0.949
[2024-12-20 16:11:55,011][    INFO] Iter: 600/667, LR: 0.0000047, Loss: 1.079
[2024-12-20 16:13:11,006][    INFO] ==========================================================================================
[2024-12-20 16:13:11,006][    INFO]       d1,       d2,       d3,  abs_rel,   sq_rel,     rmse, rmse_log,    log10,    silog
[2024-12-20 16:13:11,006][    INFO]    0.124,    0.243,    0.348,    2.596,   49.382,   16.187,    1.251,    0.462,    1.057
[2024-12-20 16:13:11,007][    INFO] ==========================================================================================

[2024-12-20 16:13:14,831][    INFO] ===========> Epoch: 3/50, d1: 0.128, d2: 0.248, d3: 0.354
[2024-12-20 16:13:14,831][    INFO] ===========> Epoch: 3/50, abs_rel: 2.547, sq_rel: 47.542, rmse: 15.884, rmse_log: 1.239, log10: 0.457, silog: 1.050
[2024-12-20 16:13:16,214][    INFO] Iter: 0/667, LR: 0.0000047, Loss: 1.099
[2024-12-20 16:14:58,865][    INFO] Iter: 100/667, LR: 0.0000047, Loss: 1.021
[2024-12-20 16:16:41,604][    INFO] Iter: 200/667, LR: 0.0000047, Loss: 0.956
[2024-12-20 16:18:24,324][    INFO] Iter: 300/667, LR: 0.0000047, Loss: 1.000
[2024-12-20 16:20:06,973][    INFO] Iter: 400/667, LR: 0.0000047, Loss: 0.979
[2024-12-20 16:21:49,655][    INFO] Iter: 500/667, LR: 0.0000047, Loss: 1.015
[2024-12-20 16:23:32,365][    INFO] Iter: 600/667, LR: 0.0000046, Loss: 0.994
[2024-12-20 16:24:48,424][    INFO] ==========================================================================================
[2024-12-20 16:24:48,425][    INFO]       d1,       d2,       d3,  abs_rel,   sq_rel,     rmse, rmse_log,    log10,    silog
[2024-12-20 16:24:48,425][    INFO]    0.131,    0.254,    0.363,    2.462,   44.582,   15.483,    1.219,    0.449,    1.042
[2024-12-20 16:24:48,425][    INFO] ==========================================================================================

[2024-12-20 16:24:56,518][    INFO] ===========> Epoch: 4/50, d1: 0.131, d2: 0.254, d3: 0.363
[2024-12-20 16:24:56,518][    INFO] ===========> Epoch: 4/50, abs_rel: 2.462, sq_rel: 44.582, rmse: 15.483, rmse_log: 1.219, log10: 0.449, silog: 1.042
[2024-12-20 16:24:57,880][    INFO] Iter: 0/667, LR: 0.0000046, Loss: 1.058
[2024-12-20 16:26:40,462][    INFO] Iter: 100/667, LR: 0.0000046, Loss: 1.034
[2024-12-20 16:28:23,145][    INFO] Iter: 200/667, LR: 0.0000046, Loss: 1.012
[2024-12-20 16:30:05,825][    INFO] Iter: 300/667, LR: 0.0000046, Loss: 1.023
[2024-12-20 16:31:48,609][    INFO] Iter: 400/667, LR: 0.0000046, Loss: 0.968
[2024-12-20 16:33:31,291][    INFO] Iter: 500/667, LR: 0.0000046, Loss: 1.079
[2024-12-20 16:35:13,967][    INFO] Iter: 600/667, LR: 0.0000046, Loss: 1.048
[2024-12-20 16:36:30,016][    INFO] ==========================================================================================
[2024-12-20 16:36:30,016][    INFO]       d1,       d2,       d3,  abs_rel,   sq_rel,     rmse, rmse_log,    log10,    silog
[2024-12-20 16:36:30,016][    INFO]    0.129,    0.251,    0.360,    2.500,   45.883,   15.673,    1.228,    0.453,    1.047
[2024-12-20 16:36:30,016][    INFO] ==========================================================================================

[2024-12-20 16:36:32,002][    INFO] ===========> Epoch: 5/50, d1: 0.131, d2: 0.254, d3: 0.363
[2024-12-20 16:36:32,002][    INFO] ===========> Epoch: 5/50, abs_rel: 2.462, sq_rel: 44.582, rmse: 15.483, rmse_log: 1.219, log10: 0.449, silog: 1.042
[2024-12-20 16:36:33,357][    INFO] Iter: 0/667, LR: 0.0000045, Loss: 1.010
[2024-12-20 16:38:16,099][    INFO] Iter: 100/667, LR: 0.0000045, Loss: 0.954
[2024-12-20 16:39:58,775][    INFO] Iter: 200/667, LR: 0.0000045, Loss: 1.014
[2024-12-20 16:41:41,477][    INFO] Iter: 300/667, LR: 0.0000045, Loss: 1.026
[2024-12-20 16:43:24,146][    INFO] Iter: 400/667, LR: 0.0000045, Loss: 0.956
[2024-12-20 16:45:06,852][    INFO] Iter: 500/667, LR: 0.0000045, Loss: 1.022
[2024-12-20 16:46:49,631][    INFO] Iter: 600/667, LR: 0.0000045, Loss: 1.044
[2024-12-20 16:48:05,714][    INFO] ==========================================================================================
[2024-12-20 16:48:05,714][    INFO]       d1,       d2,       d3,  abs_rel,   sq_rel,     rmse, rmse_log,    log10,    silog
[2024-12-20 16:48:05,715][    INFO]    0.130,    0.251,    0.360,    2.515,   46.418,   15.725,    1.232,    0.454,    1.050
[2024-12-20 16:48:05,715][    INFO] ==========================================================================================

[2024-12-20 16:48:07,685][    INFO] ===========> Epoch: 6/50, d1: 0.131, d2: 0.254, d3: 0.363
[2024-12-20 16:48:07,685][    INFO] ===========> Epoch: 6/50, abs_rel: 2.462, sq_rel: 44.582, rmse: 15.483, rmse_log: 1.219, log10: 0.449, silog: 1.042
[2024-12-20 16:48:09,067][    INFO] Iter: 0/667, LR: 0.0000045, Loss: 1.017
[2024-12-20 16:49:51,677][    INFO] Iter: 100/667, LR: 0.0000044, Loss: 1.101
[2024-12-20 16:51:34,383][    INFO] Iter: 200/667, LR: 0.0000044, Loss: 0.984
[2024-12-20 16:53:17,226][    INFO] Iter: 300/667, LR: 0.0000044, Loss: 1.003
[2024-12-20 16:54:59,910][    INFO] Iter: 400/667, LR: 0.0000044, Loss: 1.004
[2024-12-20 16:56:42,502][    INFO] Iter: 500/667, LR: 0.0000044, Loss: 1.064
[2024-12-20 16:58:25,169][    INFO] Iter: 600/667, LR: 0.0000044, Loss: 0.985
[2024-12-20 16:59:41,248][    INFO] ==========================================================================================
[2024-12-20 16:59:41,248][    INFO]       d1,       d2,       d3,  abs_rel,   sq_rel,     rmse, rmse_log,    log10,    silog
[2024-12-20 16:59:41,248][    INFO]    0.131,    0.253,    0.363,    2.473,   44.993,   15.542,    1.222,    0.450,    1.045
[2024-12-20 16:59:41,249][    INFO] ==========================================================================================

[2024-12-20 16:59:44,816][    INFO] ===========> Epoch: 7/50, d1: 0.131, d2: 0.254, d3: 0.363
[2024-12-20 16:59:44,816][    INFO] ===========> Epoch: 7/50, abs_rel: 2.462, sq_rel: 44.582, rmse: 15.483, rmse_log: 1.219, log10: 0.449, silog: 1.042
[2024-12-20 16:59:46,181][    INFO] Iter: 0/667, LR: 0.0000044, Loss: 1.027
[2024-12-20 17:01:28,828][    INFO] Iter: 100/667, LR: 0.0000044, Loss: 1.031
[2024-12-20 17:03:11,619][    INFO] Iter: 200/667, LR: 0.0000043, Loss: 0.989
[2024-12-20 17:04:54,316][    INFO] Iter: 300/667, LR: 0.0000043, Loss: 1.057
