/data/miniconda/envs/torch/lib/python3.10/site-packages/torch/distributed/launch.py:183: FutureWarning: The module torch.distributed.launch is deprecated
and will be removed in future. Use torchrun.
Note that --use-env is set by default in torchrun.
If your script expects `--local-rank` argument to be set, please
change it to read from `os.environ['LOCAL_RANK']` instead. See 
https://pytorch.org/docs/stable/distributed.html#launch-utility for 
further instructions

  warnings.warn(
W0108 17:42:04.289000 139785025435456 torch/distributed/run.py:757] 
W0108 17:42:04.289000 139785025435456 torch/distributed/run.py:757] *****************************************
W0108 17:42:04.289000 139785025435456 torch/distributed/run.py:757] Setting OMP_NUM_THREADS environment variable for each process to be 1 in default, to avoid your system being overloaded, please further tune the variable for optimal performance in your application as needed. 
W0108 17:42:04.289000 139785025435456 torch/distributed/run.py:757] *****************************************
[2025-01-08 17:42:07,871][    INFO] {'bs': 12,
 'dataset': 'eventscape_align',
 'encoder': 'vitl',
 'epochs': 5,
 'event_voxel_chans': 3,
 'img_size': 350,
 'load_from': '/data/coding/upload-data/checkpoints/depth_anything_v2_vitl.pth',
 'local_rank': 0,
 'lr': 5e-06,
 'ngpus': 2,
 'port': 20596,
 'return_feature': True,
 'save_path': '/data/coding/code/da2-prompt-tuning/exp/align_log_eventscape_align_20250108_174202'}

INFO:dinov2:using MLP layer as FFN
INFO:dinov2:using MLP layer as FFN
INFO:dinov2:using MLP layer as FFN
INFO:dinov2:using MLP layer as FFN
Model weights load from /data/coding/upload-data/checkpoints/depth_anything_v2_vitl.pth successfully!
Model weights load from /data/coding/upload-data/checkpoints/depth_anything_v2_vitl.pth successfully!
Setting up Multi Scale Gradient loss...
Done
[2025-01-08 17:42:24,957][    INFO] Module: module.pretrained.cls_token, Trainable Parameters: 1024
[2025-01-08 17:42:24,957][    INFO] Module: module.pretrained.pos_embed, Trainable Parameters: 1402880
[2025-01-08 17:42:24,957][    INFO] Module: module.pretrained.mask_token, Trainable Parameters: 1024
[2025-01-08 17:42:24,957][    INFO] Module: module.pretrained.patch_embed.proj.weight, Trainable Parameters: 602112
[2025-01-08 17:42:24,957][    INFO] Module: module.pretrained.patch_embed.proj.bias, Trainable Parameters: 1024
[2025-01-08 17:42:24,957][    INFO] Module: module.pretrained.blocks.0.norm1.bias, Trainable Parameters: 1024
[2025-01-08 17:42:24,957][    INFO] Module: module.pretrained.blocks.0.attn.qkv.bias, Trainable Parameters: 3072
[2025-01-08 17:42:24,957][    INFO] Module: module.pretrained.blocks.0.attn.qkv.lora_A, Trainable Parameters: 24576
[2025-01-08 17:42:24,957][    INFO] Module: module.pretrained.blocks.0.attn.qkv.lora_B, Trainable Parameters: 24576
[2025-01-08 17:42:24,957][    INFO] Module: module.pretrained.blocks.0.attn.proj.bias, Trainable Parameters: 1024
[2025-01-08 17:42:24,957][    INFO] Module: module.pretrained.blocks.0.attn.proj.lora_A, Trainable Parameters: 8192
[2025-01-08 17:42:24,957][    INFO] Module: module.pretrained.blocks.0.attn.proj.lora_B, Trainable Parameters: 8192
[2025-01-08 17:42:24,957][    INFO] Module: module.pretrained.blocks.0.norm2.bias, Trainable Parameters: 1024
[2025-01-08 17:42:24,957][    INFO] Module: module.pretrained.blocks.0.mlp.fc1.bias, Trainable Parameters: 4096
[2025-01-08 17:42:24,957][    INFO] Module: module.pretrained.blocks.0.mlp.fc1.lora_A, Trainable Parameters: 8192
[2025-01-08 17:42:24,957][    INFO] Module: module.pretrained.blocks.0.mlp.fc1.lora_B, Trainable Parameters: 32768
[2025-01-08 17:42:24,957][    INFO] Module: module.pretrained.blocks.0.mlp.fc2.bias, Trainable Parameters: 1024
[2025-01-08 17:42:24,957][    INFO] Module: module.pretrained.blocks.0.mlp.fc2.lora_A, Trainable Parameters: 32768
[2025-01-08 17:42:24,957][    INFO] Module: module.pretrained.blocks.0.mlp.fc2.lora_B, Trainable Parameters: 8192
[2025-01-08 17:42:24,957][    INFO] Module: module.pretrained.blocks.1.norm1.bias, Trainable Parameters: 1024
[2025-01-08 17:42:24,957][    INFO] Module: module.pretrained.blocks.1.attn.qkv.bias, Trainable Parameters: 3072
[2025-01-08 17:42:24,957][    INFO] Module: module.pretrained.blocks.1.attn.qkv.lora_A, Trainable Parameters: 24576
[2025-01-08 17:42:24,957][    INFO] Module: module.pretrained.blocks.1.attn.qkv.lora_B, Trainable Parameters: 24576
[2025-01-08 17:42:24,958][    INFO] Module: module.pretrained.blocks.1.attn.proj.bias, Trainable Parameters: 1024
[2025-01-08 17:42:24,958][    INFO] Module: module.pretrained.blocks.1.attn.proj.lora_A, Trainable Parameters: 8192
[2025-01-08 17:42:24,958][    INFO] Module: module.pretrained.blocks.1.attn.proj.lora_B, Trainable Parameters: 8192
[2025-01-08 17:42:24,958][    INFO] Module: module.pretrained.blocks.1.norm2.bias, Trainable Parameters: 1024
[2025-01-08 17:42:24,958][    INFO] Module: module.pretrained.blocks.1.mlp.fc1.bias, Trainable Parameters: 4096
[2025-01-08 17:42:24,958][    INFO] Module: module.pretrained.blocks.1.mlp.fc1.lora_A, Trainable Parameters: 8192
[2025-01-08 17:42:24,958][    INFO] Module: module.pretrained.blocks.1.mlp.fc1.lora_B, Trainable Parameters: 32768
[2025-01-08 17:42:24,958][    INFO] Module: module.pretrained.blocks.1.mlp.fc2.bias, Trainable Parameters: 1024
[2025-01-08 17:42:24,958][    INFO] Module: module.pretrained.blocks.1.mlp.fc2.lora_A, Trainable Parameters: 32768
[2025-01-08 17:42:24,958][    INFO] Module: module.pretrained.blocks.1.mlp.fc2.lora_B, Trainable Parameters: 8192
[2025-01-08 17:42:24,958][    INFO] Module: module.pretrained.blocks.2.norm1.bias, Trainable Parameters: 1024
[2025-01-08 17:42:24,958][    INFO] Module: module.pretrained.blocks.2.attn.qkv.bias, Trainable Parameters: 3072
[2025-01-08 17:42:24,958][    INFO] Module: module.pretrained.blocks.2.attn.qkv.lora_A, Trainable Parameters: 24576
[2025-01-08 17:42:24,958][    INFO] Module: module.pretrained.blocks.2.attn.qkv.lora_B, Trainable Parameters: 24576
[2025-01-08 17:42:24,958][    INFO] Module: module.pretrained.blocks.2.attn.proj.bias, Trainable Parameters: 1024
[2025-01-08 17:42:24,958][    INFO] Module: module.pretrained.blocks.2.attn.proj.lora_A, Trainable Parameters: 8192
[2025-01-08 17:42:24,958][    INFO] Module: module.pretrained.blocks.2.attn.proj.lora_B, Trainable Parameters: 8192
[2025-01-08 17:42:24,958][    INFO] Module: module.pretrained.blocks.2.norm2.bias, Trainable Parameters: 1024
[2025-01-08 17:42:24,958][    INFO] Module: module.pretrained.blocks.2.mlp.fc1.bias, Trainable Parameters: 4096
[2025-01-08 17:42:24,958][    INFO] Module: module.pretrained.blocks.2.mlp.fc1.lora_A, Trainable Parameters: 8192
[2025-01-08 17:42:24,958][    INFO] Module: module.pretrained.blocks.2.mlp.fc1.lora_B, Trainable Parameters: 32768
[2025-01-08 17:42:24,958][    INFO] Module: module.pretrained.blocks.2.mlp.fc2.bias, Trainable Parameters: 1024
[2025-01-08 17:42:24,958][    INFO] Module: module.pretrained.blocks.2.mlp.fc2.lora_A, Trainable Parameters: 32768
[2025-01-08 17:42:24,958][    INFO] Module: module.pretrained.blocks.2.mlp.fc2.lora_B, Trainable Parameters: 8192
[2025-01-08 17:42:24,958][    INFO] Module: module.pretrained.blocks.3.norm1.bias, Trainable Parameters: 1024
[2025-01-08 17:42:24,958][    INFO] Module: module.pretrained.blocks.3.attn.qkv.bias, Trainable Parameters: 3072
[2025-01-08 17:42:24,958][    INFO] Module: module.pretrained.blocks.3.attn.qkv.lora_A, Trainable Parameters: 24576
[2025-01-08 17:42:24,958][    INFO] Module: module.pretrained.blocks.3.attn.qkv.lora_B, Trainable Parameters: 24576
[2025-01-08 17:42:24,958][    INFO] Module: module.pretrained.blocks.3.attn.proj.bias, Trainable Parameters: 1024
[2025-01-08 17:42:24,958][    INFO] Module: module.pretrained.blocks.3.attn.proj.lora_A, Trainable Parameters: 8192
[2025-01-08 17:42:24,958][    INFO] Module: module.pretrained.blocks.3.attn.proj.lora_B, Trainable Parameters: 8192
[2025-01-08 17:42:24,958][    INFO] Module: module.pretrained.blocks.3.norm2.bias, Trainable Parameters: 1024
[2025-01-08 17:42:24,958][    INFO] Module: module.pretrained.blocks.3.mlp.fc1.bias, Trainable Parameters: 4096
[2025-01-08 17:42:24,958][    INFO] Module: module.pretrained.blocks.3.mlp.fc1.lora_A, Trainable Parameters: 8192
[2025-01-08 17:42:24,958][    INFO] Module: module.pretrained.blocks.3.mlp.fc1.lora_B, Trainable Parameters: 32768
[2025-01-08 17:42:24,958][    INFO] Module: module.pretrained.blocks.3.mlp.fc2.bias, Trainable Parameters: 1024
[2025-01-08 17:42:24,958][    INFO] Module: module.pretrained.blocks.3.mlp.fc2.lora_A, Trainable Parameters: 32768
[2025-01-08 17:42:24,958][    INFO] Module: module.pretrained.blocks.3.mlp.fc2.lora_B, Trainable Parameters: 8192
[2025-01-08 17:42:24,959][    INFO] Module: module.pretrained.blocks.4.norm1.bias, Trainable Parameters: 1024
[2025-01-08 17:42:24,959][    INFO] Module: module.pretrained.blocks.4.attn.qkv.bias, Trainable Parameters: 3072
[2025-01-08 17:42:24,959][    INFO] Module: module.pretrained.blocks.4.attn.qkv.lora_A, Trainable Parameters: 24576
[2025-01-08 17:42:24,959][    INFO] Module: module.pretrained.blocks.4.attn.qkv.lora_B, Trainable Parameters: 24576
[2025-01-08 17:42:24,959][    INFO] Module: module.pretrained.blocks.4.attn.proj.bias, Trainable Parameters: 1024
[2025-01-08 17:42:24,959][    INFO] Module: module.pretrained.blocks.4.attn.proj.lora_A, Trainable Parameters: 8192
[2025-01-08 17:42:24,959][    INFO] Module: module.pretrained.blocks.4.attn.proj.lora_B, Trainable Parameters: 8192
[2025-01-08 17:42:24,959][    INFO] Module: module.pretrained.blocks.4.norm2.bias, Trainable Parameters: 1024
[2025-01-08 17:42:24,959][    INFO] Module: module.pretrained.blocks.4.mlp.fc1.bias, Trainable Parameters: 4096
[2025-01-08 17:42:24,959][    INFO] Module: module.pretrained.blocks.4.mlp.fc1.lora_A, Trainable Parameters: 8192
[2025-01-08 17:42:24,959][    INFO] Module: module.pretrained.blocks.4.mlp.fc1.lora_B, Trainable Parameters: 32768
[2025-01-08 17:42:24,959][    INFO] Module: module.pretrained.blocks.4.mlp.fc2.bias, Trainable Parameters: 1024
[2025-01-08 17:42:24,959][    INFO] Module: module.pretrained.blocks.4.mlp.fc2.lora_A, Trainable Parameters: 32768
[2025-01-08 17:42:24,959][    INFO] Module: module.pretrained.blocks.4.mlp.fc2.lora_B, Trainable Parameters: 8192
[2025-01-08 17:42:24,959][    INFO] Module: module.pretrained.blocks.5.norm1.bias, Trainable Parameters: 1024
[2025-01-08 17:42:24,959][    INFO] Module: module.pretrained.blocks.5.attn.qkv.bias, Trainable Parameters: 3072
[2025-01-08 17:42:24,959][    INFO] Module: module.pretrained.blocks.5.attn.qkv.lora_A, Trainable Parameters: 24576
[2025-01-08 17:42:24,959][    INFO] Module: module.pretrained.blocks.5.attn.qkv.lora_B, Trainable Parameters: 24576
[2025-01-08 17:42:24,959][    INFO] Module: module.pretrained.blocks.5.attn.proj.bias, Trainable Parameters: 1024
[2025-01-08 17:42:24,959][    INFO] Module: module.pretrained.blocks.5.attn.proj.lora_A, Trainable Parameters: 8192
[2025-01-08 17:42:24,959][    INFO] Module: module.pretrained.blocks.5.attn.proj.lora_B, Trainable Parameters: 8192
[2025-01-08 17:42:24,959][    INFO] Module: module.pretrained.blocks.5.norm2.bias, Trainable Parameters: 1024
[2025-01-08 17:42:24,959][    INFO] Module: module.pretrained.blocks.5.mlp.fc1.bias, Trainable Parameters: 4096
[2025-01-08 17:42:24,959][    INFO] Module: module.pretrained.blocks.5.mlp.fc1.lora_A, Trainable Parameters: 8192
[2025-01-08 17:42:24,959][    INFO] Module: module.pretrained.blocks.5.mlp.fc1.lora_B, Trainable Parameters: 32768
[2025-01-08 17:42:24,959][    INFO] Module: module.pretrained.blocks.5.mlp.fc2.bias, Trainable Parameters: 1024
[2025-01-08 17:42:24,959][    INFO] Module: module.pretrained.blocks.5.mlp.fc2.lora_A, Trainable Parameters: 32768
[2025-01-08 17:42:24,959][    INFO] Module: module.pretrained.blocks.5.mlp.fc2.lora_B, Trainable Parameters: 8192
[2025-01-08 17:42:24,959][    INFO] Module: module.pretrained.blocks.6.norm1.bias, Trainable Parameters: 1024
[2025-01-08 17:42:24,959][    INFO] Module: module.pretrained.blocks.6.attn.qkv.bias, Trainable Parameters: 3072
[2025-01-08 17:42:24,959][    INFO] Module: module.pretrained.blocks.6.attn.qkv.lora_A, Trainable Parameters: 24576
[2025-01-08 17:42:24,959][    INFO] Module: module.pretrained.blocks.6.attn.qkv.lora_B, Trainable Parameters: 24576
[2025-01-08 17:42:24,959][    INFO] Module: module.pretrained.blocks.6.attn.proj.bias, Trainable Parameters: 1024
[2025-01-08 17:42:24,959][    INFO] Module: module.pretrained.blocks.6.attn.proj.lora_A, Trainable Parameters: 8192
[2025-01-08 17:42:24,959][    INFO] Module: module.pretrained.blocks.6.attn.proj.lora_B, Trainable Parameters: 8192
[2025-01-08 17:42:24,959][    INFO] Module: module.pretrained.blocks.6.norm2.bias, Trainable Parameters: 1024
[2025-01-08 17:42:24,959][    INFO] Module: module.pretrained.blocks.6.mlp.fc1.bias, Trainable Parameters: 4096
[2025-01-08 17:42:24,960][    INFO] Module: module.pretrained.blocks.6.mlp.fc1.lora_A, Trainable Parameters: 8192
[2025-01-08 17:42:24,960][    INFO] Module: module.pretrained.blocks.6.mlp.fc1.lora_B, Trainable Parameters: 32768
[2025-01-08 17:42:24,960][    INFO] Module: module.pretrained.blocks.6.mlp.fc2.bias, Trainable Parameters: 1024
[2025-01-08 17:42:24,960][    INFO] Module: module.pretrained.blocks.6.mlp.fc2.lora_A, Trainable Parameters: 32768
[2025-01-08 17:42:24,960][    INFO] Module: module.pretrained.blocks.6.mlp.fc2.lora_B, Trainable Parameters: 8192
[2025-01-08 17:42:24,960][    INFO] Module: module.pretrained.blocks.7.norm1.bias, Trainable Parameters: 1024
[2025-01-08 17:42:24,960][    INFO] Module: module.pretrained.blocks.7.attn.qkv.bias, Trainable Parameters: 3072
[2025-01-08 17:42:24,960][    INFO] Module: module.pretrained.blocks.7.attn.qkv.lora_A, Trainable Parameters: 24576
[2025-01-08 17:42:24,960][    INFO] Module: module.pretrained.blocks.7.attn.qkv.lora_B, Trainable Parameters: 24576
[2025-01-08 17:42:24,960][    INFO] Module: module.pretrained.blocks.7.attn.proj.bias, Trainable Parameters: 1024
[2025-01-08 17:42:24,960][    INFO] Module: module.pretrained.blocks.7.attn.proj.lora_A, Trainable Parameters: 8192
[2025-01-08 17:42:24,960][    INFO] Module: module.pretrained.blocks.7.attn.proj.lora_B, Trainable Parameters: 8192
[2025-01-08 17:42:24,960][    INFO] Module: module.pretrained.blocks.7.norm2.bias, Trainable Parameters: 1024
[2025-01-08 17:42:24,960][    INFO] Module: module.pretrained.blocks.7.mlp.fc1.bias, Trainable Parameters: 4096
[2025-01-08 17:42:24,960][    INFO] Module: module.pretrained.blocks.7.mlp.fc1.lora_A, Trainable Parameters: 8192
[2025-01-08 17:42:24,960][    INFO] Module: module.pretrained.blocks.7.mlp.fc1.lora_B, Trainable Parameters: 32768
[2025-01-08 17:42:24,960][    INFO] Module: module.pretrained.blocks.7.mlp.fc2.bias, Trainable Parameters: 1024
[2025-01-08 17:42:24,960][    INFO] Module: module.pretrained.blocks.7.mlp.fc2.lora_A, Trainable Parameters: 32768
[2025-01-08 17:42:24,960][    INFO] Module: module.pretrained.blocks.7.mlp.fc2.lora_B, Trainable Parameters: 8192
[2025-01-08 17:42:24,960][    INFO] Module: module.pretrained.blocks.8.norm1.bias, Trainable Parameters: 1024
[2025-01-08 17:42:24,960][    INFO] Module: module.pretrained.blocks.8.attn.qkv.bias, Trainable Parameters: 3072
[2025-01-08 17:42:24,960][    INFO] Module: module.pretrained.blocks.8.attn.qkv.lora_A, Trainable Parameters: 24576
[2025-01-08 17:42:24,960][    INFO] Module: module.pretrained.blocks.8.attn.qkv.lora_B, Trainable Parameters: 24576
[2025-01-08 17:42:24,960][    INFO] Module: module.pretrained.blocks.8.attn.proj.bias, Trainable Parameters: 1024
[2025-01-08 17:42:24,960][    INFO] Module: module.pretrained.blocks.8.attn.proj.lora_A, Trainable Parameters: 8192
[2025-01-08 17:42:24,960][    INFO] Module: module.pretrained.blocks.8.attn.proj.lora_B, Trainable Parameters: 8192
[2025-01-08 17:42:24,960][    INFO] Module: module.pretrained.blocks.8.norm2.bias, Trainable Parameters: 1024
[2025-01-08 17:42:24,960][    INFO] Module: module.pretrained.blocks.8.mlp.fc1.bias, Trainable Parameters: 4096
[2025-01-08 17:42:24,960][    INFO] Module: module.pretrained.blocks.8.mlp.fc1.lora_A, Trainable Parameters: 8192
[2025-01-08 17:42:24,960][    INFO] Module: module.pretrained.blocks.8.mlp.fc1.lora_B, Trainable Parameters: 32768
[2025-01-08 17:42:24,960][    INFO] Module: module.pretrained.blocks.8.mlp.fc2.bias, Trainable Parameters: 1024
[2025-01-08 17:42:24,960][    INFO] Module: module.pretrained.blocks.8.mlp.fc2.lora_A, Trainable Parameters: 32768
[2025-01-08 17:42:24,960][    INFO] Module: module.pretrained.blocks.8.mlp.fc2.lora_B, Trainable Parameters: 8192
[2025-01-08 17:42:24,960][    INFO] Module: module.pretrained.blocks.9.norm1.bias, Trainable Parameters: 1024
[2025-01-08 17:42:24,960][    INFO] Module: module.pretrained.blocks.9.attn.qkv.bias, Trainable Parameters: 3072
[2025-01-08 17:42:24,960][    INFO] Module: module.pretrained.blocks.9.attn.qkv.lora_A, Trainable Parameters: 24576
[2025-01-08 17:42:24,960][    INFO] Module: module.pretrained.blocks.9.attn.qkv.lora_B, Trainable Parameters: 24576
[2025-01-08 17:42:24,961][    INFO] Module: module.pretrained.blocks.9.attn.proj.bias, Trainable Parameters: 1024
[2025-01-08 17:42:24,961][    INFO] Module: module.pretrained.blocks.9.attn.proj.lora_A, Trainable Parameters: 8192
[2025-01-08 17:42:24,961][    INFO] Module: module.pretrained.blocks.9.attn.proj.lora_B, Trainable Parameters: 8192
[2025-01-08 17:42:24,961][    INFO] Module: module.pretrained.blocks.9.norm2.bias, Trainable Parameters: 1024
[2025-01-08 17:42:24,961][    INFO] Module: module.pretrained.blocks.9.mlp.fc1.bias, Trainable Parameters: 4096
[2025-01-08 17:42:24,961][    INFO] Module: module.pretrained.blocks.9.mlp.fc1.lora_A, Trainable Parameters: 8192
[2025-01-08 17:42:24,961][    INFO] Module: module.pretrained.blocks.9.mlp.fc1.lora_B, Trainable Parameters: 32768
[2025-01-08 17:42:24,961][    INFO] Module: module.pretrained.blocks.9.mlp.fc2.bias, Trainable Parameters: 1024
[2025-01-08 17:42:24,961][    INFO] Module: module.pretrained.blocks.9.mlp.fc2.lora_A, Trainable Parameters: 32768
[2025-01-08 17:42:24,961][    INFO] Module: module.pretrained.blocks.9.mlp.fc2.lora_B, Trainable Parameters: 8192
[2025-01-08 17:42:24,961][    INFO] Module: module.pretrained.blocks.10.norm1.bias, Trainable Parameters: 1024
[2025-01-08 17:42:24,961][    INFO] Module: module.pretrained.blocks.10.attn.qkv.bias, Trainable Parameters: 3072
[2025-01-08 17:42:24,961][    INFO] Module: module.pretrained.blocks.10.attn.qkv.lora_A, Trainable Parameters: 24576
[2025-01-08 17:42:24,961][    INFO] Module: module.pretrained.blocks.10.attn.qkv.lora_B, Trainable Parameters: 24576
[2025-01-08 17:42:24,961][    INFO] Module: module.pretrained.blocks.10.attn.proj.bias, Trainable Parameters: 1024
[2025-01-08 17:42:24,961][    INFO] Module: module.pretrained.blocks.10.attn.proj.lora_A, Trainable Parameters: 8192
[2025-01-08 17:42:24,961][    INFO] Module: module.pretrained.blocks.10.attn.proj.lora_B, Trainable Parameters: 8192
[2025-01-08 17:42:24,961][    INFO] Module: module.pretrained.blocks.10.norm2.bias, Trainable Parameters: 1024
[2025-01-08 17:42:24,961][    INFO] Module: module.pretrained.blocks.10.mlp.fc1.bias, Trainable Parameters: 4096
[2025-01-08 17:42:24,961][    INFO] Module: module.pretrained.blocks.10.mlp.fc1.lora_A, Trainable Parameters: 8192
[2025-01-08 17:42:24,961][    INFO] Module: module.pretrained.blocks.10.mlp.fc1.lora_B, Trainable Parameters: 32768
[2025-01-08 17:42:24,961][    INFO] Module: module.pretrained.blocks.10.mlp.fc2.bias, Trainable Parameters: 1024
[2025-01-08 17:42:24,961][    INFO] Module: module.pretrained.blocks.10.mlp.fc2.lora_A, Trainable Parameters: 32768
[2025-01-08 17:42:24,961][    INFO] Module: module.pretrained.blocks.10.mlp.fc2.lora_B, Trainable Parameters: 8192
[2025-01-08 17:42:24,961][    INFO] Module: module.pretrained.blocks.11.norm1.bias, Trainable Parameters: 1024
[2025-01-08 17:42:24,961][    INFO] Module: module.pretrained.blocks.11.attn.qkv.bias, Trainable Parameters: 3072
[2025-01-08 17:42:24,961][    INFO] Module: module.pretrained.blocks.11.attn.qkv.lora_A, Trainable Parameters: 24576
[2025-01-08 17:42:24,961][    INFO] Module: module.pretrained.blocks.11.attn.qkv.lora_B, Trainable Parameters: 24576
[2025-01-08 17:42:24,961][    INFO] Module: module.pretrained.blocks.11.attn.proj.bias, Trainable Parameters: 1024
[2025-01-08 17:42:24,961][    INFO] Module: module.pretrained.blocks.11.attn.proj.lora_A, Trainable Parameters: 8192
[2025-01-08 17:42:24,961][    INFO] Module: module.pretrained.blocks.11.attn.proj.lora_B, Trainable Parameters: 8192
[2025-01-08 17:42:24,961][    INFO] Module: module.pretrained.blocks.11.norm2.bias, Trainable Parameters: 1024
[2025-01-08 17:42:24,961][    INFO] Module: module.pretrained.blocks.11.mlp.fc1.bias, Trainable Parameters: 4096
[2025-01-08 17:42:24,961][    INFO] Module: module.pretrained.blocks.11.mlp.fc1.lora_A, Trainable Parameters: 8192
[2025-01-08 17:42:24,961][    INFO] Module: module.pretrained.blocks.11.mlp.fc1.lora_B, Trainable Parameters: 32768
[2025-01-08 17:42:24,961][    INFO] Module: module.pretrained.blocks.11.mlp.fc2.bias, Trainable Parameters: 1024
[2025-01-08 17:42:24,961][    INFO] Module: module.pretrained.blocks.11.mlp.fc2.lora_A, Trainable Parameters: 32768
[2025-01-08 17:42:24,961][    INFO] Module: module.pretrained.blocks.11.mlp.fc2.lora_B, Trainable Parameters: 8192
[2025-01-08 17:42:24,962][    INFO] Module: module.pretrained.blocks.12.norm1.bias, Trainable Parameters: 1024
[2025-01-08 17:42:24,962][    INFO] Module: module.pretrained.blocks.12.attn.qkv.bias, Trainable Parameters: 3072
[2025-01-08 17:42:24,962][    INFO] Module: module.pretrained.blocks.12.attn.qkv.lora_A, Trainable Parameters: 24576
[2025-01-08 17:42:24,962][    INFO] Module: module.pretrained.blocks.12.attn.qkv.lora_B, Trainable Parameters: 24576
[2025-01-08 17:42:24,962][    INFO] Module: module.pretrained.blocks.12.attn.proj.bias, Trainable Parameters: 1024
[2025-01-08 17:42:24,962][    INFO] Module: module.pretrained.blocks.12.attn.proj.lora_A, Trainable Parameters: 8192
[2025-01-08 17:42:24,962][    INFO] Module: module.pretrained.blocks.12.attn.proj.lora_B, Trainable Parameters: 8192
[2025-01-08 17:42:24,962][    INFO] Module: module.pretrained.blocks.12.norm2.bias, Trainable Parameters: 1024
[2025-01-08 17:42:24,962][    INFO] Module: module.pretrained.blocks.12.mlp.fc1.bias, Trainable Parameters: 4096
[2025-01-08 17:42:24,962][    INFO] Module: module.pretrained.blocks.12.mlp.fc1.lora_A, Trainable Parameters: 8192
[2025-01-08 17:42:24,962][    INFO] Module: module.pretrained.blocks.12.mlp.fc1.lora_B, Trainable Parameters: 32768
[2025-01-08 17:42:24,962][    INFO] Module: module.pretrained.blocks.12.mlp.fc2.bias, Trainable Parameters: 1024
[2025-01-08 17:42:24,962][    INFO] Module: module.pretrained.blocks.12.mlp.fc2.lora_A, Trainable Parameters: 32768
[2025-01-08 17:42:24,962][    INFO] Module: module.pretrained.blocks.12.mlp.fc2.lora_B, Trainable Parameters: 8192
[2025-01-08 17:42:24,962][    INFO] Module: module.pretrained.blocks.13.norm1.bias, Trainable Parameters: 1024
[2025-01-08 17:42:24,962][    INFO] Module: module.pretrained.blocks.13.attn.qkv.bias, Trainable Parameters: 3072
[2025-01-08 17:42:24,962][    INFO] Module: module.pretrained.blocks.13.attn.qkv.lora_A, Trainable Parameters: 24576
[2025-01-08 17:42:24,962][    INFO] Module: module.pretrained.blocks.13.attn.qkv.lora_B, Trainable Parameters: 24576
[2025-01-08 17:42:24,962][    INFO] Module: module.pretrained.blocks.13.attn.proj.bias, Trainable Parameters: 1024
[2025-01-08 17:42:24,962][    INFO] Module: module.pretrained.blocks.13.attn.proj.lora_A, Trainable Parameters: 8192
[2025-01-08 17:42:24,962][    INFO] Module: module.pretrained.blocks.13.attn.proj.lora_B, Trainable Parameters: 8192
[2025-01-08 17:42:24,962][    INFO] Module: module.pretrained.blocks.13.norm2.bias, Trainable Parameters: 1024
[2025-01-08 17:42:24,962][    INFO] Module: module.pretrained.blocks.13.mlp.fc1.bias, Trainable Parameters: 4096
[2025-01-08 17:42:24,962][    INFO] Module: module.pretrained.blocks.13.mlp.fc1.lora_A, Trainable Parameters: 8192
[2025-01-08 17:42:24,962][    INFO] Module: module.pretrained.blocks.13.mlp.fc1.lora_B, Trainable Parameters: 32768
[2025-01-08 17:42:24,962][    INFO] Module: module.pretrained.blocks.13.mlp.fc2.bias, Trainable Parameters: 1024
[2025-01-08 17:42:24,962][    INFO] Module: module.pretrained.blocks.13.mlp.fc2.lora_A, Trainable Parameters: 32768
[2025-01-08 17:42:24,962][    INFO] Module: module.pretrained.blocks.13.mlp.fc2.lora_B, Trainable Parameters: 8192
[2025-01-08 17:42:24,962][    INFO] Module: module.pretrained.blocks.14.norm1.bias, Trainable Parameters: 1024
[2025-01-08 17:42:24,962][    INFO] Module: module.pretrained.blocks.14.attn.qkv.bias, Trainable Parameters: 3072
[2025-01-08 17:42:24,962][    INFO] Module: module.pretrained.blocks.14.attn.qkv.lora_A, Trainable Parameters: 24576
[2025-01-08 17:42:24,962][    INFO] Module: module.pretrained.blocks.14.attn.qkv.lora_B, Trainable Parameters: 24576
[2025-01-08 17:42:24,962][    INFO] Module: module.pretrained.blocks.14.attn.proj.bias, Trainable Parameters: 1024
[2025-01-08 17:42:24,962][    INFO] Module: module.pretrained.blocks.14.attn.proj.lora_A, Trainable Parameters: 8192
[2025-01-08 17:42:24,962][    INFO] Module: module.pretrained.blocks.14.attn.proj.lora_B, Trainable Parameters: 8192
[2025-01-08 17:42:24,962][    INFO] Module: module.pretrained.blocks.14.norm2.bias, Trainable Parameters: 1024
[2025-01-08 17:42:24,962][    INFO] Module: module.pretrained.blocks.14.mlp.fc1.bias, Trainable Parameters: 4096
[2025-01-08 17:42:24,962][    INFO] Module: module.pretrained.blocks.14.mlp.fc1.lora_A, Trainable Parameters: 8192
[2025-01-08 17:42:24,963][    INFO] Module: module.pretrained.blocks.14.mlp.fc1.lora_B, Trainable Parameters: 32768
[2025-01-08 17:42:24,963][    INFO] Module: module.pretrained.blocks.14.mlp.fc2.bias, Trainable Parameters: 1024
[2025-01-08 17:42:24,963][    INFO] Module: module.pretrained.blocks.14.mlp.fc2.lora_A, Trainable Parameters: 32768
[2025-01-08 17:42:24,963][    INFO] Module: module.pretrained.blocks.14.mlp.fc2.lora_B, Trainable Parameters: 8192
[2025-01-08 17:42:24,963][    INFO] Module: module.pretrained.blocks.15.norm1.bias, Trainable Parameters: 1024
[2025-01-08 17:42:24,963][    INFO] Module: module.pretrained.blocks.15.attn.qkv.bias, Trainable Parameters: 3072
[2025-01-08 17:42:24,963][    INFO] Module: module.pretrained.blocks.15.attn.qkv.lora_A, Trainable Parameters: 24576
[2025-01-08 17:42:24,963][    INFO] Module: module.pretrained.blocks.15.attn.qkv.lora_B, Trainable Parameters: 24576
[2025-01-08 17:42:24,963][    INFO] Module: module.pretrained.blocks.15.attn.proj.bias, Trainable Parameters: 1024
[2025-01-08 17:42:24,963][    INFO] Module: module.pretrained.blocks.15.attn.proj.lora_A, Trainable Parameters: 8192
[2025-01-08 17:42:24,963][    INFO] Module: module.pretrained.blocks.15.attn.proj.lora_B, Trainable Parameters: 8192
[2025-01-08 17:42:24,963][    INFO] Module: module.pretrained.blocks.15.norm2.bias, Trainable Parameters: 1024
[2025-01-08 17:42:24,963][    INFO] Module: module.pretrained.blocks.15.mlp.fc1.bias, Trainable Parameters: 4096
[2025-01-08 17:42:24,963][    INFO] Module: module.pretrained.blocks.15.mlp.fc1.lora_A, Trainable Parameters: 8192
[2025-01-08 17:42:24,963][    INFO] Module: module.pretrained.blocks.15.mlp.fc1.lora_B, Trainable Parameters: 32768
[2025-01-08 17:42:24,963][    INFO] Module: module.pretrained.blocks.15.mlp.fc2.bias, Trainable Parameters: 1024
[2025-01-08 17:42:24,963][    INFO] Module: module.pretrained.blocks.15.mlp.fc2.lora_A, Trainable Parameters: 32768
[2025-01-08 17:42:24,963][    INFO] Module: module.pretrained.blocks.15.mlp.fc2.lora_B, Trainable Parameters: 8192
[2025-01-08 17:42:24,963][    INFO] Module: module.pretrained.blocks.16.norm1.bias, Trainable Parameters: 1024
[2025-01-08 17:42:24,963][    INFO] Module: module.pretrained.blocks.16.attn.qkv.bias, Trainable Parameters: 3072
[2025-01-08 17:42:24,963][    INFO] Module: module.pretrained.blocks.16.attn.qkv.lora_A, Trainable Parameters: 24576
[2025-01-08 17:42:24,963][    INFO] Module: module.pretrained.blocks.16.attn.qkv.lora_B, Trainable Parameters: 24576
[2025-01-08 17:42:24,963][    INFO] Module: module.pretrained.blocks.16.attn.proj.bias, Trainable Parameters: 1024
[2025-01-08 17:42:24,963][    INFO] Module: module.pretrained.blocks.16.attn.proj.lora_A, Trainable Parameters: 8192
[2025-01-08 17:42:24,963][    INFO] Module: module.pretrained.blocks.16.attn.proj.lora_B, Trainable Parameters: 8192
[2025-01-08 17:42:24,963][    INFO] Module: module.pretrained.blocks.16.norm2.bias, Trainable Parameters: 1024
[2025-01-08 17:42:24,963][    INFO] Module: module.pretrained.blocks.16.mlp.fc1.bias, Trainable Parameters: 4096
[2025-01-08 17:42:24,963][    INFO] Module: module.pretrained.blocks.16.mlp.fc1.lora_A, Trainable Parameters: 8192
[2025-01-08 17:42:24,963][    INFO] Module: module.pretrained.blocks.16.mlp.fc1.lora_B, Trainable Parameters: 32768
[2025-01-08 17:42:24,963][    INFO] Module: module.pretrained.blocks.16.mlp.fc2.bias, Trainable Parameters: 1024
[2025-01-08 17:42:24,963][    INFO] Module: module.pretrained.blocks.16.mlp.fc2.lora_A, Trainable Parameters: 32768
[2025-01-08 17:42:24,963][    INFO] Module: module.pretrained.blocks.16.mlp.fc2.lora_B, Trainable Parameters: 8192
[2025-01-08 17:42:24,963][    INFO] Module: module.pretrained.blocks.17.norm1.bias, Trainable Parameters: 1024
[2025-01-08 17:42:24,963][    INFO] Module: module.pretrained.blocks.17.attn.qkv.bias, Trainable Parameters: 3072
[2025-01-08 17:42:24,963][    INFO] Module: module.pretrained.blocks.17.attn.qkv.lora_A, Trainable Parameters: 24576
[2025-01-08 17:42:24,963][    INFO] Module: module.pretrained.blocks.17.attn.qkv.lora_B, Trainable Parameters: 24576
[2025-01-08 17:42:24,963][    INFO] Module: module.pretrained.blocks.17.attn.proj.bias, Trainable Parameters: 1024
[2025-01-08 17:42:24,964][    INFO] Module: module.pretrained.blocks.17.attn.proj.lora_A, Trainable Parameters: 8192
[2025-01-08 17:42:24,964][    INFO] Module: module.pretrained.blocks.17.attn.proj.lora_B, Trainable Parameters: 8192
[2025-01-08 17:42:24,964][    INFO] Module: module.pretrained.blocks.17.norm2.bias, Trainable Parameters: 1024
[2025-01-08 17:42:24,964][    INFO] Module: module.pretrained.blocks.17.mlp.fc1.bias, Trainable Parameters: 4096
[2025-01-08 17:42:24,964][    INFO] Module: module.pretrained.blocks.17.mlp.fc1.lora_A, Trainable Parameters: 8192
[2025-01-08 17:42:24,964][    INFO] Module: module.pretrained.blocks.17.mlp.fc1.lora_B, Trainable Parameters: 32768
[2025-01-08 17:42:24,964][    INFO] Module: module.pretrained.blocks.17.mlp.fc2.bias, Trainable Parameters: 1024
[2025-01-08 17:42:24,964][    INFO] Module: module.pretrained.blocks.17.mlp.fc2.lora_A, Trainable Parameters: 32768
[2025-01-08 17:42:24,964][    INFO] Module: module.pretrained.blocks.17.mlp.fc2.lora_B, Trainable Parameters: 8192
[2025-01-08 17:42:24,964][    INFO] Module: module.pretrained.blocks.18.norm1.bias, Trainable Parameters: 1024
[2025-01-08 17:42:24,964][    INFO] Module: module.pretrained.blocks.18.attn.qkv.bias, Trainable Parameters: 3072
[2025-01-08 17:42:24,964][    INFO] Module: module.pretrained.blocks.18.attn.qkv.lora_A, Trainable Parameters: 24576
[2025-01-08 17:42:24,964][    INFO] Module: module.pretrained.blocks.18.attn.qkv.lora_B, Trainable Parameters: 24576
[2025-01-08 17:42:24,964][    INFO] Module: module.pretrained.blocks.18.attn.proj.bias, Trainable Parameters: 1024
[2025-01-08 17:42:24,964][    INFO] Module: module.pretrained.blocks.18.attn.proj.lora_A, Trainable Parameters: 8192
[2025-01-08 17:42:24,964][    INFO] Module: module.pretrained.blocks.18.attn.proj.lora_B, Trainable Parameters: 8192
[2025-01-08 17:42:24,964][    INFO] Module: module.pretrained.blocks.18.norm2.bias, Trainable Parameters: 1024
[2025-01-08 17:42:24,964][    INFO] Module: module.pretrained.blocks.18.mlp.fc1.bias, Trainable Parameters: 4096
[2025-01-08 17:42:24,964][    INFO] Module: module.pretrained.blocks.18.mlp.fc1.lora_A, Trainable Parameters: 8192
[2025-01-08 17:42:24,964][    INFO] Module: module.pretrained.blocks.18.mlp.fc1.lora_B, Trainable Parameters: 32768
[2025-01-08 17:42:24,964][    INFO] Module: module.pretrained.blocks.18.mlp.fc2.bias, Trainable Parameters: 1024
[2025-01-08 17:42:24,964][    INFO] Module: module.pretrained.blocks.18.mlp.fc2.lora_A, Trainable Parameters: 32768
[2025-01-08 17:42:24,964][    INFO] Module: module.pretrained.blocks.18.mlp.fc2.lora_B, Trainable Parameters: 8192
[2025-01-08 17:42:24,964][    INFO] Module: module.pretrained.blocks.19.norm1.bias, Trainable Parameters: 1024
[2025-01-08 17:42:24,964][    INFO] Module: module.pretrained.blocks.19.attn.qkv.bias, Trainable Parameters: 3072
[2025-01-08 17:42:24,964][    INFO] Module: module.pretrained.blocks.19.attn.qkv.lora_A, Trainable Parameters: 24576
[2025-01-08 17:42:24,964][    INFO] Module: module.pretrained.blocks.19.attn.qkv.lora_B, Trainable Parameters: 24576
[2025-01-08 17:42:24,964][    INFO] Module: module.pretrained.blocks.19.attn.proj.bias, Trainable Parameters: 1024
[2025-01-08 17:42:24,964][    INFO] Module: module.pretrained.blocks.19.attn.proj.lora_A, Trainable Parameters: 8192
[2025-01-08 17:42:24,964][    INFO] Module: module.pretrained.blocks.19.attn.proj.lora_B, Trainable Parameters: 8192
[2025-01-08 17:42:24,964][    INFO] Module: module.pretrained.blocks.19.norm2.bias, Trainable Parameters: 1024
[2025-01-08 17:42:24,964][    INFO] Module: module.pretrained.blocks.19.mlp.fc1.bias, Trainable Parameters: 4096
[2025-01-08 17:42:24,964][    INFO] Module: module.pretrained.blocks.19.mlp.fc1.lora_A, Trainable Parameters: 8192
[2025-01-08 17:42:24,964][    INFO] Module: module.pretrained.blocks.19.mlp.fc1.lora_B, Trainable Parameters: 32768
[2025-01-08 17:42:24,964][    INFO] Module: module.pretrained.blocks.19.mlp.fc2.bias, Trainable Parameters: 1024
[2025-01-08 17:42:24,964][    INFO] Module: module.pretrained.blocks.19.mlp.fc2.lora_A, Trainable Parameters: 32768
[2025-01-08 17:42:24,964][    INFO] Module: module.pretrained.blocks.19.mlp.fc2.lora_B, Trainable Parameters: 8192
[2025-01-08 17:42:24,964][    INFO] Module: module.pretrained.blocks.20.norm1.bias, Trainable Parameters: 1024
[2025-01-08 17:42:24,965][    INFO] Module: module.pretrained.blocks.20.attn.qkv.bias, Trainable Parameters: 3072
[2025-01-08 17:42:24,965][    INFO] Module: module.pretrained.blocks.20.attn.qkv.lora_A, Trainable Parameters: 24576
[2025-01-08 17:42:24,965][    INFO] Module: module.pretrained.blocks.20.attn.qkv.lora_B, Trainable Parameters: 24576
[2025-01-08 17:42:24,965][    INFO] Module: module.pretrained.blocks.20.attn.proj.bias, Trainable Parameters: 1024
[2025-01-08 17:42:24,965][    INFO] Module: module.pretrained.blocks.20.attn.proj.lora_A, Trainable Parameters: 8192
[2025-01-08 17:42:24,965][    INFO] Module: module.pretrained.blocks.20.attn.proj.lora_B, Trainable Parameters: 8192
[2025-01-08 17:42:24,965][    INFO] Module: module.pretrained.blocks.20.norm2.bias, Trainable Parameters: 1024
[2025-01-08 17:42:24,965][    INFO] Module: module.pretrained.blocks.20.mlp.fc1.bias, Trainable Parameters: 4096
[2025-01-08 17:42:24,965][    INFO] Module: module.pretrained.blocks.20.mlp.fc1.lora_A, Trainable Parameters: 8192
[2025-01-08 17:42:24,965][    INFO] Module: module.pretrained.blocks.20.mlp.fc1.lora_B, Trainable Parameters: 32768
[2025-01-08 17:42:24,965][    INFO] Module: module.pretrained.blocks.20.mlp.fc2.bias, Trainable Parameters: 1024
[2025-01-08 17:42:24,965][    INFO] Module: module.pretrained.blocks.20.mlp.fc2.lora_A, Trainable Parameters: 32768
[2025-01-08 17:42:24,965][    INFO] Module: module.pretrained.blocks.20.mlp.fc2.lora_B, Trainable Parameters: 8192
[2025-01-08 17:42:24,965][    INFO] Module: module.pretrained.blocks.21.norm1.bias, Trainable Parameters: 1024
[2025-01-08 17:42:24,965][    INFO] Module: module.pretrained.blocks.21.attn.qkv.bias, Trainable Parameters: 3072
[2025-01-08 17:42:24,965][    INFO] Module: module.pretrained.blocks.21.attn.qkv.lora_A, Trainable Parameters: 24576
[2025-01-08 17:42:24,965][    INFO] Module: module.pretrained.blocks.21.attn.qkv.lora_B, Trainable Parameters: 24576
[2025-01-08 17:42:24,965][    INFO] Module: module.pretrained.blocks.21.attn.proj.bias, Trainable Parameters: 1024
[2025-01-08 17:42:24,965][    INFO] Module: module.pretrained.blocks.21.attn.proj.lora_A, Trainable Parameters: 8192
[2025-01-08 17:42:24,965][    INFO] Module: module.pretrained.blocks.21.attn.proj.lora_B, Trainable Parameters: 8192
[2025-01-08 17:42:24,965][    INFO] Module: module.pretrained.blocks.21.norm2.bias, Trainable Parameters: 1024
[2025-01-08 17:42:24,965][    INFO] Module: module.pretrained.blocks.21.mlp.fc1.bias, Trainable Parameters: 4096
[2025-01-08 17:42:24,965][    INFO] Module: module.pretrained.blocks.21.mlp.fc1.lora_A, Trainable Parameters: 8192
[2025-01-08 17:42:24,965][    INFO] Module: module.pretrained.blocks.21.mlp.fc1.lora_B, Trainable Parameters: 32768
[2025-01-08 17:42:24,965][    INFO] Module: module.pretrained.blocks.21.mlp.fc2.bias, Trainable Parameters: 1024
[2025-01-08 17:42:24,965][    INFO] Module: module.pretrained.blocks.21.mlp.fc2.lora_A, Trainable Parameters: 32768
[2025-01-08 17:42:24,965][    INFO] Module: module.pretrained.blocks.21.mlp.fc2.lora_B, Trainable Parameters: 8192
[2025-01-08 17:42:24,965][    INFO] Module: module.pretrained.blocks.22.norm1.bias, Trainable Parameters: 1024
[2025-01-08 17:42:24,965][    INFO] Module: module.pretrained.blocks.22.attn.qkv.bias, Trainable Parameters: 3072
[2025-01-08 17:42:24,965][    INFO] Module: module.pretrained.blocks.22.attn.qkv.lora_A, Trainable Parameters: 24576
[2025-01-08 17:42:24,965][    INFO] Module: module.pretrained.blocks.22.attn.qkv.lora_B, Trainable Parameters: 24576
[2025-01-08 17:42:24,965][    INFO] Module: module.pretrained.blocks.22.attn.proj.bias, Trainable Parameters: 1024
[2025-01-08 17:42:24,965][    INFO] Module: module.pretrained.blocks.22.attn.proj.lora_A, Trainable Parameters: 8192
[2025-01-08 17:42:24,965][    INFO] Module: module.pretrained.blocks.22.attn.proj.lora_B, Trainable Parameters: 8192
[2025-01-08 17:42:24,965][    INFO] Module: module.pretrained.blocks.22.norm2.bias, Trainable Parameters: 1024
[2025-01-08 17:42:24,965][    INFO] Module: module.pretrained.blocks.22.mlp.fc1.bias, Trainable Parameters: 4096
[2025-01-08 17:42:24,965][    INFO] Module: module.pretrained.blocks.22.mlp.fc1.lora_A, Trainable Parameters: 8192
[2025-01-08 17:42:24,965][    INFO] Module: module.pretrained.blocks.22.mlp.fc1.lora_B, Trainable Parameters: 32768
[2025-01-08 17:42:24,966][    INFO] Module: module.pretrained.blocks.22.mlp.fc2.bias, Trainable Parameters: 1024
[2025-01-08 17:42:24,966][    INFO] Module: module.pretrained.blocks.22.mlp.fc2.lora_A, Trainable Parameters: 32768
[2025-01-08 17:42:24,966][    INFO] Module: module.pretrained.blocks.22.mlp.fc2.lora_B, Trainable Parameters: 8192
[2025-01-08 17:42:24,966][    INFO] Module: module.pretrained.blocks.23.norm1.bias, Trainable Parameters: 1024
[2025-01-08 17:42:24,966][    INFO] Module: module.pretrained.blocks.23.attn.qkv.bias, Trainable Parameters: 3072
[2025-01-08 17:42:24,966][    INFO] Module: module.pretrained.blocks.23.attn.qkv.lora_A, Trainable Parameters: 24576
[2025-01-08 17:42:24,966][    INFO] Module: module.pretrained.blocks.23.attn.qkv.lora_B, Trainable Parameters: 24576
[2025-01-08 17:42:24,966][    INFO] Module: module.pretrained.blocks.23.attn.proj.bias, Trainable Parameters: 1024
[2025-01-08 17:42:24,966][    INFO] Module: module.pretrained.blocks.23.attn.proj.lora_A, Trainable Parameters: 8192
[2025-01-08 17:42:24,966][    INFO] Module: module.pretrained.blocks.23.attn.proj.lora_B, Trainable Parameters: 8192
[2025-01-08 17:42:24,966][    INFO] Module: module.pretrained.blocks.23.norm2.bias, Trainable Parameters: 1024
[2025-01-08 17:42:24,966][    INFO] Module: module.pretrained.blocks.23.mlp.fc1.bias, Trainable Parameters: 4096
[2025-01-08 17:42:24,966][    INFO] Module: module.pretrained.blocks.23.mlp.fc1.lora_A, Trainable Parameters: 8192
[2025-01-08 17:42:24,966][    INFO] Module: module.pretrained.blocks.23.mlp.fc1.lora_B, Trainable Parameters: 32768
[2025-01-08 17:42:24,966][    INFO] Module: module.pretrained.blocks.23.mlp.fc2.bias, Trainable Parameters: 1024
[2025-01-08 17:42:24,966][    INFO] Module: module.pretrained.blocks.23.mlp.fc2.lora_A, Trainable Parameters: 32768
[2025-01-08 17:42:24,966][    INFO] Module: module.pretrained.blocks.23.mlp.fc2.lora_B, Trainable Parameters: 8192
[2025-01-08 17:42:24,966][    INFO] Module: module.pretrained.norm.weight, Trainable Parameters: 1024
[2025-01-08 17:42:24,966][    INFO] Module: module.pretrained.norm.bias, Trainable Parameters: 1024
[2025-01-08 17:42:24,968][    INFO] Total Trainable Parameters: 5819392
[2025-01-08 17:42:24,968][    INFO] ===========> Epoch: 0/5, d1: 0.000, d2: 0.000, d3: 0.000
[2025-01-08 17:42:24,968][    INFO] ===========> Epoch: 0/5, abs_rel: 100.000, sq_rel: 100.000, rmse: 100.000, rmse_log: 100.000, log10: 100.000, silog: 100.000
Setting up Multi Scale Gradient loss...
Done
[2025-01-08 17:42:29,832][    INFO] Iter: 0/5097, LR: 0.0000050, Loss: 0.321, si_loss: 0.213, grad_loss: 0.215, fea_loss: 0.384
[2025-01-08 17:43:59,885][    INFO] Iter: 100/5097, LR: 0.0000050, Loss: 0.107, si_loss: 0.029, grad_loss: 0.156, fea_loss: 0.324
[2025-01-08 17:45:30,317][    INFO] Iter: 200/5097, LR: 0.0000050, Loss: 0.095, si_loss: 0.024, grad_loss: 0.142, fea_loss: 0.307
[2025-01-08 17:47:00,668][    INFO] Iter: 300/5097, LR: 0.0000049, Loss: 0.122, si_loss: 0.033, grad_loss: 0.179, fea_loss: 0.315
[2025-01-08 17:48:31,526][    INFO] Iter: 400/5097, LR: 0.0000049, Loss: 0.101, si_loss: 0.026, grad_loss: 0.150, fea_loss: 0.312
[2025-01-08 17:50:01,742][    INFO] Iter: 500/5097, LR: 0.0000049, Loss: 0.089, si_loss: 0.019, grad_loss: 0.138, fea_loss: 0.299
[2025-01-08 17:51:31,996][    INFO] Iter: 600/5097, LR: 0.0000049, Loss: 0.098, si_loss: 0.023, grad_loss: 0.150, fea_loss: 0.303
[2025-01-08 17:53:02,338][    INFO] Iter: 700/5097, LR: 0.0000049, Loss: 0.080, si_loss: 0.020, grad_loss: 0.121, fea_loss: 0.305
[2025-01-08 17:54:32,774][    INFO] Iter: 800/5097, LR: 0.0000049, Loss: 0.101, si_loss: 0.026, grad_loss: 0.150, fea_loss: 0.297
[2025-01-08 17:56:03,116][    INFO] Iter: 900/5097, LR: 0.0000048, Loss: 0.099, si_loss: 0.026, grad_loss: 0.146, fea_loss: 0.308
[2025-01-08 17:57:33,389][    INFO] Iter: 1000/5097, LR: 0.0000048, Loss: 0.093, si_loss: 0.024, grad_loss: 0.138, fea_loss: 0.305
[2025-01-08 17:59:03,654][    INFO] Iter: 1100/5097, LR: 0.0000048, Loss: 0.091, si_loss: 0.024, grad_loss: 0.135, fea_loss: 0.304
[2025-01-08 18:00:33,968][    INFO] Iter: 1200/5097, LR: 0.0000048, Loss: 0.095, si_loss: 0.025, grad_loss: 0.141, fea_loss: 0.289
[2025-01-08 18:02:04,430][    INFO] Iter: 1300/5097, LR: 0.0000048, Loss: 0.088, si_loss: 0.022, grad_loss: 0.132, fea_loss: 0.306
[2025-01-08 18:03:34,530][    INFO] Iter: 1400/5097, LR: 0.0000048, Loss: 0.102, si_loss: 0.035, grad_loss: 0.134, fea_loss: 0.305
[2025-01-08 18:05:04,417][    INFO] Iter: 1500/5097, LR: 0.0000047, Loss: 0.087, si_loss: 0.020, grad_loss: 0.135, fea_loss: 0.307
[2025-01-08 18:06:34,413][    INFO] Iter: 1600/5097, LR: 0.0000047, Loss: 0.082, si_loss: 0.018, grad_loss: 0.128, fea_loss: 0.291
[2025-01-08 18:08:04,526][    INFO] Iter: 1700/5097, LR: 0.0000047, Loss: 0.090, si_loss: 0.020, grad_loss: 0.141, fea_loss: 0.300
[2025-01-08 18:09:34,618][    INFO] Iter: 1800/5097, LR: 0.0000047, Loss: 0.080, si_loss: 0.018, grad_loss: 0.125, fea_loss: 0.295
[2025-01-08 18:11:04,730][    INFO] Iter: 1900/5097, LR: 0.0000047, Loss: 0.073, si_loss: 0.017, grad_loss: 0.112, fea_loss: 0.287
[2025-01-08 18:12:34,810][    INFO] Iter: 2000/5097, LR: 0.0000046, Loss: 0.076, si_loss: 0.018, grad_loss: 0.116, fea_loss: 0.294
[2025-01-08 18:14:06,952][    INFO] Iter: 2100/5097, LR: 0.0000046, Loss: 0.096, si_loss: 0.021, grad_loss: 0.149, fea_loss: 0.301
[2025-01-08 18:15:36,941][    INFO] Iter: 2200/5097, LR: 0.0000046, Loss: 0.091, si_loss: 0.021, grad_loss: 0.140, fea_loss: 0.308
[2025-01-08 18:17:07,054][    INFO] Iter: 2300/5097, LR: 0.0000046, Loss: 0.097, si_loss: 0.021, grad_loss: 0.152, fea_loss: 0.288
[2025-01-08 18:18:37,110][    INFO] Iter: 2400/5097, LR: 0.0000046, Loss: 0.094, si_loss: 0.022, grad_loss: 0.145, fea_loss: 0.292
[2025-01-08 18:20:07,365][    INFO] Iter: 2500/5097, LR: 0.0000046, Loss: 0.087, si_loss: 0.026, grad_loss: 0.123, fea_loss: 0.284
[2025-01-08 18:21:37,738][    INFO] Iter: 2600/5097, LR: 0.0000045, Loss: 0.092, si_loss: 0.020, grad_loss: 0.143, fea_loss: 0.287
[2025-01-08 18:23:07,872][    INFO] Iter: 2700/5097, LR: 0.0000045, Loss: 0.091, si_loss: 0.019, grad_loss: 0.143, fea_loss: 0.303
[2025-01-08 18:24:37,987][    INFO] Iter: 2800/5097, LR: 0.0000045, Loss: 0.098, si_loss: 0.020, grad_loss: 0.155, fea_loss: 0.299
[2025-01-08 18:26:08,095][    INFO] Iter: 2900/5097, LR: 0.0000045, Loss: 0.088, si_loss: 0.020, grad_loss: 0.137, fea_loss: 0.304
[2025-01-08 18:27:38,175][    INFO] Iter: 3000/5097, LR: 0.0000045, Loss: 0.079, si_loss: 0.016, grad_loss: 0.125, fea_loss: 0.289
[2025-01-08 18:29:08,410][    INFO] Iter: 3100/5097, LR: 0.0000044, Loss: 0.103, si_loss: 0.020, grad_loss: 0.165, fea_loss: 0.305
[2025-01-08 18:30:38,655][    INFO] Iter: 3200/5097, LR: 0.0000044, Loss: 0.081, si_loss: 0.016, grad_loss: 0.130, fea_loss: 0.290
[2025-01-08 18:32:08,927][    INFO] Iter: 3300/5097, LR: 0.0000044, Loss: 0.086, si_loss: 0.019, grad_loss: 0.134, fea_loss: 0.297
[2025-01-08 18:33:38,831][    INFO] Iter: 3400/5097, LR: 0.0000044, Loss: 0.103, si_loss: 0.026, grad_loss: 0.154, fea_loss: 0.306
[2025-01-08 18:35:08,747][    INFO] Iter: 3500/5097, LR: 0.0000044, Loss: 0.083, si_loss: 0.018, grad_loss: 0.129, fea_loss: 0.291
[2025-01-08 18:36:38,659][    INFO] Iter: 3600/5097, LR: 0.0000044, Loss: 0.085, si_loss: 0.019, grad_loss: 0.133, fea_loss: 0.295
[2025-01-08 18:38:08,839][    INFO] Iter: 3700/5097, LR: 0.0000043, Loss: 0.092, si_loss: 0.020, grad_loss: 0.143, fea_loss: 0.307
[2025-01-08 18:39:39,072][    INFO] Iter: 3800/5097, LR: 0.0000043, Loss: 0.094, si_loss: 0.023, grad_loss: 0.142, fea_loss: 0.289
[2025-01-08 18:41:09,499][    INFO] Iter: 3900/5097, LR: 0.0000043, Loss: 0.095, si_loss: 0.021, grad_loss: 0.148, fea_loss: 0.301
[2025-01-08 18:42:39,892][    INFO] Iter: 4000/5097, LR: 0.0000043, Loss: 0.093, si_loss: 0.025, grad_loss: 0.135, fea_loss: 0.301
[2025-01-08 18:44:13,075][    INFO] Iter: 4100/5097, LR: 0.0000043, Loss: 0.081, si_loss: 0.019, grad_loss: 0.125, fea_loss: 0.297
[2025-01-08 18:45:43,260][    INFO] Iter: 4200/5097, LR: 0.0000043, Loss: 0.097, si_loss: 0.021, grad_loss: 0.153, fea_loss: 0.304
[2025-01-08 18:47:13,543][    INFO] Iter: 4300/5097, LR: 0.0000042, Loss: 0.091, si_loss: 0.022, grad_loss: 0.139, fea_loss: 0.292
[2025-01-08 18:48:43,705][    INFO] Iter: 4400/5097, LR: 0.0000042, Loss: 0.078, si_loss: 0.018, grad_loss: 0.122, fea_loss: 0.291
[2025-01-08 18:50:13,843][    INFO] Iter: 4500/5097, LR: 0.0000042, Loss: 0.100, si_loss: 0.028, grad_loss: 0.144, fea_loss: 0.300
[2025-01-08 18:51:43,874][    INFO] Iter: 4600/5097, LR: 0.0000042, Loss: 0.099, si_loss: 0.023, grad_loss: 0.152, fea_loss: 0.297
[2025-01-08 18:53:14,002][    INFO] Iter: 4700/5097, LR: 0.0000042, Loss: 0.097, si_loss: 0.028, grad_loss: 0.138, fea_loss: 0.298
[2025-01-08 18:54:44,027][    INFO] Iter: 4800/5097, LR: 0.0000041, Loss: 0.088, si_loss: 0.022, grad_loss: 0.132, fea_loss: 0.301
[2025-01-08 18:56:14,442][    INFO] Iter: 4900/5097, LR: 0.0000041, Loss: 0.085, si_loss: 0.019, grad_loss: 0.131, fea_loss: 0.303
[2025-01-08 18:57:44,618][    INFO] Iter: 5000/5097, LR: 0.0000041, Loss: 0.093, si_loss: 0.019, grad_loss: 0.148, fea_loss: 0.291
[2025-01-08 18:59:58,124][    INFO] ==========================================================================================
[2025-01-08 18:59:58,125][    INFO]       d1,       d2,       d3,  abs_rel,   sq_rel,     rmse, rmse_log,    log10,    silog
[2025-01-08 18:59:58,126][    INFO]    0.834,    0.933,    0.958, 6782445.500, 67824454205440.000, 1252675.625,    2.376,    0.210,    2.365
[2025-01-08 18:59:58,126][    INFO] ==========================================================================================

[2025-01-08 19:00:02,285][    INFO] ===========> Epoch: 1/5, d1: 0.834, d2: 0.933, d3: 0.958
[2025-01-08 19:00:02,286][    INFO] ===========> Epoch: 1/5, abs_rel: 100.000, sq_rel: 100.000, rmse: 100.000, rmse_log: 2.376, log10: 0.210, silog: 2.365
[2025-01-08 19:00:04,118][    INFO] Iter: 0/5097, LR: 0.0000041, Loss: 0.094, si_loss: 0.024, grad_loss: 0.140, fea_loss: 0.303
[2025-01-08 19:01:34,053][    INFO] Iter: 100/5097, LR: 0.0000041, Loss: 0.078, si_loss: 0.017, grad_loss: 0.123, fea_loss: 0.287
[2025-01-08 19:03:03,894][    INFO] Iter: 200/5097, LR: 0.0000041, Loss: 0.079, si_loss: 0.018, grad_loss: 0.121, fea_loss: 0.305
