/home/sph/anaconda3/envs/anything/lib/python3.9/site-packages/torch/distributed/launch.py:183: FutureWarning: The module torch.distributed.launch is deprecated
and will be removed in future. Use torchrun.
Note that --use-env is set by default in torchrun.
If your script expects `--local-rank` argument to be set, please
change it to read from `os.environ['LOCAL_RANK']` instead. See 
https://pytorch.org/docs/stable/distributed.html#launch-utility for 
further instructions

  warnings.warn(
[2025-01-20 20:21:08,740] torch.distributed.run: [WARNING] 
[2025-01-20 20:21:08,740] torch.distributed.run: [WARNING] *****************************************
[2025-01-20 20:21:08,740] torch.distributed.run: [WARNING] Setting OMP_NUM_THREADS environment variable for each process to be 1 in default, to avoid your system being overloaded, please further tune the variable for optimal performance in your application as needed. 
[2025-01-20 20:21:08,740] torch.distributed.run: [WARNING] *****************************************
/home/sph/anaconda3/envs/anything/lib/python3.9/site-packages/timm/models/layers/__init__.py:48: FutureWarning: Importing from timm.models.layers is deprecated, please import via timm.layers
  warnings.warn(f"Importing from {__name__} is deprecated, please import via timm.layers", FutureWarning)
/home/sph/anaconda3/envs/anything/lib/python3.9/site-packages/timm/models/layers/__init__.py:48: FutureWarning: Importing from timm.models.layers is deprecated, please import via timm.layers
  warnings.warn(f"Importing from {__name__} is deprecated, please import via timm.layers", FutureWarning)
[2025-01-20 20:21:11,759][    INFO] {'bs': 24,
 'dataset': 'mvsec_2',
 'depth_anything_pretrained': None,
 'encoder': 'vitl',
 'epochs': 50,
 'event_voxel_chans': 3,
 'finetune_mode': 'decoder',
 'img_size': 266,
 'inv': False,
 'local_rank': 0,
 'lr': 5e-06,
 'max_depth': 80.0,
 'min_depth': 0.0,
 'ngpus': 2,
 'normalized_depth': False,
 'port': 20596,
 'pretrained_from': '/home/sph/event/da2-prompt-tuning/exp/fuse_log_l1_eventscape_fuse_cor_20250114_110446/latest.pth',
 'return_feature': False,
 'save_path': '/home/sph/event/da2-prompt-tuning/exp/epde_metric_noclip_sigloss_sigmoid_mvsec_2_decoder_20250120_202107'}

max_depth: 80.0
INFO:dinov2:using MLP layer as FFN
max_depth: 80.0
INFO:dinov2:using MLP layer as FFN
INFO:dinov2:using MLP layer as FFN
INFO:dinov2:using MLP layer as FFN
Initializing encoder parameters without pre-trained weights
Initializing encoder parameters without pre-trained weights
Model weights load from /home/sph/event/da2-prompt-tuning/exp/fuse_log_l1_eventscape_fuse_cor_20250114_110446/latest.pth successfully!
Model weights load from /home/sph/event/da2-prompt-tuning/exp/fuse_log_l1_eventscape_fuse_cor_20250114_110446/latest.pth successfully!
The freezing mode of weights is: decoder
The freezing mode of weights is: decoder
[2025-01-20 20:21:30,186][    INFO] Module: module.depth_head.projects.0.weight, Trainable Parameters: 262144
[2025-01-20 20:21:30,186][    INFO] Module: module.depth_head.projects.0.bias, Trainable Parameters: 256
[2025-01-20 20:21:30,186][    INFO] Module: module.depth_head.projects.1.weight, Trainable Parameters: 524288
[2025-01-20 20:21:30,186][    INFO] Module: module.depth_head.projects.1.bias, Trainable Parameters: 512
[2025-01-20 20:21:30,186][    INFO] Module: module.depth_head.projects.2.weight, Trainable Parameters: 1048576
[2025-01-20 20:21:30,186][    INFO] Module: module.depth_head.projects.2.bias, Trainable Parameters: 1024
[2025-01-20 20:21:30,186][    INFO] Module: module.depth_head.projects.3.weight, Trainable Parameters: 1048576
[2025-01-20 20:21:30,186][    INFO] Module: module.depth_head.projects.3.bias, Trainable Parameters: 1024
[2025-01-20 20:21:30,186][    INFO] Module: module.depth_head.resize_layers.0.weight, Trainable Parameters: 1048576
[2025-01-20 20:21:30,186][    INFO] Module: module.depth_head.resize_layers.0.bias, Trainable Parameters: 256
[2025-01-20 20:21:30,187][    INFO] Module: module.depth_head.resize_layers.1.weight, Trainable Parameters: 1048576
[2025-01-20 20:21:30,187][    INFO] Module: module.depth_head.resize_layers.1.bias, Trainable Parameters: 512
[2025-01-20 20:21:30,187][    INFO] Module: module.depth_head.resize_layers.3.weight, Trainable Parameters: 9437184
[2025-01-20 20:21:30,187][    INFO] Module: module.depth_head.resize_layers.3.bias, Trainable Parameters: 1024
[2025-01-20 20:21:30,187][    INFO] Module: module.depth_head.scratch.layer1_rn.weight, Trainable Parameters: 589824
[2025-01-20 20:21:30,187][    INFO] Module: module.depth_head.scratch.layer2_rn.weight, Trainable Parameters: 1179648
[2025-01-20 20:21:30,187][    INFO] Module: module.depth_head.scratch.layer3_rn.weight, Trainable Parameters: 2359296
[2025-01-20 20:21:30,187][    INFO] Module: module.depth_head.scratch.layer4_rn.weight, Trainable Parameters: 2359296
[2025-01-20 20:21:30,187][    INFO] Module: module.depth_head.scratch.refinenet1.out_conv.weight, Trainable Parameters: 65536
[2025-01-20 20:21:30,187][    INFO] Module: module.depth_head.scratch.refinenet1.out_conv.bias, Trainable Parameters: 256
[2025-01-20 20:21:30,187][    INFO] Module: module.depth_head.scratch.refinenet1.resConfUnit1.conv1.weight, Trainable Parameters: 589824
[2025-01-20 20:21:30,187][    INFO] Module: module.depth_head.scratch.refinenet1.resConfUnit1.conv1.bias, Trainable Parameters: 256
[2025-01-20 20:21:30,187][    INFO] Module: module.depth_head.scratch.refinenet1.resConfUnit1.conv2.weight, Trainable Parameters: 589824
[2025-01-20 20:21:30,187][    INFO] Module: module.depth_head.scratch.refinenet1.resConfUnit1.conv2.bias, Trainable Parameters: 256
[2025-01-20 20:21:30,187][    INFO] Module: module.depth_head.scratch.refinenet1.resConfUnit2.conv1.weight, Trainable Parameters: 589824
[2025-01-20 20:21:30,187][    INFO] Module: module.depth_head.scratch.refinenet1.resConfUnit2.conv1.bias, Trainable Parameters: 256
[2025-01-20 20:21:30,187][    INFO] Module: module.depth_head.scratch.refinenet1.resConfUnit2.conv2.weight, Trainable Parameters: 589824
[2025-01-20 20:21:30,187][    INFO] Module: module.depth_head.scratch.refinenet1.resConfUnit2.conv2.bias, Trainable Parameters: 256
[2025-01-20 20:21:30,187][    INFO] Module: module.depth_head.scratch.refinenet2.out_conv.weight, Trainable Parameters: 65536
[2025-01-20 20:21:30,187][    INFO] Module: module.depth_head.scratch.refinenet2.out_conv.bias, Trainable Parameters: 256
[2025-01-20 20:21:30,187][    INFO] Module: module.depth_head.scratch.refinenet2.resConfUnit1.conv1.weight, Trainable Parameters: 589824
[2025-01-20 20:21:30,187][    INFO] Module: module.depth_head.scratch.refinenet2.resConfUnit1.conv1.bias, Trainable Parameters: 256
[2025-01-20 20:21:30,187][    INFO] Module: module.depth_head.scratch.refinenet2.resConfUnit1.conv2.weight, Trainable Parameters: 589824
[2025-01-20 20:21:30,187][    INFO] Module: module.depth_head.scratch.refinenet2.resConfUnit1.conv2.bias, Trainable Parameters: 256
[2025-01-20 20:21:30,187][    INFO] Module: module.depth_head.scratch.refinenet2.resConfUnit2.conv1.weight, Trainable Parameters: 589824
[2025-01-20 20:21:30,187][    INFO] Module: module.depth_head.scratch.refinenet2.resConfUnit2.conv1.bias, Trainable Parameters: 256
[2025-01-20 20:21:30,187][    INFO] Module: module.depth_head.scratch.refinenet2.resConfUnit2.conv2.weight, Trainable Parameters: 589824
[2025-01-20 20:21:30,187][    INFO] Module: module.depth_head.scratch.refinenet2.resConfUnit2.conv2.bias, Trainable Parameters: 256
[2025-01-20 20:21:30,187][    INFO] Module: module.depth_head.scratch.refinenet3.out_conv.weight, Trainable Parameters: 65536
[2025-01-20 20:21:30,187][    INFO] Module: module.depth_head.scratch.refinenet3.out_conv.bias, Trainable Parameters: 256
[2025-01-20 20:21:30,187][    INFO] Module: module.depth_head.scratch.refinenet3.resConfUnit1.conv1.weight, Trainable Parameters: 589824
[2025-01-20 20:21:30,187][    INFO] Module: module.depth_head.scratch.refinenet3.resConfUnit1.conv1.bias, Trainable Parameters: 256
[2025-01-20 20:21:30,187][    INFO] Module: module.depth_head.scratch.refinenet3.resConfUnit1.conv2.weight, Trainable Parameters: 589824
[2025-01-20 20:21:30,187][    INFO] Module: module.depth_head.scratch.refinenet3.resConfUnit1.conv2.bias, Trainable Parameters: 256
[2025-01-20 20:21:30,188][    INFO] Module: module.depth_head.scratch.refinenet3.resConfUnit2.conv1.weight, Trainable Parameters: 589824
[2025-01-20 20:21:30,188][    INFO] Module: module.depth_head.scratch.refinenet3.resConfUnit2.conv1.bias, Trainable Parameters: 256
[2025-01-20 20:21:30,188][    INFO] Module: module.depth_head.scratch.refinenet3.resConfUnit2.conv2.weight, Trainable Parameters: 589824
[2025-01-20 20:21:30,188][    INFO] Module: module.depth_head.scratch.refinenet3.resConfUnit2.conv2.bias, Trainable Parameters: 256
[2025-01-20 20:21:30,188][    INFO] Module: module.depth_head.scratch.refinenet4.out_conv.weight, Trainable Parameters: 65536
[2025-01-20 20:21:30,188][    INFO] Module: module.depth_head.scratch.refinenet4.out_conv.bias, Trainable Parameters: 256
[2025-01-20 20:21:30,188][    INFO] Module: module.depth_head.scratch.refinenet4.resConfUnit1.conv1.weight, Trainable Parameters: 589824
[2025-01-20 20:21:30,188][    INFO] Module: module.depth_head.scratch.refinenet4.resConfUnit1.conv1.bias, Trainable Parameters: 256
[2025-01-20 20:21:30,188][    INFO] Module: module.depth_head.scratch.refinenet4.resConfUnit1.conv2.weight, Trainable Parameters: 589824
[2025-01-20 20:21:30,188][    INFO] Module: module.depth_head.scratch.refinenet4.resConfUnit1.conv2.bias, Trainable Parameters: 256
[2025-01-20 20:21:30,188][    INFO] Module: module.depth_head.scratch.refinenet4.resConfUnit2.conv1.weight, Trainable Parameters: 589824
[2025-01-20 20:21:30,188][    INFO] Module: module.depth_head.scratch.refinenet4.resConfUnit2.conv1.bias, Trainable Parameters: 256
[2025-01-20 20:21:30,188][    INFO] Module: module.depth_head.scratch.refinenet4.resConfUnit2.conv2.weight, Trainable Parameters: 589824
[2025-01-20 20:21:30,188][    INFO] Module: module.depth_head.scratch.refinenet4.resConfUnit2.conv2.bias, Trainable Parameters: 256
[2025-01-20 20:21:30,188][    INFO] Module: module.depth_head.scratch.output_conv1.weight, Trainable Parameters: 294912
[2025-01-20 20:21:30,188][    INFO] Module: module.depth_head.scratch.output_conv1.bias, Trainable Parameters: 128
[2025-01-20 20:21:30,188][    INFO] Module: module.depth_head.scratch.output_conv2.0.weight, Trainable Parameters: 36864
[2025-01-20 20:21:30,188][    INFO] Module: module.depth_head.scratch.output_conv2.0.bias, Trainable Parameters: 32
[2025-01-20 20:21:30,188][    INFO] Module: module.depth_head.scratch.output_conv2.2.weight, Trainable Parameters: 32
[2025-01-20 20:21:30,188][    INFO] Module: module.depth_head.scratch.output_conv2.2.bias, Trainable Parameters: 1
[2025-01-20 20:21:30,190][    INFO] Total Trainable Parameters: 30947009
[2025-01-20 20:21:30,190][    INFO] ===========> Epoch: 0/50, d1: 0.000, d2: 0.000, d3: 0.000
[2025-01-20 20:21:30,190][    INFO] ===========> Epoch: 0/50, abs_rel: 100.000, sq_rel: 100.000, rmse: 100.000, rmse_log: 100.000, log10: 100.000, silog: 100.000
/home/sph/anaconda3/envs/anything/lib/python3.9/site-packages/torch/autograd/__init__.py:266: UserWarning: Grad strides do not match bucket view strides. This may indicate grad was not created according to the gradient layout contract, or that the param's strides changed since DDP was constructed.  This is not an error, but may impair performance.
grad.sizes() = [1, 32, 1, 1], strides() = [32, 1, 32, 32]
bucket_view.sizes() = [1, 32, 1, 1], strides() = [32, 1, 1, 1] (Triggered internally at ../torch/csrc/distributed/c10d/reducer.cpp:322.)
  Variable._execution_engine.run_backward(  # Calls into the C++ engine to run the backward pass
/home/sph/anaconda3/envs/anything/lib/python3.9/site-packages/torch/autograd/__init__.py:266: UserWarning: Grad strides do not match bucket view strides. This may indicate grad was not created according to the gradient layout contract, or that the param's strides changed since DDP was constructed.  This is not an error, but may impair performance.
grad.sizes() = [1, 32, 1, 1], strides() = [32, 1, 32, 32]
bucket_view.sizes() = [1, 32, 1, 1], strides() = [32, 1, 1, 1] (Triggered internally at ../torch/csrc/distributed/c10d/reducer.cpp:322.)
  Variable._execution_engine.run_backward(  # Calls into the C++ engine to run the backward pass
[2025-01-20 20:21:39,165][    INFO] Iter: 0/269, LR: 0.0000050, Loss: 1.364, SiLoss: 1.364, GradLoss: 1.364
[2025-01-20 20:24:53,084][    INFO] Iter: 100/269, LR: 0.0000050, Loss: 0.365, SiLoss: 0.365, GradLoss: 0.365
[2025-01-20 20:28:09,129][    INFO] Iter: 200/269, LR: 0.0000049, Loss: 0.316, SiLoss: 0.316, GradLoss: 0.316
tensor([526.], device='cuda:1')
tensor([1052.], device='cuda:0')
[2025-01-20 20:31:02,686][    INFO] ==========================================================================================
[2025-01-20 20:31:02,687][    INFO]       d1,       d2,       d3,  abs_rel,   sq_rel,     rmse, rmse_log,    log10,    silog
[2025-01-20 20:31:02,687][    INFO]    0.609,    0.823,    0.930,    0.278,    2.306,    6.778,    0.354,    0.108,    0.348
[2025-01-20 20:31:02,687][    INFO] ==========================================================================================

[2025-01-20 20:31:12,761][    INFO] ===========> Epoch: 1/50, d1: 0.609, d2: 0.823, d3: 0.930
[2025-01-20 20:31:12,761][    INFO] ===========> Epoch: 1/50, abs_rel: 0.278, sq_rel: 2.306, rmse: 6.778, rmse_log: 0.354, log10: 0.108, silog: 0.348
[2025-01-20 20:31:15,376][    INFO] Iter: 0/269, LR: 0.0000049, Loss: 0.296, SiLoss: 0.296, GradLoss: 0.296
[2025-01-20 20:34:31,543][    INFO] Iter: 100/269, LR: 0.0000049, Loss: 0.332, SiLoss: 0.332, GradLoss: 0.332
[2025-01-20 20:37:47,979][    INFO] Iter: 200/269, LR: 0.0000048, Loss: 0.299, SiLoss: 0.299, GradLoss: 0.299
tensor([526.], device='cuda:1')
tensor([1052.], device='cuda:0')
[2025-01-20 20:40:41,164][    INFO] ==========================================================================================
[2025-01-20 20:40:41,165][    INFO]       d1,       d2,       d3,  abs_rel,   sq_rel,     rmse, rmse_log,    log10,    silog
[2025-01-20 20:40:41,165][    INFO]    0.618,    0.825,    0.928,    0.273,    2.273,    6.816,    0.352,    0.106,    0.347
[2025-01-20 20:40:41,165][    INFO] ==========================================================================================

[2025-01-20 20:40:50,307][    INFO] ===========> Epoch: 2/50, d1: 0.618, d2: 0.825, d3: 0.930
[2025-01-20 20:40:50,307][    INFO] ===========> Epoch: 2/50, abs_rel: 0.273, sq_rel: 2.273, rmse: 6.778, rmse_log: 0.352, log10: 0.106, silog: 0.347
[2025-01-20 20:40:52,900][    INFO] Iter: 0/269, LR: 0.0000048, Loss: 0.270, SiLoss: 0.270, GradLoss: 0.270
[2025-01-20 20:44:09,224][    INFO] Iter: 100/269, LR: 0.0000048, Loss: 0.294, SiLoss: 0.294, GradLoss: 0.294
[2025-01-20 20:47:26,035][    INFO] Iter: 200/269, LR: 0.0000048, Loss: 0.280, SiLoss: 0.280, GradLoss: 0.280
tensor([526.], device='cuda:1')
tensor([1052.], device='cuda:0')
[2025-01-20 20:50:19,479][    INFO] ==========================================================================================
[2025-01-20 20:50:19,479][    INFO]       d1,       d2,       d3,  abs_rel,   sq_rel,     rmse, rmse_log,    log10,    silog
[2025-01-20 20:50:19,480][    INFO]    0.603,    0.817,    0.922,    0.286,    2.430,    6.945,    0.360,    0.108,    0.355
[2025-01-20 20:50:19,480][    INFO] ==========================================================================================

[2025-01-20 20:50:23,121][    INFO] ===========> Epoch: 3/50, d1: 0.618, d2: 0.825, d3: 0.930
[2025-01-20 20:50:23,121][    INFO] ===========> Epoch: 3/50, abs_rel: 0.273, sq_rel: 2.273, rmse: 6.778, rmse_log: 0.352, log10: 0.106, silog: 0.347
[2025-01-20 20:50:25,736][    INFO] Iter: 0/269, LR: 0.0000047, Loss: 0.286, SiLoss: 0.286, GradLoss: 0.286
[2025-01-20 20:53:42,511][    INFO] Iter: 100/269, LR: 0.0000047, Loss: 0.297, SiLoss: 0.297, GradLoss: 0.297
[2025-01-20 20:56:59,351][    INFO] Iter: 200/269, LR: 0.0000047, Loss: 0.324, SiLoss: 0.324, GradLoss: 0.324
tensor([526.], device='cuda:1')
tensor([1052.], device='cuda:0')
[2025-01-20 20:59:52,725][    INFO] ==========================================================================================
[2025-01-20 20:59:52,725][    INFO]       d1,       d2,       d3,  abs_rel,   sq_rel,     rmse, rmse_log,    log10,    silog
[2025-01-20 20:59:52,725][    INFO]    0.616,    0.822,    0.923,    0.274,    2.374,    7.022,    0.357,    0.105,    0.351
[2025-01-20 20:59:52,725][    INFO] ==========================================================================================

[2025-01-20 20:59:56,318][    INFO] ===========> Epoch: 4/50, d1: 0.618, d2: 0.825, d3: 0.930
[2025-01-20 20:59:56,318][    INFO] ===========> Epoch: 4/50, abs_rel: 0.273, sq_rel: 2.273, rmse: 6.778, rmse_log: 0.352, log10: 0.105, silog: 0.347
[2025-01-20 20:59:58,961][    INFO] Iter: 0/269, LR: 0.0000046, Loss: 0.263, SiLoss: 0.263, GradLoss: 0.263
[2025-01-20 21:03:15,842][    INFO] Iter: 100/269, LR: 0.0000046, Loss: 0.297, SiLoss: 0.297, GradLoss: 0.297
[2025-01-20 21:06:32,873][    INFO] Iter: 200/269, LR: 0.0000046, Loss: 0.290, SiLoss: 0.290, GradLoss: 0.290
tensor([526.], device='cuda:1')
tensor([1052.], device='cuda:0')
[2025-01-20 21:09:26,368][    INFO] ==========================================================================================
[2025-01-20 21:09:26,368][    INFO]       d1,       d2,       d3,  abs_rel,   sq_rel,     rmse, rmse_log,    log10,    silog
[2025-01-20 21:09:26,369][    INFO]    0.634,    0.839,    0.932,    0.278,    2.313,    6.610,    0.347,    0.106,    0.342
[2025-01-20 21:09:26,369][    INFO] ==========================================================================================

[2025-01-20 21:09:35,372][    INFO] ===========> Epoch: 5/50, d1: 0.634, d2: 0.839, d3: 0.932
[2025-01-20 21:09:35,373][    INFO] ===========> Epoch: 5/50, abs_rel: 0.273, sq_rel: 2.273, rmse: 6.610, rmse_log: 0.347, log10: 0.105, silog: 0.342
[2025-01-20 21:09:37,978][    INFO] Iter: 0/269, LR: 0.0000045, Loss: 0.253, SiLoss: 0.253, GradLoss: 0.253
[2025-01-20 21:12:54,741][    INFO] Iter: 100/269, LR: 0.0000045, Loss: 0.256, SiLoss: 0.256, GradLoss: 0.256
[2025-01-20 21:16:11,669][    INFO] Iter: 200/269, LR: 0.0000045, Loss: 0.259, SiLoss: 0.259, GradLoss: 0.259
tensor([526.], device='cuda:1')
tensor([1052.], device='cuda:0')
[2025-01-20 21:19:05,136][    INFO] ==========================================================================================
[2025-01-20 21:19:05,136][    INFO]       d1,       d2,       d3,  abs_rel,   sq_rel,     rmse, rmse_log,    log10,    silog
[2025-01-20 21:19:05,136][    INFO]    0.631,    0.829,    0.924,    0.279,    2.528,    6.792,    0.353,    0.102,    0.349
[2025-01-20 21:19:05,136][    INFO] ==========================================================================================

[2025-01-20 21:19:08,767][    INFO] ===========> Epoch: 6/50, d1: 0.634, d2: 0.839, d3: 0.932
[2025-01-20 21:19:08,768][    INFO] ===========> Epoch: 6/50, abs_rel: 0.273, sq_rel: 2.273, rmse: 6.610, rmse_log: 0.347, log10: 0.102, silog: 0.342
[2025-01-20 21:19:11,389][    INFO] Iter: 0/269, LR: 0.0000045, Loss: 0.234, SiLoss: 0.234, GradLoss: 0.234
[2025-01-20 21:22:28,316][    INFO] Iter: 100/269, LR: 0.0000044, Loss: 0.245, SiLoss: 0.245, GradLoss: 0.245
[2025-01-20 21:25:45,390][    INFO] Iter: 200/269, LR: 0.0000044, Loss: 0.266, SiLoss: 0.266, GradLoss: 0.266
tensor([526.], device='cuda:1')
tensor([1052.], device='cuda:0')
[2025-01-20 21:28:39,002][    INFO] ==========================================================================================
[2025-01-20 21:28:39,002][    INFO]       d1,       d2,       d3,  abs_rel,   sq_rel,     rmse, rmse_log,    log10,    silog
[2025-01-20 21:28:39,003][    INFO]    0.639,    0.836,    0.930,    0.273,    2.423,    6.582,    0.348,    0.103,    0.343
[2025-01-20 21:28:39,003][    INFO] ==========================================================================================

[2025-01-20 21:28:50,752][    INFO] ===========> Epoch: 7/50, d1: 0.639, d2: 0.839, d3: 0.932
[2025-01-20 21:28:50,752][    INFO] ===========> Epoch: 7/50, abs_rel: 0.273, sq_rel: 2.273, rmse: 6.582, rmse_log: 0.347, log10: 0.102, silog: 0.342
[2025-01-20 21:28:53,412][    INFO] Iter: 0/269, LR: 0.0000044, Loss: 0.236, SiLoss: 0.236, GradLoss: 0.236
[2025-01-20 21:32:10,175][    INFO] Iter: 100/269, LR: 0.0000043, Loss: 0.247, SiLoss: 0.247, GradLoss: 0.247
[2025-01-20 21:35:30,798][    INFO] Iter: 200/269, LR: 0.0000043, Loss: 0.258, SiLoss: 0.258, GradLoss: 0.258
tensor([526.], device='cuda:1')
tensor([1052.], device='cuda:0')
[2025-01-20 21:38:24,461][    INFO] ==========================================================================================
[2025-01-20 21:38:24,461][    INFO]       d1,       d2,       d3,  abs_rel,   sq_rel,     rmse, rmse_log,    log10,    silog
[2025-01-20 21:38:24,462][    INFO]    0.623,    0.822,    0.922,    0.274,    2.419,    7.014,    0.357,    0.105,    0.353
[2025-01-20 21:38:24,462][    INFO] ==========================================================================================

[2025-01-20 21:38:28,088][    INFO] ===========> Epoch: 8/50, d1: 0.639, d2: 0.839, d3: 0.932
[2025-01-20 21:38:28,088][    INFO] ===========> Epoch: 8/50, abs_rel: 0.273, sq_rel: 2.273, rmse: 6.582, rmse_log: 0.347, log10: 0.102, silog: 0.342
[2025-01-20 21:38:30,706][    INFO] Iter: 0/269, LR: 0.0000043, Loss: 0.222, SiLoss: 0.222, GradLoss: 0.222
[2025-01-20 21:41:47,803][    INFO] Iter: 100/269, LR: 0.0000042, Loss: 0.247, SiLoss: 0.247, GradLoss: 0.247
[2025-01-20 21:45:04,761][    INFO] Iter: 200/269, LR: 0.0000042, Loss: 0.235, SiLoss: 0.235, GradLoss: 0.235
tensor([526.], device='cuda:1')
tensor([1052.], device='cuda:0')
[2025-01-20 21:47:58,458][    INFO] ==========================================================================================
[2025-01-20 21:47:58,458][    INFO]       d1,       d2,       d3,  abs_rel,   sq_rel,     rmse, rmse_log,    log10,    silog
[2025-01-20 21:47:58,459][    INFO]    0.642,    0.838,    0.931,    0.275,    2.402,    6.538,    0.345,    0.102,    0.341
[2025-01-20 21:47:58,459][    INFO] ==========================================================================================

[2025-01-20 21:48:07,548][    INFO] ===========> Epoch: 9/50, d1: 0.642, d2: 0.839, d3: 0.932
[2025-01-20 21:48:07,548][    INFO] ===========> Epoch: 9/50, abs_rel: 0.273, sq_rel: 2.273, rmse: 6.538, rmse_log: 0.345, log10: 0.102, silog: 0.341
[2025-01-20 21:48:10,238][    INFO] Iter: 0/269, LR: 0.0000042, Loss: 0.245, SiLoss: 0.245, GradLoss: 0.245
[2025-01-20 21:51:27,150][    INFO] Iter: 100/269, LR: 0.0000041, Loss: 0.246, SiLoss: 0.246, GradLoss: 0.246
[2025-01-20 21:54:44,220][    INFO] Iter: 200/269, LR: 0.0000041, Loss: 0.250, SiLoss: 0.250, GradLoss: 0.250
tensor([526.], device='cuda:1')
tensor([1052.], device='cuda:0')
[2025-01-20 21:57:37,892][    INFO] ==========================================================================================
[2025-01-20 21:57:37,893][    INFO]       d1,       d2,       d3,  abs_rel,   sq_rel,     rmse, rmse_log,    log10,    silog
[2025-01-20 21:57:37,893][    INFO]    0.634,    0.830,    0.924,    0.286,    2.415,    6.637,    0.354,    0.104,    0.348
[2025-01-20 21:57:37,893][    INFO] ==========================================================================================

[2025-01-20 21:57:41,527][    INFO] ===========> Epoch: 10/50, d1: 0.642, d2: 0.839, d3: 0.932
[2025-01-20 21:57:41,528][    INFO] ===========> Epoch: 10/50, abs_rel: 0.273, sq_rel: 2.273, rmse: 6.538, rmse_log: 0.345, log10: 0.102, silog: 0.341
[2025-01-20 21:57:44,133][    INFO] Iter: 0/269, LR: 0.0000041, Loss: 0.224, SiLoss: 0.224, GradLoss: 0.224
[2025-01-20 22:01:01,356][    INFO] Iter: 100/269, LR: 0.0000041, Loss: 0.246, SiLoss: 0.246, GradLoss: 0.246
[2025-01-20 22:04:18,609][    INFO] Iter: 200/269, LR: 0.0000040, Loss: 0.227, SiLoss: 0.227, GradLoss: 0.227
tensor([526.], device='cuda:1')
tensor([1052.], device='cuda:0')
[2025-01-20 22:07:12,326][    INFO] ==========================================================================================
[2025-01-20 22:07:12,326][    INFO]       d1,       d2,       d3,  abs_rel,   sq_rel,     rmse, rmse_log,    log10,    silog
[2025-01-20 22:07:12,327][    INFO]    0.631,    0.826,    0.925,    0.262,    2.250,    6.928,    0.354,    0.104,    0.348
[2025-01-20 22:07:12,327][    INFO] ==========================================================================================

[2025-01-20 22:07:18,826][    INFO] ===========> Epoch: 11/50, d1: 0.642, d2: 0.839, d3: 0.932
[2025-01-20 22:07:18,827][    INFO] ===========> Epoch: 11/50, abs_rel: 0.262, sq_rel: 2.250, rmse: 6.538, rmse_log: 0.345, log10: 0.102, silog: 0.341
[2025-01-20 22:07:21,485][    INFO] Iter: 0/269, LR: 0.0000040, Loss: 0.255, SiLoss: 0.255, GradLoss: 0.255
[2025-01-20 22:10:38,399][    INFO] Iter: 100/269, LR: 0.0000040, Loss: 0.241, SiLoss: 0.241, GradLoss: 0.241
[2025-01-20 22:13:55,473][    INFO] Iter: 200/269, LR: 0.0000039, Loss: 0.233, SiLoss: 0.233, GradLoss: 0.233
tensor([526.], device='cuda:1')
tensor([1052.], device='cuda:0')
[2025-01-20 22:16:49,175][    INFO] ==========================================================================================
[2025-01-20 22:16:49,176][    INFO]       d1,       d2,       d3,  abs_rel,   sq_rel,     rmse, rmse_log,    log10,    silog
[2025-01-20 22:16:49,176][    INFO]    0.627,    0.821,    0.920,    0.278,    2.522,    6.879,    0.361,    0.104,    0.356
[2025-01-20 22:16:49,176][    INFO] ==========================================================================================

[2025-01-20 22:16:52,807][    INFO] ===========> Epoch: 12/50, d1: 0.642, d2: 0.839, d3: 0.932
[2025-01-20 22:16:52,807][    INFO] ===========> Epoch: 12/50, abs_rel: 0.262, sq_rel: 2.250, rmse: 6.538, rmse_log: 0.345, log10: 0.102, silog: 0.341
[2025-01-20 22:16:55,505][    INFO] Iter: 0/269, LR: 0.0000039, Loss: 0.228, SiLoss: 0.228, GradLoss: 0.228
[2025-01-20 22:20:12,597][    INFO] Iter: 100/269, LR: 0.0000039, Loss: 0.226, SiLoss: 0.226, GradLoss: 0.226
[2025-01-20 22:23:29,767][    INFO] Iter: 200/269, LR: 0.0000038, Loss: 0.224, SiLoss: 0.224, GradLoss: 0.224
tensor([526.], device='cuda:1')
tensor([1052.], device='cuda:0')
[2025-01-20 22:26:23,509][    INFO] ==========================================================================================
[2025-01-20 22:26:23,509][    INFO]       d1,       d2,       d3,  abs_rel,   sq_rel,     rmse, rmse_log,    log10,    silog
[2025-01-20 22:26:23,510][    INFO]    0.642,    0.830,    0.924,    0.266,    2.363,    6.716,    0.354,    0.101,    0.349
[2025-01-20 22:26:23,510][    INFO] ==========================================================================================

[2025-01-20 22:26:27,158][    INFO] ===========> Epoch: 13/50, d1: 0.642, d2: 0.839, d3: 0.932
[2025-01-20 22:26:27,158][    INFO] ===========> Epoch: 13/50, abs_rel: 0.262, sq_rel: 2.250, rmse: 6.538, rmse_log: 0.345, log10: 0.101, silog: 0.341
[2025-01-20 22:26:29,790][    INFO] Iter: 0/269, LR: 0.0000038, Loss: 0.250, SiLoss: 0.250, GradLoss: 0.250
[2025-01-20 22:29:46,851][    INFO] Iter: 100/269, LR: 0.0000038, Loss: 0.241, SiLoss: 0.241, GradLoss: 0.241
[2025-01-20 22:33:03,954][    INFO] Iter: 200/269, LR: 0.0000037, Loss: 0.245, SiLoss: 0.245, GradLoss: 0.245
tensor([526.], device='cuda:1')
tensor([1052.], device='cuda:0')
[2025-01-20 22:35:57,615][    INFO] ==========================================================================================
[2025-01-20 22:35:57,615][    INFO]       d1,       d2,       d3,  abs_rel,   sq_rel,     rmse, rmse_log,    log10,    silog
[2025-01-20 22:35:57,615][    INFO]    0.617,    0.813,    0.916,    0.269,    2.397,    7.194,    0.370,    0.109,    0.362
[2025-01-20 22:35:57,615][    INFO] ==========================================================================================

[2025-01-20 22:36:01,243][    INFO] ===========> Epoch: 14/50, d1: 0.642, d2: 0.839, d3: 0.932
[2025-01-20 22:36:01,243][    INFO] ===========> Epoch: 14/50, abs_rel: 0.262, sq_rel: 2.250, rmse: 6.538, rmse_log: 0.345, log10: 0.101, silog: 0.341
[2025-01-20 22:36:03,880][    INFO] Iter: 0/269, LR: 0.0000037, Loss: 0.219, SiLoss: 0.219, GradLoss: 0.219
[2025-01-20 22:39:21,090][    INFO] Iter: 100/269, LR: 0.0000037, Loss: 0.248, SiLoss: 0.248, GradLoss: 0.248
[2025-01-20 22:42:38,424][    INFO] Iter: 200/269, LR: 0.0000037, Loss: 0.251, SiLoss: 0.251, GradLoss: 0.251
tensor([526.], device='cuda:1')
tensor([1052.], device='cuda:0')
[2025-01-20 22:45:35,619][    INFO] ==========================================================================================
[2025-01-20 22:45:35,619][    INFO]       d1,       d2,       d3,  abs_rel,   sq_rel,     rmse, rmse_log,    log10,    silog
[2025-01-20 22:45:35,620][    INFO]    0.644,    0.835,    0.926,    0.274,    2.538,    6.617,    0.351,    0.100,    0.347
[2025-01-20 22:45:35,620][    INFO] ==========================================================================================

[2025-01-20 22:45:41,905][    INFO] ===========> Epoch: 15/50, d1: 0.644, d2: 0.839, d3: 0.932
[2025-01-20 22:45:41,905][    INFO] ===========> Epoch: 15/50, abs_rel: 0.262, sq_rel: 2.250, rmse: 6.538, rmse_log: 0.345, log10: 0.100, silog: 0.341
[2025-01-20 22:45:44,542][    INFO] Iter: 0/269, LR: 0.0000036, Loss: 0.234, SiLoss: 0.234, GradLoss: 0.234
[2025-01-20 22:49:01,664][    INFO] Iter: 100/269, LR: 0.0000036, Loss: 0.235, SiLoss: 0.235, GradLoss: 0.235
[2025-01-20 22:52:18,942][    INFO] Iter: 200/269, LR: 0.0000036, Loss: 0.237, SiLoss: 0.237, GradLoss: 0.237
tensor([526.], device='cuda:1')
tensor([1052.], device='cuda:0')
[2025-01-20 22:55:12,685][    INFO] ==========================================================================================
[2025-01-20 22:55:12,685][    INFO]       d1,       d2,       d3,  abs_rel,   sq_rel,     rmse, rmse_log,    log10,    silog
[2025-01-20 22:55:12,686][    INFO]    0.648,    0.835,    0.922,    0.287,    2.796,    6.485,    0.357,    0.101,    0.352
[2025-01-20 22:55:12,686][    INFO] ==========================================================================================

[2025-01-20 22:55:21,614][    INFO] ===========> Epoch: 16/50, d1: 0.648, d2: 0.839, d3: 0.932
[2025-01-20 22:55:21,615][    INFO] ===========> Epoch: 16/50, abs_rel: 0.262, sq_rel: 2.250, rmse: 6.485, rmse_log: 0.345, log10: 0.100, silog: 0.341
[2025-01-20 22:55:24,223][    INFO] Iter: 0/269, LR: 0.0000035, Loss: 0.214, SiLoss: 0.214, GradLoss: 0.214
[2025-01-20 22:58:41,317][    INFO] Iter: 100/269, LR: 0.0000035, Loss: 0.206, SiLoss: 0.206, GradLoss: 0.206
[2025-01-20 23:01:58,601][    INFO] Iter: 200/269, LR: 0.0000035, Loss: 0.228, SiLoss: 0.228, GradLoss: 0.228
tensor([526.], device='cuda:1')
tensor([1052.], device='cuda:0')
[2025-01-20 23:04:52,364][    INFO] ==========================================================================================
[2025-01-20 23:04:52,365][    INFO]       d1,       d2,       d3,  abs_rel,   sq_rel,     rmse, rmse_log,    log10,    silog
[2025-01-20 23:04:52,365][    INFO]    0.639,    0.827,    0.921,    0.269,    2.458,    6.755,    0.360,    0.103,    0.355
[2025-01-20 23:04:52,365][    INFO] ==========================================================================================

[2025-01-20 23:04:56,016][    INFO] ===========> Epoch: 17/50, d1: 0.648, d2: 0.839, d3: 0.932
[2025-01-20 23:04:56,016][    INFO] ===========> Epoch: 17/50, abs_rel: 0.262, sq_rel: 2.250, rmse: 6.485, rmse_log: 0.345, log10: 0.100, silog: 0.341
[2025-01-20 23:04:58,682][    INFO] Iter: 0/269, LR: 0.0000034, Loss: 0.227, SiLoss: 0.227, GradLoss: 0.227
[2025-01-20 23:08:15,840][    INFO] Iter: 100/269, LR: 0.0000034, Loss: 0.215, SiLoss: 0.215, GradLoss: 0.215
[2025-01-20 23:11:33,124][    INFO] Iter: 200/269, LR: 0.0000034, Loss: 0.259, SiLoss: 0.259, GradLoss: 0.259
tensor([526.], device='cuda:1')
tensor([1052.], device='cuda:0')
[2025-01-20 23:14:27,018][    INFO] ==========================================================================================
[2025-01-20 23:14:27,018][    INFO]       d1,       d2,       d3,  abs_rel,   sq_rel,     rmse, rmse_log,    log10,    silog
[2025-01-20 23:14:27,018][    INFO]    0.621,    0.809,    0.912,    0.274,    2.614,    7.194,    0.374,    0.107,    0.368
[2025-01-20 23:14:27,018][    INFO] ==========================================================================================

[2025-01-20 23:14:30,657][    INFO] ===========> Epoch: 18/50, d1: 0.648, d2: 0.839, d3: 0.932
[2025-01-20 23:14:30,657][    INFO] ===========> Epoch: 18/50, abs_rel: 0.262, sq_rel: 2.250, rmse: 6.485, rmse_log: 0.345, log10: 0.100, silog: 0.341
[2025-01-20 23:14:33,282][    INFO] Iter: 0/269, LR: 0.0000033, Loss: 0.231, SiLoss: 0.231, GradLoss: 0.231
[2025-01-20 23:17:50,772][    INFO] Iter: 100/269, LR: 0.0000033, Loss: 0.236, SiLoss: 0.236, GradLoss: 0.236
[2025-01-20 23:21:08,345][    INFO] Iter: 200/269, LR: 0.0000033, Loss: 0.210, SiLoss: 0.210, GradLoss: 0.210
tensor([526.], device='cuda:1')
tensor([1052.], device='cuda:0')
[2025-01-20 23:24:02,344][    INFO] ==========================================================================================
[2025-01-20 23:24:02,344][    INFO]       d1,       d2,       d3,  abs_rel,   sq_rel,     rmse, rmse_log,    log10,    silog
[2025-01-20 23:24:02,344][    INFO]    0.625,    0.817,    0.916,    0.277,    2.504,    7.154,    0.370,    0.110,    0.363
[2025-01-20 23:24:02,345][    INFO] ==========================================================================================

[2025-01-20 23:24:05,948][    INFO] ===========> Epoch: 19/50, d1: 0.648, d2: 0.839, d3: 0.932
[2025-01-20 23:24:05,948][    INFO] ===========> Epoch: 19/50, abs_rel: 0.262, sq_rel: 2.250, rmse: 6.485, rmse_log: 0.345, log10: 0.100, silog: 0.341
[2025-01-20 23:24:08,552][    INFO] Iter: 0/269, LR: 0.0000033, Loss: 0.210, SiLoss: 0.210, GradLoss: 0.210
[2025-01-20 23:27:25,920][    INFO] Iter: 100/269, LR: 0.0000032, Loss: 0.256, SiLoss: 0.256, GradLoss: 0.256
[2025-01-20 23:30:43,499][    INFO] Iter: 200/269, LR: 0.0000032, Loss: 0.206, SiLoss: 0.206, GradLoss: 0.206
tensor([526.], device='cuda:1')
tensor([1052.], device='cuda:0')
[2025-01-20 23:33:37,535][    INFO] ==========================================================================================
[2025-01-20 23:33:37,535][    INFO]       d1,       d2,       d3,  abs_rel,   sq_rel,     rmse, rmse_log,    log10,    silog
[2025-01-20 23:33:37,536][    INFO]    0.637,    0.829,    0.921,    0.274,    2.584,    6.765,    0.361,    0.103,    0.356
[2025-01-20 23:33:37,536][    INFO] ==========================================================================================

[2025-01-20 23:33:41,136][    INFO] ===========> Epoch: 20/50, d1: 0.648, d2: 0.839, d3: 0.932
[2025-01-20 23:33:41,137][    INFO] ===========> Epoch: 20/50, abs_rel: 0.262, sq_rel: 2.250, rmse: 6.485, rmse_log: 0.345, log10: 0.100, silog: 0.341
[2025-01-20 23:33:43,739][    INFO] Iter: 0/269, LR: 0.0000032, Loss: 0.208, SiLoss: 0.208, GradLoss: 0.208
[2025-01-20 23:37:01,250][    INFO] Iter: 100/269, LR: 0.0000031, Loss: 0.200, SiLoss: 0.200, GradLoss: 0.200
[2025-01-20 23:40:18,799][    INFO] Iter: 200/269, LR: 0.0000031, Loss: 0.228, SiLoss: 0.228, GradLoss: 0.228
tensor([526.], device='cuda:1')
tensor([1052.], device='cuda:0')
[2025-01-20 23:43:12,749][    INFO] ==========================================================================================
[2025-01-20 23:43:12,750][    INFO]       d1,       d2,       d3,  abs_rel,   sq_rel,     rmse, rmse_log,    log10,    silog
[2025-01-20 23:43:12,750][    INFO]    0.631,    0.823,    0.919,    0.272,    2.571,    6.908,    0.362,    0.103,    0.357
[2025-01-20 23:43:12,750][    INFO] ==========================================================================================

[2025-01-20 23:43:16,341][    INFO] ===========> Epoch: 21/50, d1: 0.648, d2: 0.839, d3: 0.932
[2025-01-20 23:43:16,342][    INFO] ===========> Epoch: 21/50, abs_rel: 0.262, sq_rel: 2.250, rmse: 6.485, rmse_log: 0.345, log10: 0.100, silog: 0.341
[2025-01-20 23:43:19,010][    INFO] Iter: 0/269, LR: 0.0000031, Loss: 0.208, SiLoss: 0.208, GradLoss: 0.208
[2025-01-20 23:46:36,389][    INFO] Iter: 100/269, LR: 0.0000030, Loss: 0.256, SiLoss: 0.256, GradLoss: 0.256
[2025-01-20 23:49:53,835][    INFO] Iter: 200/269, LR: 0.0000030, Loss: 0.217, SiLoss: 0.217, GradLoss: 0.217
tensor([526.], device='cuda:1')
tensor([1052.], device='cuda:0')
[2025-01-20 23:52:47,709][    INFO] ==========================================================================================
[2025-01-20 23:52:47,709][    INFO]       d1,       d2,       d3,  abs_rel,   sq_rel,     rmse, rmse_log,    log10,    silog
[2025-01-20 23:52:47,710][    INFO]    0.639,    0.830,    0.923,    0.275,    2.571,    6.708,    0.356,    0.101,    0.352
[2025-01-20 23:52:47,710][    INFO] ==========================================================================================

[2025-01-20 23:52:51,386][    INFO] ===========> Epoch: 22/50, d1: 0.648, d2: 0.839, d3: 0.932
[2025-01-20 23:52:51,386][    INFO] ===========> Epoch: 22/50, abs_rel: 0.262, sq_rel: 2.250, rmse: 6.485, rmse_log: 0.345, log10: 0.100, silog: 0.341
[2025-01-20 23:52:54,004][    INFO] Iter: 0/269, LR: 0.0000030, Loss: 0.234, SiLoss: 0.234, GradLoss: 0.234
[2025-01-20 23:56:15,060][    INFO] Iter: 100/269, LR: 0.0000029, Loss: 0.214, SiLoss: 0.214, GradLoss: 0.214
[2025-01-20 23:59:32,502][    INFO] Iter: 200/269, LR: 0.0000029, Loss: 0.231, SiLoss: 0.231, GradLoss: 0.231
tensor([526.], device='cuda:1')
tensor([1052.], device='cuda:0')
[2025-01-21 00:02:26,453][    INFO] ==========================================================================================
[2025-01-21 00:02:26,454][    INFO]       d1,       d2,       d3,  abs_rel,   sq_rel,     rmse, rmse_log,    log10,    silog
[2025-01-21 00:02:26,454][    INFO]    0.634,    0.825,    0.921,    0.277,    2.519,    6.943,    0.362,    0.106,    0.356
[2025-01-21 00:02:26,454][    INFO] ==========================================================================================

[2025-01-21 00:02:30,084][    INFO] ===========> Epoch: 23/50, d1: 0.648, d2: 0.839, d3: 0.932
[2025-01-21 00:02:30,084][    INFO] ===========> Epoch: 23/50, abs_rel: 0.262, sq_rel: 2.250, rmse: 6.485, rmse_log: 0.345, log10: 0.100, silog: 0.341
[2025-01-21 00:02:32,694][    INFO] Iter: 0/269, LR: 0.0000029, Loss: 0.220, SiLoss: 0.220, GradLoss: 0.220
[2025-01-21 00:05:50,122][    INFO] Iter: 100/269, LR: 0.0000028, Loss: 0.219, SiLoss: 0.219, GradLoss: 0.219
[2025-01-21 00:09:07,699][    INFO] Iter: 200/269, LR: 0.0000028, Loss: 0.223, SiLoss: 0.223, GradLoss: 0.223
tensor([526.], device='cuda:1')
tensor([1052.], device='cuda:0')
[2025-01-21 00:12:01,736][    INFO] ==========================================================================================
[2025-01-21 00:12:01,736][    INFO]       d1,       d2,       d3,  abs_rel,   sq_rel,     rmse, rmse_log,    log10,    silog
[2025-01-21 00:12:01,736][    INFO]    0.633,    0.825,    0.920,    0.274,    2.553,    6.885,    0.362,    0.104,    0.357
[2025-01-21 00:12:01,736][    INFO] ==========================================================================================

[2025-01-21 00:12:05,371][    INFO] ===========> Epoch: 24/50, d1: 0.648, d2: 0.839, d3: 0.932
[2025-01-21 00:12:05,371][    INFO] ===========> Epoch: 24/50, abs_rel: 0.262, sq_rel: 2.250, rmse: 6.485, rmse_log: 0.345, log10: 0.100, silog: 0.341
[2025-01-21 00:12:08,044][    INFO] Iter: 0/269, LR: 0.0000028, Loss: 0.206, SiLoss: 0.206, GradLoss: 0.206
[2025-01-21 00:15:25,625][    INFO] Iter: 100/269, LR: 0.0000027, Loss: 0.207, SiLoss: 0.207, GradLoss: 0.207
[2025-01-21 00:18:43,285][    INFO] Iter: 200/269, LR: 0.0000027, Loss: 0.207, SiLoss: 0.207, GradLoss: 0.207
tensor([526.], device='cuda:1')
tensor([1052.], device='cuda:0')
[2025-01-21 00:21:37,363][    INFO] ==========================================================================================
[2025-01-21 00:21:37,363][    INFO]       d1,       d2,       d3,  abs_rel,   sq_rel,     rmse, rmse_log,    log10,    silog
[2025-01-21 00:21:37,364][    INFO]    0.631,    0.826,    0.920,    0.287,    2.709,    6.728,    0.362,    0.103,    0.356
[2025-01-21 00:21:37,364][    INFO] ==========================================================================================

[2025-01-21 00:21:41,073][    INFO] ===========> Epoch: 25/50, d1: 0.648, d2: 0.839, d3: 0.932
[2025-01-21 00:21:41,073][    INFO] ===========> Epoch: 25/50, abs_rel: 0.262, sq_rel: 2.250, rmse: 6.485, rmse_log: 0.345, log10: 0.100, silog: 0.341
[2025-01-21 00:21:43,721][    INFO] Iter: 0/269, LR: 0.0000027, Loss: 0.215, SiLoss: 0.215, GradLoss: 0.215
[2025-01-21 00:25:01,286][    INFO] Iter: 100/269, LR: 0.0000026, Loss: 0.224, SiLoss: 0.224, GradLoss: 0.224
[2025-01-21 00:28:19,012][    INFO] Iter: 200/269, LR: 0.0000026, Loss: 0.192, SiLoss: 0.192, GradLoss: 0.192
tensor([526.], device='cuda:1')
tensor([1052.], device='cuda:0')
[2025-01-21 00:31:13,083][    INFO] ==========================================================================================
[2025-01-21 00:31:13,083][    INFO]       d1,       d2,       d3,  abs_rel,   sq_rel,     rmse, rmse_log,    log10,    silog
[2025-01-21 00:31:13,084][    INFO]    0.640,    0.828,    0.921,    0.278,    2.685,    6.734,    0.360,    0.102,    0.356
[2025-01-21 00:31:13,084][    INFO] ==========================================================================================

[2025-01-21 00:31:16,782][    INFO] ===========> Epoch: 26/50, d1: 0.648, d2: 0.839, d3: 0.932
[2025-01-21 00:31:16,783][    INFO] ===========> Epoch: 26/50, abs_rel: 0.262, sq_rel: 2.250, rmse: 6.485, rmse_log: 0.345, log10: 0.100, silog: 0.341
[2025-01-21 00:31:19,439][    INFO] Iter: 0/269, LR: 0.0000026, Loss: 0.199, SiLoss: 0.199, GradLoss: 0.199
[2025-01-21 00:34:37,055][    INFO] Iter: 100/269, LR: 0.0000025, Loss: 0.216, SiLoss: 0.216, GradLoss: 0.216
[2025-01-21 00:37:54,708][    INFO] Iter: 200/269, LR: 0.0000025, Loss: 0.221, SiLoss: 0.221, GradLoss: 0.221
tensor([526.], device='cuda:1')
tensor([1052.], device='cuda:0')
[2025-01-21 00:40:48,774][    INFO] ==========================================================================================
[2025-01-21 00:40:48,774][    INFO]       d1,       d2,       d3,  abs_rel,   sq_rel,     rmse, rmse_log,    log10,    silog
[2025-01-21 00:40:48,775][    INFO]    0.634,    0.829,    0.922,    0.276,    2.539,    6.784,    0.358,    0.103,    0.354
[2025-01-21 00:40:48,775][    INFO] ==========================================================================================

[2025-01-21 00:40:52,393][    INFO] ===========> Epoch: 27/50, d1: 0.648, d2: 0.839, d3: 0.932
[2025-01-21 00:40:52,393][    INFO] ===========> Epoch: 27/50, abs_rel: 0.262, sq_rel: 2.250, rmse: 6.485, rmse_log: 0.345, log10: 0.100, silog: 0.341
[2025-01-21 00:40:55,053][    INFO] Iter: 0/269, LR: 0.0000025, Loss: 0.227, SiLoss: 0.227, GradLoss: 0.227
[2025-01-21 00:44:12,499][    INFO] Iter: 100/269, LR: 0.0000024, Loss: 0.215, SiLoss: 0.215, GradLoss: 0.215
[2025-01-21 00:47:30,004][    INFO] Iter: 200/269, LR: 0.0000024, Loss: 0.191, SiLoss: 0.191, GradLoss: 0.191
tensor([526.], device='cuda:1')
tensor([1052.], device='cuda:0')
[2025-01-21 00:50:23,999][    INFO] ==========================================================================================
[2025-01-21 00:50:23,999][    INFO]       d1,       d2,       d3,  abs_rel,   sq_rel,     rmse, rmse_log,    log10,    silog
[2025-01-21 00:50:23,999][    INFO]    0.636,    0.824,    0.919,    0.275,    2.635,    6.855,    0.363,    0.103,    0.358
[2025-01-21 00:50:23,999][    INFO] ==========================================================================================

[2025-01-21 00:50:27,653][    INFO] ===========> Epoch: 28/50, d1: 0.648, d2: 0.839, d3: 0.932
[2025-01-21 00:50:27,653][    INFO] ===========> Epoch: 28/50, abs_rel: 0.262, sq_rel: 2.250, rmse: 6.485, rmse_log: 0.345, log10: 0.100, silog: 0.341
[2025-01-21 00:50:30,286][    INFO] Iter: 0/269, LR: 0.0000024, Loss: 0.194, SiLoss: 0.194, GradLoss: 0.194
[2025-01-21 00:53:47,888][    INFO] Iter: 100/269, LR: 0.0000024, Loss: 0.223, SiLoss: 0.223, GradLoss: 0.223
[2025-01-21 00:57:05,510][    INFO] Iter: 200/269, LR: 0.0000023, Loss: 0.186, SiLoss: 0.186, GradLoss: 0.186
tensor([526.], device='cuda:1')
tensor([1052.], device='cuda:0')
[2025-01-21 00:59:59,657][    INFO] ==========================================================================================
[2025-01-21 00:59:59,657][    INFO]       d1,       d2,       d3,  abs_rel,   sq_rel,     rmse, rmse_log,    log10,    silog
[2025-01-21 00:59:59,658][    INFO]    0.638,    0.829,    0.921,    0.279,    2.678,    6.706,    0.360,    0.102,    0.356
[2025-01-21 00:59:59,658][    INFO] ==========================================================================================

[2025-01-21 01:00:06,565][    INFO] ===========> Epoch: 29/50, d1: 0.648, d2: 0.839, d3: 0.932
[2025-01-21 01:00:06,566][    INFO] ===========> Epoch: 29/50, abs_rel: 0.262, sq_rel: 2.250, rmse: 6.485, rmse_log: 0.345, log10: 0.100, silog: 0.341
[2025-01-21 01:00:09,184][    INFO] Iter: 0/269, LR: 0.0000023, Loss: 0.200, SiLoss: 0.200, GradLoss: 0.200
[2025-01-21 01:03:26,634][    INFO] Iter: 100/269, LR: 0.0000023, Loss: 0.213, SiLoss: 0.213, GradLoss: 0.213
[2025-01-21 01:06:47,741][    INFO] Iter: 200/269, LR: 0.0000022, Loss: 0.189, SiLoss: 0.189, GradLoss: 0.189
tensor([526.], device='cuda:1')
tensor([1052.], device='cuda:0')
[2025-01-21 01:09:41,587][    INFO] ==========================================================================================
[2025-01-21 01:09:41,587][    INFO]       d1,       d2,       d3,  abs_rel,   sq_rel,     rmse, rmse_log,    log10,    silog
[2025-01-21 01:09:41,588][    INFO]    0.635,    0.825,    0.919,    0.281,    2.694,    6.862,    0.363,    0.103,    0.358
[2025-01-21 01:09:41,588][    INFO] ==========================================================================================

[2025-01-21 01:09:45,272][    INFO] ===========> Epoch: 30/50, d1: 0.648, d2: 0.839, d3: 0.932
[2025-01-21 01:09:45,272][    INFO] ===========> Epoch: 30/50, abs_rel: 0.262, sq_rel: 2.250, rmse: 6.485, rmse_log: 0.345, log10: 0.100, silog: 0.341
[2025-01-21 01:09:47,887][    INFO] Iter: 0/269, LR: 0.0000022, Loss: 0.219, SiLoss: 0.219, GradLoss: 0.219
[2025-01-21 01:13:05,464][    INFO] Iter: 100/269, LR: 0.0000022, Loss: 0.207, SiLoss: 0.207, GradLoss: 0.207
[2025-01-21 01:16:23,113][    INFO] Iter: 200/269, LR: 0.0000021, Loss: 0.205, SiLoss: 0.205, GradLoss: 0.205
tensor([526.], device='cuda:1')
tensor([1052.], device='cuda:0')
[2025-01-21 01:19:17,262][    INFO] ==========================================================================================
[2025-01-21 01:19:17,262][    INFO]       d1,       d2,       d3,  abs_rel,   sq_rel,     rmse, rmse_log,    log10,    silog
[2025-01-21 01:19:17,263][    INFO]    0.637,    0.824,    0.919,    0.278,    2.698,    6.857,    0.363,    0.103,    0.359
[2025-01-21 01:19:17,263][    INFO] ==========================================================================================

[2025-01-21 01:19:20,919][    INFO] ===========> Epoch: 31/50, d1: 0.648, d2: 0.839, d3: 0.932
[2025-01-21 01:19:20,919][    INFO] ===========> Epoch: 31/50, abs_rel: 0.262, sq_rel: 2.250, rmse: 6.485, rmse_log: 0.345, log10: 0.100, silog: 0.341
[2025-01-21 01:19:23,566][    INFO] Iter: 0/269, LR: 0.0000021, Loss: 0.192, SiLoss: 0.192, GradLoss: 0.192
[2025-01-21 01:22:41,088][    INFO] Iter: 100/269, LR: 0.0000021, Loss: 0.216, SiLoss: 0.216, GradLoss: 0.216
[2025-01-21 01:25:58,589][    INFO] Iter: 200/269, LR: 0.0000020, Loss: 0.201, SiLoss: 0.201, GradLoss: 0.201
tensor([526.], device='cuda:1')
tensor([1052.], device='cuda:0')
[2025-01-21 01:28:52,601][    INFO] ==========================================================================================
[2025-01-21 01:28:52,601][    INFO]       d1,       d2,       d3,  abs_rel,   sq_rel,     rmse, rmse_log,    log10,    silog
[2025-01-21 01:28:52,602][    INFO]    0.634,    0.821,    0.915,    0.281,    2.746,    7.008,    0.368,    0.103,    0.363
[2025-01-21 01:28:52,602][    INFO] ==========================================================================================

[2025-01-21 01:28:56,238][    INFO] ===========> Epoch: 32/50, d1: 0.648, d2: 0.839, d3: 0.932
[2025-01-21 01:28:56,238][    INFO] ===========> Epoch: 32/50, abs_rel: 0.262, sq_rel: 2.250, rmse: 6.485, rmse_log: 0.345, log10: 0.100, silog: 0.341
[2025-01-21 01:28:58,883][    INFO] Iter: 0/269, LR: 0.0000020, Loss: 0.220, SiLoss: 0.220, GradLoss: 0.220
[2025-01-21 01:32:16,381][    INFO] Iter: 100/269, LR: 0.0000020, Loss: 0.211, SiLoss: 0.211, GradLoss: 0.211
[2025-01-21 01:35:33,976][    INFO] Iter: 200/269, LR: 0.0000019, Loss: 0.217, SiLoss: 0.217, GradLoss: 0.217
tensor([526.], device='cuda:1')
tensor([1052.], device='cuda:0')
[2025-01-21 01:38:27,872][    INFO] ==========================================================================================
[2025-01-21 01:38:27,872][    INFO]       d1,       d2,       d3,  abs_rel,   sq_rel,     rmse, rmse_log,    log10,    silog
[2025-01-21 01:38:27,872][    INFO]    0.639,    0.827,    0.919,    0.274,    2.631,    6.776,    0.362,    0.102,    0.358
[2025-01-21 01:38:27,872][    INFO] ==========================================================================================

[2025-01-21 01:38:31,502][    INFO] ===========> Epoch: 33/50, d1: 0.648, d2: 0.839, d3: 0.932
[2025-01-21 01:38:31,502][    INFO] ===========> Epoch: 33/50, abs_rel: 0.262, sq_rel: 2.250, rmse: 6.485, rmse_log: 0.345, log10: 0.100, silog: 0.341
[2025-01-21 01:38:34,099][    INFO] Iter: 0/269, LR: 0.0000019, Loss: 0.205, SiLoss: 0.205, GradLoss: 0.205
[2025-01-21 01:41:51,466][    INFO] Iter: 100/269, LR: 0.0000019, Loss: 0.189, SiLoss: 0.189, GradLoss: 0.189
[2025-01-21 01:45:09,061][    INFO] Iter: 200/269, LR: 0.0000018, Loss: 0.183, SiLoss: 0.183, GradLoss: 0.183
tensor([526.], device='cuda:1')
tensor([1052.], device='cuda:0')
[2025-01-21 01:48:03,136][    INFO] ==========================================================================================
[2025-01-21 01:48:03,136][    INFO]       d1,       d2,       d3,  abs_rel,   sq_rel,     rmse, rmse_log,    log10,    silog
[2025-01-21 01:48:03,137][    INFO]    0.639,    0.829,    0.921,    0.282,    2.751,    6.710,    0.360,    0.101,    0.355
[2025-01-21 01:48:03,137][    INFO] ==========================================================================================

[2025-01-21 01:48:06,800][    INFO] ===========> Epoch: 34/50, d1: 0.648, d2: 0.839, d3: 0.932
[2025-01-21 01:48:06,801][    INFO] ===========> Epoch: 34/50, abs_rel: 0.262, sq_rel: 2.250, rmse: 6.485, rmse_log: 0.345, log10: 0.100, silog: 0.341
[2025-01-21 01:48:09,411][    INFO] Iter: 0/269, LR: 0.0000018, Loss: 0.196, SiLoss: 0.196, GradLoss: 0.196
[2025-01-21 01:51:27,015][    INFO] Iter: 100/269, LR: 0.0000018, Loss: 0.202, SiLoss: 0.202, GradLoss: 0.202
[2025-01-21 01:54:44,758][    INFO] Iter: 200/269, LR: 0.0000017, Loss: 0.201, SiLoss: 0.201, GradLoss: 0.201
tensor([526.], device='cuda:1')
tensor([1052.], device='cuda:0')
[2025-01-21 01:57:38,877][    INFO] ==========================================================================================
[2025-01-21 01:57:38,878][    INFO]       d1,       d2,       d3,  abs_rel,   sq_rel,     rmse, rmse_log,    log10,    silog
[2025-01-21 01:57:38,878][    INFO]    0.639,    0.824,    0.919,    0.281,    2.763,    6.831,    0.364,    0.103,    0.360
[2025-01-21 01:57:38,878][    INFO] ==========================================================================================

[2025-01-21 01:57:42,523][    INFO] ===========> Epoch: 35/50, d1: 0.648, d2: 0.839, d3: 0.932
[2025-01-21 01:57:42,523][    INFO] ===========> Epoch: 35/50, abs_rel: 0.262, sq_rel: 2.250, rmse: 6.485, rmse_log: 0.345, log10: 0.100, silog: 0.341
[2025-01-21 01:57:45,205][    INFO] Iter: 0/269, LR: 0.0000017, Loss: 0.198, SiLoss: 0.198, GradLoss: 0.198
[2025-01-21 02:01:02,865][    INFO] Iter: 100/269, LR: 0.0000017, Loss: 0.203, SiLoss: 0.203, GradLoss: 0.203
[2025-01-21 02:04:20,443][    INFO] Iter: 200/269, LR: 0.0000016, Loss: 0.184, SiLoss: 0.184, GradLoss: 0.184
tensor([526.], device='cuda:1')
tensor([1052.], device='cuda:0')
[2025-01-21 02:07:14,442][    INFO] ==========================================================================================
[2025-01-21 02:07:14,442][    INFO]       d1,       d2,       d3,  abs_rel,   sq_rel,     rmse, rmse_log,    log10,    silog
[2025-01-21 02:07:14,443][    INFO]    0.639,    0.828,    0.921,    0.280,    2.694,    6.754,    0.360,    0.101,    0.355
[2025-01-21 02:07:14,443][    INFO] ==========================================================================================

[2025-01-21 02:07:18,282][    INFO] ===========> Epoch: 36/50, d1: 0.648, d2: 0.839, d3: 0.932
[2025-01-21 02:07:18,282][    INFO] ===========> Epoch: 36/50, abs_rel: 0.262, sq_rel: 2.250, rmse: 6.485, rmse_log: 0.345, log10: 0.100, silog: 0.341
[2025-01-21 02:07:20,892][    INFO] Iter: 0/269, LR: 0.0000016, Loss: 0.193, SiLoss: 0.193, GradLoss: 0.193
[2025-01-21 02:10:38,577][    INFO] Iter: 100/269, LR: 0.0000016, Loss: 0.183, SiLoss: 0.183, GradLoss: 0.183
[2025-01-21 02:13:56,352][    INFO] Iter: 200/269, LR: 0.0000015, Loss: 0.199, SiLoss: 0.199, GradLoss: 0.199
tensor([526.], device='cuda:1')
tensor([1052.], device='cuda:0')
[2025-01-21 02:16:50,440][    INFO] ==========================================================================================
[2025-01-21 02:16:50,440][    INFO]       d1,       d2,       d3,  abs_rel,   sq_rel,     rmse, rmse_log,    log10,    silog
[2025-01-21 02:16:50,441][    INFO]    0.639,    0.824,    0.918,    0.274,    2.602,    6.903,    0.363,    0.102,    0.359
[2025-01-21 02:16:50,441][    INFO] ==========================================================================================

[2025-01-21 02:16:54,138][    INFO] ===========> Epoch: 37/50, d1: 0.648, d2: 0.839, d3: 0.932
[2025-01-21 02:16:54,138][    INFO] ===========> Epoch: 37/50, abs_rel: 0.262, sq_rel: 2.250, rmse: 6.485, rmse_log: 0.345, log10: 0.100, silog: 0.341
[2025-01-21 02:16:56,758][    INFO] Iter: 0/269, LR: 0.0000015, Loss: 0.205, SiLoss: 0.205, GradLoss: 0.205
[2025-01-21 02:20:17,891][    INFO] Iter: 100/269, LR: 0.0000014, Loss: 0.201, SiLoss: 0.201, GradLoss: 0.201
[2025-01-21 02:23:35,456][    INFO] Iter: 200/269, LR: 0.0000014, Loss: 0.239, SiLoss: 0.239, GradLoss: 0.239
tensor([526.], device='cuda:1')
tensor([1052.], device='cuda:0')
[2025-01-21 02:26:29,479][    INFO] ==========================================================================================
[2025-01-21 02:26:29,479][    INFO]       d1,       d2,       d3,  abs_rel,   sq_rel,     rmse, rmse_log,    log10,    silog
[2025-01-21 02:26:29,479][    INFO]    0.638,    0.823,    0.919,    0.275,    2.639,    6.895,    0.364,    0.104,    0.359
[2025-01-21 02:26:29,479][    INFO] ==========================================================================================

[2025-01-21 02:26:35,906][    INFO] ===========> Epoch: 38/50, d1: 0.648, d2: 0.839, d3: 0.932
[2025-01-21 02:26:35,907][    INFO] ===========> Epoch: 38/50, abs_rel: 0.262, sq_rel: 2.250, rmse: 6.485, rmse_log: 0.345, log10: 0.100, silog: 0.341
[2025-01-21 02:26:38,568][    INFO] Iter: 0/269, LR: 0.0000014, Loss: 0.192, SiLoss: 0.192, GradLoss: 0.192
[2025-01-21 02:29:56,248][    INFO] Iter: 100/269, LR: 0.0000013, Loss: 0.194, SiLoss: 0.194, GradLoss: 0.194
[2025-01-21 02:33:14,047][    INFO] Iter: 200/269, LR: 0.0000013, Loss: 0.200, SiLoss: 0.200, GradLoss: 0.200
tensor([526.], device='cuda:1')
tensor([1052.], device='cuda:0')
[2025-01-21 02:36:08,065][    INFO] ==========================================================================================
[2025-01-21 02:36:08,065][    INFO]       d1,       d2,       d3,  abs_rel,   sq_rel,     rmse, rmse_log,    log10,    silog
[2025-01-21 02:36:08,066][    INFO]    0.634,    0.819,    0.916,    0.279,    2.700,    7.036,    0.368,    0.105,    0.364
[2025-01-21 02:36:08,066][    INFO] ==========================================================================================

[2025-01-21 02:36:11,730][    INFO] ===========> Epoch: 39/50, d1: 0.648, d2: 0.839, d3: 0.932
[2025-01-21 02:36:11,731][    INFO] ===========> Epoch: 39/50, abs_rel: 0.262, sq_rel: 2.250, rmse: 6.485, rmse_log: 0.345, log10: 0.100, silog: 0.341
[2025-01-21 02:36:14,391][    INFO] Iter: 0/269, LR: 0.0000013, Loss: 0.193, SiLoss: 0.193, GradLoss: 0.193
[2025-01-21 02:39:31,853][    INFO] Iter: 100/269, LR: 0.0000012, Loss: 0.204, SiLoss: 0.204, GradLoss: 0.204
[2025-01-21 02:42:49,483][    INFO] Iter: 200/269, LR: 0.0000012, Loss: 0.190, SiLoss: 0.190, GradLoss: 0.190
tensor([526.], device='cuda:1')
tensor([1052.], device='cuda:0')
[2025-01-21 02:45:43,635][    INFO] ==========================================================================================
[2025-01-21 02:45:43,635][    INFO]       d1,       d2,       d3,  abs_rel,   sq_rel,     rmse, rmse_log,    log10,    silog
[2025-01-21 02:45:43,635][    INFO]    0.640,    0.826,    0.919,    0.279,    2.712,    6.828,    0.363,    0.102,    0.359
[2025-01-21 02:45:43,635][    INFO] ==========================================================================================

[2025-01-21 02:45:47,280][    INFO] ===========> Epoch: 40/50, d1: 0.648, d2: 0.839, d3: 0.932
[2025-01-21 02:45:47,280][    INFO] ===========> Epoch: 40/50, abs_rel: 0.262, sq_rel: 2.250, rmse: 6.485, rmse_log: 0.345, log10: 0.100, silog: 0.341
[2025-01-21 02:45:49,893][    INFO] Iter: 0/269, LR: 0.0000012, Loss: 0.206, SiLoss: 0.206, GradLoss: 0.206
[2025-01-21 02:49:07,598][    INFO] Iter: 100/269, LR: 0.0000011, Loss: 0.206, SiLoss: 0.206, GradLoss: 0.206
[2025-01-21 02:52:25,420][    INFO] Iter: 200/269, LR: 0.0000011, Loss: 0.184, SiLoss: 0.184, GradLoss: 0.184
tensor([526.], device='cuda:1')
tensor([1052.], device='cuda:0')
[2025-01-21 02:55:19,573][    INFO] ==========================================================================================
[2025-01-21 02:55:19,574][    INFO]       d1,       d2,       d3,  abs_rel,   sq_rel,     rmse, rmse_log,    log10,    silog
[2025-01-21 02:55:19,574][    INFO]    0.635,    0.820,    0.917,    0.275,    2.661,    6.985,    0.365,    0.103,    0.361
[2025-01-21 02:55:19,574][    INFO] ==========================================================================================

[2025-01-21 02:55:23,222][    INFO] ===========> Epoch: 41/50, d1: 0.648, d2: 0.839, d3: 0.932
[2025-01-21 02:55:23,222][    INFO] ===========> Epoch: 41/50, abs_rel: 0.262, sq_rel: 2.250, rmse: 6.485, rmse_log: 0.345, log10: 0.100, silog: 0.341
[2025-01-21 02:55:25,850][    INFO] Iter: 0/269, LR: 0.0000011, Loss: 0.186, SiLoss: 0.186, GradLoss: 0.186
[2025-01-21 02:58:43,517][    INFO] Iter: 100/269, LR: 0.0000010, Loss: 0.176, SiLoss: 0.176, GradLoss: 0.176
[2025-01-21 03:02:01,216][    INFO] Iter: 200/269, LR: 0.0000010, Loss: 0.194, SiLoss: 0.194, GradLoss: 0.194
tensor([526.], device='cuda:1')
tensor([1052.], device='cuda:0')
[2025-01-21 03:04:55,337][    INFO] ==========================================================================================
[2025-01-21 03:04:55,337][    INFO]       d1,       d2,       d3,  abs_rel,   sq_rel,     rmse, rmse_log,    log10,    silog
[2025-01-21 03:04:55,337][    INFO]    0.639,    0.824,    0.919,    0.276,    2.648,    6.865,    0.362,    0.102,    0.358
[2025-01-21 03:04:55,337][    INFO] ==========================================================================================

[2025-01-21 03:04:58,988][    INFO] ===========> Epoch: 42/50, d1: 0.648, d2: 0.839, d3: 0.932
[2025-01-21 03:04:58,988][    INFO] ===========> Epoch: 42/50, abs_rel: 0.262, sq_rel: 2.250, rmse: 6.485, rmse_log: 0.345, log10: 0.100, silog: 0.341
[2025-01-21 03:05:01,590][    INFO] Iter: 0/269, LR: 0.0000010, Loss: 0.175, SiLoss: 0.175, GradLoss: 0.175
[2025-01-21 03:08:19,283][    INFO] Iter: 100/269, LR: 0.0000009, Loss: 0.187, SiLoss: 0.187, GradLoss: 0.187
[2025-01-21 03:11:36,936][    INFO] Iter: 200/269, LR: 0.0000009, Loss: 0.200, SiLoss: 0.200, GradLoss: 0.200
tensor([526.], device='cuda:1')
tensor([1052.], device='cuda:0')
[2025-01-21 03:14:31,055][    INFO] ==========================================================================================
[2025-01-21 03:14:31,055][    INFO]       d1,       d2,       d3,  abs_rel,   sq_rel,     rmse, rmse_log,    log10,    silog
[2025-01-21 03:14:31,055][    INFO]    0.638,    0.823,    0.919,    0.279,    2.743,    6.892,    0.363,    0.103,    0.359
[2025-01-21 03:14:31,055][    INFO] ==========================================================================================

[2025-01-21 03:14:34,728][    INFO] ===========> Epoch: 43/50, d1: 0.648, d2: 0.839, d3: 0.932
[2025-01-21 03:14:34,729][    INFO] ===========> Epoch: 43/50, abs_rel: 0.262, sq_rel: 2.250, rmse: 6.485, rmse_log: 0.345, log10: 0.100, silog: 0.341
[2025-01-21 03:14:37,392][    INFO] Iter: 0/269, LR: 0.0000009, Loss: 0.196, SiLoss: 0.196, GradLoss: 0.196
[2025-01-21 03:17:55,012][    INFO] Iter: 100/269, LR: 0.0000008, Loss: 0.207, SiLoss: 0.207, GradLoss: 0.207
[2025-01-21 03:21:12,661][    INFO] Iter: 200/269, LR: 0.0000008, Loss: 0.181, SiLoss: 0.181, GradLoss: 0.181
tensor([526.], device='cuda:1')
tensor([1052.], device='cuda:0')
[2025-01-21 03:24:06,811][    INFO] ==========================================================================================
[2025-01-21 03:24:06,811][    INFO]       d1,       d2,       d3,  abs_rel,   sq_rel,     rmse, rmse_log,    log10,    silog
[2025-01-21 03:24:06,811][    INFO]    0.637,    0.822,    0.918,    0.276,    2.658,    6.898,    0.364,    0.103,    0.359
[2025-01-21 03:24:06,811][    INFO] ==========================================================================================

[2025-01-21 03:24:10,470][    INFO] ===========> Epoch: 44/50, d1: 0.648, d2: 0.839, d3: 0.932
[2025-01-21 03:24:10,470][    INFO] ===========> Epoch: 44/50, abs_rel: 0.262, sq_rel: 2.250, rmse: 6.485, rmse_log: 0.345, log10: 0.100, silog: 0.341
[2025-01-21 03:24:13,109][    INFO] Iter: 0/269, LR: 0.0000007, Loss: 0.197, SiLoss: 0.197, GradLoss: 0.197
[2025-01-21 03:27:30,828][    INFO] Iter: 100/269, LR: 0.0000007, Loss: 0.172, SiLoss: 0.172, GradLoss: 0.172
[2025-01-21 03:30:52,275][    INFO] Iter: 200/269, LR: 0.0000007, Loss: 0.205, SiLoss: 0.205, GradLoss: 0.205
tensor([526.], device='cuda:1')
tensor([1052.], device='cuda:0')
[2025-01-21 03:33:46,420][    INFO] ==========================================================================================
[2025-01-21 03:33:46,420][    INFO]       d1,       d2,       d3,  abs_rel,   sq_rel,     rmse, rmse_log,    log10,    silog
[2025-01-21 03:33:46,421][    INFO]    0.637,    0.823,    0.919,    0.278,    2.697,    6.887,    0.363,    0.103,    0.359
[2025-01-21 03:33:46,421][    INFO] ==========================================================================================

[2025-01-21 03:33:50,053][    INFO] ===========> Epoch: 45/50, d1: 0.648, d2: 0.839, d3: 0.932
[2025-01-21 03:33:50,053][    INFO] ===========> Epoch: 45/50, abs_rel: 0.262, sq_rel: 2.250, rmse: 6.485, rmse_log: 0.345, log10: 0.100, silog: 0.341
[2025-01-21 03:33:52,665][    INFO] Iter: 0/269, LR: 0.0000006, Loss: 0.170, SiLoss: 0.170, GradLoss: 0.170
[2025-01-21 03:37:10,373][    INFO] Iter: 100/269, LR: 0.0000006, Loss: 0.192, SiLoss: 0.192, GradLoss: 0.192
[2025-01-21 03:40:28,023][    INFO] Iter: 200/269, LR: 0.0000005, Loss: 0.166, SiLoss: 0.166, GradLoss: 0.166
tensor([526.], device='cuda:1')
tensor([1052.], device='cuda:0')
[2025-01-21 03:43:22,007][    INFO] ==========================================================================================
[2025-01-21 03:43:22,007][    INFO]       d1,       d2,       d3,  abs_rel,   sq_rel,     rmse, rmse_log,    log10,    silog
[2025-01-21 03:43:22,007][    INFO]    0.635,    0.821,    0.918,    0.276,    2.665,    6.920,    0.364,    0.103,    0.360
[2025-01-21 03:43:22,007][    INFO] ==========================================================================================

[2025-01-21 03:43:25,667][    INFO] ===========> Epoch: 46/50, d1: 0.648, d2: 0.839, d3: 0.932
[2025-01-21 03:43:25,667][    INFO] ===========> Epoch: 46/50, abs_rel: 0.262, sq_rel: 2.250, rmse: 6.485, rmse_log: 0.345, log10: 0.100, silog: 0.341
[2025-01-21 03:43:28,288][    INFO] Iter: 0/269, LR: 0.0000005, Loss: 0.188, SiLoss: 0.188, GradLoss: 0.188
[2025-01-21 03:46:46,100][    INFO] Iter: 100/269, LR: 0.0000005, Loss: 0.202, SiLoss: 0.202, GradLoss: 0.202
[2025-01-21 03:50:03,825][    INFO] Iter: 200/269, LR: 0.0000004, Loss: 0.199, SiLoss: 0.199, GradLoss: 0.199
tensor([526.], device='cuda:1')
tensor([1052.], device='cuda:0')
[2025-01-21 03:52:58,079][    INFO] ==========================================================================================
[2025-01-21 03:52:58,079][    INFO]       d1,       d2,       d3,  abs_rel,   sq_rel,     rmse, rmse_log,    log10,    silog
[2025-01-21 03:52:58,080][    INFO]    0.637,    0.822,    0.918,    0.277,    2.697,    6.911,    0.364,    0.103,    0.360
[2025-01-21 03:52:58,080][    INFO] ==========================================================================================

[2025-01-21 03:53:01,725][    INFO] ===========> Epoch: 47/50, d1: 0.648, d2: 0.839, d3: 0.932
[2025-01-21 03:53:01,725][    INFO] ===========> Epoch: 47/50, abs_rel: 0.262, sq_rel: 2.250, rmse: 6.485, rmse_log: 0.345, log10: 0.100, silog: 0.341
[2025-01-21 03:53:04,422][    INFO] Iter: 0/269, LR: 0.0000004, Loss: 0.175, SiLoss: 0.175, GradLoss: 0.175
[2025-01-21 03:56:22,104][    INFO] Iter: 100/269, LR: 0.0000004, Loss: 0.195, SiLoss: 0.195, GradLoss: 0.195
[2025-01-21 03:59:39,880][    INFO] Iter: 200/269, LR: 0.0000003, Loss: 0.192, SiLoss: 0.192, GradLoss: 0.192
tensor([526.], device='cuda:1')
tensor([1052.], device='cuda:0')
[2025-01-21 04:02:34,036][    INFO] ==========================================================================================
[2025-01-21 04:02:34,036][    INFO]       d1,       d2,       d3,  abs_rel,   sq_rel,     rmse, rmse_log,    log10,    silog
[2025-01-21 04:02:34,036][    INFO]    0.639,    0.823,    0.918,    0.276,    2.664,    6.920,    0.364,    0.103,    0.359
[2025-01-21 04:02:34,036][    INFO] ==========================================================================================

[2025-01-21 04:02:37,773][    INFO] ===========> Epoch: 48/50, d1: 0.648, d2: 0.839, d3: 0.932
[2025-01-21 04:02:37,773][    INFO] ===========> Epoch: 48/50, abs_rel: 0.262, sq_rel: 2.250, rmse: 6.485, rmse_log: 0.345, log10: 0.100, silog: 0.341
[2025-01-21 04:02:40,434][    INFO] Iter: 0/269, LR: 0.0000003, Loss: 0.206, SiLoss: 0.206, GradLoss: 0.206
[2025-01-21 04:05:58,189][    INFO] Iter: 100/269, LR: 0.0000002, Loss: 0.191, SiLoss: 0.191, GradLoss: 0.191
[2025-01-21 04:09:15,993][    INFO] Iter: 200/269, LR: 0.0000002, Loss: 0.216, SiLoss: 0.216, GradLoss: 0.216
tensor([526.], device='cuda:1')
tensor([1052.], device='cuda:0')
[2025-01-21 04:12:10,184][    INFO] ==========================================================================================
[2025-01-21 04:12:10,184][    INFO]       d1,       d2,       d3,  abs_rel,   sq_rel,     rmse, rmse_log,    log10,    silog
[2025-01-21 04:12:10,185][    INFO]    0.638,    0.823,    0.918,    0.278,    2.716,    6.887,    0.364,    0.103,    0.360
[2025-01-21 04:12:10,185][    INFO] ==========================================================================================

[2025-01-21 04:12:13,827][    INFO] ===========> Epoch: 49/50, d1: 0.648, d2: 0.839, d3: 0.932
[2025-01-21 04:12:13,827][    INFO] ===========> Epoch: 49/50, abs_rel: 0.262, sq_rel: 2.250, rmse: 6.485, rmse_log: 0.345, log10: 0.100, silog: 0.341
[2025-01-21 04:12:16,477][    INFO] Iter: 0/269, LR: 0.0000001, Loss: 0.195, SiLoss: 0.195, GradLoss: 0.195
[2025-01-21 04:15:34,141][    INFO] Iter: 100/269, LR: 0.0000001, Loss: 0.182, SiLoss: 0.182, GradLoss: 0.182
[2025-01-21 04:18:51,944][    INFO] Iter: 200/269, LR: 0.0000000, Loss: 0.199, SiLoss: 0.199, GradLoss: 0.199
tensor([526.], device='cuda:1')
tensor([1052.], device='cuda:0')
[2025-01-21 04:21:46,035][    INFO] ==========================================================================================
[2025-01-21 04:21:46,036][    INFO]       d1,       d2,       d3,  abs_rel,   sq_rel,     rmse, rmse_log,    log10,    silog
[2025-01-21 04:21:46,036][    INFO]    0.638,    0.823,    0.918,    0.276,    2.680,    6.893,    0.363,    0.103,    0.359
[2025-01-21 04:21:46,036][    INFO] ==========================================================================================

