/data/miniconda/envs/torch/lib/python3.10/site-packages/torch/distributed/launch.py:183: FutureWarning: The module torch.distributed.launch is deprecated
and will be removed in future. Use torchrun.
Note that --use-env is set by default in torchrun.
If your script expects `--local-rank` argument to be set, please
change it to read from `os.environ['LOCAL_RANK']` instead. See 
https://pytorch.org/docs/stable/distributed.html#launch-utility for 
further instructions

  warnings.warn(
W1207 08:09:03.335000 140082833872704 torch/distributed/run.py:757] 
W1207 08:09:03.335000 140082833872704 torch/distributed/run.py:757] *****************************************
W1207 08:09:03.335000 140082833872704 torch/distributed/run.py:757] Setting OMP_NUM_THREADS environment variable for each process to be 1 in default, to avoid your system being overloaded, please further tune the variable for optimal performance in your application as needed. 
W1207 08:09:03.335000 140082833872704 torch/distributed/run.py:757] *****************************************
xFormers not available
xFormers not available
xFormers not available
xFormers not available
[2024-12-07 08:09:07,344][    INFO] {'bs': 4,
 'dataset': 'dense',
 'depth_anything_pretrained': '/data/coding/upload-data/checkpoints/depth_anything_v2_metric_vkitti_vitl.pth',
 'encoder': 'vitl',
 'epochs': 20,
 'finetune_mode': 'foundation_encoders_frozen',
 'img_size': 518,
 'local_rank': 0,
 'lr': 5e-06,
 'max_depth': 1000.0,
 'min_depth': 0.0,
 'ngpus': 2,
 'port': 20596,
 'pretrained_from': None,
 'save_path': '/data/coding/exp/dense_foundation_encoders_frozen_normalized_log_20241207_080900'}

Loaded pretrained weights from /data/coding/upload-data/checkpoints/depth_anything_v2_metric_vkitti_vitl.pth
Loaded pretrained weights from /data/coding/upload-data/checkpoints/depth_anything_v2_metric_vkitti_vitl.pth
The freezing mode of weights is: foundation_encoders_frozen
The freezing mode of weights is: foundation_encoders_frozen
[2024-12-07 08:09:25,607][    INFO] Module: module.foundation.depth_head.projects.0.weight, Trainable Parameters: 262144
[2024-12-07 08:09:25,608][    INFO] Module: module.foundation.depth_head.projects.0.bias, Trainable Parameters: 256
[2024-12-07 08:09:25,608][    INFO] Module: module.foundation.depth_head.projects.1.weight, Trainable Parameters: 524288
[2024-12-07 08:09:25,608][    INFO] Module: module.foundation.depth_head.projects.1.bias, Trainable Parameters: 512
[2024-12-07 08:09:25,608][    INFO] Module: module.foundation.depth_head.projects.2.weight, Trainable Parameters: 1048576
[2024-12-07 08:09:25,608][    INFO] Module: module.foundation.depth_head.projects.2.bias, Trainable Parameters: 1024
[2024-12-07 08:09:25,608][    INFO] Module: module.foundation.depth_head.projects.3.weight, Trainable Parameters: 1048576
[2024-12-07 08:09:25,608][    INFO] Module: module.foundation.depth_head.projects.3.bias, Trainable Parameters: 1024
[2024-12-07 08:09:25,608][    INFO] Module: module.foundation.depth_head.resize_layers.0.weight, Trainable Parameters: 1048576
[2024-12-07 08:09:25,608][    INFO] Module: module.foundation.depth_head.resize_layers.0.bias, Trainable Parameters: 256
[2024-12-07 08:09:25,608][    INFO] Module: module.foundation.depth_head.resize_layers.1.weight, Trainable Parameters: 1048576
[2024-12-07 08:09:25,608][    INFO] Module: module.foundation.depth_head.resize_layers.1.bias, Trainable Parameters: 512
[2024-12-07 08:09:25,608][    INFO] Module: module.foundation.depth_head.resize_layers.3.weight, Trainable Parameters: 9437184
[2024-12-07 08:09:25,608][    INFO] Module: module.foundation.depth_head.resize_layers.3.bias, Trainable Parameters: 1024
[2024-12-07 08:09:25,608][    INFO] Module: module.foundation.depth_head.scratch.layer1_rn.weight, Trainable Parameters: 589824
[2024-12-07 08:09:25,608][    INFO] Module: module.foundation.depth_head.scratch.layer2_rn.weight, Trainable Parameters: 1179648
[2024-12-07 08:09:25,608][    INFO] Module: module.foundation.depth_head.scratch.layer3_rn.weight, Trainable Parameters: 2359296
[2024-12-07 08:09:25,608][    INFO] Module: module.foundation.depth_head.scratch.layer4_rn.weight, Trainable Parameters: 2359296
[2024-12-07 08:09:25,608][    INFO] Module: module.foundation.depth_head.scratch.refinenet1.out_conv.weight, Trainable Parameters: 65536
[2024-12-07 08:09:25,608][    INFO] Module: module.foundation.depth_head.scratch.refinenet1.out_conv.bias, Trainable Parameters: 256
[2024-12-07 08:09:25,608][    INFO] Module: module.foundation.depth_head.scratch.refinenet1.resConfUnit1.conv1.weight, Trainable Parameters: 589824
[2024-12-07 08:09:25,609][    INFO] Module: module.foundation.depth_head.scratch.refinenet1.resConfUnit1.conv1.bias, Trainable Parameters: 256
[2024-12-07 08:09:25,609][    INFO] Module: module.foundation.depth_head.scratch.refinenet1.resConfUnit1.conv2.weight, Trainable Parameters: 589824
[2024-12-07 08:09:25,609][    INFO] Module: module.foundation.depth_head.scratch.refinenet1.resConfUnit1.conv2.bias, Trainable Parameters: 256
[2024-12-07 08:09:25,609][    INFO] Module: module.foundation.depth_head.scratch.refinenet1.resConfUnit2.conv1.weight, Trainable Parameters: 589824
[2024-12-07 08:09:25,609][    INFO] Module: module.foundation.depth_head.scratch.refinenet1.resConfUnit2.conv1.bias, Trainable Parameters: 256
[2024-12-07 08:09:25,609][    INFO] Module: module.foundation.depth_head.scratch.refinenet1.resConfUnit2.conv2.weight, Trainable Parameters: 589824
[2024-12-07 08:09:25,609][    INFO] Module: module.foundation.depth_head.scratch.refinenet1.resConfUnit2.conv2.bias, Trainable Parameters: 256
[2024-12-07 08:09:25,609][    INFO] Module: module.foundation.depth_head.scratch.refinenet2.out_conv.weight, Trainable Parameters: 65536
[2024-12-07 08:09:25,609][    INFO] Module: module.foundation.depth_head.scratch.refinenet2.out_conv.bias, Trainable Parameters: 256
[2024-12-07 08:09:25,609][    INFO] Module: module.foundation.depth_head.scratch.refinenet2.resConfUnit1.conv1.weight, Trainable Parameters: 589824
[2024-12-07 08:09:25,609][    INFO] Module: module.foundation.depth_head.scratch.refinenet2.resConfUnit1.conv1.bias, Trainable Parameters: 256
[2024-12-07 08:09:25,609][    INFO] Module: module.foundation.depth_head.scratch.refinenet2.resConfUnit1.conv2.weight, Trainable Parameters: 589824
[2024-12-07 08:09:25,609][    INFO] Module: module.foundation.depth_head.scratch.refinenet2.resConfUnit1.conv2.bias, Trainable Parameters: 256
[2024-12-07 08:09:25,609][    INFO] Module: module.foundation.depth_head.scratch.refinenet2.resConfUnit2.conv1.weight, Trainable Parameters: 589824
[2024-12-07 08:09:25,609][    INFO] Module: module.foundation.depth_head.scratch.refinenet2.resConfUnit2.conv1.bias, Trainable Parameters: 256
[2024-12-07 08:09:25,609][    INFO] Module: module.foundation.depth_head.scratch.refinenet2.resConfUnit2.conv2.weight, Trainable Parameters: 589824
[2024-12-07 08:09:25,609][    INFO] Module: module.foundation.depth_head.scratch.refinenet2.resConfUnit2.conv2.bias, Trainable Parameters: 256
[2024-12-07 08:09:25,609][    INFO] Module: module.foundation.depth_head.scratch.refinenet3.out_conv.weight, Trainable Parameters: 65536
[2024-12-07 08:09:25,609][    INFO] Module: module.foundation.depth_head.scratch.refinenet3.out_conv.bias, Trainable Parameters: 256
[2024-12-07 08:09:25,609][    INFO] Module: module.foundation.depth_head.scratch.refinenet3.resConfUnit1.conv1.weight, Trainable Parameters: 589824
[2024-12-07 08:09:25,609][    INFO] Module: module.foundation.depth_head.scratch.refinenet3.resConfUnit1.conv1.bias, Trainable Parameters: 256
[2024-12-07 08:09:25,609][    INFO] Module: module.foundation.depth_head.scratch.refinenet3.resConfUnit1.conv2.weight, Trainable Parameters: 589824
[2024-12-07 08:09:25,610][    INFO] Module: module.foundation.depth_head.scratch.refinenet3.resConfUnit1.conv2.bias, Trainable Parameters: 256
[2024-12-07 08:09:25,610][    INFO] Module: module.foundation.depth_head.scratch.refinenet3.resConfUnit2.conv1.weight, Trainable Parameters: 589824
[2024-12-07 08:09:25,610][    INFO] Module: module.foundation.depth_head.scratch.refinenet3.resConfUnit2.conv1.bias, Trainable Parameters: 256
[2024-12-07 08:09:25,610][    INFO] Module: module.foundation.depth_head.scratch.refinenet3.resConfUnit2.conv2.weight, Trainable Parameters: 589824
[2024-12-07 08:09:25,610][    INFO] Module: module.foundation.depth_head.scratch.refinenet3.resConfUnit2.conv2.bias, Trainable Parameters: 256
[2024-12-07 08:09:25,610][    INFO] Module: module.foundation.depth_head.scratch.refinenet4.out_conv.weight, Trainable Parameters: 65536
[2024-12-07 08:09:25,610][    INFO] Module: module.foundation.depth_head.scratch.refinenet4.out_conv.bias, Trainable Parameters: 256
[2024-12-07 08:09:25,610][    INFO] Module: module.foundation.depth_head.scratch.refinenet4.resConfUnit1.conv1.weight, Trainable Parameters: 589824
[2024-12-07 08:09:25,610][    INFO] Module: module.foundation.depth_head.scratch.refinenet4.resConfUnit1.conv1.bias, Trainable Parameters: 256
[2024-12-07 08:09:25,610][    INFO] Module: module.foundation.depth_head.scratch.refinenet4.resConfUnit1.conv2.weight, Trainable Parameters: 589824
[2024-12-07 08:09:25,610][    INFO] Module: module.foundation.depth_head.scratch.refinenet4.resConfUnit1.conv2.bias, Trainable Parameters: 256
[2024-12-07 08:09:25,610][    INFO] Module: module.foundation.depth_head.scratch.refinenet4.resConfUnit2.conv1.weight, Trainable Parameters: 589824
[2024-12-07 08:09:25,610][    INFO] Module: module.foundation.depth_head.scratch.refinenet4.resConfUnit2.conv1.bias, Trainable Parameters: 256
[2024-12-07 08:09:25,610][    INFO] Module: module.foundation.depth_head.scratch.refinenet4.resConfUnit2.conv2.weight, Trainable Parameters: 589824
[2024-12-07 08:09:25,610][    INFO] Module: module.foundation.depth_head.scratch.refinenet4.resConfUnit2.conv2.bias, Trainable Parameters: 256
[2024-12-07 08:09:25,610][    INFO] Module: module.foundation.depth_head.scratch.output_conv1.weight, Trainable Parameters: 294912
[2024-12-07 08:09:25,610][    INFO] Module: module.foundation.depth_head.scratch.output_conv1.bias, Trainable Parameters: 128
[2024-12-07 08:09:25,610][    INFO] Module: module.foundation.depth_head.scratch.output_conv2.0.weight, Trainable Parameters: 36864
[2024-12-07 08:09:25,610][    INFO] Module: module.foundation.depth_head.scratch.output_conv2.0.bias, Trainable Parameters: 32
[2024-12-07 08:09:25,610][    INFO] Module: module.foundation.depth_head.scratch.output_conv2.2.weight, Trainable Parameters: 32
[2024-12-07 08:09:25,610][    INFO] Module: module.foundation.depth_head.scratch.output_conv2.2.bias, Trainable Parameters: 1
[2024-12-07 08:09:25,611][    INFO] Module: module.patch_embed_prompt.proj.weight, Trainable Parameters: 1003520
[2024-12-07 08:09:25,611][    INFO] Module: module.patch_embed_prompt.proj.bias, Trainable Parameters: 1024
[2024-12-07 08:09:25,613][    INFO] Total Trainable Parameters: 31951553
[2024-12-07 08:09:25,613][    INFO] ===========> Epoch: 0/20, d1: 0.000, d2: 0.000, d3: 0.000
[2024-12-07 08:09:25,613][    INFO] ===========> Epoch: 0/20, abs_rel: 100.000, sq_rel: 100.000, rmse: 100.000, rmse_log: 100.000, log10: 100.000, silog: 100.000
/data/miniconda/envs/torch/lib/python3.10/site-packages/torch/autograd/graph.py:744: UserWarning: Grad strides do not match bucket view strides. This may indicate grad was not created according to the gradient layout contract, or that the param's strides changed since DDP was constructed.  This is not an error, but may impair performance.
grad.sizes() = [1, 32, 1, 1], strides() = [32, 1, 32, 32]
bucket_view.sizes() = [1, 32, 1, 1], strides() = [32, 1, 1, 1] (Triggered internally at ../torch/csrc/distributed/c10d/reducer.cpp:325.)
  return Variable._execution_engine.run_backward(  # Calls into the C++ engine to run the backward pass
/data/miniconda/envs/torch/lib/python3.10/site-packages/torch/autograd/graph.py:744: UserWarning: Grad strides do not match bucket view strides. This may indicate grad was not created according to the gradient layout contract, or that the param's strides changed since DDP was constructed.  This is not an error, but may impair performance.
grad.sizes() = [1, 32, 1, 1], strides() = [32, 1, 32, 32]
bucket_view.sizes() = [1, 32, 1, 1], strides() = [32, 1, 1, 1] (Triggered internally at ../torch/csrc/distributed/c10d/reducer.cpp:325.)
  return Variable._execution_engine.run_backward(  # Calls into the C++ engine to run the backward pass
[2024-12-07 08:09:40,970][    INFO] Iter: 0/625, LR: 0.0000050, Loss: 1.085
[2024-12-07 08:11:55,596][    INFO] Iter: 100/625, LR: 0.0000050, Loss: 0.151
[2024-12-07 08:14:10,992][    INFO] Iter: 200/625, LR: 0.0000049, Loss: 0.112
[2024-12-07 08:16:26,447][    INFO] Iter: 300/625, LR: 0.0000049, Loss: 0.084
[2024-12-07 08:18:42,091][    INFO] Iter: 400/625, LR: 0.0000049, Loss: 0.086
[2024-12-07 08:20:57,633][    INFO] Iter: 500/625, LR: 0.0000048, Loss: 0.095
[2024-12-07 08:23:13,441][    INFO] Iter: 600/625, LR: 0.0000048, Loss: 0.084
[2024-12-07 08:27:02,079][    INFO] ==========================================================================================
[2024-12-07 08:27:02,080][    INFO]       d1,       d2,       d3,  abs_rel,   sq_rel,     rmse, rmse_log,    log10,    silog
[2024-12-07 08:27:02,081][    INFO]    0.811,    0.905,    0.945,    0.155,    7.492,   48.425,    0.367,    0.074,    0.361
[2024-12-07 08:27:02,081][    INFO] ==========================================================================================

[2024-12-07 08:27:11,046][    INFO] ===========> Epoch: 1/20, d1: 0.811, d2: 0.905, d3: 0.945
[2024-12-07 08:27:11,047][    INFO] ===========> Epoch: 1/20, abs_rel: 0.155, sq_rel: 7.492, rmse: 48.425, rmse_log: 0.367, log10: 0.074, silog: 0.361
[2024-12-07 08:27:13,021][    INFO] Iter: 0/625, LR: 0.0000048, Loss: 0.075
[2024-12-07 08:29:28,787][    INFO] Iter: 100/625, LR: 0.0000047, Loss: 0.080
[2024-12-07 08:31:44,423][    INFO] Iter: 200/625, LR: 0.0000047, Loss: 0.077
[2024-12-07 08:34:00,055][    INFO] Iter: 300/625, LR: 0.0000047, Loss: 0.107
[2024-12-07 08:36:15,654][    INFO] Iter: 400/625, LR: 0.0000046, Loss: 0.076
[2024-12-07 08:38:31,194][    INFO] Iter: 500/625, LR: 0.0000046, Loss: 0.074
[2024-12-07 08:40:46,916][    INFO] Iter: 600/625, LR: 0.0000046, Loss: 0.069
[2024-12-07 08:44:32,205][    INFO] ==========================================================================================
[2024-12-07 08:44:32,205][    INFO]       d1,       d2,       d3,  abs_rel,   sq_rel,     rmse, rmse_log,    log10,    silog
[2024-12-07 08:44:32,206][    INFO]    0.829,    0.919,    0.955,    0.149,    7.180,   49.319,    0.347,    0.068,    0.343
[2024-12-07 08:44:32,206][    INFO] ==========================================================================================

[2024-12-07 08:44:38,318][    INFO] ===========> Epoch: 2/20, d1: 0.829, d2: 0.919, d3: 0.955
[2024-12-07 08:44:38,318][    INFO] ===========> Epoch: 2/20, abs_rel: 0.149, sq_rel: 7.180, rmse: 48.425, rmse_log: 0.347, log10: 0.068, silog: 0.343
[2024-12-07 08:44:40,198][    INFO] Iter: 0/625, LR: 0.0000045, Loss: 0.063
[2024-12-07 08:46:55,910][    INFO] Iter: 100/625, LR: 0.0000045, Loss: 0.084
[2024-12-07 08:49:11,723][    INFO] Iter: 200/625, LR: 0.0000045, Loss: 0.099
[2024-12-07 08:51:27,705][    INFO] Iter: 300/625, LR: 0.0000044, Loss: 0.075
[2024-12-07 08:53:43,576][    INFO] Iter: 400/625, LR: 0.0000044, Loss: 0.070
[2024-12-07 08:55:59,197][    INFO] Iter: 500/625, LR: 0.0000044, Loss: 0.070
[2024-12-07 08:58:14,850][    INFO] Iter: 600/625, LR: 0.0000043, Loss: 0.067
[2024-12-07 09:01:59,970][    INFO] ==========================================================================================
[2024-12-07 09:01:59,970][    INFO]       d1,       d2,       d3,  abs_rel,   sq_rel,     rmse, rmse_log,    log10,    silog
[2024-12-07 09:01:59,971][    INFO]    0.826,    0.916,    0.954,    0.149,    7.585,   52.018,    0.357,    0.067,    0.352
[2024-12-07 09:01:59,971][    INFO] ==========================================================================================

[2024-12-07 09:02:02,670][    INFO] ===========> Epoch: 3/20, d1: 0.829, d2: 0.919, d3: 0.955
[2024-12-07 09:02:02,670][    INFO] ===========> Epoch: 3/20, abs_rel: 0.149, sq_rel: 7.180, rmse: 48.425, rmse_log: 0.347, log10: 0.067, silog: 0.343
[2024-12-07 09:02:04,516][    INFO] Iter: 0/625, LR: 0.0000043, Loss: 0.070
[2024-12-07 09:04:20,071][    INFO] Iter: 100/625, LR: 0.0000043, Loss: 0.088
[2024-12-07 09:06:35,721][    INFO] Iter: 200/625, LR: 0.0000042, Loss: 0.070
[2024-12-07 09:08:51,258][    INFO] Iter: 300/625, LR: 0.0000042, Loss: 0.063
[2024-12-07 09:11:06,680][    INFO] Iter: 400/625, LR: 0.0000042, Loss: 0.062
[2024-12-07 09:13:22,302][    INFO] Iter: 500/625, LR: 0.0000041, Loss: 0.065
[2024-12-07 09:15:37,929][    INFO] Iter: 600/625, LR: 0.0000041, Loss: 0.067
[2024-12-07 09:19:22,847][    INFO] ==========================================================================================
[2024-12-07 09:19:22,847][    INFO]       d1,       d2,       d3,  abs_rel,   sq_rel,     rmse, rmse_log,    log10,    silog
[2024-12-07 09:19:22,848][    INFO]    0.835,    0.919,    0.954,    0.142,    6.950,   50.141,    0.346,    0.066,    0.342
[2024-12-07 09:19:22,848][    INFO] ==========================================================================================

[2024-12-07 09:19:29,024][    INFO] ===========> Epoch: 4/20, d1: 0.835, d2: 0.919, d3: 0.955
[2024-12-07 09:19:29,025][    INFO] ===========> Epoch: 4/20, abs_rel: 0.142, sq_rel: 6.950, rmse: 48.425, rmse_log: 0.346, log10: 0.066, silog: 0.342
[2024-12-07 09:19:30,830][    INFO] Iter: 0/625, LR: 0.0000041, Loss: 0.046
[2024-12-07 09:21:46,615][    INFO] Iter: 100/625, LR: 0.0000041, Loss: 0.058
[2024-12-07 09:24:02,267][    INFO] Iter: 200/625, LR: 0.0000040, Loss: 0.060
[2024-12-07 09:26:17,996][    INFO] Iter: 300/625, LR: 0.0000040, Loss: 0.068
[2024-12-07 09:28:33,671][    INFO] Iter: 400/625, LR: 0.0000039, Loss: 0.057
[2024-12-07 09:30:49,325][    INFO] Iter: 500/625, LR: 0.0000039, Loss: 0.075
[2024-12-07 09:33:05,032][    INFO] Iter: 600/625, LR: 0.0000039, Loss: 0.058
[2024-12-07 09:36:50,111][    INFO] ==========================================================================================
[2024-12-07 09:36:50,112][    INFO]       d1,       d2,       d3,  abs_rel,   sq_rel,     rmse, rmse_log,    log10,    silog
[2024-12-07 09:36:50,113][    INFO]    0.835,    0.917,    0.952,    0.139,    6.770,   51.095,    0.349,    0.067,    0.344
[2024-12-07 09:36:50,113][    INFO] ==========================================================================================

[2024-12-07 09:36:56,214][    INFO] ===========> Epoch: 5/20, d1: 0.835, d2: 0.919, d3: 0.955
[2024-12-07 09:36:56,214][    INFO] ===========> Epoch: 5/20, abs_rel: 0.139, sq_rel: 6.770, rmse: 48.425, rmse_log: 0.346, log10: 0.066, silog: 0.342
[2024-12-07 09:36:58,013][    INFO] Iter: 0/625, LR: 0.0000039, Loss: 0.057
[2024-12-07 09:39:13,749][    INFO] Iter: 100/625, LR: 0.0000038, Loss: 0.044
[2024-12-07 09:41:29,528][    INFO] Iter: 200/625, LR: 0.0000038, Loss: 0.043
[2024-12-07 09:43:45,212][    INFO] Iter: 300/625, LR: 0.0000037, Loss: 0.079
[2024-12-07 09:46:00,449][    INFO] Iter: 400/625, LR: 0.0000037, Loss: 0.062
[2024-12-07 09:48:15,994][    INFO] Iter: 500/625, LR: 0.0000037, Loss: 0.055
[2024-12-07 09:50:31,469][    INFO] Iter: 600/625, LR: 0.0000036, Loss: 0.051
[2024-12-07 09:54:16,446][    INFO] ==========================================================================================
[2024-12-07 09:54:16,446][    INFO]       d1,       d2,       d3,  abs_rel,   sq_rel,     rmse, rmse_log,    log10,    silog
[2024-12-07 09:54:16,447][    INFO]    0.836,    0.917,    0.954,    0.146,    6.940,   50.656,    0.348,    0.067,    0.344
[2024-12-07 09:54:16,447][    INFO] ==========================================================================================

[2024-12-07 09:54:21,105][    INFO] ===========> Epoch: 6/20, d1: 0.836, d2: 0.919, d3: 0.955
[2024-12-07 09:54:21,105][    INFO] ===========> Epoch: 6/20, abs_rel: 0.139, sq_rel: 6.770, rmse: 48.425, rmse_log: 0.346, log10: 0.066, silog: 0.342
[2024-12-07 09:54:22,950][    INFO] Iter: 0/625, LR: 0.0000036, Loss: 0.061
[2024-12-07 09:56:38,440][    INFO] Iter: 100/625, LR: 0.0000036, Loss: 0.052
[2024-12-07 09:58:54,142][    INFO] Iter: 200/625, LR: 0.0000036, Loss: 0.071
[2024-12-07 10:01:09,530][    INFO] Iter: 300/625, LR: 0.0000035, Loss: 0.072
[2024-12-07 10:03:25,221][    INFO] Iter: 400/625, LR: 0.0000035, Loss: 0.054
[2024-12-07 10:05:40,759][    INFO] Iter: 500/625, LR: 0.0000034, Loss: 0.055
[2024-12-07 10:07:56,366][    INFO] Iter: 600/625, LR: 0.0000034, Loss: 0.047
[2024-12-07 10:11:41,424][    INFO] ==========================================================================================
[2024-12-07 10:11:41,424][    INFO]       d1,       d2,       d3,  abs_rel,   sq_rel,     rmse, rmse_log,    log10,    silog
[2024-12-07 10:11:41,424][    INFO]    0.838,    0.918,    0.952,    0.137,    6.529,   49.254,    0.344,    0.066,    0.339
[2024-12-07 10:11:41,424][    INFO] ==========================================================================================

[2024-12-07 10:11:47,500][    INFO] ===========> Epoch: 7/20, d1: 0.838, d2: 0.919, d3: 0.955
[2024-12-07 10:11:47,500][    INFO] ===========> Epoch: 7/20, abs_rel: 0.137, sq_rel: 6.529, rmse: 48.425, rmse_log: 0.344, log10: 0.066, silog: 0.339
[2024-12-07 10:11:49,349][    INFO] Iter: 0/625, LR: 0.0000034, Loss: 0.058
[2024-12-07 10:14:04,980][    INFO] Iter: 100/625, LR: 0.0000034, Loss: 0.050
[2024-12-07 10:16:20,568][    INFO] Iter: 200/625, LR: 0.0000033, Loss: 0.050
[2024-12-07 10:18:36,319][    INFO] Iter: 300/625, LR: 0.0000033, Loss: 0.046
[2024-12-07 10:20:52,148][    INFO] Iter: 400/625, LR: 0.0000032, Loss: 0.061
[2024-12-07 10:23:07,901][    INFO] Iter: 500/625, LR: 0.0000032, Loss: 0.064
[2024-12-07 10:25:23,836][    INFO] Iter: 600/625, LR: 0.0000032, Loss: 0.048
[2024-12-07 10:29:09,172][    INFO] ==========================================================================================
[2024-12-07 10:29:09,173][    INFO]       d1,       d2,       d3,  abs_rel,   sq_rel,     rmse, rmse_log,    log10,    silog
[2024-12-07 10:29:09,173][    INFO]    0.845,    0.926,    0.959,    0.132,    6.323,   47.289,    0.327,    0.062,    0.323
[2024-12-07 10:29:09,174][    INFO] ==========================================================================================

[2024-12-07 10:29:18,103][    INFO] ===========> Epoch: 8/20, d1: 0.845, d2: 0.926, d3: 0.959
[2024-12-07 10:29:18,103][    INFO] ===========> Epoch: 8/20, abs_rel: 0.132, sq_rel: 6.323, rmse: 47.289, rmse_log: 0.327, log10: 0.062, silog: 0.323
[2024-12-07 10:29:19,975][    INFO] Iter: 0/625, LR: 0.0000032, Loss: 0.053
[2024-12-07 10:31:35,808][    INFO] Iter: 100/625, LR: 0.0000031, Loss: 0.053
[2024-12-07 10:33:51,722][    INFO] Iter: 200/625, LR: 0.0000031, Loss: 0.049
[2024-12-07 10:36:07,621][    INFO] Iter: 300/625, LR: 0.0000030, Loss: 0.063
[2024-12-07 10:38:23,449][    INFO] Iter: 400/625, LR: 0.0000030, Loss: 0.040
[2024-12-07 10:40:39,287][    INFO] Iter: 500/625, LR: 0.0000030, Loss: 0.067
[2024-12-07 10:42:55,197][    INFO] Iter: 600/625, LR: 0.0000029, Loss: 0.053
[2024-12-07 10:46:40,459][    INFO] ==========================================================================================
[2024-12-07 10:46:40,460][    INFO]       d1,       d2,       d3,  abs_rel,   sq_rel,     rmse, rmse_log,    log10,    silog
[2024-12-07 10:46:40,461][    INFO]    0.844,    0.921,    0.956,    0.131,    6.266,   46.598,    0.329,    0.062,    0.325
[2024-12-07 10:46:40,461][    INFO] ==========================================================================================

[2024-12-07 10:46:46,722][    INFO] ===========> Epoch: 9/20, d1: 0.845, d2: 0.926, d3: 0.959
[2024-12-07 10:46:46,722][    INFO] ===========> Epoch: 9/20, abs_rel: 0.131, sq_rel: 6.266, rmse: 46.598, rmse_log: 0.327, log10: 0.062, silog: 0.323
[2024-12-07 10:46:48,579][    INFO] Iter: 0/625, LR: 0.0000029, Loss: 0.054
[2024-12-07 10:49:04,429][    INFO] Iter: 100/625, LR: 0.0000029, Loss: 0.068
[2024-12-07 10:51:20,278][    INFO] Iter: 200/625, LR: 0.0000028, Loss: 0.034
[2024-12-07 10:53:36,137][    INFO] Iter: 300/625, LR: 0.0000028, Loss: 0.046
[2024-12-07 10:55:52,018][    INFO] Iter: 400/625, LR: 0.0000028, Loss: 0.046
[2024-12-07 10:58:07,853][    INFO] Iter: 500/625, LR: 0.0000027, Loss: 0.044
[2024-12-07 11:00:23,577][    INFO] Iter: 600/625, LR: 0.0000027, Loss: 0.047
[2024-12-07 11:04:08,728][    INFO] ==========================================================================================
[2024-12-07 11:04:08,729][    INFO]       d1,       d2,       d3,  abs_rel,   sq_rel,     rmse, rmse_log,    log10,    silog
[2024-12-07 11:04:08,730][    INFO]    0.841,    0.920,    0.955,    0.135,    6.273,   46.474,    0.329,    0.063,    0.325
[2024-12-07 11:04:08,730][    INFO] ==========================================================================================

[2024-12-07 11:04:13,313][    INFO] ===========> Epoch: 10/20, d1: 0.845, d2: 0.926, d3: 0.959
[2024-12-07 11:04:13,314][    INFO] ===========> Epoch: 10/20, abs_rel: 0.131, sq_rel: 6.266, rmse: 46.474, rmse_log: 0.327, log10: 0.062, silog: 0.323
[2024-12-07 11:04:15,241][    INFO] Iter: 0/625, LR: 0.0000027, Loss: 0.048
[2024-12-07 11:06:31,042][    INFO] Iter: 100/625, LR: 0.0000026, Loss: 0.052
[2024-12-07 11:08:46,742][    INFO] Iter: 200/625, LR: 0.0000026, Loss: 0.076
[2024-12-07 11:11:02,437][    INFO] Iter: 300/625, LR: 0.0000026, Loss: 0.066
[2024-12-07 11:13:18,182][    INFO] Iter: 400/625, LR: 0.0000025, Loss: 0.054
[2024-12-07 11:15:33,748][    INFO] Iter: 500/625, LR: 0.0000025, Loss: 0.045
[2024-12-07 11:17:49,174][    INFO] Iter: 600/625, LR: 0.0000024, Loss: 0.052
[2024-12-07 11:21:34,068][    INFO] ==========================================================================================
[2024-12-07 11:21:34,068][    INFO]       d1,       d2,       d3,  abs_rel,   sq_rel,     rmse, rmse_log,    log10,    silog
[2024-12-07 11:21:34,069][    INFO]    0.842,    0.923,    0.957,    0.135,    6.435,   49.166,    0.333,    0.063,    0.330
[2024-12-07 11:21:34,069][    INFO] ==========================================================================================

[2024-12-07 11:21:36,719][    INFO] ===========> Epoch: 11/20, d1: 0.845, d2: 0.926, d3: 0.959
[2024-12-07 11:21:36,719][    INFO] ===========> Epoch: 11/20, abs_rel: 0.131, sq_rel: 6.266, rmse: 46.474, rmse_log: 0.327, log10: 0.062, silog: 0.323
[2024-12-07 11:21:38,595][    INFO] Iter: 0/625, LR: 0.0000024, Loss: 0.049
[2024-12-07 11:23:54,357][    INFO] Iter: 100/625, LR: 0.0000024, Loss: 0.045
[2024-12-07 11:26:10,105][    INFO] Iter: 200/625, LR: 0.0000024, Loss: 0.052
[2024-12-07 11:28:25,969][    INFO] Iter: 300/625, LR: 0.0000023, Loss: 0.035
[2024-12-07 11:30:41,821][    INFO] Iter: 400/625, LR: 0.0000023, Loss: 0.040
[2024-12-07 11:32:57,650][    INFO] Iter: 500/625, LR: 0.0000022, Loss: 0.047
[2024-12-07 11:35:13,389][    INFO] Iter: 600/625, LR: 0.0000022, Loss: 0.060
[2024-12-07 11:38:58,405][    INFO] ==========================================================================================
[2024-12-07 11:38:58,406][    INFO]       d1,       d2,       d3,  abs_rel,   sq_rel,     rmse, rmse_log,    log10,    silog
[2024-12-07 11:38:58,407][    INFO]    0.848,    0.923,    0.956,    0.129,    6.039,   46.538,    0.326,    0.062,    0.321
[2024-12-07 11:38:58,407][    INFO] ==========================================================================================

[2024-12-07 11:39:04,969][    INFO] ===========> Epoch: 12/20, d1: 0.848, d2: 0.926, d3: 0.959
[2024-12-07 11:39:04,969][    INFO] ===========> Epoch: 12/20, abs_rel: 0.129, sq_rel: 6.039, rmse: 46.474, rmse_log: 0.326, log10: 0.062, silog: 0.321
[2024-12-07 11:39:06,936][    INFO] Iter: 0/625, LR: 0.0000022, Loss: 0.068
[2024-12-07 11:41:22,748][    INFO] Iter: 100/625, LR: 0.0000022, Loss: 0.058
[2024-12-07 11:43:38,513][    INFO] Iter: 200/625, LR: 0.0000021, Loss: 0.063
[2024-12-07 11:45:54,281][    INFO] Iter: 300/625, LR: 0.0000021, Loss: 0.063
[2024-12-07 11:48:10,062][    INFO] Iter: 400/625, LR: 0.0000020, Loss: 0.039
[2024-12-07 11:50:25,783][    INFO] Iter: 500/625, LR: 0.0000020, Loss: 0.049
[2024-12-07 11:52:41,474][    INFO] Iter: 600/625, LR: 0.0000020, Loss: 0.049
[2024-12-07 11:56:26,580][    INFO] ==========================================================================================
[2024-12-07 11:56:26,581][    INFO]       d1,       d2,       d3,  abs_rel,   sq_rel,     rmse, rmse_log,    log10,    silog
[2024-12-07 11:56:26,582][    INFO]    0.845,    0.926,    0.958,    0.131,    6.248,   46.756,    0.323,    0.060,    0.320
[2024-12-07 11:56:26,582][    INFO] ==========================================================================================

[2024-12-07 11:56:29,256][    INFO] ===========> Epoch: 13/20, d1: 0.848, d2: 0.926, d3: 0.959
[2024-12-07 11:56:29,256][    INFO] ===========> Epoch: 13/20, abs_rel: 0.129, sq_rel: 6.039, rmse: 46.474, rmse_log: 0.323, log10: 0.060, silog: 0.320
[2024-12-07 11:56:31,085][    INFO] Iter: 0/625, LR: 0.0000019, Loss: 0.037
[2024-12-07 11:58:46,870][    INFO] Iter: 100/625, LR: 0.0000019, Loss: 0.078
[2024-12-07 12:01:02,724][    INFO] Iter: 200/625, LR: 0.0000019, Loss: 0.048
[2024-12-07 12:03:18,679][    INFO] Iter: 300/625, LR: 0.0000018, Loss: 0.071
[2024-12-07 12:05:34,594][    INFO] Iter: 400/625, LR: 0.0000018, Loss: 0.050
[2024-12-07 12:07:50,413][    INFO] Iter: 500/625, LR: 0.0000017, Loss: 0.058
[2024-12-07 12:10:06,448][    INFO] Iter: 600/625, LR: 0.0000017, Loss: 0.055
[2024-12-07 12:13:51,947][    INFO] ==========================================================================================
[2024-12-07 12:13:51,947][    INFO]       d1,       d2,       d3,  abs_rel,   sq_rel,     rmse, rmse_log,    log10,    silog
[2024-12-07 12:13:51,947][    INFO]    0.843,    0.922,    0.955,    0.129,    6.501,   49.338,    0.337,    0.062,    0.333
[2024-12-07 12:13:51,947][    INFO] ==========================================================================================

[2024-12-07 12:13:56,591][    INFO] ===========> Epoch: 14/20, d1: 0.848, d2: 0.926, d3: 0.959
[2024-12-07 12:13:56,591][    INFO] ===========> Epoch: 14/20, abs_rel: 0.129, sq_rel: 6.039, rmse: 46.474, rmse_log: 0.323, log10: 0.060, silog: 0.320
[2024-12-07 12:13:58,430][    INFO] Iter: 0/625, LR: 0.0000017, Loss: 0.057
[2024-12-07 12:16:14,437][    INFO] Iter: 100/625, LR: 0.0000017, Loss: 0.043
[2024-12-07 12:18:30,264][    INFO] Iter: 200/625, LR: 0.0000016, Loss: 0.043
[2024-12-07 12:20:46,133][    INFO] Iter: 300/625, LR: 0.0000016, Loss: 0.044
[2024-12-07 12:23:02,121][    INFO] Iter: 400/625, LR: 0.0000015, Loss: 0.073
[2024-12-07 12:25:18,031][    INFO] Iter: 500/625, LR: 0.0000015, Loss: 0.063
[2024-12-07 12:27:34,023][    INFO] Iter: 600/625, LR: 0.0000014, Loss: 0.082
[2024-12-07 12:31:19,369][    INFO] ==========================================================================================
[2024-12-07 12:31:19,369][    INFO]       d1,       d2,       d3,  abs_rel,   sq_rel,     rmse, rmse_log,    log10,    silog
[2024-12-07 12:31:19,370][    INFO]    0.841,    0.923,    0.957,    0.130,    6.062,   45.953,    0.321,    0.061,    0.317
[2024-12-07 12:31:19,370][    INFO] ==========================================================================================

[2024-12-07 12:31:23,489][    INFO] ===========> Epoch: 15/20, d1: 0.848, d2: 0.926, d3: 0.959
[2024-12-07 12:31:23,490][    INFO] ===========> Epoch: 15/20, abs_rel: 0.129, sq_rel: 6.039, rmse: 45.953, rmse_log: 0.321, log10: 0.060, silog: 0.317
[2024-12-07 12:31:25,369][    INFO] Iter: 0/625, LR: 0.0000014, Loss: 0.039
[2024-12-07 12:33:46,160][    INFO] Iter: 100/625, LR: 0.0000014, Loss: 0.084
[2024-12-07 12:36:09,828][    INFO] Iter: 200/625, LR: 0.0000014, Loss: 0.046
[2024-12-07 12:38:41,453][    INFO] Iter: 300/625, LR: 0.0000013, Loss: 0.044
[2024-12-07 12:42:03,369][    INFO] Iter: 400/625, LR: 0.0000013, Loss: 0.046
[2024-12-07 12:46:15,844][    INFO] Iter: 500/625, LR: 0.0000012, Loss: 0.049
[2024-12-07 12:49:44,712][    INFO] Iter: 600/625, LR: 0.0000012, Loss: 0.047
[2024-12-07 12:56:24,374][    INFO] ==========================================================================================
[2024-12-07 12:56:24,375][    INFO]       d1,       d2,       d3,  abs_rel,   sq_rel,     rmse, rmse_log,    log10,    silog
[2024-12-07 12:56:24,376][    INFO]    0.844,    0.924,    0.957,    0.133,    6.192,   45.525,    0.322,    0.061,    0.318
[2024-12-07 12:56:24,376][    INFO] ==========================================================================================

[2024-12-07 12:56:29,154][    INFO] ===========> Epoch: 16/20, d1: 0.848, d2: 0.926, d3: 0.959
[2024-12-07 12:56:29,154][    INFO] ===========> Epoch: 16/20, abs_rel: 0.129, sq_rel: 6.039, rmse: 45.525, rmse_log: 0.321, log10: 0.060, silog: 0.317
[2024-12-07 12:56:31,036][    INFO] Iter: 0/625, LR: 0.0000012, Loss: 0.067
[2024-12-07 12:58:46,518][    INFO] Iter: 100/625, LR: 0.0000011, Loss: 0.078
[2024-12-07 13:01:02,131][    INFO] Iter: 200/625, LR: 0.0000011, Loss: 0.041
[2024-12-07 13:03:17,953][    INFO] Iter: 300/625, LR: 0.0000010, Loss: 0.050
[2024-12-07 13:05:33,834][    INFO] Iter: 400/625, LR: 0.0000010, Loss: 0.052
[2024-12-07 13:07:49,598][    INFO] Iter: 500/625, LR: 0.0000010, Loss: 0.052
[2024-12-07 13:10:05,277][    INFO] Iter: 600/625, LR: 0.0000009, Loss: 0.046
[2024-12-07 13:13:50,889][    INFO] ==========================================================================================
[2024-12-07 13:13:50,890][    INFO]       d1,       d2,       d3,  abs_rel,   sq_rel,     rmse, rmse_log,    log10,    silog
[2024-12-07 13:13:50,890][    INFO]    0.845,    0.922,    0.956,    0.135,    6.230,   45.189,    0.321,    0.061,    0.317
[2024-12-07 13:13:50,890][    INFO] ==========================================================================================

[2024-12-07 13:13:55,651][    INFO] ===========> Epoch: 17/20, d1: 0.848, d2: 0.926, d3: 0.959
[2024-12-07 13:13:55,652][    INFO] ===========> Epoch: 17/20, abs_rel: 0.129, sq_rel: 6.039, rmse: 45.189, rmse_log: 0.321, log10: 0.060, silog: 0.317
[2024-12-07 13:13:57,542][    INFO] Iter: 0/625, LR: 0.0000009, Loss: 0.051
[2024-12-07 13:16:13,421][    INFO] Iter: 100/625, LR: 0.0000009, Loss: 0.069
[2024-12-07 13:18:29,301][    INFO] Iter: 200/625, LR: 0.0000008, Loss: 0.043
[2024-12-07 13:20:45,229][    INFO] Iter: 300/625, LR: 0.0000008, Loss: 0.072
[2024-12-07 13:23:01,105][    INFO] Iter: 400/625, LR: 0.0000007, Loss: 0.051
[2024-12-07 13:25:17,013][    INFO] Iter: 500/625, LR: 0.0000007, Loss: 0.037
[2024-12-07 13:27:32,855][    INFO] Iter: 600/625, LR: 0.0000006, Loss: 0.045
[2024-12-07 13:31:18,037][    INFO] ==========================================================================================
[2024-12-07 13:31:18,037][    INFO]       d1,       d2,       d3,  abs_rel,   sq_rel,     rmse, rmse_log,    log10,    silog
[2024-12-07 13:31:18,038][    INFO]    0.845,    0.923,    0.956,    0.128,    6.136,   45.826,    0.321,    0.060,    0.318
[2024-12-07 13:31:18,038][    INFO] ==========================================================================================

[2024-12-07 13:31:22,725][    INFO] ===========> Epoch: 18/20, d1: 0.848, d2: 0.926, d3: 0.959
[2024-12-07 13:31:22,728][    INFO] ===========> Epoch: 18/20, abs_rel: 0.128, sq_rel: 6.039, rmse: 45.189, rmse_log: 0.321, log10: 0.060, silog: 0.317
[2024-12-07 13:31:24,667][    INFO] Iter: 0/625, LR: 0.0000006, Loss: 0.052
[2024-12-07 13:33:40,520][    INFO] Iter: 100/625, LR: 0.0000006, Loss: 0.050
[2024-12-07 13:35:56,407][    INFO] Iter: 200/625, LR: 0.0000005, Loss: 0.052
[2024-12-07 13:38:12,189][    INFO] Iter: 300/625, LR: 0.0000005, Loss: 0.039
[2024-12-07 13:40:27,994][    INFO] Iter: 400/625, LR: 0.0000004, Loss: 0.046
[2024-12-07 13:42:43,771][    INFO] Iter: 500/625, LR: 0.0000004, Loss: 0.052
[2024-12-07 13:44:59,571][    INFO] Iter: 600/625, LR: 0.0000003, Loss: 0.037
[2024-12-07 13:48:45,028][    INFO] ==========================================================================================
[2024-12-07 13:48:45,028][    INFO]       d1,       d2,       d3,  abs_rel,   sq_rel,     rmse, rmse_log,    log10,    silog
[2024-12-07 13:48:45,029][    INFO]    0.843,    0.922,    0.956,    0.132,    6.244,   45.748,    0.321,    0.060,    0.317
[2024-12-07 13:48:45,029][    INFO] ==========================================================================================

[2024-12-07 13:48:47,789][    INFO] ===========> Epoch: 19/20, d1: 0.848, d2: 0.926, d3: 0.959
[2024-12-07 13:48:47,790][    INFO] ===========> Epoch: 19/20, abs_rel: 0.128, sq_rel: 6.039, rmse: 45.189, rmse_log: 0.321, log10: 0.060, silog: 0.317
[2024-12-07 13:48:49,635][    INFO] Iter: 0/625, LR: 0.0000003, Loss: 0.046
[2024-12-07 13:51:05,570][    INFO] Iter: 100/625, LR: 0.0000003, Loss: 0.049
[2024-12-07 13:53:21,532][    INFO] Iter: 200/625, LR: 0.0000002, Loss: 0.038
[2024-12-07 13:55:37,400][    INFO] Iter: 300/625, LR: 0.0000002, Loss: 0.063
[2024-12-07 13:57:53,207][    INFO] Iter: 400/625, LR: 0.0000001, Loss: 0.053
[2024-12-07 14:00:09,151][    INFO] Iter: 500/625, LR: 0.0000001, Loss: 0.047
[2024-12-07 14:02:25,035][    INFO] Iter: 600/625, LR: 0.0000000, Loss: 0.040
[2024-12-07 14:06:10,183][    INFO] ==========================================================================================
[2024-12-07 14:06:10,183][    INFO]       d1,       d2,       d3,  abs_rel,   sq_rel,     rmse, rmse_log,    log10,    silog
[2024-12-07 14:06:10,184][    INFO]    0.845,    0.923,    0.956,    0.131,    6.185,   45.780,    0.322,    0.060,    0.318
[2024-12-07 14:06:10,184][    INFO] ==========================================================================================

