/home/sph/anaconda3/envs/anything/lib/python3.9/site-packages/torch/distributed/launch.py:183: FutureWarning: The module torch.distributed.launch is deprecated
and will be removed in future. Use torchrun.
Note that --use-env is set by default in torchrun.
If your script expects `--local-rank` argument to be set, please
change it to read from `os.environ['LOCAL_RANK']` instead. See 
https://pytorch.org/docs/stable/distributed.html#launch-utility for 
further instructions

  warnings.warn(
[2025-01-21 21:09:31,700] torch.distributed.run: [WARNING] 
[2025-01-21 21:09:31,700] torch.distributed.run: [WARNING] *****************************************
[2025-01-21 21:09:31,700] torch.distributed.run: [WARNING] Setting OMP_NUM_THREADS environment variable for each process to be 1 in default, to avoid your system being overloaded, please further tune the variable for optimal performance in your application as needed. 
[2025-01-21 21:09:31,700] torch.distributed.run: [WARNING] *****************************************
/home/sph/anaconda3/envs/anything/lib/python3.9/site-packages/timm/models/layers/__init__.py:48: FutureWarning: Importing from timm.models.layers is deprecated, please import via timm.layers
  warnings.warn(f"Importing from {__name__} is deprecated, please import via timm.layers", FutureWarning)
/home/sph/anaconda3/envs/anything/lib/python3.9/site-packages/timm/models/layers/__init__.py:48: FutureWarning: Importing from timm.models.layers is deprecated, please import via timm.layers
  warnings.warn(f"Importing from {__name__} is deprecated, please import via timm.layers", FutureWarning)
[2025-01-21 21:09:34,260][    INFO] {'bs': 24,
 'dataset': 'mvsec_2',
 'depth_anything_pretrained': None,
 'encoder': 'vitl',
 'epochs': 50,
 'event_voxel_chans': 3,
 'finetune_mode': 'decoder',
 'img_size': 266,
 'inv': False,
 'local_rank': 0,
 'lr': 5e-06,
 'max_depth': 80.0,
 'min_depth': 0.0,
 'ngpus': 2,
 'normalized_depth': False,
 'port': 20596,
 'pretrained_from': '/home/sph/event/da2-prompt-tuning/exp/fuse_log_l1_eventscape_fuse_cor_20250114_110446/latest.pth',
 'return_feature': False,
 'save_path': '/home/sph/event/da2-prompt-tuning/exp/epde_metric_noclip_mixed_sigmoid_mvsec_2_decoder_20250121_210930'}

max_depth: 80.0
INFO:dinov2:using MLP layer as FFN
max_depth: 80.0
INFO:dinov2:using MLP layer as FFN
INFO:dinov2:using MLP layer as FFN
INFO:dinov2:using MLP layer as FFN
Initializing encoder parameters without pre-trained weights
Initializing encoder parameters without pre-trained weights
Model weights load from /home/sph/event/da2-prompt-tuning/exp/fuse_log_l1_eventscape_fuse_cor_20250114_110446/latest.pth successfully!
Model weights load from /home/sph/event/da2-prompt-tuning/exp/fuse_log_l1_eventscape_fuse_cor_20250114_110446/latest.pth successfully!
The freezing mode of weights is: decoder
The freezing mode of weights is: decoder
[2025-01-21 21:09:53,219][    INFO] Total Trainable Parameters: 30947009
[2025-01-21 21:09:53,219][    INFO] ===========> Epoch: 0/50, d1: 0.000, d2: 0.000, d3: 0.000
[2025-01-21 21:09:53,219][    INFO] ===========> Epoch: 0/50, abs_rel: 100.000, sq_rel: 100.000, rmse: 100.000, rmse_log: 100.000, log10: 100.000, silog: 100.000
/home/sph/anaconda3/envs/anything/lib/python3.9/site-packages/torch/autograd/__init__.py:266: UserWarning: Grad strides do not match bucket view strides. This may indicate grad was not created according to the gradient layout contract, or that the param's strides changed since DDP was constructed.  This is not an error, but may impair performance.
grad.sizes() = [1, 32, 1, 1], strides() = [32, 1, 32, 32]
bucket_view.sizes() = [1, 32, 1, 1], strides() = [32, 1, 1, 1] (Triggered internally at ../torch/csrc/distributed/c10d/reducer.cpp:322.)
  Variable._execution_engine.run_backward(  # Calls into the C++ engine to run the backward pass
/home/sph/anaconda3/envs/anything/lib/python3.9/site-packages/torch/autograd/__init__.py:266: UserWarning: Grad strides do not match bucket view strides. This may indicate grad was not created according to the gradient layout contract, or that the param's strides changed since DDP was constructed.  This is not an error, but may impair performance.
grad.sizes() = [1, 32, 1, 1], strides() = [32, 1, 32, 32]
bucket_view.sizes() = [1, 32, 1, 1], strides() = [32, 1, 1, 1] (Triggered internally at ../torch/csrc/distributed/c10d/reducer.cpp:322.)
  Variable._execution_engine.run_backward(  # Calls into the C++ engine to run the backward pass
[2025-01-21 21:10:02,383][    INFO] Iter: 0/269, LR: 0.0000050, Loss: 1.293, SiLoss: 1.261, GradLoss: 0.124
[2025-01-21 21:13:11,917][    INFO] Iter: 100/269, LR: 0.0000050, Loss: 0.344, SiLoss: 0.315, GradLoss: 0.117
[2025-01-21 21:16:22,232][    INFO] Iter: 200/269, LR: 0.0000049, Loss: 0.326, SiLoss: 0.296, GradLoss: 0.120
[2025-01-21 21:19:10,568][    INFO] ==========================================================================================
[2025-01-21 21:19:10,568][    INFO]       d1,       d2,       d3,  abs_rel,   sq_rel,     rmse, rmse_log,    log10,    silog
[2025-01-21 21:19:10,569][    INFO]    0.619,    0.830,    0.930,    0.292,    2.467,    6.541,    0.351,    0.106,    0.345
[2025-01-21 21:19:10,569][    INFO] ==========================================================================================

[2025-01-21 21:19:20,362][    INFO] ===========> Epoch: 1/50, d1: 0.619, d2: 0.830, d3: 0.930
[2025-01-21 21:19:20,362][    INFO] ===========> Epoch: 1/50, abs_rel: 0.292, sq_rel: 2.467, rmse: 6.541, rmse_log: 0.351, log10: 0.106, silog: 0.345
[2025-01-21 21:19:22,882][    INFO] Iter: 0/269, LR: 0.0000049, Loss: 0.303, SiLoss: 0.276, GradLoss: 0.107
[2025-01-21 21:22:32,126][    INFO] Iter: 100/269, LR: 0.0000049, Loss: 0.322, SiLoss: 0.294, GradLoss: 0.112
[2025-01-21 21:25:41,699][    INFO] Iter: 200/269, LR: 0.0000048, Loss: 0.300, SiLoss: 0.274, GradLoss: 0.104
[2025-01-21 21:28:29,075][    INFO] ==========================================================================================
[2025-01-21 21:28:29,075][    INFO]       d1,       d2,       d3,  abs_rel,   sq_rel,     rmse, rmse_log,    log10,    silog
[2025-01-21 21:28:29,075][    INFO]    0.618,    0.818,    0.925,    0.262,    2.175,    7.089,    0.355,    0.107,    0.347
[2025-01-21 21:28:29,076][    INFO] ==========================================================================================

[2025-01-21 21:28:35,263][    INFO] ===========> Epoch: 2/50, d1: 0.619, d2: 0.830, d3: 0.930
[2025-01-21 21:28:35,263][    INFO] ===========> Epoch: 2/50, abs_rel: 0.262, sq_rel: 2.175, rmse: 6.541, rmse_log: 0.351, log10: 0.106, silog: 0.345
[2025-01-21 21:28:37,772][    INFO] Iter: 0/269, LR: 0.0000048, Loss: 0.279, SiLoss: 0.254, GradLoss: 0.099
[2025-01-21 21:31:46,748][    INFO] Iter: 100/269, LR: 0.0000048, Loss: 0.285, SiLoss: 0.259, GradLoss: 0.103
[2025-01-21 21:34:56,035][    INFO] Iter: 200/269, LR: 0.0000048, Loss: 0.283, SiLoss: 0.257, GradLoss: 0.101
[2025-01-21 21:37:43,263][    INFO] ==========================================================================================
[2025-01-21 21:37:43,263][    INFO]       d1,       d2,       d3,  abs_rel,   sq_rel,     rmse, rmse_log,    log10,    silog
[2025-01-21 21:37:43,263][    INFO]    0.618,    0.826,    0.926,    0.272,    2.263,    6.861,    0.354,    0.109,    0.348
[2025-01-21 21:37:43,263][    INFO] ==========================================================================================

[2025-01-21 21:37:58,402][    INFO] ===========> Epoch: 3/50, d1: 0.619, d2: 0.830, d3: 0.930
[2025-01-21 21:37:58,402][    INFO] ===========> Epoch: 3/50, abs_rel: 0.262, sq_rel: 2.175, rmse: 6.541, rmse_log: 0.351, log10: 0.106, silog: 0.345
[2025-01-21 21:38:00,901][    INFO] Iter: 0/269, LR: 0.0000047, Loss: 0.297, SiLoss: 0.268, GradLoss: 0.117
[2025-01-21 21:41:10,283][    INFO] Iter: 100/269, LR: 0.0000047, Loss: 0.306, SiLoss: 0.277, GradLoss: 0.115
[2025-01-21 21:44:19,677][    INFO] Iter: 200/269, LR: 0.0000047, Loss: 0.303, SiLoss: 0.274, GradLoss: 0.118
[2025-01-21 21:47:07,171][    INFO] ==========================================================================================
[2025-01-21 21:47:07,171][    INFO]       d1,       d2,       d3,  abs_rel,   sq_rel,     rmse, rmse_log,    log10,    silog
[2025-01-21 21:47:07,172][    INFO]    0.618,    0.829,    0.927,    0.278,    2.280,    6.772,    0.350,    0.103,    0.345
[2025-01-21 21:47:07,172][    INFO] ==========================================================================================

[2025-01-21 21:47:10,816][    INFO] ===========> Epoch: 4/50, d1: 0.619, d2: 0.830, d3: 0.930
[2025-01-21 21:47:10,816][    INFO] ===========> Epoch: 4/50, abs_rel: 0.262, sq_rel: 2.175, rmse: 6.541, rmse_log: 0.350, log10: 0.103, silog: 0.345
[2025-01-21 21:47:13,336][    INFO] Iter: 0/269, LR: 0.0000046, Loss: 0.274, SiLoss: 0.248, GradLoss: 0.101
[2025-01-21 21:50:22,650][    INFO] Iter: 100/269, LR: 0.0000046, Loss: 0.284, SiLoss: 0.258, GradLoss: 0.106
[2025-01-21 21:53:31,948][    INFO] Iter: 200/269, LR: 0.0000046, Loss: 0.289, SiLoss: 0.262, GradLoss: 0.107
[2025-01-21 21:56:19,390][    INFO] ==========================================================================================
[2025-01-21 21:56:19,390][    INFO]       d1,       d2,       d3,  abs_rel,   sq_rel,     rmse, rmse_log,    log10,    silog
[2025-01-21 21:56:19,391][    INFO]    0.637,    0.832,    0.927,    0.267,    2.274,    6.756,    0.347,    0.101,    0.344
[2025-01-21 21:56:19,391][    INFO] ==========================================================================================

[2025-01-21 21:56:25,586][    INFO] ===========> Epoch: 5/50, d1: 0.637, d2: 0.832, d3: 0.930
[2025-01-21 21:56:25,586][    INFO] ===========> Epoch: 5/50, abs_rel: 0.262, sq_rel: 2.175, rmse: 6.541, rmse_log: 0.347, log10: 0.101, silog: 0.344
[2025-01-21 21:56:28,076][    INFO] Iter: 0/269, LR: 0.0000045, Loss: 0.261, SiLoss: 0.236, GradLoss: 0.100
[2025-01-21 21:59:37,290][    INFO] Iter: 100/269, LR: 0.0000045, Loss: 0.262, SiLoss: 0.236, GradLoss: 0.104
[2025-01-21 22:02:46,650][    INFO] Iter: 200/269, LR: 0.0000045, Loss: 0.268, SiLoss: 0.243, GradLoss: 0.101
[2025-01-21 22:05:34,214][    INFO] ==========================================================================================
[2025-01-21 22:05:34,214][    INFO]       d1,       d2,       d3,  abs_rel,   sq_rel,     rmse, rmse_log,    log10,    silog
[2025-01-21 22:05:34,215][    INFO]    0.633,    0.831,    0.928,    0.267,    2.317,    6.767,    0.349,    0.102,    0.345
[2025-01-21 22:05:34,215][    INFO] ==========================================================================================

[2025-01-21 22:05:37,846][    INFO] ===========> Epoch: 6/50, d1: 0.637, d2: 0.832, d3: 0.930
[2025-01-21 22:05:37,846][    INFO] ===========> Epoch: 6/50, abs_rel: 0.262, sq_rel: 2.175, rmse: 6.541, rmse_log: 0.347, log10: 0.101, silog: 0.344
[2025-01-21 22:05:40,337][    INFO] Iter: 0/269, LR: 0.0000045, Loss: 0.237, SiLoss: 0.214, GradLoss: 0.092
[2025-01-21 22:08:49,732][    INFO] Iter: 100/269, LR: 0.0000044, Loss: 0.246, SiLoss: 0.223, GradLoss: 0.091
[2025-01-21 22:11:59,187][    INFO] Iter: 200/269, LR: 0.0000044, Loss: 0.257, SiLoss: 0.231, GradLoss: 0.104
[2025-01-21 22:14:46,611][    INFO] ==========================================================================================
[2025-01-21 22:14:46,611][    INFO]       d1,       d2,       d3,  abs_rel,   sq_rel,     rmse, rmse_log,    log10,    silog
[2025-01-21 22:14:46,611][    INFO]    0.631,    0.830,    0.924,    0.280,    2.499,    6.669,    0.355,    0.103,    0.350
[2025-01-21 22:14:46,612][    INFO] ==========================================================================================

[2025-01-21 22:14:53,336][    INFO] ===========> Epoch: 7/50, d1: 0.637, d2: 0.832, d3: 0.930
[2025-01-21 22:14:53,336][    INFO] ===========> Epoch: 7/50, abs_rel: 0.262, sq_rel: 2.175, rmse: 6.541, rmse_log: 0.347, log10: 0.101, silog: 0.344
[2025-01-21 22:14:55,799][    INFO] Iter: 0/269, LR: 0.0000044, Loss: 0.242, SiLoss: 0.219, GradLoss: 0.092
[2025-01-21 22:18:04,991][    INFO] Iter: 100/269, LR: 0.0000043, Loss: 0.256, SiLoss: 0.231, GradLoss: 0.102
[2025-01-21 22:21:17,795][    INFO] Iter: 200/269, LR: 0.0000043, Loss: 0.255, SiLoss: 0.230, GradLoss: 0.101
[2025-01-21 22:24:05,200][    INFO] ==========================================================================================
[2025-01-21 22:24:05,200][    INFO]       d1,       d2,       d3,  abs_rel,   sq_rel,     rmse, rmse_log,    log10,    silog
[2025-01-21 22:24:05,200][    INFO]    0.615,    0.813,    0.918,    0.268,    2.320,    7.305,    0.362,    0.106,    0.357
[2025-01-21 22:24:05,201][    INFO] ==========================================================================================

[2025-01-21 22:24:08,767][    INFO] ===========> Epoch: 8/50, d1: 0.637, d2: 0.832, d3: 0.930
[2025-01-21 22:24:08,767][    INFO] ===========> Epoch: 8/50, abs_rel: 0.262, sq_rel: 2.175, rmse: 6.541, rmse_log: 0.347, log10: 0.101, silog: 0.344
[2025-01-21 22:24:11,216][    INFO] Iter: 0/269, LR: 0.0000043, Loss: 0.226, SiLoss: 0.202, GradLoss: 0.096
[2025-01-21 22:27:20,498][    INFO] Iter: 100/269, LR: 0.0000042, Loss: 0.257, SiLoss: 0.231, GradLoss: 0.104
[2025-01-21 22:30:29,835][    INFO] Iter: 200/269, LR: 0.0000042, Loss: 0.240, SiLoss: 0.215, GradLoss: 0.101
[2025-01-21 22:33:17,312][    INFO] ==========================================================================================
[2025-01-21 22:33:17,312][    INFO]       d1,       d2,       d3,  abs_rel,   sq_rel,     rmse, rmse_log,    log10,    silog
[2025-01-21 22:33:17,312][    INFO]    0.647,    0.841,    0.932,    0.283,    2.379,    6.495,    0.348,    0.106,    0.343
[2025-01-21 22:33:17,312][    INFO] ==========================================================================================

[2025-01-21 22:33:29,974][    INFO] ===========> Epoch: 9/50, d1: 0.647, d2: 0.841, d3: 0.932
[2025-01-21 22:33:29,974][    INFO] ===========> Epoch: 9/50, abs_rel: 0.262, sq_rel: 2.175, rmse: 6.495, rmse_log: 0.347, log10: 0.101, silog: 0.343
[2025-01-21 22:33:32,435][    INFO] Iter: 0/269, LR: 0.0000042, Loss: 0.257, SiLoss: 0.233, GradLoss: 0.098
[2025-01-21 22:36:41,527][    INFO] Iter: 100/269, LR: 0.0000041, Loss: 0.253, SiLoss: 0.228, GradLoss: 0.101
[2025-01-21 22:39:50,821][    INFO] Iter: 200/269, LR: 0.0000041, Loss: 0.250, SiLoss: 0.225, GradLoss: 0.102
[2025-01-21 22:42:38,291][    INFO] ==========================================================================================
[2025-01-21 22:42:38,291][    INFO]       d1,       d2,       d3,  abs_rel,   sq_rel,     rmse, rmse_log,    log10,    silog
[2025-01-21 22:42:38,292][    INFO]    0.635,    0.832,    0.927,    0.272,    2.346,    6.642,    0.350,    0.101,    0.345
[2025-01-21 22:42:38,292][    INFO] ==========================================================================================

[2025-01-21 22:42:41,972][    INFO] ===========> Epoch: 10/50, d1: 0.647, d2: 0.841, d3: 0.932
[2025-01-21 22:42:41,972][    INFO] ===========> Epoch: 10/50, abs_rel: 0.262, sq_rel: 2.175, rmse: 6.495, rmse_log: 0.347, log10: 0.101, silog: 0.343
[2025-01-21 22:42:44,449][    INFO] Iter: 0/269, LR: 0.0000041, Loss: 0.211, SiLoss: 0.192, GradLoss: 0.079
[2025-01-21 22:45:53,823][    INFO] Iter: 100/269, LR: 0.0000041, Loss: 0.249, SiLoss: 0.224, GradLoss: 0.097
[2025-01-21 22:49:03,237][    INFO] Iter: 200/269, LR: 0.0000040, Loss: 0.233, SiLoss: 0.211, GradLoss: 0.091
[2025-01-21 22:51:50,771][    INFO] ==========================================================================================
[2025-01-21 22:51:50,771][    INFO]       d1,       d2,       d3,  abs_rel,   sq_rel,     rmse, rmse_log,    log10,    silog
[2025-01-21 22:51:50,771][    INFO]    0.650,    0.836,    0.927,    0.279,    2.497,    6.446,    0.349,    0.099,    0.344
[2025-01-21 22:51:50,771][    INFO] ==========================================================================================

[2025-01-21 22:52:09,228][    INFO] ===========> Epoch: 11/50, d1: 0.650, d2: 0.841, d3: 0.932
[2025-01-21 22:52:09,228][    INFO] ===========> Epoch: 11/50, abs_rel: 0.262, sq_rel: 2.175, rmse: 6.446, rmse_log: 0.347, log10: 0.099, silog: 0.343
[2025-01-21 22:52:11,686][    INFO] Iter: 0/269, LR: 0.0000040, Loss: 0.250, SiLoss: 0.225, GradLoss: 0.100
[2025-01-21 22:55:20,684][    INFO] Iter: 100/269, LR: 0.0000040, Loss: 0.248, SiLoss: 0.222, GradLoss: 0.104
[2025-01-21 22:58:30,120][    INFO] Iter: 200/269, LR: 0.0000039, Loss: 0.233, SiLoss: 0.210, GradLoss: 0.092
[2025-01-21 23:01:17,688][    INFO] ==========================================================================================
[2025-01-21 23:01:17,689][    INFO]       d1,       d2,       d3,  abs_rel,   sq_rel,     rmse, rmse_log,    log10,    silog
[2025-01-21 23:01:17,689][    INFO]    0.637,    0.830,    0.923,    0.274,    2.403,    6.739,    0.356,    0.103,    0.351
[2025-01-21 23:01:17,689][    INFO] ==========================================================================================

[2025-01-21 23:01:21,376][    INFO] ===========> Epoch: 12/50, d1: 0.650, d2: 0.841, d3: 0.932
[2025-01-21 23:01:21,376][    INFO] ===========> Epoch: 12/50, abs_rel: 0.262, sq_rel: 2.175, rmse: 6.446, rmse_log: 0.347, log10: 0.099, silog: 0.343
[2025-01-21 23:01:23,809][    INFO] Iter: 0/269, LR: 0.0000039, Loss: 0.228, SiLoss: 0.204, GradLoss: 0.095
[2025-01-21 23:04:33,126][    INFO] Iter: 100/269, LR: 0.0000039, Loss: 0.237, SiLoss: 0.213, GradLoss: 0.098
[2025-01-21 23:07:42,519][    INFO] Iter: 200/269, LR: 0.0000038, Loss: 0.231, SiLoss: 0.208, GradLoss: 0.095
[2025-01-21 23:10:30,095][    INFO] ==========================================================================================
[2025-01-21 23:10:30,095][    INFO]       d1,       d2,       d3,  abs_rel,   sq_rel,     rmse, rmse_log,    log10,    silog
[2025-01-21 23:10:30,095][    INFO]    0.637,    0.831,    0.925,    0.270,    2.358,    6.683,    0.352,    0.101,    0.348
[2025-01-21 23:10:30,095][    INFO] ==========================================================================================

[2025-01-21 23:10:33,761][    INFO] ===========> Epoch: 13/50, d1: 0.650, d2: 0.841, d3: 0.932
[2025-01-21 23:10:33,762][    INFO] ===========> Epoch: 13/50, abs_rel: 0.262, sq_rel: 2.175, rmse: 6.446, rmse_log: 0.347, log10: 0.099, silog: 0.343
[2025-01-21 23:10:36,212][    INFO] Iter: 0/269, LR: 0.0000038, Loss: 0.255, SiLoss: 0.228, GradLoss: 0.109
[2025-01-21 23:13:45,549][    INFO] Iter: 100/269, LR: 0.0000038, Loss: 0.240, SiLoss: 0.215, GradLoss: 0.102
[2025-01-21 23:16:54,905][    INFO] Iter: 200/269, LR: 0.0000037, Loss: 0.254, SiLoss: 0.227, GradLoss: 0.110
[2025-01-21 23:19:42,495][    INFO] ==========================================================================================
[2025-01-21 23:19:42,495][    INFO]       d1,       d2,       d3,  abs_rel,   sq_rel,     rmse, rmse_log,    log10,    silog
[2025-01-21 23:19:42,496][    INFO]    0.618,    0.814,    0.918,    0.263,    2.294,    7.309,    0.364,    0.106,    0.359
[2025-01-21 23:19:42,496][    INFO] ==========================================================================================

[2025-01-21 23:19:46,187][    INFO] ===========> Epoch: 14/50, d1: 0.650, d2: 0.841, d3: 0.932
[2025-01-21 23:19:46,187][    INFO] ===========> Epoch: 14/50, abs_rel: 0.262, sq_rel: 2.175, rmse: 6.446, rmse_log: 0.347, log10: 0.099, silog: 0.343
[2025-01-21 23:19:48,677][    INFO] Iter: 0/269, LR: 0.0000037, Loss: 0.227, SiLoss: 0.203, GradLoss: 0.098
[2025-01-21 23:22:57,934][    INFO] Iter: 100/269, LR: 0.0000037, Loss: 0.254, SiLoss: 0.228, GradLoss: 0.107
[2025-01-21 23:26:07,256][    INFO] Iter: 200/269, LR: 0.0000037, Loss: 0.257, SiLoss: 0.230, GradLoss: 0.109
[2025-01-21 23:28:58,278][    INFO] ==========================================================================================
[2025-01-21 23:28:58,278][    INFO]       d1,       d2,       d3,  abs_rel,   sq_rel,     rmse, rmse_log,    log10,    silog
[2025-01-21 23:28:58,278][    INFO]    0.632,    0.826,    0.922,    0.270,    2.377,    6.914,    0.357,    0.103,    0.352
[2025-01-21 23:28:58,278][    INFO] ==========================================================================================

[2025-01-21 23:29:01,939][    INFO] ===========> Epoch: 15/50, d1: 0.650, d2: 0.841, d3: 0.932
[2025-01-21 23:29:01,939][    INFO] ===========> Epoch: 15/50, abs_rel: 0.262, sq_rel: 2.175, rmse: 6.446, rmse_log: 0.347, log10: 0.099, silog: 0.343
[2025-01-21 23:29:04,383][    INFO] Iter: 0/269, LR: 0.0000036, Loss: 0.236, SiLoss: 0.211, GradLoss: 0.100
[2025-01-21 23:32:13,447][    INFO] Iter: 100/269, LR: 0.0000036, Loss: 0.232, SiLoss: 0.207, GradLoss: 0.097
[2025-01-21 23:35:22,826][    INFO] Iter: 200/269, LR: 0.0000036, Loss: 0.250, SiLoss: 0.222, GradLoss: 0.108
[2025-01-21 23:38:10,344][    INFO] ==========================================================================================
[2025-01-21 23:38:10,344][    INFO]       d1,       d2,       d3,  abs_rel,   sq_rel,     rmse, rmse_log,    log10,    silog
[2025-01-21 23:38:10,344][    INFO]    0.637,    0.830,    0.923,    0.275,    2.432,    6.708,    0.354,    0.101,    0.350
[2025-01-21 23:38:10,344][    INFO] ==========================================================================================

[2025-01-21 23:38:14,042][    INFO] ===========> Epoch: 16/50, d1: 0.650, d2: 0.841, d3: 0.932
[2025-01-21 23:38:14,043][    INFO] ===========> Epoch: 16/50, abs_rel: 0.262, sq_rel: 2.175, rmse: 6.446, rmse_log: 0.347, log10: 0.099, silog: 0.343
[2025-01-21 23:38:16,483][    INFO] Iter: 0/269, LR: 0.0000035, Loss: 0.210, SiLoss: 0.189, GradLoss: 0.084
[2025-01-21 23:41:25,662][    INFO] Iter: 100/269, LR: 0.0000035, Loss: 0.216, SiLoss: 0.194, GradLoss: 0.090
[2025-01-21 23:44:34,932][    INFO] Iter: 200/269, LR: 0.0000035, Loss: 0.227, SiLoss: 0.203, GradLoss: 0.097
[2025-01-21 23:47:22,326][    INFO] ==========================================================================================
[2025-01-21 23:47:22,326][    INFO]       d1,       d2,       d3,  abs_rel,   sq_rel,     rmse, rmse_log,    log10,    silog
[2025-01-21 23:47:22,327][    INFO]    0.630,    0.815,    0.917,    0.279,    2.601,    6.953,    0.367,    0.106,    0.362
[2025-01-21 23:47:22,327][    INFO] ==========================================================================================

[2025-01-21 23:47:29,744][    INFO] ===========> Epoch: 17/50, d1: 0.650, d2: 0.841, d3: 0.932
[2025-01-21 23:47:29,744][    INFO] ===========> Epoch: 17/50, abs_rel: 0.262, sq_rel: 2.175, rmse: 6.446, rmse_log: 0.347, log10: 0.099, silog: 0.343
[2025-01-21 23:47:32,189][    INFO] Iter: 0/269, LR: 0.0000034, Loss: 0.242, SiLoss: 0.215, GradLoss: 0.108
[2025-01-21 23:50:41,158][    INFO] Iter: 100/269, LR: 0.0000034, Loss: 0.221, SiLoss: 0.197, GradLoss: 0.093
[2025-01-21 23:53:50,194][    INFO] Iter: 200/269, LR: 0.0000034, Loss: 0.245, SiLoss: 0.220, GradLoss: 0.103
[2025-01-21 23:56:37,509][    INFO] ==========================================================================================
[2025-01-21 23:56:37,509][    INFO]       d1,       d2,       d3,  abs_rel,   sq_rel,     rmse, rmse_log,    log10,    silog
[2025-01-21 23:56:37,510][    INFO]    0.631,    0.826,    0.922,    0.268,    2.379,    6.969,    0.359,    0.103,    0.353
[2025-01-21 23:56:37,510][    INFO] ==========================================================================================

[2025-01-21 23:56:41,196][    INFO] ===========> Epoch: 18/50, d1: 0.650, d2: 0.841, d3: 0.932
[2025-01-21 23:56:41,196][    INFO] ===========> Epoch: 18/50, abs_rel: 0.262, sq_rel: 2.175, rmse: 6.446, rmse_log: 0.347, log10: 0.099, silog: 0.343
[2025-01-21 23:56:43,676][    INFO] Iter: 0/269, LR: 0.0000033, Loss: 0.239, SiLoss: 0.213, GradLoss: 0.104
[2025-01-21 23:59:52,740][    INFO] Iter: 100/269, LR: 0.0000033, Loss: 0.225, SiLoss: 0.200, GradLoss: 0.098
[2025-01-22 00:03:01,960][    INFO] Iter: 200/269, LR: 0.0000033, Loss: 0.214, SiLoss: 0.191, GradLoss: 0.092
[2025-01-22 00:05:49,397][    INFO] ==========================================================================================
[2025-01-22 00:05:49,397][    INFO]       d1,       d2,       d3,  abs_rel,   sq_rel,     rmse, rmse_log,    log10,    silog
[2025-01-22 00:05:49,397][    INFO]    0.633,    0.823,    0.920,    0.271,    2.461,    6.947,    0.360,    0.102,    0.355
[2025-01-22 00:05:49,397][    INFO] ==========================================================================================

[2025-01-22 00:05:53,098][    INFO] ===========> Epoch: 19/50, d1: 0.650, d2: 0.841, d3: 0.932
[2025-01-22 00:05:53,099][    INFO] ===========> Epoch: 19/50, abs_rel: 0.262, sq_rel: 2.175, rmse: 6.446, rmse_log: 0.347, log10: 0.099, silog: 0.343
[2025-01-22 00:05:55,572][    INFO] Iter: 0/269, LR: 0.0000033, Loss: 0.217, SiLoss: 0.194, GradLoss: 0.094
[2025-01-22 00:09:04,745][    INFO] Iter: 100/269, LR: 0.0000032, Loss: 0.248, SiLoss: 0.221, GradLoss: 0.108
[2025-01-22 00:12:13,953][    INFO] Iter: 200/269, LR: 0.0000032, Loss: 0.214, SiLoss: 0.191, GradLoss: 0.091
[2025-01-22 00:15:01,169][    INFO] ==========================================================================================
[2025-01-22 00:15:01,169][    INFO]       d1,       d2,       d3,  abs_rel,   sq_rel,     rmse, rmse_log,    log10,    silog
[2025-01-22 00:15:01,169][    INFO]    0.638,    0.826,    0.920,    0.275,    2.505,    6.884,    0.360,    0.103,    0.355
[2025-01-22 00:15:01,169][    INFO] ==========================================================================================

[2025-01-22 00:15:04,802][    INFO] ===========> Epoch: 20/50, d1: 0.650, d2: 0.841, d3: 0.932
[2025-01-22 00:15:04,802][    INFO] ===========> Epoch: 20/50, abs_rel: 0.262, sq_rel: 2.175, rmse: 6.446, rmse_log: 0.347, log10: 0.099, silog: 0.343
[2025-01-22 00:15:07,232][    INFO] Iter: 0/269, LR: 0.0000032, Loss: 0.212, SiLoss: 0.189, GradLoss: 0.089
[2025-01-22 00:18:16,103][    INFO] Iter: 100/269, LR: 0.0000031, Loss: 0.213, SiLoss: 0.190, GradLoss: 0.092
[2025-01-22 00:21:25,034][    INFO] Iter: 200/269, LR: 0.0000031, Loss: 0.237, SiLoss: 0.212, GradLoss: 0.101
[2025-01-22 00:24:11,893][    INFO] ==========================================================================================
[2025-01-22 00:24:11,893][    INFO]       d1,       d2,       d3,  abs_rel,   sq_rel,     rmse, rmse_log,    log10,    silog
[2025-01-22 00:24:11,894][    INFO]    0.633,    0.825,    0.920,    0.270,    2.411,    6.920,    0.359,    0.102,    0.355
[2025-01-22 00:24:11,894][    INFO] ==========================================================================================

[2025-01-22 00:24:15,533][    INFO] ===========> Epoch: 21/50, d1: 0.650, d2: 0.841, d3: 0.932
[2025-01-22 00:24:15,534][    INFO] ===========> Epoch: 21/50, abs_rel: 0.262, sq_rel: 2.175, rmse: 6.446, rmse_log: 0.347, log10: 0.099, silog: 0.343
[2025-01-22 00:24:18,002][    INFO] Iter: 0/269, LR: 0.0000031, Loss: 0.215, SiLoss: 0.192, GradLoss: 0.091
[2025-01-22 00:27:26,746][    INFO] Iter: 100/269, LR: 0.0000030, Loss: 0.232, SiLoss: 0.207, GradLoss: 0.100
[2025-01-22 00:30:35,641][    INFO] Iter: 200/269, LR: 0.0000030, Loss: 0.218, SiLoss: 0.194, GradLoss: 0.095
[2025-01-22 00:33:22,608][    INFO] ==========================================================================================
[2025-01-22 00:33:22,608][    INFO]       d1,       d2,       d3,  abs_rel,   sq_rel,     rmse, rmse_log,    log10,    silog
[2025-01-22 00:33:22,609][    INFO]    0.639,    0.828,    0.922,    0.276,    2.537,    6.844,    0.357,    0.101,    0.353
[2025-01-22 00:33:22,609][    INFO] ==========================================================================================

[2025-01-22 00:33:26,240][    INFO] ===========> Epoch: 22/50, d1: 0.650, d2: 0.841, d3: 0.932
[2025-01-22 00:33:26,240][    INFO] ===========> Epoch: 22/50, abs_rel: 0.262, sq_rel: 2.175, rmse: 6.446, rmse_log: 0.347, log10: 0.099, silog: 0.343
[2025-01-22 00:33:28,722][    INFO] Iter: 0/269, LR: 0.0000030, Loss: 0.235, SiLoss: 0.209, GradLoss: 0.103
[2025-01-22 00:36:41,129][    INFO] Iter: 100/269, LR: 0.0000029, Loss: 0.225, SiLoss: 0.201, GradLoss: 0.098
[2025-01-22 00:39:50,003][    INFO] Iter: 200/269, LR: 0.0000029, Loss: 0.239, SiLoss: 0.213, GradLoss: 0.107
[2025-01-22 00:42:37,064][    INFO] ==========================================================================================
[2025-01-22 00:42:37,065][    INFO]       d1,       d2,       d3,  abs_rel,   sq_rel,     rmse, rmse_log,    log10,    silog
[2025-01-22 00:42:37,065][    INFO]    0.638,    0.828,    0.923,    0.272,    2.465,    6.852,    0.356,    0.101,    0.352
[2025-01-22 00:42:37,065][    INFO] ==========================================================================================

[2025-01-22 00:42:52,372][    INFO] ===========> Epoch: 23/50, d1: 0.650, d2: 0.841, d3: 0.932
[2025-01-22 00:42:52,373][    INFO] ===========> Epoch: 23/50, abs_rel: 0.262, sq_rel: 2.175, rmse: 6.446, rmse_log: 0.347, log10: 0.099, silog: 0.343
[2025-01-22 00:42:54,844][    INFO] Iter: 0/269, LR: 0.0000029, Loss: 0.213, SiLoss: 0.190, GradLoss: 0.092
[2025-01-22 00:46:03,623][    INFO] Iter: 100/269, LR: 0.0000028, Loss: 0.226, SiLoss: 0.201, GradLoss: 0.098
[2025-01-22 00:49:12,576][    INFO] Iter: 200/269, LR: 0.0000028, Loss: 0.227, SiLoss: 0.203, GradLoss: 0.099
[2025-01-22 00:51:59,494][    INFO] ==========================================================================================
[2025-01-22 00:51:59,494][    INFO]       d1,       d2,       d3,  abs_rel,   sq_rel,     rmse, rmse_log,    log10,    silog
[2025-01-22 00:51:59,495][    INFO]    0.644,    0.831,    0.923,    0.275,    2.534,    6.735,    0.355,    0.101,    0.351
[2025-01-22 00:51:59,495][    INFO] ==========================================================================================

[2025-01-22 00:52:03,123][    INFO] ===========> Epoch: 24/50, d1: 0.650, d2: 0.841, d3: 0.932
[2025-01-22 00:52:03,124][    INFO] ===========> Epoch: 24/50, abs_rel: 0.262, sq_rel: 2.175, rmse: 6.446, rmse_log: 0.347, log10: 0.099, silog: 0.343
[2025-01-22 00:52:05,603][    INFO] Iter: 0/269, LR: 0.0000028, Loss: 0.211, SiLoss: 0.187, GradLoss: 0.095
[2025-01-22 00:55:14,450][    INFO] Iter: 100/269, LR: 0.0000027, Loss: 0.214, SiLoss: 0.190, GradLoss: 0.094
[2025-01-22 00:58:23,288][    INFO] Iter: 200/269, LR: 0.0000027, Loss: 0.218, SiLoss: 0.194, GradLoss: 0.095
[2025-01-22 01:01:10,129][    INFO] ==========================================================================================
[2025-01-22 01:01:10,129][    INFO]       d1,       d2,       d3,  abs_rel,   sq_rel,     rmse, rmse_log,    log10,    silog
[2025-01-22 01:01:10,130][    INFO]    0.633,    0.825,    0.922,    0.267,    2.356,    6.953,    0.356,    0.102,    0.352
[2025-01-22 01:01:10,130][    INFO] ==========================================================================================

[2025-01-22 01:01:13,842][    INFO] ===========> Epoch: 25/50, d1: 0.650, d2: 0.841, d3: 0.932
[2025-01-22 01:01:13,843][    INFO] ===========> Epoch: 25/50, abs_rel: 0.262, sq_rel: 2.175, rmse: 6.446, rmse_log: 0.347, log10: 0.099, silog: 0.343
[2025-01-22 01:01:16,323][    INFO] Iter: 0/269, LR: 0.0000027, Loss: 0.224, SiLoss: 0.199, GradLoss: 0.102
[2025-01-22 01:04:25,138][    INFO] Iter: 100/269, LR: 0.0000026, Loss: 0.228, SiLoss: 0.202, GradLoss: 0.104
[2025-01-22 01:07:34,041][    INFO] Iter: 200/269, LR: 0.0000026, Loss: 0.205, SiLoss: 0.183, GradLoss: 0.090
[2025-01-22 01:10:21,071][    INFO] ==========================================================================================
[2025-01-22 01:10:21,071][    INFO]       d1,       d2,       d3,  abs_rel,   sq_rel,     rmse, rmse_log,    log10,    silog
[2025-01-22 01:10:21,071][    INFO]    0.638,    0.826,    0.919,    0.275,    2.559,    6.904,    0.361,    0.102,    0.356
[2025-01-22 01:10:21,071][    INFO] ==========================================================================================

[2025-01-22 01:10:24,668][    INFO] ===========> Epoch: 26/50, d1: 0.650, d2: 0.841, d3: 0.932
[2025-01-22 01:10:24,668][    INFO] ===========> Epoch: 26/50, abs_rel: 0.262, sq_rel: 2.175, rmse: 6.446, rmse_log: 0.347, log10: 0.099, silog: 0.343
[2025-01-22 01:10:27,120][    INFO] Iter: 0/269, LR: 0.0000026, Loss: 0.207, SiLoss: 0.184, GradLoss: 0.093
[2025-01-22 01:13:36,107][    INFO] Iter: 100/269, LR: 0.0000025, Loss: 0.212, SiLoss: 0.189, GradLoss: 0.093
[2025-01-22 01:16:45,125][    INFO] Iter: 200/269, LR: 0.0000025, Loss: 0.220, SiLoss: 0.195, GradLoss: 0.100
[2025-01-22 01:19:32,132][    INFO] ==========================================================================================
[2025-01-22 01:19:32,133][    INFO]       d1,       d2,       d3,  abs_rel,   sq_rel,     rmse, rmse_log,    log10,    silog
[2025-01-22 01:19:32,133][    INFO]    0.637,    0.824,    0.919,    0.273,    2.517,    6.968,    0.360,    0.102,    0.356
[2025-01-22 01:19:32,133][    INFO] ==========================================================================================

[2025-01-22 01:19:38,763][    INFO] ===========> Epoch: 27/50, d1: 0.650, d2: 0.841, d3: 0.932
[2025-01-22 01:19:38,763][    INFO] ===========> Epoch: 27/50, abs_rel: 0.262, sq_rel: 2.175, rmse: 6.446, rmse_log: 0.347, log10: 0.099, silog: 0.343
[2025-01-22 01:19:41,256][    INFO] Iter: 0/269, LR: 0.0000025, Loss: 0.235, SiLoss: 0.208, GradLoss: 0.107
[2025-01-22 01:22:49,889][    INFO] Iter: 100/269, LR: 0.0000024, Loss: 0.227, SiLoss: 0.201, GradLoss: 0.105
[2025-01-22 01:25:58,745][    INFO] Iter: 200/269, LR: 0.0000024, Loss: 0.201, SiLoss: 0.179, GradLoss: 0.087
[2025-01-22 01:28:45,485][    INFO] ==========================================================================================
[2025-01-22 01:28:45,486][    INFO]       d1,       d2,       d3,  abs_rel,   sq_rel,     rmse, rmse_log,    log10,    silog
[2025-01-22 01:28:45,486][    INFO]    0.638,    0.827,    0.922,    0.271,    2.513,    6.815,    0.356,    0.101,    0.352
[2025-01-22 01:28:45,486][    INFO] ==========================================================================================

[2025-01-22 01:28:49,123][    INFO] ===========> Epoch: 28/50, d1: 0.650, d2: 0.841, d3: 0.932
[2025-01-22 01:28:49,123][    INFO] ===========> Epoch: 28/50, abs_rel: 0.262, sq_rel: 2.175, rmse: 6.446, rmse_log: 0.347, log10: 0.099, silog: 0.343
[2025-01-22 01:28:51,550][    INFO] Iter: 0/269, LR: 0.0000024, Loss: 0.206, SiLoss: 0.183, GradLoss: 0.092
[2025-01-22 01:32:00,223][    INFO] Iter: 100/269, LR: 0.0000024, Loss: 0.235, SiLoss: 0.208, GradLoss: 0.107
[2025-01-22 01:35:09,039][    INFO] Iter: 200/269, LR: 0.0000023, Loss: 0.192, SiLoss: 0.171, GradLoss: 0.084
[2025-01-22 01:37:55,916][    INFO] ==========================================================================================
[2025-01-22 01:37:55,916][    INFO]       d1,       d2,       d3,  abs_rel,   sq_rel,     rmse, rmse_log,    log10,    silog
[2025-01-22 01:37:55,916][    INFO]    0.638,    0.827,    0.922,    0.269,    2.453,    6.867,    0.357,    0.102,    0.353
[2025-01-22 01:37:55,916][    INFO] ==========================================================================================

[2025-01-22 01:38:03,097][    INFO] ===========> Epoch: 29/50, d1: 0.650, d2: 0.841, d3: 0.932
[2025-01-22 01:38:03,097][    INFO] ===========> Epoch: 29/50, abs_rel: 0.262, sq_rel: 2.175, rmse: 6.446, rmse_log: 0.347, log10: 0.099, silog: 0.343
[2025-01-22 01:38:05,524][    INFO] Iter: 0/269, LR: 0.0000023, Loss: 0.212, SiLoss: 0.188, GradLoss: 0.094
[2025-01-22 01:41:14,280][    INFO] Iter: 100/269, LR: 0.0000023, Loss: 0.215, SiLoss: 0.191, GradLoss: 0.096
[2025-01-22 01:44:26,822][    INFO] Iter: 200/269, LR: 0.0000022, Loss: 0.200, SiLoss: 0.178, GradLoss: 0.088
[2025-01-22 01:47:13,834][    INFO] ==========================================================================================
[2025-01-22 01:47:13,834][    INFO]       d1,       d2,       d3,  abs_rel,   sq_rel,     rmse, rmse_log,    log10,    silog
[2025-01-22 01:47:13,834][    INFO]    0.634,    0.825,    0.919,    0.282,    2.610,    6.884,    0.361,    0.103,    0.356
[2025-01-22 01:47:13,835][    INFO] ==========================================================================================

[2025-01-22 01:47:17,529][    INFO] ===========> Epoch: 30/50, d1: 0.650, d2: 0.841, d3: 0.932
[2025-01-22 01:47:17,530][    INFO] ===========> Epoch: 30/50, abs_rel: 0.262, sq_rel: 2.175, rmse: 6.446, rmse_log: 0.347, log10: 0.099, silog: 0.343
[2025-01-22 01:47:20,020][    INFO] Iter: 0/269, LR: 0.0000022, Loss: 0.236, SiLoss: 0.210, GradLoss: 0.105
[2025-01-22 01:50:28,894][    INFO] Iter: 100/269, LR: 0.0000022, Loss: 0.217, SiLoss: 0.193, GradLoss: 0.098
[2025-01-22 01:53:37,895][    INFO] Iter: 200/269, LR: 0.0000021, Loss: 0.215, SiLoss: 0.190, GradLoss: 0.098
[2025-01-22 01:56:25,089][    INFO] ==========================================================================================
[2025-01-22 01:56:25,089][    INFO]       d1,       d2,       d3,  abs_rel,   sq_rel,     rmse, rmse_log,    log10,    silog
[2025-01-22 01:56:25,090][    INFO]    0.640,    0.828,    0.922,    0.272,    2.468,    6.904,    0.355,    0.101,    0.351
[2025-01-22 01:56:25,090][    INFO] ==========================================================================================

[2025-01-22 01:56:28,823][    INFO] ===========> Epoch: 31/50, d1: 0.650, d2: 0.841, d3: 0.932
[2025-01-22 01:56:28,823][    INFO] ===========> Epoch: 31/50, abs_rel: 0.262, sq_rel: 2.175, rmse: 6.446, rmse_log: 0.347, log10: 0.099, silog: 0.343
[2025-01-22 01:56:31,292][    INFO] Iter: 0/269, LR: 0.0000021, Loss: 0.202, SiLoss: 0.179, GradLoss: 0.093
[2025-01-22 01:59:40,100][    INFO] Iter: 100/269, LR: 0.0000021, Loss: 0.220, SiLoss: 0.195, GradLoss: 0.100
[2025-01-22 02:02:48,958][    INFO] Iter: 200/269, LR: 0.0000020, Loss: 0.212, SiLoss: 0.187, GradLoss: 0.099
[2025-01-22 02:05:36,133][    INFO] ==========================================================================================
[2025-01-22 02:05:36,133][    INFO]       d1,       d2,       d3,  abs_rel,   sq_rel,     rmse, rmse_log,    log10,    silog
[2025-01-22 02:05:36,134][    INFO]    0.635,    0.822,    0.919,    0.270,    2.471,    7.053,    0.362,    0.103,    0.357
[2025-01-22 02:05:36,134][    INFO] ==========================================================================================

[2025-01-22 02:05:39,855][    INFO] ===========> Epoch: 32/50, d1: 0.650, d2: 0.841, d3: 0.932
[2025-01-22 02:05:39,856][    INFO] ===========> Epoch: 32/50, abs_rel: 0.262, sq_rel: 2.175, rmse: 6.446, rmse_log: 0.347, log10: 0.099, silog: 0.343
[2025-01-22 02:05:42,345][    INFO] Iter: 0/269, LR: 0.0000020, Loss: 0.235, SiLoss: 0.208, GradLoss: 0.109
[2025-01-22 02:08:51,303][    INFO] Iter: 100/269, LR: 0.0000020, Loss: 0.225, SiLoss: 0.200, GradLoss: 0.101
[2025-01-22 02:12:00,338][    INFO] Iter: 200/269, LR: 0.0000019, Loss: 0.216, SiLoss: 0.192, GradLoss: 0.097
[2025-01-22 02:14:47,545][    INFO] ==========================================================================================
[2025-01-22 02:14:47,546][    INFO]       d1,       d2,       d3,  abs_rel,   sq_rel,     rmse, rmse_log,    log10,    silog
[2025-01-22 02:14:47,546][    INFO]    0.635,    0.822,    0.918,    0.273,    2.513,    6.964,    0.362,    0.102,    0.357
[2025-01-22 02:14:47,546][    INFO] ==========================================================================================

[2025-01-22 02:14:51,248][    INFO] ===========> Epoch: 33/50, d1: 0.650, d2: 0.841, d3: 0.932
[2025-01-22 02:14:51,248][    INFO] ===========> Epoch: 33/50, abs_rel: 0.262, sq_rel: 2.175, rmse: 6.446, rmse_log: 0.347, log10: 0.099, silog: 0.343
[2025-01-22 02:14:53,685][    INFO] Iter: 0/269, LR: 0.0000019, Loss: 0.214, SiLoss: 0.189, GradLoss: 0.100
[2025-01-22 02:18:02,547][    INFO] Iter: 100/269, LR: 0.0000019, Loss: 0.195, SiLoss: 0.173, GradLoss: 0.089
[2025-01-22 02:21:11,297][    INFO] Iter: 200/269, LR: 0.0000018, Loss: 0.193, SiLoss: 0.172, GradLoss: 0.085
[2025-01-22 02:23:58,378][    INFO] ==========================================================================================
[2025-01-22 02:23:58,379][    INFO]       d1,       d2,       d3,  abs_rel,   sq_rel,     rmse, rmse_log,    log10,    silog
[2025-01-22 02:23:58,379][    INFO]    0.637,    0.824,    0.920,    0.274,    2.549,    6.948,    0.360,    0.103,    0.356
[2025-01-22 02:23:58,379][    INFO] ==========================================================================================

[2025-01-22 02:24:01,926][    INFO] ===========> Epoch: 34/50, d1: 0.650, d2: 0.841, d3: 0.932
[2025-01-22 02:24:01,927][    INFO] ===========> Epoch: 34/50, abs_rel: 0.262, sq_rel: 2.175, rmse: 6.446, rmse_log: 0.347, log10: 0.099, silog: 0.343
[2025-01-22 02:24:04,359][    INFO] Iter: 0/269, LR: 0.0000018, Loss: 0.204, SiLoss: 0.180, GradLoss: 0.095
[2025-01-22 02:27:13,180][    INFO] Iter: 100/269, LR: 0.0000018, Loss: 0.207, SiLoss: 0.183, GradLoss: 0.096
[2025-01-22 02:30:22,174][    INFO] Iter: 200/269, LR: 0.0000017, Loss: 0.215, SiLoss: 0.191, GradLoss: 0.097
[2025-01-22 02:33:09,351][    INFO] ==========================================================================================
[2025-01-22 02:33:09,351][    INFO]       d1,       d2,       d3,  abs_rel,   sq_rel,     rmse, rmse_log,    log10,    silog
[2025-01-22 02:33:09,351][    INFO]    0.634,    0.820,    0.917,    0.272,    2.501,    7.031,    0.363,    0.103,    0.358
[2025-01-22 02:33:09,351][    INFO] ==========================================================================================

[2025-01-22 02:33:13,022][    INFO] ===========> Epoch: 35/50, d1: 0.650, d2: 0.841, d3: 0.932
[2025-01-22 02:33:13,022][    INFO] ===========> Epoch: 35/50, abs_rel: 0.262, sq_rel: 2.175, rmse: 6.446, rmse_log: 0.347, log10: 0.099, silog: 0.343
[2025-01-22 02:33:15,504][    INFO] Iter: 0/269, LR: 0.0000017, Loss: 0.210, SiLoss: 0.185, GradLoss: 0.097
[2025-01-22 02:36:24,412][    INFO] Iter: 100/269, LR: 0.0000017, Loss: 0.213, SiLoss: 0.188, GradLoss: 0.100
[2025-01-22 02:39:33,421][    INFO] Iter: 200/269, LR: 0.0000016, Loss: 0.197, SiLoss: 0.174, GradLoss: 0.092
[2025-01-22 02:42:20,631][    INFO] ==========================================================================================
[2025-01-22 02:42:20,631][    INFO]       d1,       d2,       d3,  abs_rel,   sq_rel,     rmse, rmse_log,    log10,    silog
[2025-01-22 02:42:20,632][    INFO]    0.641,    0.826,    0.921,    0.273,    2.531,    6.828,    0.358,    0.101,    0.354
[2025-01-22 02:42:20,632][    INFO] ==========================================================================================

[2025-01-22 02:42:24,277][    INFO] ===========> Epoch: 36/50, d1: 0.650, d2: 0.841, d3: 0.932
[2025-01-22 02:42:24,277][    INFO] ===========> Epoch: 36/50, abs_rel: 0.262, sq_rel: 2.175, rmse: 6.446, rmse_log: 0.347, log10: 0.099, silog: 0.343
[2025-01-22 02:42:26,713][    INFO] Iter: 0/269, LR: 0.0000016, Loss: 0.201, SiLoss: 0.177, GradLoss: 0.094
[2025-01-22 02:45:35,670][    INFO] Iter: 100/269, LR: 0.0000016, Loss: 0.188, SiLoss: 0.168, GradLoss: 0.082
[2025-01-22 02:48:44,756][    INFO] Iter: 200/269, LR: 0.0000015, Loss: 0.211, SiLoss: 0.187, GradLoss: 0.097
[2025-01-22 02:51:32,164][    INFO] ==========================================================================================
[2025-01-22 02:51:32,164][    INFO]       d1,       d2,       d3,  abs_rel,   sq_rel,     rmse, rmse_log,    log10,    silog
[2025-01-22 02:51:32,164][    INFO]    0.635,    0.822,    0.919,    0.270,    2.473,    7.022,    0.361,    0.103,    0.356
[2025-01-22 02:51:32,164][    INFO] ==========================================================================================

[2025-01-22 02:51:35,819][    INFO] ===========> Epoch: 37/50, d1: 0.650, d2: 0.841, d3: 0.932
[2025-01-22 02:51:35,820][    INFO] ===========> Epoch: 37/50, abs_rel: 0.262, sq_rel: 2.175, rmse: 6.446, rmse_log: 0.347, log10: 0.099, silog: 0.343
[2025-01-22 02:51:38,333][    INFO] Iter: 0/269, LR: 0.0000015, Loss: 0.213, SiLoss: 0.189, GradLoss: 0.097
[2025-01-22 02:54:50,803][    INFO] Iter: 100/269, LR: 0.0000014, Loss: 0.210, SiLoss: 0.185, GradLoss: 0.098
[2025-01-22 02:57:59,814][    INFO] Iter: 200/269, LR: 0.0000014, Loss: 0.241, SiLoss: 0.213, GradLoss: 0.112
[2025-01-22 03:00:47,020][    INFO] ==========================================================================================
[2025-01-22 03:00:47,020][    INFO]       d1,       d2,       d3,  abs_rel,   sq_rel,     rmse, rmse_log,    log10,    silog
[2025-01-22 03:00:47,021][    INFO]    0.636,    0.824,    0.920,    0.270,    2.484,    6.990,    0.360,    0.103,    0.356
[2025-01-22 03:00:47,021][    INFO] ==========================================================================================

[2025-01-22 03:00:50,636][    INFO] ===========> Epoch: 38/50, d1: 0.650, d2: 0.841, d3: 0.932
[2025-01-22 03:00:50,636][    INFO] ===========> Epoch: 38/50, abs_rel: 0.262, sq_rel: 2.175, rmse: 6.446, rmse_log: 0.347, log10: 0.099, silog: 0.343
[2025-01-22 03:00:53,080][    INFO] Iter: 0/269, LR: 0.0000014, Loss: 0.203, SiLoss: 0.179, GradLoss: 0.097
[2025-01-22 03:04:02,049][    INFO] Iter: 100/269, LR: 0.0000013, Loss: 0.200, SiLoss: 0.177, GradLoss: 0.094
[2025-01-22 03:07:11,115][    INFO] Iter: 200/269, LR: 0.0000013, Loss: 0.211, SiLoss: 0.186, GradLoss: 0.098
[2025-01-22 03:09:58,164][    INFO] ==========================================================================================
[2025-01-22 03:09:58,164][    INFO]       d1,       d2,       d3,  abs_rel,   sq_rel,     rmse, rmse_log,    log10,    silog
[2025-01-22 03:09:58,165][    INFO]    0.638,    0.824,    0.920,    0.272,    2.536,    6.960,    0.360,    0.102,    0.356
[2025-01-22 03:09:58,165][    INFO] ==========================================================================================

[2025-01-22 03:10:01,740][    INFO] ===========> Epoch: 39/50, d1: 0.650, d2: 0.841, d3: 0.932
[2025-01-22 03:10:01,741][    INFO] ===========> Epoch: 39/50, abs_rel: 0.262, sq_rel: 2.175, rmse: 6.446, rmse_log: 0.347, log10: 0.099, silog: 0.343
[2025-01-22 03:10:04,203][    INFO] Iter: 0/269, LR: 0.0000013, Loss: 0.200, SiLoss: 0.176, GradLoss: 0.095
[2025-01-22 03:13:13,064][    INFO] Iter: 100/269, LR: 0.0000012, Loss: 0.211, SiLoss: 0.187, GradLoss: 0.099
[2025-01-22 03:16:21,994][    INFO] Iter: 200/269, LR: 0.0000012, Loss: 0.200, SiLoss: 0.177, GradLoss: 0.092
[2025-01-22 03:19:09,028][    INFO] ==========================================================================================
[2025-01-22 03:19:09,028][    INFO]       d1,       d2,       d3,  abs_rel,   sq_rel,     rmse, rmse_log,    log10,    silog
[2025-01-22 03:19:09,028][    INFO]    0.642,    0.825,    0.920,    0.271,    2.512,    6.936,    0.360,    0.102,    0.356
[2025-01-22 03:19:09,028][    INFO] ==========================================================================================

[2025-01-22 03:19:17,087][    INFO] ===========> Epoch: 40/50, d1: 0.650, d2: 0.841, d3: 0.932
[2025-01-22 03:19:17,087][    INFO] ===========> Epoch: 40/50, abs_rel: 0.262, sq_rel: 2.175, rmse: 6.446, rmse_log: 0.347, log10: 0.099, silog: 0.343
[2025-01-22 03:19:19,535][    INFO] Iter: 0/269, LR: 0.0000012, Loss: 0.224, SiLoss: 0.198, GradLoss: 0.102
[2025-01-22 03:22:28,488][    INFO] Iter: 100/269, LR: 0.0000011, Loss: 0.204, SiLoss: 0.180, GradLoss: 0.092
[2025-01-22 03:25:37,666][    INFO] Iter: 200/269, LR: 0.0000011, Loss: 0.194, SiLoss: 0.172, GradLoss: 0.090
[2025-01-22 03:28:24,811][    INFO] ==========================================================================================
[2025-01-22 03:28:24,811][    INFO]       d1,       d2,       d3,  abs_rel,   sq_rel,     rmse, rmse_log,    log10,    silog
[2025-01-22 03:28:24,812][    INFO]    0.636,    0.822,    0.918,    0.273,    2.537,    7.010,    0.361,    0.102,    0.357
[2025-01-22 03:28:24,812][    INFO] ==========================================================================================

[2025-01-22 03:28:28,412][    INFO] ===========> Epoch: 41/50, d1: 0.650, d2: 0.841, d3: 0.932
[2025-01-22 03:28:28,412][    INFO] ===========> Epoch: 41/50, abs_rel: 0.262, sq_rel: 2.175, rmse: 6.446, rmse_log: 0.347, log10: 0.099, silog: 0.343
[2025-01-22 03:28:30,863][    INFO] Iter: 0/269, LR: 0.0000011, Loss: 0.196, SiLoss: 0.173, GradLoss: 0.091
[2025-01-22 03:31:39,858][    INFO] Iter: 100/269, LR: 0.0000010, Loss: 0.187, SiLoss: 0.165, GradLoss: 0.085
[2025-01-22 03:34:48,733][    INFO] Iter: 200/269, LR: 0.0000010, Loss: 0.208, SiLoss: 0.183, GradLoss: 0.098
[2025-01-22 03:37:35,701][    INFO] ==========================================================================================
[2025-01-22 03:37:35,701][    INFO]       d1,       d2,       d3,  abs_rel,   sq_rel,     rmse, rmse_log,    log10,    silog
[2025-01-22 03:37:35,702][    INFO]    0.633,    0.821,    0.918,    0.266,    2.439,    7.091,    0.361,    0.103,    0.357
[2025-01-22 03:37:35,702][    INFO] ==========================================================================================

[2025-01-22 03:37:42,809][    INFO] ===========> Epoch: 42/50, d1: 0.650, d2: 0.841, d3: 0.932
[2025-01-22 03:37:42,809][    INFO] ===========> Epoch: 42/50, abs_rel: 0.262, sq_rel: 2.175, rmse: 6.446, rmse_log: 0.347, log10: 0.099, silog: 0.343
[2025-01-22 03:37:45,279][    INFO] Iter: 0/269, LR: 0.0000010, Loss: 0.183, SiLoss: 0.162, GradLoss: 0.085
[2025-01-22 03:40:54,189][    INFO] Iter: 100/269, LR: 0.0000009, Loss: 0.198, SiLoss: 0.175, GradLoss: 0.092
[2025-01-22 03:44:03,337][    INFO] Iter: 200/269, LR: 0.0000009, Loss: 0.202, SiLoss: 0.179, GradLoss: 0.093
[2025-01-22 03:46:50,477][    INFO] ==========================================================================================
[2025-01-22 03:46:50,477][    INFO]       d1,       d2,       d3,  abs_rel,   sq_rel,     rmse, rmse_log,    log10,    silog
[2025-01-22 03:46:50,478][    INFO]    0.635,    0.821,    0.917,    0.272,    2.518,    7.063,    0.362,    0.103,    0.358
[2025-01-22 03:46:50,478][    INFO] ==========================================================================================

[2025-01-22 03:46:54,185][    INFO] ===========> Epoch: 43/50, d1: 0.650, d2: 0.841, d3: 0.932
[2025-01-22 03:46:54,186][    INFO] ===========> Epoch: 43/50, abs_rel: 0.262, sq_rel: 2.175, rmse: 6.446, rmse_log: 0.347, log10: 0.099, silog: 0.343
[2025-01-22 03:46:56,628][    INFO] Iter: 0/269, LR: 0.0000009, Loss: 0.209, SiLoss: 0.184, GradLoss: 0.099
[2025-01-22 03:50:05,594][    INFO] Iter: 100/269, LR: 0.0000008, Loss: 0.210, SiLoss: 0.185, GradLoss: 0.097
[2025-01-22 03:53:14,537][    INFO] Iter: 200/269, LR: 0.0000008, Loss: 0.187, SiLoss: 0.166, GradLoss: 0.086
[2025-01-22 03:56:01,535][    INFO] ==========================================================================================
[2025-01-22 03:56:01,535][    INFO]       d1,       d2,       d3,  abs_rel,   sq_rel,     rmse, rmse_log,    log10,    silog
[2025-01-22 03:56:01,536][    INFO]    0.636,    0.822,    0.918,    0.272,    2.538,    7.008,    0.362,    0.102,    0.357
[2025-01-22 03:56:01,536][    INFO] ==========================================================================================

[2025-01-22 03:56:08,898][    INFO] ===========> Epoch: 44/50, d1: 0.650, d2: 0.841, d3: 0.932
[2025-01-22 03:56:08,898][    INFO] ===========> Epoch: 44/50, abs_rel: 0.262, sq_rel: 2.175, rmse: 6.446, rmse_log: 0.347, log10: 0.099, silog: 0.343
[2025-01-22 03:56:11,363][    INFO] Iter: 0/269, LR: 0.0000007, Loss: 0.207, SiLoss: 0.183, GradLoss: 0.097
[2025-01-22 03:59:20,142][    INFO] Iter: 100/269, LR: 0.0000007, Loss: 0.180, SiLoss: 0.160, GradLoss: 0.080
[2025-01-22 04:02:36,274][    INFO] Iter: 200/269, LR: 0.0000007, Loss: 0.214, SiLoss: 0.189, GradLoss: 0.099
[2025-01-22 04:05:23,052][    INFO] ==========================================================================================
[2025-01-22 04:05:23,053][    INFO]       d1,       d2,       d3,  abs_rel,   sq_rel,     rmse, rmse_log,    log10,    silog
[2025-01-22 04:05:23,053][    INFO]    0.637,    0.821,    0.917,    0.272,    2.536,    7.039,    0.363,    0.103,    0.358
[2025-01-22 04:05:23,053][    INFO] ==========================================================================================

[2025-01-22 04:05:26,754][    INFO] ===========> Epoch: 45/50, d1: 0.650, d2: 0.841, d3: 0.932
[2025-01-22 04:05:26,755][    INFO] ===========> Epoch: 45/50, abs_rel: 0.262, sq_rel: 2.175, rmse: 6.446, rmse_log: 0.347, log10: 0.099, silog: 0.343
[2025-01-22 04:05:29,235][    INFO] Iter: 0/269, LR: 0.0000006, Loss: 0.180, SiLoss: 0.159, GradLoss: 0.083
[2025-01-22 04:08:38,134][    INFO] Iter: 100/269, LR: 0.0000006, Loss: 0.199, SiLoss: 0.176, GradLoss: 0.095
[2025-01-22 04:11:47,124][    INFO] Iter: 200/269, LR: 0.0000005, Loss: 0.177, SiLoss: 0.157, GradLoss: 0.081
[2025-01-22 04:14:34,099][    INFO] ==========================================================================================
[2025-01-22 04:14:34,099][    INFO]       d1,       d2,       d3,  abs_rel,   sq_rel,     rmse, rmse_log,    log10,    silog
[2025-01-22 04:14:34,100][    INFO]    0.635,    0.821,    0.918,    0.271,    2.525,    7.018,    0.362,    0.102,    0.358
[2025-01-22 04:14:34,100][    INFO] ==========================================================================================

[2025-01-22 04:14:41,341][    INFO] ===========> Epoch: 46/50, d1: 0.650, d2: 0.841, d3: 0.932
[2025-01-22 04:14:41,342][    INFO] ===========> Epoch: 46/50, abs_rel: 0.262, sq_rel: 2.175, rmse: 6.446, rmse_log: 0.347, log10: 0.099, silog: 0.343
[2025-01-22 04:14:43,768][    INFO] Iter: 0/269, LR: 0.0000005, Loss: 0.198, SiLoss: 0.175, GradLoss: 0.093
[2025-01-22 04:17:52,579][    INFO] Iter: 100/269, LR: 0.0000005, Loss: 0.208, SiLoss: 0.183, GradLoss: 0.099
[2025-01-22 04:21:01,587][    INFO] Iter: 200/269, LR: 0.0000004, Loss: 0.211, SiLoss: 0.187, GradLoss: 0.097
[2025-01-22 04:23:48,621][    INFO] ==========================================================================================
[2025-01-22 04:23:48,622][    INFO]       d1,       d2,       d3,  abs_rel,   sq_rel,     rmse, rmse_log,    log10,    silog
[2025-01-22 04:23:48,622][    INFO]    0.637,    0.822,    0.918,    0.271,    2.532,    6.999,    0.362,    0.102,    0.357
[2025-01-22 04:23:48,622][    INFO] ==========================================================================================

[2025-01-22 04:23:52,304][    INFO] ===========> Epoch: 47/50, d1: 0.650, d2: 0.841, d3: 0.932
[2025-01-22 04:23:52,304][    INFO] ===========> Epoch: 47/50, abs_rel: 0.262, sq_rel: 2.175, rmse: 6.446, rmse_log: 0.347, log10: 0.099, silog: 0.343
[2025-01-22 04:23:54,783][    INFO] Iter: 0/269, LR: 0.0000004, Loss: 0.186, SiLoss: 0.165, GradLoss: 0.084
[2025-01-22 04:27:03,719][    INFO] Iter: 100/269, LR: 0.0000004, Loss: 0.205, SiLoss: 0.182, GradLoss: 0.095
[2025-01-22 04:30:12,743][    INFO] Iter: 200/269, LR: 0.0000003, Loss: 0.201, SiLoss: 0.177, GradLoss: 0.094
[2025-01-22 04:32:59,844][    INFO] ==========================================================================================
[2025-01-22 04:32:59,844][    INFO]       d1,       d2,       d3,  abs_rel,   sq_rel,     rmse, rmse_log,    log10,    silog
[2025-01-22 04:32:59,845][    INFO]    0.636,    0.821,    0.918,    0.270,    2.507,    7.042,    0.362,    0.102,    0.357
[2025-01-22 04:32:59,845][    INFO] ==========================================================================================

[2025-01-22 04:33:06,564][    INFO] ===========> Epoch: 48/50, d1: 0.650, d2: 0.841, d3: 0.932
[2025-01-22 04:33:06,564][    INFO] ===========> Epoch: 48/50, abs_rel: 0.262, sq_rel: 2.175, rmse: 6.446, rmse_log: 0.347, log10: 0.099, silog: 0.343
[2025-01-22 04:33:09,061][    INFO] Iter: 0/269, LR: 0.0000003, Loss: 0.220, SiLoss: 0.194, GradLoss: 0.105
[2025-01-22 04:36:17,995][    INFO] Iter: 100/269, LR: 0.0000002, Loss: 0.202, SiLoss: 0.179, GradLoss: 0.093
[2025-01-22 04:39:27,091][    INFO] Iter: 200/269, LR: 0.0000002, Loss: 0.223, SiLoss: 0.197, GradLoss: 0.107
[2025-01-22 04:42:14,237][    INFO] ==========================================================================================
[2025-01-22 04:42:14,237][    INFO]       d1,       d2,       d3,  abs_rel,   sq_rel,     rmse, rmse_log,    log10,    silog
[2025-01-22 04:42:14,238][    INFO]    0.637,    0.822,    0.918,    0.271,    2.535,    7.000,    0.361,    0.102,    0.357
[2025-01-22 04:42:14,238][    INFO] ==========================================================================================

[2025-01-22 04:42:17,801][    INFO] ===========> Epoch: 49/50, d1: 0.650, d2: 0.841, d3: 0.932
[2025-01-22 04:42:17,801][    INFO] ===========> Epoch: 49/50, abs_rel: 0.262, sq_rel: 2.175, rmse: 6.446, rmse_log: 0.347, log10: 0.099, silog: 0.343
[2025-01-22 04:42:20,260][    INFO] Iter: 0/269, LR: 0.0000001, Loss: 0.195, SiLoss: 0.172, GradLoss: 0.091
[2025-01-22 04:45:29,300][    INFO] Iter: 100/269, LR: 0.0000001, Loss: 0.194, SiLoss: 0.170, GradLoss: 0.094
[2025-01-22 04:48:38,367][    INFO] Iter: 200/269, LR: 0.0000000, Loss: 0.211, SiLoss: 0.187, GradLoss: 0.097
[2025-01-22 04:51:25,442][    INFO] ==========================================================================================
[2025-01-22 04:51:25,442][    INFO]       d1,       d2,       d3,  abs_rel,   sq_rel,     rmse, rmse_log,    log10,    silog
[2025-01-22 04:51:25,443][    INFO]    0.637,    0.822,    0.918,    0.271,    2.523,    7.015,    0.361,    0.102,    0.357
[2025-01-22 04:51:25,443][    INFO] ==========================================================================================

