/data/miniconda/envs/torch/lib/python3.10/site-packages/torch/distributed/launch.py:183: FutureWarning: The module torch.distributed.launch is deprecated
and will be removed in future. Use torchrun.
Note that --use-env is set by default in torchrun.
If your script expects `--local-rank` argument to be set, please
change it to read from `os.environ['LOCAL_RANK']` instead. See 
https://pytorch.org/docs/stable/distributed.html#launch-utility for 
further instructions

  warnings.warn(
W0106 18:26:33.761000 140298937526080 torch/distributed/run.py:757] 
W0106 18:26:33.761000 140298937526080 torch/distributed/run.py:757] *****************************************
W0106 18:26:33.761000 140298937526080 torch/distributed/run.py:757] Setting OMP_NUM_THREADS environment variable for each process to be 1 in default, to avoid your system being overloaded, please further tune the variable for optimal performance in your application as needed. 
W0106 18:26:33.761000 140298937526080 torch/distributed/run.py:757] *****************************************
/data/miniconda/envs/torch/lib/python3.10/site-packages/timm/models/layers/__init__.py:48: FutureWarning: Importing from timm.models.layers is deprecated, please import via timm.layers
  warnings.warn(f"Importing from {__name__} is deprecated, please import via timm.layers", FutureWarning)
/data/miniconda/envs/torch/lib/python3.10/site-packages/timm/models/layers/__init__.py:48: FutureWarning: Importing from timm.models.layers is deprecated, please import via timm.layers
  warnings.warn(f"Importing from {__name__} is deprecated, please import via timm.layers", FutureWarning)
[2025-01-06 18:26:37,428][    INFO] {'bs': 8,
 'dataset': 'eventscape',
 'depth_anything_pretrained': '/data/coding/upload-data/checkpoints/depth_anything_v2_vitl.pth',
 'encoder': 'vitl',
 'epochs': 20,
 'event_voxel_chans': 3,
 'finetune_mode': 'decoder',
 'img_size': 350,
 'local_rank': 0,
 'lr': 5e-06,
 'max_depth': 1.0,
 'min_depth': 0.0,
 'ngpus': 2,
 'normalized_depth': True,
 'port': 20596,
 'pretrained_from': None,
 'prompt_type': 'epde_deep',
 'save_path': '/data/coding/code/da2-prompt-tuning/exp/var_fuse_erect_eventscape_decoder_nl_20250106_182632'}

INFO:dinov2:using MLP layer as FFN
INFO:dinov2:using MLP layer as FFN
Loaded pretrained weights from /data/coding/upload-data/checkpoints/depth_anything_v2_vitl.pth
Loaded pretrained weights from /data/coding/upload-data/checkpoints/depth_anything_v2_vitl.pth
The freezing mode of weights is: decoder
The freezing mode of weights is: decoder
[2025-01-06 18:26:47,551][    INFO] Module: module.depth_head.projects.0.weight, Trainable Parameters: 262144
[2025-01-06 18:26:47,551][    INFO] Module: module.depth_head.projects.0.bias, Trainable Parameters: 256
[2025-01-06 18:26:47,551][    INFO] Module: module.depth_head.projects.1.weight, Trainable Parameters: 524288
[2025-01-06 18:26:47,551][    INFO] Module: module.depth_head.projects.1.bias, Trainable Parameters: 512
[2025-01-06 18:26:47,551][    INFO] Module: module.depth_head.projects.2.weight, Trainable Parameters: 1048576
[2025-01-06 18:26:47,551][    INFO] Module: module.depth_head.projects.2.bias, Trainable Parameters: 1024
[2025-01-06 18:26:47,551][    INFO] Module: module.depth_head.projects.3.weight, Trainable Parameters: 1048576
[2025-01-06 18:26:47,551][    INFO] Module: module.depth_head.projects.3.bias, Trainable Parameters: 1024
[2025-01-06 18:26:47,552][    INFO] Module: module.depth_head.resize_layers.0.weight, Trainable Parameters: 1048576
[2025-01-06 18:26:47,552][    INFO] Module: module.depth_head.resize_layers.0.bias, Trainable Parameters: 256
[2025-01-06 18:26:47,552][    INFO] Module: module.depth_head.resize_layers.1.weight, Trainable Parameters: 1048576
[2025-01-06 18:26:47,552][    INFO] Module: module.depth_head.resize_layers.1.bias, Trainable Parameters: 512
[2025-01-06 18:26:47,552][    INFO] Module: module.depth_head.resize_layers.3.weight, Trainable Parameters: 9437184
[2025-01-06 18:26:47,552][    INFO] Module: module.depth_head.resize_layers.3.bias, Trainable Parameters: 1024
[2025-01-06 18:26:47,552][    INFO] Module: module.depth_head.scratch.layer1_rn.weight, Trainable Parameters: 589824
[2025-01-06 18:26:47,552][    INFO] Module: module.depth_head.scratch.layer2_rn.weight, Trainable Parameters: 1179648
[2025-01-06 18:26:47,552][    INFO] Module: module.depth_head.scratch.layer3_rn.weight, Trainable Parameters: 2359296
[2025-01-06 18:26:47,552][    INFO] Module: module.depth_head.scratch.layer4_rn.weight, Trainable Parameters: 2359296
[2025-01-06 18:26:47,552][    INFO] Module: module.depth_head.scratch.refinenet1.out_conv.weight, Trainable Parameters: 65536
[2025-01-06 18:26:47,552][    INFO] Module: module.depth_head.scratch.refinenet1.out_conv.bias, Trainable Parameters: 256
[2025-01-06 18:26:47,552][    INFO] Module: module.depth_head.scratch.refinenet1.resConfUnit1.conv1.weight, Trainable Parameters: 589824
[2025-01-06 18:26:47,552][    INFO] Module: module.depth_head.scratch.refinenet1.resConfUnit1.conv1.bias, Trainable Parameters: 256
[2025-01-06 18:26:47,552][    INFO] Module: module.depth_head.scratch.refinenet1.resConfUnit1.conv2.weight, Trainable Parameters: 589824
[2025-01-06 18:26:47,552][    INFO] Module: module.depth_head.scratch.refinenet1.resConfUnit1.conv2.bias, Trainable Parameters: 256
[2025-01-06 18:26:47,552][    INFO] Module: module.depth_head.scratch.refinenet1.resConfUnit2.conv1.weight, Trainable Parameters: 589824
[2025-01-06 18:26:47,552][    INFO] Module: module.depth_head.scratch.refinenet1.resConfUnit2.conv1.bias, Trainable Parameters: 256
[2025-01-06 18:26:47,552][    INFO] Module: module.depth_head.scratch.refinenet1.resConfUnit2.conv2.weight, Trainable Parameters: 589824
[2025-01-06 18:26:47,552][    INFO] Module: module.depth_head.scratch.refinenet1.resConfUnit2.conv2.bias, Trainable Parameters: 256
[2025-01-06 18:26:47,552][    INFO] Module: module.depth_head.scratch.refinenet2.out_conv.weight, Trainable Parameters: 65536
[2025-01-06 18:26:47,552][    INFO] Module: module.depth_head.scratch.refinenet2.out_conv.bias, Trainable Parameters: 256
[2025-01-06 18:26:47,552][    INFO] Module: module.depth_head.scratch.refinenet2.resConfUnit1.conv1.weight, Trainable Parameters: 589824
[2025-01-06 18:26:47,552][    INFO] Module: module.depth_head.scratch.refinenet2.resConfUnit1.conv1.bias, Trainable Parameters: 256
[2025-01-06 18:26:47,552][    INFO] Module: module.depth_head.scratch.refinenet2.resConfUnit1.conv2.weight, Trainable Parameters: 589824
[2025-01-06 18:26:47,552][    INFO] Module: module.depth_head.scratch.refinenet2.resConfUnit1.conv2.bias, Trainable Parameters: 256
[2025-01-06 18:26:47,552][    INFO] Module: module.depth_head.scratch.refinenet2.resConfUnit2.conv1.weight, Trainable Parameters: 589824
[2025-01-06 18:26:47,552][    INFO] Module: module.depth_head.scratch.refinenet2.resConfUnit2.conv1.bias, Trainable Parameters: 256
[2025-01-06 18:26:47,552][    INFO] Module: module.depth_head.scratch.refinenet2.resConfUnit2.conv2.weight, Trainable Parameters: 589824
[2025-01-06 18:26:47,552][    INFO] Module: module.depth_head.scratch.refinenet2.resConfUnit2.conv2.bias, Trainable Parameters: 256
[2025-01-06 18:26:47,552][    INFO] Module: module.depth_head.scratch.refinenet3.out_conv.weight, Trainable Parameters: 65536
[2025-01-06 18:26:47,552][    INFO] Module: module.depth_head.scratch.refinenet3.out_conv.bias, Trainable Parameters: 256
[2025-01-06 18:26:47,552][    INFO] Module: module.depth_head.scratch.refinenet3.resConfUnit1.conv1.weight, Trainable Parameters: 589824
[2025-01-06 18:26:47,552][    INFO] Module: module.depth_head.scratch.refinenet3.resConfUnit1.conv1.bias, Trainable Parameters: 256
[2025-01-06 18:26:47,552][    INFO] Module: module.depth_head.scratch.refinenet3.resConfUnit1.conv2.weight, Trainable Parameters: 589824
[2025-01-06 18:26:47,552][    INFO] Module: module.depth_head.scratch.refinenet3.resConfUnit1.conv2.bias, Trainable Parameters: 256
[2025-01-06 18:26:47,553][    INFO] Module: module.depth_head.scratch.refinenet3.resConfUnit2.conv1.weight, Trainable Parameters: 589824
[2025-01-06 18:26:47,553][    INFO] Module: module.depth_head.scratch.refinenet3.resConfUnit2.conv1.bias, Trainable Parameters: 256
[2025-01-06 18:26:47,553][    INFO] Module: module.depth_head.scratch.refinenet3.resConfUnit2.conv2.weight, Trainable Parameters: 589824
[2025-01-06 18:26:47,553][    INFO] Module: module.depth_head.scratch.refinenet3.resConfUnit2.conv2.bias, Trainable Parameters: 256
[2025-01-06 18:26:47,553][    INFO] Module: module.depth_head.scratch.refinenet4.out_conv.weight, Trainable Parameters: 65536
[2025-01-06 18:26:47,553][    INFO] Module: module.depth_head.scratch.refinenet4.out_conv.bias, Trainable Parameters: 256
[2025-01-06 18:26:47,553][    INFO] Module: module.depth_head.scratch.refinenet4.resConfUnit1.conv1.weight, Trainable Parameters: 589824
[2025-01-06 18:26:47,553][    INFO] Module: module.depth_head.scratch.refinenet4.resConfUnit1.conv1.bias, Trainable Parameters: 256
[2025-01-06 18:26:47,553][    INFO] Module: module.depth_head.scratch.refinenet4.resConfUnit1.conv2.weight, Trainable Parameters: 589824
[2025-01-06 18:26:47,553][    INFO] Module: module.depth_head.scratch.refinenet4.resConfUnit1.conv2.bias, Trainable Parameters: 256
[2025-01-06 18:26:47,553][    INFO] Module: module.depth_head.scratch.refinenet4.resConfUnit2.conv1.weight, Trainable Parameters: 589824
[2025-01-06 18:26:47,553][    INFO] Module: module.depth_head.scratch.refinenet4.resConfUnit2.conv1.bias, Trainable Parameters: 256
[2025-01-06 18:26:47,553][    INFO] Module: module.depth_head.scratch.refinenet4.resConfUnit2.conv2.weight, Trainable Parameters: 589824
[2025-01-06 18:26:47,553][    INFO] Module: module.depth_head.scratch.refinenet4.resConfUnit2.conv2.bias, Trainable Parameters: 256
[2025-01-06 18:26:47,553][    INFO] Module: module.depth_head.scratch.output_conv1.weight, Trainable Parameters: 294912
[2025-01-06 18:26:47,553][    INFO] Module: module.depth_head.scratch.output_conv1.bias, Trainable Parameters: 128
[2025-01-06 18:26:47,553][    INFO] Module: module.depth_head.scratch.output_conv2.0.weight, Trainable Parameters: 36864
[2025-01-06 18:26:47,553][    INFO] Module: module.depth_head.scratch.output_conv2.0.bias, Trainable Parameters: 32
[2025-01-06 18:26:47,553][    INFO] Module: module.depth_head.scratch.output_conv2.2.weight, Trainable Parameters: 32
[2025-01-06 18:26:47,553][    INFO] Module: module.depth_head.scratch.output_conv2.2.bias, Trainable Parameters: 1
[2025-01-06 18:26:47,553][    INFO] Module: module.patch_embed_prompt.proj.weight, Trainable Parameters: 602112
[2025-01-06 18:26:47,553][    INFO] Module: module.patch_embed_prompt.proj.bias, Trainable Parameters: 1024
[2025-01-06 18:26:47,553][    INFO] Module: module.prompt_blocks.4.norm1.weight, Trainable Parameters: 1024
[2025-01-06 18:26:47,553][    INFO] Module: module.prompt_blocks.4.norm1.bias, Trainable Parameters: 1024
[2025-01-06 18:26:47,553][    INFO] Module: module.prompt_blocks.4.attn.qkv.weight, Trainable Parameters: 3145728
[2025-01-06 18:26:47,553][    INFO] Module: module.prompt_blocks.4.attn.qkv.bias, Trainable Parameters: 3072
[2025-01-06 18:26:47,553][    INFO] Module: module.prompt_blocks.4.attn.proj.weight, Trainable Parameters: 1048576
[2025-01-06 18:26:47,553][    INFO] Module: module.prompt_blocks.4.attn.proj.bias, Trainable Parameters: 1024
[2025-01-06 18:26:47,553][    INFO] Module: module.prompt_blocks.4.norm2.weight, Trainable Parameters: 1024
[2025-01-06 18:26:47,553][    INFO] Module: module.prompt_blocks.4.norm2.bias, Trainable Parameters: 1024
[2025-01-06 18:26:47,553][    INFO] Module: module.prompt_blocks.4.mlp.fc1.weight, Trainable Parameters: 4194304
[2025-01-06 18:26:47,553][    INFO] Module: module.prompt_blocks.4.mlp.fc1.bias, Trainable Parameters: 4096
[2025-01-06 18:26:47,553][    INFO] Module: module.prompt_blocks.4.mlp.fc2.weight, Trainable Parameters: 4194304
[2025-01-06 18:26:47,553][    INFO] Module: module.prompt_blocks.4.mlp.fc2.bias, Trainable Parameters: 1024
[2025-01-06 18:26:47,553][    INFO] Module: module.prompt_blocks.11.norm1.weight, Trainable Parameters: 1024
[2025-01-06 18:26:47,553][    INFO] Module: module.prompt_blocks.11.norm1.bias, Trainable Parameters: 1024
[2025-01-06 18:26:47,553][    INFO] Module: module.prompt_blocks.11.attn.qkv.weight, Trainable Parameters: 3145728
[2025-01-06 18:26:47,554][    INFO] Module: module.prompt_blocks.11.attn.qkv.bias, Trainable Parameters: 3072
[2025-01-06 18:26:47,554][    INFO] Module: module.prompt_blocks.11.attn.proj.weight, Trainable Parameters: 1048576
[2025-01-06 18:26:47,554][    INFO] Module: module.prompt_blocks.11.attn.proj.bias, Trainable Parameters: 1024
[2025-01-06 18:26:47,554][    INFO] Module: module.prompt_blocks.11.norm2.weight, Trainable Parameters: 1024
[2025-01-06 18:26:47,554][    INFO] Module: module.prompt_blocks.11.norm2.bias, Trainable Parameters: 1024
[2025-01-06 18:26:47,554][    INFO] Module: module.prompt_blocks.11.mlp.fc1.weight, Trainable Parameters: 4194304
[2025-01-06 18:26:47,554][    INFO] Module: module.prompt_blocks.11.mlp.fc1.bias, Trainable Parameters: 4096
[2025-01-06 18:26:47,554][    INFO] Module: module.prompt_blocks.11.mlp.fc2.weight, Trainable Parameters: 4194304
[2025-01-06 18:26:47,554][    INFO] Module: module.prompt_blocks.11.mlp.fc2.bias, Trainable Parameters: 1024
[2025-01-06 18:26:47,554][    INFO] Module: module.prompt_blocks.17.norm1.weight, Trainable Parameters: 1024
[2025-01-06 18:26:47,554][    INFO] Module: module.prompt_blocks.17.norm1.bias, Trainable Parameters: 1024
[2025-01-06 18:26:47,554][    INFO] Module: module.prompt_blocks.17.attn.qkv.weight, Trainable Parameters: 3145728
[2025-01-06 18:26:47,554][    INFO] Module: module.prompt_blocks.17.attn.qkv.bias, Trainable Parameters: 3072
[2025-01-06 18:26:47,554][    INFO] Module: module.prompt_blocks.17.attn.proj.weight, Trainable Parameters: 1048576
[2025-01-06 18:26:47,554][    INFO] Module: module.prompt_blocks.17.attn.proj.bias, Trainable Parameters: 1024
[2025-01-06 18:26:47,554][    INFO] Module: module.prompt_blocks.17.norm2.weight, Trainable Parameters: 1024
[2025-01-06 18:26:47,554][    INFO] Module: module.prompt_blocks.17.norm2.bias, Trainable Parameters: 1024
[2025-01-06 18:26:47,554][    INFO] Module: module.prompt_blocks.17.mlp.fc1.weight, Trainable Parameters: 4194304
[2025-01-06 18:26:47,554][    INFO] Module: module.prompt_blocks.17.mlp.fc1.bias, Trainable Parameters: 4096
[2025-01-06 18:26:47,554][    INFO] Module: module.prompt_blocks.17.mlp.fc2.weight, Trainable Parameters: 4194304
[2025-01-06 18:26:47,554][    INFO] Module: module.prompt_blocks.17.mlp.fc2.bias, Trainable Parameters: 1024
[2025-01-06 18:26:47,554][    INFO] Module: module.prompt_blocks.23.norm1.weight, Trainable Parameters: 1024
[2025-01-06 18:26:47,554][    INFO] Module: module.prompt_blocks.23.norm1.bias, Trainable Parameters: 1024
[2025-01-06 18:26:47,554][    INFO] Module: module.prompt_blocks.23.attn.qkv.weight, Trainable Parameters: 3145728
[2025-01-06 18:26:47,554][    INFO] Module: module.prompt_blocks.23.attn.qkv.bias, Trainable Parameters: 3072
[2025-01-06 18:26:47,554][    INFO] Module: module.prompt_blocks.23.attn.proj.weight, Trainable Parameters: 1048576
[2025-01-06 18:26:47,554][    INFO] Module: module.prompt_blocks.23.attn.proj.bias, Trainable Parameters: 1024
[2025-01-06 18:26:47,554][    INFO] Module: module.prompt_blocks.23.norm2.weight, Trainable Parameters: 1024
[2025-01-06 18:26:47,554][    INFO] Module: module.prompt_blocks.23.norm2.bias, Trainable Parameters: 1024
[2025-01-06 18:26:47,554][    INFO] Module: module.prompt_blocks.23.mlp.fc1.weight, Trainable Parameters: 4194304
[2025-01-06 18:26:47,554][    INFO] Module: module.prompt_blocks.23.mlp.fc1.bias, Trainable Parameters: 4096
[2025-01-06 18:26:47,554][    INFO] Module: module.prompt_blocks.23.mlp.fc2.weight, Trainable Parameters: 4194304
[2025-01-06 18:26:47,554][    INFO] Module: module.prompt_blocks.23.mlp.fc2.bias, Trainable Parameters: 1024
[2025-01-06 18:26:47,554][    INFO] Module: module.prompt_fuse.4.cross.channel_proj1.weight, Trainable Parameters: 2097152
[2025-01-06 18:26:47,554][    INFO] Module: module.prompt_fuse.4.cross.channel_proj1.bias, Trainable Parameters: 2048
[2025-01-06 18:26:47,554][    INFO] Module: module.prompt_fuse.4.cross.channel_proj2.weight, Trainable Parameters: 2097152
[2025-01-06 18:26:47,555][    INFO] Module: module.prompt_fuse.4.cross.channel_proj2.bias, Trainable Parameters: 2048
[2025-01-06 18:26:47,555][    INFO] Module: module.prompt_fuse.4.cross.cross_attn.kv1.weight, Trainable Parameters: 2097152
[2025-01-06 18:26:47,555][    INFO] Module: module.prompt_fuse.4.cross.cross_attn.kv2.weight, Trainable Parameters: 2097152
[2025-01-06 18:26:47,555][    INFO] Module: module.prompt_fuse.4.cross.end_proj1.weight, Trainable Parameters: 2097152
[2025-01-06 18:26:47,555][    INFO] Module: module.prompt_fuse.4.cross.end_proj1.bias, Trainable Parameters: 1024
[2025-01-06 18:26:47,555][    INFO] Module: module.prompt_fuse.4.cross.end_proj2.weight, Trainable Parameters: 2097152
[2025-01-06 18:26:47,555][    INFO] Module: module.prompt_fuse.4.cross.end_proj2.bias, Trainable Parameters: 1024
[2025-01-06 18:26:47,555][    INFO] Module: module.prompt_fuse.4.cross.norm1.weight, Trainable Parameters: 1024
[2025-01-06 18:26:47,555][    INFO] Module: module.prompt_fuse.4.cross.norm1.bias, Trainable Parameters: 1024
[2025-01-06 18:26:47,555][    INFO] Module: module.prompt_fuse.4.cross.norm2.weight, Trainable Parameters: 1024
[2025-01-06 18:26:47,555][    INFO] Module: module.prompt_fuse.4.cross.norm2.bias, Trainable Parameters: 1024
[2025-01-06 18:26:47,555][    INFO] Module: module.prompt_fuse.4.channel_emb.residual.weight, Trainable Parameters: 2097152
[2025-01-06 18:26:47,555][    INFO] Module: module.prompt_fuse.4.channel_emb.channel_embed.0.weight, Trainable Parameters: 2097152
[2025-01-06 18:26:47,555][    INFO] Module: module.prompt_fuse.4.channel_emb.channel_embed.0.bias, Trainable Parameters: 1024
[2025-01-06 18:26:47,555][    INFO] Module: module.prompt_fuse.4.channel_emb.channel_embed.1.weight, Trainable Parameters: 9216
[2025-01-06 18:26:47,555][    INFO] Module: module.prompt_fuse.4.channel_emb.channel_embed.1.bias, Trainable Parameters: 1024
[2025-01-06 18:26:47,555][    INFO] Module: module.prompt_fuse.4.channel_emb.channel_embed.3.weight, Trainable Parameters: 1048576
[2025-01-06 18:26:47,555][    INFO] Module: module.prompt_fuse.4.channel_emb.channel_embed.3.bias, Trainable Parameters: 1024
[2025-01-06 18:26:47,555][    INFO] Module: module.prompt_fuse.4.channel_emb.channel_embed.4.weight, Trainable Parameters: 1024
[2025-01-06 18:26:47,555][    INFO] Module: module.prompt_fuse.4.channel_emb.channel_embed.4.bias, Trainable Parameters: 1024
[2025-01-06 18:26:47,555][    INFO] Module: module.prompt_fuse.4.channel_emb.norm.weight, Trainable Parameters: 1024
[2025-01-06 18:26:47,555][    INFO] Module: module.prompt_fuse.4.channel_emb.norm.bias, Trainable Parameters: 1024
[2025-01-06 18:26:47,555][    INFO] Module: module.prompt_fuse.11.cross.channel_proj1.weight, Trainable Parameters: 2097152
[2025-01-06 18:26:47,555][    INFO] Module: module.prompt_fuse.11.cross.channel_proj1.bias, Trainable Parameters: 2048
[2025-01-06 18:26:47,555][    INFO] Module: module.prompt_fuse.11.cross.channel_proj2.weight, Trainable Parameters: 2097152
[2025-01-06 18:26:47,555][    INFO] Module: module.prompt_fuse.11.cross.channel_proj2.bias, Trainable Parameters: 2048
[2025-01-06 18:26:47,555][    INFO] Module: module.prompt_fuse.11.cross.cross_attn.kv1.weight, Trainable Parameters: 2097152
[2025-01-06 18:26:47,555][    INFO] Module: module.prompt_fuse.11.cross.cross_attn.kv2.weight, Trainable Parameters: 2097152
[2025-01-06 18:26:47,555][    INFO] Module: module.prompt_fuse.11.cross.end_proj1.weight, Trainable Parameters: 2097152
[2025-01-06 18:26:47,555][    INFO] Module: module.prompt_fuse.11.cross.end_proj1.bias, Trainable Parameters: 1024
[2025-01-06 18:26:47,555][    INFO] Module: module.prompt_fuse.11.cross.end_proj2.weight, Trainable Parameters: 2097152
[2025-01-06 18:26:47,555][    INFO] Module: module.prompt_fuse.11.cross.end_proj2.bias, Trainable Parameters: 1024
[2025-01-06 18:26:47,555][    INFO] Module: module.prompt_fuse.11.cross.norm1.weight, Trainable Parameters: 1024
[2025-01-06 18:26:47,555][    INFO] Module: module.prompt_fuse.11.cross.norm1.bias, Trainable Parameters: 1024
[2025-01-06 18:26:47,555][    INFO] Module: module.prompt_fuse.11.cross.norm2.weight, Trainable Parameters: 1024
[2025-01-06 18:26:47,555][    INFO] Module: module.prompt_fuse.11.cross.norm2.bias, Trainable Parameters: 1024
[2025-01-06 18:26:47,555][    INFO] Module: module.prompt_fuse.11.channel_emb.residual.weight, Trainable Parameters: 2097152
[2025-01-06 18:26:47,555][    INFO] Module: module.prompt_fuse.11.channel_emb.channel_embed.0.weight, Trainable Parameters: 2097152
[2025-01-06 18:26:47,556][    INFO] Module: module.prompt_fuse.11.channel_emb.channel_embed.0.bias, Trainable Parameters: 1024
[2025-01-06 18:26:47,556][    INFO] Module: module.prompt_fuse.11.channel_emb.channel_embed.1.weight, Trainable Parameters: 9216
[2025-01-06 18:26:47,556][    INFO] Module: module.prompt_fuse.11.channel_emb.channel_embed.1.bias, Trainable Parameters: 1024
[2025-01-06 18:26:47,556][    INFO] Module: module.prompt_fuse.11.channel_emb.channel_embed.3.weight, Trainable Parameters: 1048576
[2025-01-06 18:26:47,556][    INFO] Module: module.prompt_fuse.11.channel_emb.channel_embed.3.bias, Trainable Parameters: 1024
[2025-01-06 18:26:47,556][    INFO] Module: module.prompt_fuse.11.channel_emb.channel_embed.4.weight, Trainable Parameters: 1024
[2025-01-06 18:26:47,556][    INFO] Module: module.prompt_fuse.11.channel_emb.channel_embed.4.bias, Trainable Parameters: 1024
[2025-01-06 18:26:47,556][    INFO] Module: module.prompt_fuse.11.channel_emb.norm.weight, Trainable Parameters: 1024
[2025-01-06 18:26:47,556][    INFO] Module: module.prompt_fuse.11.channel_emb.norm.bias, Trainable Parameters: 1024
[2025-01-06 18:26:47,556][    INFO] Module: module.prompt_fuse.17.cross.channel_proj1.weight, Trainable Parameters: 2097152
[2025-01-06 18:26:47,556][    INFO] Module: module.prompt_fuse.17.cross.channel_proj1.bias, Trainable Parameters: 2048
[2025-01-06 18:26:47,556][    INFO] Module: module.prompt_fuse.17.cross.channel_proj2.weight, Trainable Parameters: 2097152
[2025-01-06 18:26:47,556][    INFO] Module: module.prompt_fuse.17.cross.channel_proj2.bias, Trainable Parameters: 2048
[2025-01-06 18:26:47,556][    INFO] Module: module.prompt_fuse.17.cross.cross_attn.kv1.weight, Trainable Parameters: 2097152
[2025-01-06 18:26:47,556][    INFO] Module: module.prompt_fuse.17.cross.cross_attn.kv2.weight, Trainable Parameters: 2097152
[2025-01-06 18:26:47,556][    INFO] Module: module.prompt_fuse.17.cross.end_proj1.weight, Trainable Parameters: 2097152
[2025-01-06 18:26:47,556][    INFO] Module: module.prompt_fuse.17.cross.end_proj1.bias, Trainable Parameters: 1024
[2025-01-06 18:26:47,556][    INFO] Module: module.prompt_fuse.17.cross.end_proj2.weight, Trainable Parameters: 2097152
[2025-01-06 18:26:47,556][    INFO] Module: module.prompt_fuse.17.cross.end_proj2.bias, Trainable Parameters: 1024
[2025-01-06 18:26:47,556][    INFO] Module: module.prompt_fuse.17.cross.norm1.weight, Trainable Parameters: 1024
[2025-01-06 18:26:47,556][    INFO] Module: module.prompt_fuse.17.cross.norm1.bias, Trainable Parameters: 1024
[2025-01-06 18:26:47,556][    INFO] Module: module.prompt_fuse.17.cross.norm2.weight, Trainable Parameters: 1024
[2025-01-06 18:26:47,556][    INFO] Module: module.prompt_fuse.17.cross.norm2.bias, Trainable Parameters: 1024
[2025-01-06 18:26:47,556][    INFO] Module: module.prompt_fuse.17.channel_emb.residual.weight, Trainable Parameters: 2097152
[2025-01-06 18:26:47,556][    INFO] Module: module.prompt_fuse.17.channel_emb.channel_embed.0.weight, Trainable Parameters: 2097152
[2025-01-06 18:26:47,556][    INFO] Module: module.prompt_fuse.17.channel_emb.channel_embed.0.bias, Trainable Parameters: 1024
[2025-01-06 18:26:47,556][    INFO] Module: module.prompt_fuse.17.channel_emb.channel_embed.1.weight, Trainable Parameters: 9216
[2025-01-06 18:26:47,556][    INFO] Module: module.prompt_fuse.17.channel_emb.channel_embed.1.bias, Trainable Parameters: 1024
[2025-01-06 18:26:47,556][    INFO] Module: module.prompt_fuse.17.channel_emb.channel_embed.3.weight, Trainable Parameters: 1048576
[2025-01-06 18:26:47,556][    INFO] Module: module.prompt_fuse.17.channel_emb.channel_embed.3.bias, Trainable Parameters: 1024
[2025-01-06 18:26:47,556][    INFO] Module: module.prompt_fuse.17.channel_emb.channel_embed.4.weight, Trainable Parameters: 1024
[2025-01-06 18:26:47,556][    INFO] Module: module.prompt_fuse.17.channel_emb.channel_embed.4.bias, Trainable Parameters: 1024
[2025-01-06 18:26:47,556][    INFO] Module: module.prompt_fuse.17.channel_emb.norm.weight, Trainable Parameters: 1024
[2025-01-06 18:26:47,556][    INFO] Module: module.prompt_fuse.17.channel_emb.norm.bias, Trainable Parameters: 1024
[2025-01-06 18:26:47,556][    INFO] Module: module.prompt_fuse.23.cross.channel_proj1.weight, Trainable Parameters: 2097152
[2025-01-06 18:26:47,556][    INFO] Module: module.prompt_fuse.23.cross.channel_proj1.bias, Trainable Parameters: 2048
[2025-01-06 18:26:47,556][    INFO] Module: module.prompt_fuse.23.cross.channel_proj2.weight, Trainable Parameters: 2097152
[2025-01-06 18:26:47,556][    INFO] Module: module.prompt_fuse.23.cross.channel_proj2.bias, Trainable Parameters: 2048
[2025-01-06 18:26:47,557][    INFO] Module: module.prompt_fuse.23.cross.cross_attn.kv1.weight, Trainable Parameters: 2097152
[2025-01-06 18:26:47,557][    INFO] Module: module.prompt_fuse.23.cross.cross_attn.kv2.weight, Trainable Parameters: 2097152
[2025-01-06 18:26:47,557][    INFO] Module: module.prompt_fuse.23.cross.end_proj1.weight, Trainable Parameters: 2097152
[2025-01-06 18:26:47,557][    INFO] Module: module.prompt_fuse.23.cross.end_proj1.bias, Trainable Parameters: 1024
[2025-01-06 18:26:47,557][    INFO] Module: module.prompt_fuse.23.cross.end_proj2.weight, Trainable Parameters: 2097152
[2025-01-06 18:26:47,557][    INFO] Module: module.prompt_fuse.23.cross.end_proj2.bias, Trainable Parameters: 1024
[2025-01-06 18:26:47,557][    INFO] Module: module.prompt_fuse.23.cross.norm1.weight, Trainable Parameters: 1024
[2025-01-06 18:26:47,557][    INFO] Module: module.prompt_fuse.23.cross.norm1.bias, Trainable Parameters: 1024
[2025-01-06 18:26:47,557][    INFO] Module: module.prompt_fuse.23.cross.norm2.weight, Trainable Parameters: 1024
[2025-01-06 18:26:47,557][    INFO] Module: module.prompt_fuse.23.cross.norm2.bias, Trainable Parameters: 1024
[2025-01-06 18:26:47,557][    INFO] Module: module.prompt_fuse.23.channel_emb.residual.weight, Trainable Parameters: 2097152
[2025-01-06 18:26:47,557][    INFO] Module: module.prompt_fuse.23.channel_emb.channel_embed.0.weight, Trainable Parameters: 2097152
[2025-01-06 18:26:47,557][    INFO] Module: module.prompt_fuse.23.channel_emb.channel_embed.0.bias, Trainable Parameters: 1024
[2025-01-06 18:26:47,557][    INFO] Module: module.prompt_fuse.23.channel_emb.channel_embed.1.weight, Trainable Parameters: 9216
[2025-01-06 18:26:47,557][    INFO] Module: module.prompt_fuse.23.channel_emb.channel_embed.1.bias, Trainable Parameters: 1024
[2025-01-06 18:26:47,557][    INFO] Module: module.prompt_fuse.23.channel_emb.channel_embed.3.weight, Trainable Parameters: 1048576
[2025-01-06 18:26:47,557][    INFO] Module: module.prompt_fuse.23.channel_emb.channel_embed.3.bias, Trainable Parameters: 1024
[2025-01-06 18:26:47,557][    INFO] Module: module.prompt_fuse.23.channel_emb.channel_embed.4.weight, Trainable Parameters: 1024
[2025-01-06 18:26:47,557][    INFO] Module: module.prompt_fuse.23.channel_emb.channel_embed.4.bias, Trainable Parameters: 1024
[2025-01-06 18:26:47,557][    INFO] Module: module.prompt_fuse.23.channel_emb.norm.weight, Trainable Parameters: 1024
[2025-01-06 18:26:47,557][    INFO] Module: module.prompt_fuse.23.channel_emb.norm.bias, Trainable Parameters: 1024
[2025-01-06 18:26:47,559][    INFO] Total Trainable Parameters: 153344705
[2025-01-06 18:26:47,559][    INFO] ===========> Epoch: 0/20, d1: 0.000, d2: 0.000, d3: 0.000
[2025-01-06 18:26:47,559][    INFO] ===========> Epoch: 0/20, abs_rel: 100.000, sq_rel: 100.000, rmse: 100.000, rmse_log: 100.000, log10: 100.000, silog: 100.000
/data/miniconda/envs/torch/lib/python3.10/site-packages/torch/autograd/graph.py:744: UserWarning: Grad strides do not match bucket view strides. This may indicate grad was not created according to the gradient layout contract, or that the param's strides changed since DDP was constructed.  This is not an error, but may impair performance.
grad.sizes() = [1, 32, 1, 1], strides() = [32, 1, 32, 32]
bucket_view.sizes() = [1, 32, 1, 1], strides() = [32, 1, 1, 1] (Triggered internally at ../torch/csrc/distributed/c10d/reducer.cpp:325.)
  return Variable._execution_engine.run_backward(  # Calls into the C++ engine to run the backward pass
/data/miniconda/envs/torch/lib/python3.10/site-packages/torch/autograd/graph.py:744: UserWarning: Grad strides do not match bucket view strides. This may indicate grad was not created according to the gradient layout contract, or that the param's strides changed since DDP was constructed.  This is not an error, but may impair performance.
grad.sizes() = [1, 32, 1, 1], strides() = [32, 1, 32, 32]
bucket_view.sizes() = [1, 32, 1, 1], strides() = [32, 1, 1, 1] (Triggered internally at ../torch/csrc/distributed/c10d/reducer.cpp:325.)
  return Variable._execution_engine.run_backward(  # Calls into the C++ engine to run the backward pass
[2025-01-06 18:26:52,545][    INFO] Iter: 0/7645, LR: 0.0000050, Loss: 1.887
[2025-01-06 18:28:10,684][    INFO] Iter: 100/7645, LR: 0.0000050, Loss: 0.653
[2025-01-06 18:29:25,063][    INFO] Iter: 200/7645, LR: 0.0000050, Loss: 2.060
[2025-01-06 18:30:39,346][    INFO] Iter: 300/7645, LR: 0.0000050, Loss: 0.573
[2025-01-06 18:31:53,654][    INFO] Iter: 400/7645, LR: 0.0000050, Loss: 0.495
[2025-01-06 18:33:07,946][    INFO] Iter: 500/7645, LR: 0.0000050, Loss: 0.305
[2025-01-06 18:34:22,261][    INFO] Iter: 600/7645, LR: 0.0000050, Loss: 0.429
[2025-01-06 18:35:36,603][    INFO] Iter: 700/7645, LR: 0.0000050, Loss: 0.489
[2025-01-06 18:36:50,987][    INFO] Iter: 800/7645, LR: 0.0000050, Loss: 0.515
[2025-01-06 18:38:05,337][    INFO] Iter: 900/7645, LR: 0.0000050, Loss: 0.621
[2025-01-06 18:39:19,689][    INFO] Iter: 1000/7645, LR: 0.0000050, Loss: 1.063
[2025-01-06 18:40:34,013][    INFO] Iter: 1100/7645, LR: 0.0000050, Loss: 0.296
[2025-01-06 18:41:48,327][    INFO] Iter: 1200/7645, LR: 0.0000050, Loss: 0.685
[2025-01-06 18:43:02,611][    INFO] Iter: 1300/7645, LR: 0.0000050, Loss: 0.455
[2025-01-06 18:44:16,834][    INFO] Iter: 1400/7645, LR: 0.0000050, Loss: 0.323
[2025-01-06 18:45:31,217][    INFO] Iter: 1500/7645, LR: 0.0000050, Loss: 0.310
[2025-01-06 18:46:45,549][    INFO] Iter: 1600/7645, LR: 0.0000050, Loss: 0.820
[2025-01-06 18:47:59,859][    INFO] Iter: 1700/7645, LR: 0.0000049, Loss: 0.369
[2025-01-06 18:49:14,112][    INFO] Iter: 1800/7645, LR: 0.0000049, Loss: 0.462
[2025-01-06 18:50:28,402][    INFO] Iter: 1900/7645, LR: 0.0000049, Loss: 0.420
[2025-01-06 18:51:42,610][    INFO] Iter: 2000/7645, LR: 0.0000049, Loss: 0.666
[2025-01-06 18:53:02,111][    INFO] Iter: 2100/7645, LR: 0.0000049, Loss: 0.265
[2025-01-06 18:54:16,432][    INFO] Iter: 2200/7645, LR: 0.0000049, Loss: 0.864
[2025-01-06 18:55:30,811][    INFO] Iter: 2300/7645, LR: 0.0000049, Loss: 0.245
[2025-01-06 18:56:45,140][    INFO] Iter: 2400/7645, LR: 0.0000049, Loss: 1.847
[2025-01-06 18:57:59,387][    INFO] Iter: 2500/7645, LR: 0.0000049, Loss: 0.302
[2025-01-06 18:59:13,692][    INFO] Iter: 2600/7645, LR: 0.0000049, Loss: 0.482
[2025-01-06 19:00:27,966][    INFO] Iter: 2700/7645, LR: 0.0000049, Loss: 0.496
[2025-01-06 19:01:42,220][    INFO] Iter: 2800/7645, LR: 0.0000049, Loss: 0.409
[2025-01-06 19:02:56,547][    INFO] Iter: 2900/7645, LR: 0.0000049, Loss: 0.395
[2025-01-06 19:04:10,871][    INFO] Iter: 3000/7645, LR: 0.0000049, Loss: 0.413
[2025-01-06 19:05:25,146][    INFO] Iter: 3100/7645, LR: 0.0000049, Loss: 0.624
[2025-01-06 19:06:39,491][    INFO] Iter: 3200/7645, LR: 0.0000049, Loss: 0.251
[2025-01-06 19:07:53,855][    INFO] Iter: 3300/7645, LR: 0.0000049, Loss: 1.187
[2025-01-06 19:09:08,246][    INFO] Iter: 3400/7645, LR: 0.0000049, Loss: 0.434
[2025-01-06 19:10:22,696][    INFO] Iter: 3500/7645, LR: 0.0000049, Loss: 0.314
[2025-01-06 19:11:37,201][    INFO] Iter: 3600/7645, LR: 0.0000049, Loss: 0.589
[2025-01-06 19:12:51,669][    INFO] Iter: 3700/7645, LR: 0.0000049, Loss: 0.363
[2025-01-06 19:14:06,081][    INFO] Iter: 3800/7645, LR: 0.0000049, Loss: 0.198
[2025-01-06 19:15:20,561][    INFO] Iter: 3900/7645, LR: 0.0000049, Loss: 0.963
[2025-01-06 19:16:34,934][    INFO] Iter: 4000/7645, LR: 0.0000049, Loss: 0.789
[2025-01-06 19:17:53,646][    INFO] Iter: 4100/7645, LR: 0.0000049, Loss: 0.288
[2025-01-06 19:19:08,030][    INFO] Iter: 4200/7645, LR: 0.0000049, Loss: 0.265
[2025-01-06 19:20:22,360][    INFO] Iter: 4300/7645, LR: 0.0000049, Loss: 0.248
[2025-01-06 19:21:36,707][    INFO] Iter: 4400/7645, LR: 0.0000049, Loss: 0.408
[2025-01-06 19:22:51,099][    INFO] Iter: 4500/7645, LR: 0.0000049, Loss: 0.235
[2025-01-06 19:24:05,424][    INFO] Iter: 4600/7645, LR: 0.0000049, Loss: 0.260
[2025-01-06 19:25:19,881][    INFO] Iter: 4700/7645, LR: 0.0000049, Loss: 0.238
[2025-01-06 19:26:34,283][    INFO] Iter: 4800/7645, LR: 0.0000049, Loss: 0.248
[2025-01-06 19:27:48,692][    INFO] Iter: 4900/7645, LR: 0.0000049, Loss: 0.477
[2025-01-06 19:29:03,103][    INFO] Iter: 5000/7645, LR: 0.0000049, Loss: 0.266
[2025-01-06 19:30:17,589][    INFO] Iter: 5100/7645, LR: 0.0000048, Loss: 0.289
[2025-01-06 19:31:31,925][    INFO] Iter: 5200/7645, LR: 0.0000048, Loss: 0.353
[2025-01-06 19:32:46,398][    INFO] Iter: 5300/7645, LR: 0.0000048, Loss: 0.167
[2025-01-06 19:34:00,717][    INFO] Iter: 5400/7645, LR: 0.0000048, Loss: 0.189
[2025-01-06 19:35:15,063][    INFO] Iter: 5500/7645, LR: 0.0000048, Loss: 0.340
[2025-01-06 19:36:29,348][    INFO] Iter: 5600/7645, LR: 0.0000048, Loss: 0.295
[2025-01-06 19:37:43,647][    INFO] Iter: 5700/7645, LR: 0.0000048, Loss: 0.298
[2025-01-06 19:38:58,077][    INFO] Iter: 5800/7645, LR: 0.0000048, Loss: 0.411
[2025-01-06 19:40:12,409][    INFO] Iter: 5900/7645, LR: 0.0000048, Loss: 0.162
[2025-01-06 19:41:26,684][    INFO] Iter: 6000/7645, LR: 0.0000048, Loss: 0.520
[2025-01-06 19:42:45,307][    INFO] Iter: 6100/7645, LR: 0.0000048, Loss: 0.417
[2025-01-06 19:43:59,603][    INFO] Iter: 6200/7645, LR: 0.0000048, Loss: 0.303
[2025-01-06 19:45:13,957][    INFO] Iter: 6300/7645, LR: 0.0000048, Loss: 0.240
[2025-01-06 19:46:28,343][    INFO] Iter: 6400/7645, LR: 0.0000048, Loss: 0.174
[2025-01-06 19:47:42,716][    INFO] Iter: 6500/7645, LR: 0.0000048, Loss: 0.377
[2025-01-06 19:48:57,137][    INFO] Iter: 6600/7645, LR: 0.0000048, Loss: 0.458
[2025-01-06 19:50:11,488][    INFO] Iter: 6700/7645, LR: 0.0000048, Loss: 0.343
[2025-01-06 19:51:25,883][    INFO] Iter: 6800/7645, LR: 0.0000048, Loss: 0.212
[2025-01-06 19:52:40,207][    INFO] Iter: 6900/7645, LR: 0.0000048, Loss: 0.386
[2025-01-06 19:53:54,543][    INFO] Iter: 7000/7645, LR: 0.0000048, Loss: 0.255
[2025-01-06 19:55:08,820][    INFO] Iter: 7100/7645, LR: 0.0000048, Loss: 0.309
[2025-01-06 19:56:23,264][    INFO] Iter: 7200/7645, LR: 0.0000048, Loss: 0.410
[2025-01-06 19:57:37,743][    INFO] Iter: 7300/7645, LR: 0.0000048, Loss: 3.634
[2025-01-06 19:58:52,228][    INFO] Iter: 7400/7645, LR: 0.0000048, Loss: 0.622
[2025-01-06 20:00:06,592][    INFO] Iter: 7500/7645, LR: 0.0000048, Loss: 0.258
[2025-01-06 20:01:20,871][    INFO] Iter: 7600/7645, LR: 0.0000048, Loss: 0.210
[2025-01-06 20:02:27,238][    INFO] ==========================================================================================
[2025-01-06 20:02:27,238][    INFO]       d1,       d2,       d3,  abs_rel,   sq_rel,     rmse, rmse_log,    log10,    silog
[2025-01-06 20:02:27,239][    INFO]    0.667,    0.800,    0.880,    0.315,   19.903,   55.857,    0.475,    0.115,    0.467
[2025-01-06 20:02:27,239][    INFO] ==========================================================================================

[2025-01-06 20:02:40,477][    INFO] ===========> Epoch: 1/20, d1: 0.667, d2: 0.800, d3: 0.880
[2025-01-06 20:02:40,478][    INFO] ===========> Epoch: 1/20, abs_rel: 0.315, sq_rel: 19.903, rmse: 55.857, rmse_log: 0.475, log10: 0.115, silog: 0.467
[2025-01-06 20:02:42,013][    INFO] Iter: 0/7645, LR: 0.0000048, Loss: 0.210
[2025-01-06 20:03:56,422][    INFO] Iter: 100/7645, LR: 0.0000048, Loss: 0.266
[2025-01-06 20:05:10,731][    INFO] Iter: 200/7645, LR: 0.0000048, Loss: 0.214
[2025-01-06 20:06:25,063][    INFO] Iter: 300/7645, LR: 0.0000048, Loss: 0.942
[2025-01-06 20:07:43,225][    INFO] Iter: 400/7645, LR: 0.0000048, Loss: 0.234
[2025-01-06 20:08:57,437][    INFO] Iter: 500/7645, LR: 0.0000048, Loss: 0.452
[2025-01-06 20:10:11,746][    INFO] Iter: 600/7645, LR: 0.0000048, Loss: 0.233
[2025-01-06 20:11:25,999][    INFO] Iter: 700/7645, LR: 0.0000048, Loss: 0.297
[2025-01-06 20:12:40,224][    INFO] Iter: 800/7645, LR: 0.0000048, Loss: 0.439
[2025-01-06 20:13:54,500][    INFO] Iter: 900/7645, LR: 0.0000047, Loss: 0.364
[2025-01-06 20:15:08,810][    INFO] Iter: 1000/7645, LR: 0.0000047, Loss: 0.430
[2025-01-06 20:16:23,087][    INFO] Iter: 1100/7645, LR: 0.0000047, Loss: 1.438
[2025-01-06 20:17:37,390][    INFO] Iter: 1200/7645, LR: 0.0000047, Loss: 1.044
[2025-01-06 20:18:51,683][    INFO] Iter: 1300/7645, LR: 0.0000047, Loss: 0.202
[2025-01-06 20:20:05,883][    INFO] Iter: 1400/7645, LR: 0.0000047, Loss: 0.251
[2025-01-06 20:21:20,233][    INFO] Iter: 1500/7645, LR: 0.0000047, Loss: 0.338
[2025-01-06 20:22:34,524][    INFO] Iter: 1600/7645, LR: 0.0000047, Loss: 0.923
[2025-01-06 20:23:48,773][    INFO] Iter: 1700/7645, LR: 0.0000047, Loss: 0.937
[2025-01-06 20:25:03,062][    INFO] Iter: 1800/7645, LR: 0.0000047, Loss: 0.201
[2025-01-06 20:26:17,345][    INFO] Iter: 1900/7645, LR: 0.0000047, Loss: 0.339
[2025-01-06 20:27:31,548][    INFO] Iter: 2000/7645, LR: 0.0000047, Loss: 0.470
[2025-01-06 20:28:45,815][    INFO] Iter: 2100/7645, LR: 0.0000047, Loss: 0.849
[2025-01-06 20:30:00,059][    INFO] Iter: 2200/7645, LR: 0.0000047, Loss: 0.386
[2025-01-06 20:31:14,280][    INFO] Iter: 2300/7645, LR: 0.0000047, Loss: 0.346
[2025-01-06 20:32:32,738][    INFO] Iter: 2400/7645, LR: 0.0000047, Loss: 0.379
[2025-01-06 20:33:46,886][    INFO] Iter: 2500/7645, LR: 0.0000047, Loss: 0.605
[2025-01-06 20:35:01,141][    INFO] Iter: 2600/7645, LR: 0.0000047, Loss: 0.217
[2025-01-06 20:36:15,332][    INFO] Iter: 2700/7645, LR: 0.0000047, Loss: 0.237
[2025-01-06 20:37:29,550][    INFO] Iter: 2800/7645, LR: 0.0000047, Loss: 0.190
[2025-01-06 20:38:43,797][    INFO] Iter: 2900/7645, LR: 0.0000047, Loss: 0.249
[2025-01-06 20:39:58,062][    INFO] Iter: 3000/7645, LR: 0.0000047, Loss: 0.245
[2025-01-06 20:41:12,310][    INFO] Iter: 3100/7645, LR: 0.0000047, Loss: 0.188
[2025-01-06 20:42:26,653][    INFO] Iter: 3200/7645, LR: 0.0000047, Loss: 0.213
[2025-01-06 20:43:40,854][    INFO] Iter: 3300/7645, LR: 0.0000047, Loss: 0.810
[2025-01-06 20:44:55,084][    INFO] Iter: 3400/7645, LR: 0.0000047, Loss: 0.203
[2025-01-06 20:46:09,222][    INFO] Iter: 3500/7645, LR: 0.0000047, Loss: 0.372
[2025-01-06 20:47:23,397][    INFO] Iter: 3600/7645, LR: 0.0000047, Loss: 0.179
[2025-01-06 20:48:37,551][    INFO] Iter: 3700/7645, LR: 0.0000047, Loss: 0.716
[2025-01-06 20:49:51,659][    INFO] Iter: 3800/7645, LR: 0.0000047, Loss: 0.347
[2025-01-06 20:51:05,829][    INFO] Iter: 3900/7645, LR: 0.0000047, Loss: 0.298
[2025-01-06 20:52:20,004][    INFO] Iter: 4000/7645, LR: 0.0000047, Loss: 0.162
[2025-01-06 20:53:34,126][    INFO] Iter: 4100/7645, LR: 0.0000047, Loss: 0.800
[2025-01-06 20:54:48,371][    INFO] Iter: 4200/7645, LR: 0.0000046, Loss: 0.582
[2025-01-06 20:56:02,652][    INFO] Iter: 4300/7645, LR: 0.0000046, Loss: 0.429
[2025-01-06 20:57:21,265][    INFO] Iter: 4400/7645, LR: 0.0000046, Loss: 0.233
[2025-01-06 20:58:35,632][    INFO] Iter: 4500/7645, LR: 0.0000046, Loss: 0.241
[2025-01-06 20:59:49,977][    INFO] Iter: 4600/7645, LR: 0.0000046, Loss: 0.206
[2025-01-06 21:01:04,319][    INFO] Iter: 4700/7645, LR: 0.0000046, Loss: 0.207
[2025-01-06 21:02:18,609][    INFO] Iter: 4800/7645, LR: 0.0000046, Loss: 0.320
[2025-01-06 21:03:32,850][    INFO] Iter: 4900/7645, LR: 0.0000046, Loss: 0.185
[2025-01-06 21:04:47,031][    INFO] Iter: 5000/7645, LR: 0.0000046, Loss: 0.261
[2025-01-06 21:06:01,230][    INFO] Iter: 5100/7645, LR: 0.0000046, Loss: 0.169
[2025-01-06 21:07:15,392][    INFO] Iter: 5200/7645, LR: 0.0000046, Loss: 0.493
[2025-01-06 21:08:29,510][    INFO] Iter: 5300/7645, LR: 0.0000046, Loss: 2.056
[2025-01-06 21:09:43,781][    INFO] Iter: 5400/7645, LR: 0.0000046, Loss: 1.031
[2025-01-06 21:10:58,053][    INFO] Iter: 5500/7645, LR: 0.0000046, Loss: 0.675
[2025-01-06 21:12:12,232][    INFO] Iter: 5600/7645, LR: 0.0000046, Loss: 0.333
[2025-01-06 21:13:26,452][    INFO] Iter: 5700/7645, LR: 0.0000046, Loss: 0.304
[2025-01-06 21:14:40,705][    INFO] Iter: 5800/7645, LR: 0.0000046, Loss: 0.170
[2025-01-06 21:15:54,956][    INFO] Iter: 5900/7645, LR: 0.0000046, Loss: 0.365
[2025-01-06 21:17:09,366][    INFO] Iter: 6000/7645, LR: 0.0000046, Loss: 0.191
[2025-01-06 21:18:23,689][    INFO] Iter: 6100/7645, LR: 0.0000046, Loss: 0.197
[2025-01-06 21:19:37,969][    INFO] Iter: 6200/7645, LR: 0.0000046, Loss: 0.135
[2025-01-06 21:20:52,274][    INFO] Iter: 6300/7645, LR: 0.0000046, Loss: 0.515
[2025-01-06 21:22:10,748][    INFO] Iter: 6400/7645, LR: 0.0000046, Loss: 0.278
[2025-01-06 21:23:24,954][    INFO] Iter: 6500/7645, LR: 0.0000046, Loss: 0.235
[2025-01-06 21:24:39,129][    INFO] Iter: 6600/7645, LR: 0.0000046, Loss: 0.185
[2025-01-06 21:25:53,339][    INFO] Iter: 6700/7645, LR: 0.0000046, Loss: 0.230
[2025-01-06 21:27:07,526][    INFO] Iter: 6800/7645, LR: 0.0000046, Loss: 0.278
[2025-01-06 21:28:21,676][    INFO] Iter: 6900/7645, LR: 0.0000046, Loss: 0.240
[2025-01-06 21:29:35,872][    INFO] Iter: 7000/7645, LR: 0.0000046, Loss: 1.456
[2025-01-06 21:30:50,187][    INFO] Iter: 7100/7645, LR: 0.0000046, Loss: 0.445
[2025-01-06 21:32:04,571][    INFO] Iter: 7200/7645, LR: 0.0000046, Loss: 0.154
[2025-01-06 21:33:18,976][    INFO] Iter: 7300/7645, LR: 0.0000046, Loss: 0.171
[2025-01-06 21:34:33,223][    INFO] Iter: 7400/7645, LR: 0.0000046, Loss: 0.182
[2025-01-06 21:35:47,484][    INFO] Iter: 7500/7645, LR: 0.0000046, Loss: 0.527
[2025-01-06 21:37:01,717][    INFO] Iter: 7600/7645, LR: 0.0000045, Loss: 0.177
[2025-01-06 21:38:07,423][    INFO] ==========================================================================================
[2025-01-06 21:38:07,423][    INFO]       d1,       d2,       d3,  abs_rel,   sq_rel,     rmse, rmse_log,    log10,    silog
[2025-01-06 21:38:07,424][    INFO]    0.670,    0.803,    0.883,    0.264,   18.067,   66.655,    0.497,    0.115,    0.486
[2025-01-06 21:38:07,424][    INFO] ==========================================================================================

[2025-01-06 21:38:17,548][    INFO] ===========> Epoch: 2/20, d1: 0.670, d2: 0.803, d3: 0.883
[2025-01-06 21:38:17,548][    INFO] ===========> Epoch: 2/20, abs_rel: 0.264, sq_rel: 18.067, rmse: 55.857, rmse_log: 0.475, log10: 0.115, silog: 0.467
[2025-01-06 21:38:19,236][    INFO] Iter: 0/7645, LR: 0.0000045, Loss: 2.528
[2025-01-06 21:39:33,641][    INFO] Iter: 100/7645, LR: 0.0000045, Loss: 0.159
[2025-01-06 21:40:47,984][    INFO] Iter: 200/7645, LR: 0.0000045, Loss: 0.858
[2025-01-06 21:42:02,291][    INFO] Iter: 300/7645, LR: 0.0000045, Loss: 0.253
[2025-01-06 21:43:16,495][    INFO] Iter: 400/7645, LR: 0.0000045, Loss: 0.161
[2025-01-06 21:44:30,782][    INFO] Iter: 500/7645, LR: 0.0000045, Loss: 0.716
[2025-01-06 21:45:45,166][    INFO] Iter: 600/7645, LR: 0.0000045, Loss: 0.765
[2025-01-06 21:46:59,492][    INFO] Iter: 700/7645, LR: 0.0000045, Loss: 0.543
[2025-01-06 21:48:17,615][    INFO] Iter: 800/7645, LR: 0.0000045, Loss: 0.526
[2025-01-06 21:49:31,830][    INFO] Iter: 900/7645, LR: 0.0000045, Loss: 0.247
[2025-01-06 21:50:46,133][    INFO] Iter: 1000/7645, LR: 0.0000045, Loss: 0.354
[2025-01-06 21:52:00,481][    INFO] Iter: 1100/7645, LR: 0.0000045, Loss: 0.300
[2025-01-06 21:53:14,774][    INFO] Iter: 1200/7645, LR: 0.0000045, Loss: 0.188
[2025-01-06 21:54:28,995][    INFO] Iter: 1300/7645, LR: 0.0000045, Loss: 0.311
[2025-01-06 21:55:43,333][    INFO] Iter: 1400/7645, LR: 0.0000045, Loss: 0.436
[2025-01-06 21:56:57,684][    INFO] Iter: 1500/7645, LR: 0.0000045, Loss: 0.479
[2025-01-06 21:58:11,969][    INFO] Iter: 1600/7645, LR: 0.0000045, Loss: 0.676
[2025-01-06 21:59:26,240][    INFO] Iter: 1700/7645, LR: 0.0000045, Loss: 0.192
[2025-01-06 22:00:40,449][    INFO] Iter: 1800/7645, LR: 0.0000045, Loss: 0.717
[2025-01-06 22:01:54,688][    INFO] Iter: 1900/7645, LR: 0.0000045, Loss: 0.394
[2025-01-06 22:03:09,004][    INFO] Iter: 2000/7645, LR: 0.0000045, Loss: 0.485
[2025-01-06 22:04:23,274][    INFO] Iter: 2100/7645, LR: 0.0000045, Loss: 0.391
[2025-01-06 22:05:37,537][    INFO] Iter: 2200/7645, LR: 0.0000045, Loss: 0.597
[2025-01-06 22:06:51,804][    INFO] Iter: 2300/7645, LR: 0.0000045, Loss: 0.299
[2025-01-06 22:08:06,003][    INFO] Iter: 2400/7645, LR: 0.0000045, Loss: 0.661
[2025-01-06 22:09:20,286][    INFO] Iter: 2500/7645, LR: 0.0000045, Loss: 0.204
[2025-01-06 22:10:34,546][    INFO] Iter: 2600/7645, LR: 0.0000045, Loss: 0.232
[2025-01-06 22:11:48,824][    INFO] Iter: 2700/7645, LR: 0.0000045, Loss: 0.198
[2025-01-06 22:13:07,179][    INFO] Iter: 2800/7645, LR: 0.0000045, Loss: 0.213
[2025-01-06 22:14:21,474][    INFO] Iter: 2900/7645, LR: 0.0000045, Loss: 0.453
[2025-01-06 22:15:35,794][    INFO] Iter: 3000/7645, LR: 0.0000045, Loss: 0.503
[2025-01-06 22:16:49,961][    INFO] Iter: 3100/7645, LR: 0.0000045, Loss: 0.956
[2025-01-06 22:18:04,157][    INFO] Iter: 3200/7645, LR: 0.0000045, Loss: 0.411
[2025-01-06 22:19:18,401][    INFO] Iter: 3300/7645, LR: 0.0000044, Loss: 0.430
[2025-01-06 22:20:32,667][    INFO] Iter: 3400/7645, LR: 0.0000044, Loss: 0.320
[2025-01-06 22:21:46,943][    INFO] Iter: 3500/7645, LR: 0.0000044, Loss: 0.261
[2025-01-06 22:23:01,187][    INFO] Iter: 3600/7645, LR: 0.0000044, Loss: 0.189
[2025-01-06 22:24:15,427][    INFO] Iter: 3700/7645, LR: 0.0000044, Loss: 0.208
[2025-01-06 22:25:29,674][    INFO] Iter: 3800/7645, LR: 0.0000044, Loss: 0.367
[2025-01-06 22:26:43,906][    INFO] Iter: 3900/7645, LR: 0.0000044, Loss: 0.162
[2025-01-06 22:27:58,171][    INFO] Iter: 4000/7645, LR: 0.0000044, Loss: 0.226
[2025-01-06 22:29:12,408][    INFO] Iter: 4100/7645, LR: 0.0000044, Loss: 0.253
[2025-01-06 22:30:26,573][    INFO] Iter: 4200/7645, LR: 0.0000044, Loss: 1.207
[2025-01-06 22:31:40,768][    INFO] Iter: 4300/7645, LR: 0.0000044, Loss: 0.632
[2025-01-06 22:32:54,956][    INFO] Iter: 4400/7645, LR: 0.0000044, Loss: 0.276
[2025-01-06 22:34:09,167][    INFO] Iter: 4500/7645, LR: 0.0000044, Loss: 0.514
[2025-01-06 22:35:23,201][    INFO] Iter: 4600/7645, LR: 0.0000044, Loss: 0.214
[2025-01-06 22:36:37,259][    INFO] Iter: 4700/7645, LR: 0.0000044, Loss: 0.635
[2025-01-06 22:37:55,725][    INFO] Iter: 4800/7645, LR: 0.0000044, Loss: 0.249
[2025-01-06 22:39:09,966][    INFO] Iter: 4900/7645, LR: 0.0000044, Loss: 0.160
[2025-01-06 22:40:24,208][    INFO] Iter: 5000/7645, LR: 0.0000044, Loss: 0.947
[2025-01-06 22:41:38,439][    INFO] Iter: 5100/7645, LR: 0.0000044, Loss: 0.243
[2025-01-06 22:42:52,763][    INFO] Iter: 5200/7645, LR: 0.0000044, Loss: 0.583
[2025-01-06 22:44:07,033][    INFO] Iter: 5300/7645, LR: 0.0000044, Loss: 0.262
[2025-01-06 22:45:21,389][    INFO] Iter: 5400/7645, LR: 0.0000044, Loss: 0.272
[2025-01-06 22:46:35,685][    INFO] Iter: 5500/7645, LR: 0.0000044, Loss: 0.200
[2025-01-06 22:47:49,921][    INFO] Iter: 5600/7645, LR: 0.0000044, Loss: 0.183
[2025-01-06 22:49:04,191][    INFO] Iter: 5700/7645, LR: 0.0000044, Loss: 0.149
[2025-01-06 22:50:18,478][    INFO] Iter: 5800/7645, LR: 0.0000044, Loss: 0.192
[2025-01-06 22:51:32,681][    INFO] Iter: 5900/7645, LR: 0.0000044, Loss: 0.163
[2025-01-06 22:52:46,915][    INFO] Iter: 6000/7645, LR: 0.0000044, Loss: 0.557
[2025-01-06 22:54:01,165][    INFO] Iter: 6100/7645, LR: 0.0000044, Loss: 0.183
[2025-01-06 22:55:15,512][    INFO] Iter: 6200/7645, LR: 0.0000044, Loss: 0.576
[2025-01-06 22:56:29,779][    INFO] Iter: 6300/7645, LR: 0.0000044, Loss: 0.177
[2025-01-06 22:57:44,079][    INFO] Iter: 6400/7645, LR: 0.0000044, Loss: 0.602
[2025-01-06 22:58:58,355][    INFO] Iter: 6500/7645, LR: 0.0000044, Loss: 0.212
[2025-01-06 23:00:12,602][    INFO] Iter: 6600/7645, LR: 0.0000044, Loss: 0.236
[2025-01-06 23:01:26,877][    INFO] Iter: 6700/7645, LR: 0.0000043, Loss: 0.249
[2025-01-06 23:02:46,240][    INFO] Iter: 6800/7645, LR: 0.0000043, Loss: 0.560
[2025-01-06 23:04:00,553][    INFO] Iter: 6900/7645, LR: 0.0000043, Loss: 0.216
[2025-01-06 23:05:14,826][    INFO] Iter: 7000/7645, LR: 0.0000043, Loss: 0.486
[2025-01-06 23:06:29,136][    INFO] Iter: 7100/7645, LR: 0.0000043, Loss: 0.401
[2025-01-06 23:07:43,457][    INFO] Iter: 7200/7645, LR: 0.0000043, Loss: 0.200
[2025-01-06 23:08:57,696][    INFO] Iter: 7300/7645, LR: 0.0000043, Loss: 0.203
[2025-01-06 23:10:12,005][    INFO] Iter: 7400/7645, LR: 0.0000043, Loss: 0.299
[2025-01-06 23:11:26,224][    INFO] Iter: 7500/7645, LR: 0.0000043, Loss: 0.141
[2025-01-06 23:12:40,476][    INFO] Iter: 7600/7645, LR: 0.0000043, Loss: 0.203
[2025-01-06 23:13:46,298][    INFO] ==========================================================================================
[2025-01-06 23:13:46,298][    INFO]       d1,       d2,       d3,  abs_rel,   sq_rel,     rmse, rmse_log,    log10,    silog
[2025-01-06 23:13:46,299][    INFO]    0.670,    0.798,    0.884,    0.236,   14.869,   58.685,    0.471,    0.110,    0.457
[2025-01-06 23:13:46,299][    INFO] ==========================================================================================

[2025-01-06 23:13:52,380][    INFO] ===========> Epoch: 3/20, d1: 0.670, d2: 0.803, d3: 0.884
[2025-01-06 23:13:52,380][    INFO] ===========> Epoch: 3/20, abs_rel: 0.236, sq_rel: 14.869, rmse: 55.857, rmse_log: 0.471, log10: 0.110, silog: 0.457
[2025-01-06 23:13:53,910][    INFO] Iter: 0/7645, LR: 0.0000043, Loss: 0.713
[2025-01-06 23:15:08,109][    INFO] Iter: 100/7645, LR: 0.0000043, Loss: 0.355
[2025-01-06 23:16:22,398][    INFO] Iter: 200/7645, LR: 0.0000043, Loss: 0.271
[2025-01-06 23:17:36,658][    INFO] Iter: 300/7645, LR: 0.0000043, Loss: 0.386
[2025-01-06 23:18:50,862][    INFO] Iter: 400/7645, LR: 0.0000043, Loss: 0.556
[2025-01-06 23:20:05,084][    INFO] Iter: 500/7645, LR: 0.0000043, Loss: 0.309
[2025-01-06 23:21:19,265][    INFO] Iter: 600/7645, LR: 0.0000043, Loss: 0.155
[2025-01-06 23:22:33,472][    INFO] Iter: 700/7645, LR: 0.0000043, Loss: 0.339
[2025-01-06 23:23:47,676][    INFO] Iter: 800/7645, LR: 0.0000043, Loss: 0.228
[2025-01-06 23:25:01,838][    INFO] Iter: 900/7645, LR: 0.0000043, Loss: 0.212
[2025-01-06 23:26:16,040][    INFO] Iter: 1000/7645, LR: 0.0000043, Loss: 0.158
[2025-01-06 23:27:34,004][    INFO] Iter: 1100/7645, LR: 0.0000043, Loss: 0.214
[2025-01-06 23:28:48,230][    INFO] Iter: 1200/7645, LR: 0.0000043, Loss: 0.432
[2025-01-06 23:30:02,533][    INFO] Iter: 1300/7645, LR: 0.0000043, Loss: 0.708
[2025-01-06 23:31:17,017][    INFO] Iter: 1400/7645, LR: 0.0000043, Loss: 0.171
[2025-01-06 23:32:31,332][    INFO] Iter: 1500/7645, LR: 0.0000043, Loss: 0.218
[2025-01-06 23:33:45,895][    INFO] Iter: 1600/7645, LR: 0.0000043, Loss: 0.207
W0106 23:33:46.963000 140298937526080 torch/distributed/elastic/agent/server/api.py:741] Received Signals.SIGTERM death signal, shutting down workers
W0106 23:33:46.966000 140298937526080 torch/distributed/elastic/multiprocessing/api.py:851] Sending process 7341 closing signal SIGTERM
W0106 23:33:46.966000 140298937526080 torch/distributed/elastic/multiprocessing/api.py:851] Sending process 7342 closing signal SIGTERM
Traceback (most recent call last):
  File "/data/miniconda/envs/torch/lib/python3.10/runpy.py", line 196, in _run_module_as_main
    return _run_code(code, main_globals, None,
  File "/data/miniconda/envs/torch/lib/python3.10/runpy.py", line 86, in _run_code
    exec(code, run_globals)
  File "/data/miniconda/envs/torch/lib/python3.10/site-packages/torch/distributed/launch.py", line 198, in <module>
    main()
  File "/data/miniconda/envs/torch/lib/python3.10/site-packages/torch/distributed/launch.py", line 194, in main
    launch(args)
  File "/data/miniconda/envs/torch/lib/python3.10/site-packages/torch/distributed/launch.py", line 179, in launch
    run(args)
  File "/data/miniconda/envs/torch/lib/python3.10/site-packages/torch/distributed/run.py", line 870, in run
    elastic_launch(
  File "/data/miniconda/envs/torch/lib/python3.10/site-packages/torch/distributed/launcher/api.py", line 132, in __call__
    return launch_agent(self._config, self._entrypoint, list(args))
  File "/data/miniconda/envs/torch/lib/python3.10/site-packages/torch/distributed/launcher/api.py", line 254, in launch_agent
    result = agent.run()
  File "/data/miniconda/envs/torch/lib/python3.10/site-packages/torch/distributed/elastic/metrics/api.py", line 123, in wrapper
    result = f(*args, **kwargs)
  File "/data/miniconda/envs/torch/lib/python3.10/site-packages/torch/distributed/elastic/agent/server/api.py", line 733, in run
    result = self._invoke_run(role)
  File "/data/miniconda/envs/torch/lib/python3.10/site-packages/torch/distributed/elastic/agent/server/api.py", line 876, in _invoke_run
    time.sleep(monitor_interval)
  File "/data/miniconda/envs/torch/lib/python3.10/site-packages/torch/distributed/elastic/multiprocessing/api.py", line 76, in _terminate_process_handler
    raise SignalException(f"Process {os.getpid()} got signal: {sigval}", sigval=sigval)
torch.distributed.elastic.multiprocessing.api.SignalException: Process 7256 got signal: 15
