/data/miniconda/envs/torch/lib/python3.10/site-packages/torch/distributed/launch.py:183: FutureWarning: The module torch.distributed.launch is deprecated
and will be removed in future. Use torchrun.
Note that --use-env is set by default in torchrun.
If your script expects `--local-rank` argument to be set, please
change it to read from `os.environ['LOCAL_RANK']` instead. See 
https://pytorch.org/docs/stable/distributed.html#launch-utility for 
further instructions

  warnings.warn(
W0107 23:05:33.823000 140538901940032 torch/distributed/run.py:757] 
W0107 23:05:33.823000 140538901940032 torch/distributed/run.py:757] *****************************************
W0107 23:05:33.823000 140538901940032 torch/distributed/run.py:757] Setting OMP_NUM_THREADS environment variable for each process to be 1 in default, to avoid your system being overloaded, please further tune the variable for optimal performance in your application as needed. 
W0107 23:05:33.823000 140538901940032 torch/distributed/run.py:757] *****************************************
[2025-01-07 23:05:37,800][    INFO] {'bs': 12,
 'dataset': 'eventscape_voxel',
 'encoder': 'vitl',
 'epochs': 10,
 'img_size': 350,
 'local_rank': 0,
 'lr': 5e-06,
 'lr_lora': 0.0001,
 'max_depth': 1.0,
 'min_depth': 0.0,
 'ngpus': 2,
 'normalized_depth': True,
 'port': 20596,
 'pretrained_from': '/data/coding/upload-data/checkpoints/depth_anything_v2_vitl.pth',
 'save_path': '/data/coding/code/da2-prompt-tuning/da2_metric_depth/exp/eventscape_voxel_nl_da2_lora_vitl_20250107_230532'}

INFO:dinov2:using MLP layer as FFN
INFO:dinov2:using MLP layer as FFN
[2025-01-07 23:05:50,665][    INFO] Module: module.pretrained.cls_token, Trainable Parameters: 1024
[2025-01-07 23:05:50,666][    INFO] Module: module.pretrained.pos_embed, Trainable Parameters: 1402880
[2025-01-07 23:05:50,666][    INFO] Module: module.pretrained.mask_token, Trainable Parameters: 1024
[2025-01-07 23:05:50,666][    INFO] Module: module.pretrained.patch_embed.proj.weight, Trainable Parameters: 602112
[2025-01-07 23:05:50,666][    INFO] Module: module.pretrained.patch_embed.proj.bias, Trainable Parameters: 1024
[2025-01-07 23:05:50,666][    INFO] Module: module.pretrained.blocks.0.attn.qkv.lora_A, Trainable Parameters: 24576
[2025-01-07 23:05:50,666][    INFO] Module: module.pretrained.blocks.0.attn.qkv.lora_B, Trainable Parameters: 24576
[2025-01-07 23:05:50,666][    INFO] Module: module.pretrained.blocks.0.attn.proj.lora_A, Trainable Parameters: 8192
[2025-01-07 23:05:50,666][    INFO] Module: module.pretrained.blocks.0.attn.proj.lora_B, Trainable Parameters: 8192
[2025-01-07 23:05:50,666][    INFO] Module: module.pretrained.blocks.0.mlp.fc1.lora_A, Trainable Parameters: 8192
[2025-01-07 23:05:50,666][    INFO] Module: module.pretrained.blocks.0.mlp.fc1.lora_B, Trainable Parameters: 32768
[2025-01-07 23:05:50,666][    INFO] Module: module.pretrained.blocks.0.mlp.fc2.lora_A, Trainable Parameters: 32768
[2025-01-07 23:05:50,666][    INFO] Module: module.pretrained.blocks.0.mlp.fc2.lora_B, Trainable Parameters: 8192
[2025-01-07 23:05:50,666][    INFO] Module: module.pretrained.blocks.1.attn.qkv.lora_A, Trainable Parameters: 24576
[2025-01-07 23:05:50,666][    INFO] Module: module.pretrained.blocks.1.attn.qkv.lora_B, Trainable Parameters: 24576
[2025-01-07 23:05:50,666][    INFO] Module: module.pretrained.blocks.1.attn.proj.lora_A, Trainable Parameters: 8192
[2025-01-07 23:05:50,666][    INFO] Module: module.pretrained.blocks.1.attn.proj.lora_B, Trainable Parameters: 8192
[2025-01-07 23:05:50,666][    INFO] Module: module.pretrained.blocks.1.mlp.fc1.lora_A, Trainable Parameters: 8192
[2025-01-07 23:05:50,666][    INFO] Module: module.pretrained.blocks.1.mlp.fc1.lora_B, Trainable Parameters: 32768
[2025-01-07 23:05:50,666][    INFO] Module: module.pretrained.blocks.1.mlp.fc2.lora_A, Trainable Parameters: 32768
[2025-01-07 23:05:50,666][    INFO] Module: module.pretrained.blocks.1.mlp.fc2.lora_B, Trainable Parameters: 8192
[2025-01-07 23:05:50,666][    INFO] Module: module.pretrained.blocks.2.attn.qkv.lora_A, Trainable Parameters: 24576
[2025-01-07 23:05:50,666][    INFO] Module: module.pretrained.blocks.2.attn.qkv.lora_B, Trainable Parameters: 24576
[2025-01-07 23:05:50,666][    INFO] Module: module.pretrained.blocks.2.attn.proj.lora_A, Trainable Parameters: 8192
[2025-01-07 23:05:50,666][    INFO] Module: module.pretrained.blocks.2.attn.proj.lora_B, Trainable Parameters: 8192
[2025-01-07 23:05:50,667][    INFO] Module: module.pretrained.blocks.2.mlp.fc1.lora_A, Trainable Parameters: 8192
[2025-01-07 23:05:50,667][    INFO] Module: module.pretrained.blocks.2.mlp.fc1.lora_B, Trainable Parameters: 32768
[2025-01-07 23:05:50,667][    INFO] Module: module.pretrained.blocks.2.mlp.fc2.lora_A, Trainable Parameters: 32768
[2025-01-07 23:05:50,667][    INFO] Module: module.pretrained.blocks.2.mlp.fc2.lora_B, Trainable Parameters: 8192
[2025-01-07 23:05:50,667][    INFO] Module: module.pretrained.blocks.3.attn.qkv.lora_A, Trainable Parameters: 24576
[2025-01-07 23:05:50,667][    INFO] Module: module.pretrained.blocks.3.attn.qkv.lora_B, Trainable Parameters: 24576
[2025-01-07 23:05:50,667][    INFO] Module: module.pretrained.blocks.3.attn.proj.lora_A, Trainable Parameters: 8192
[2025-01-07 23:05:50,667][    INFO] Module: module.pretrained.blocks.3.attn.proj.lora_B, Trainable Parameters: 8192
[2025-01-07 23:05:50,667][    INFO] Module: module.pretrained.blocks.3.mlp.fc1.lora_A, Trainable Parameters: 8192
[2025-01-07 23:05:50,667][    INFO] Module: module.pretrained.blocks.3.mlp.fc1.lora_B, Trainable Parameters: 32768
[2025-01-07 23:05:50,667][    INFO] Module: module.pretrained.blocks.3.mlp.fc2.lora_A, Trainable Parameters: 32768
[2025-01-07 23:05:50,667][    INFO] Module: module.pretrained.blocks.3.mlp.fc2.lora_B, Trainable Parameters: 8192
[2025-01-07 23:05:50,667][    INFO] Module: module.pretrained.blocks.4.attn.qkv.lora_A, Trainable Parameters: 24576
[2025-01-07 23:05:50,667][    INFO] Module: module.pretrained.blocks.4.attn.qkv.lora_B, Trainable Parameters: 24576
[2025-01-07 23:05:50,667][    INFO] Module: module.pretrained.blocks.4.attn.proj.lora_A, Trainable Parameters: 8192
[2025-01-07 23:05:50,667][    INFO] Module: module.pretrained.blocks.4.attn.proj.lora_B, Trainable Parameters: 8192
[2025-01-07 23:05:50,667][    INFO] Module: module.pretrained.blocks.4.mlp.fc1.lora_A, Trainable Parameters: 8192
[2025-01-07 23:05:50,667][    INFO] Module: module.pretrained.blocks.4.mlp.fc1.lora_B, Trainable Parameters: 32768
[2025-01-07 23:05:50,667][    INFO] Module: module.pretrained.blocks.4.mlp.fc2.lora_A, Trainable Parameters: 32768
[2025-01-07 23:05:50,667][    INFO] Module: module.pretrained.blocks.4.mlp.fc2.lora_B, Trainable Parameters: 8192
[2025-01-07 23:05:50,667][    INFO] Module: module.pretrained.blocks.5.attn.qkv.lora_A, Trainable Parameters: 24576
[2025-01-07 23:05:50,667][    INFO] Module: module.pretrained.blocks.5.attn.qkv.lora_B, Trainable Parameters: 24576
[2025-01-07 23:05:50,667][    INFO] Module: module.pretrained.blocks.5.attn.proj.lora_A, Trainable Parameters: 8192
[2025-01-07 23:05:50,667][    INFO] Module: module.pretrained.blocks.5.attn.proj.lora_B, Trainable Parameters: 8192
[2025-01-07 23:05:50,667][    INFO] Module: module.pretrained.blocks.5.mlp.fc1.lora_A, Trainable Parameters: 8192
[2025-01-07 23:05:50,667][    INFO] Module: module.pretrained.blocks.5.mlp.fc1.lora_B, Trainable Parameters: 32768
[2025-01-07 23:05:50,667][    INFO] Module: module.pretrained.blocks.5.mlp.fc2.lora_A, Trainable Parameters: 32768
[2025-01-07 23:05:50,667][    INFO] Module: module.pretrained.blocks.5.mlp.fc2.lora_B, Trainable Parameters: 8192
[2025-01-07 23:05:50,667][    INFO] Module: module.pretrained.blocks.6.attn.qkv.lora_A, Trainable Parameters: 24576
[2025-01-07 23:05:50,667][    INFO] Module: module.pretrained.blocks.6.attn.qkv.lora_B, Trainable Parameters: 24576
[2025-01-07 23:05:50,668][    INFO] Module: module.pretrained.blocks.6.attn.proj.lora_A, Trainable Parameters: 8192
[2025-01-07 23:05:50,668][    INFO] Module: module.pretrained.blocks.6.attn.proj.lora_B, Trainable Parameters: 8192
[2025-01-07 23:05:50,668][    INFO] Module: module.pretrained.blocks.6.mlp.fc1.lora_A, Trainable Parameters: 8192
[2025-01-07 23:05:50,668][    INFO] Module: module.pretrained.blocks.6.mlp.fc1.lora_B, Trainable Parameters: 32768
[2025-01-07 23:05:50,668][    INFO] Module: module.pretrained.blocks.6.mlp.fc2.lora_A, Trainable Parameters: 32768
[2025-01-07 23:05:50,668][    INFO] Module: module.pretrained.blocks.6.mlp.fc2.lora_B, Trainable Parameters: 8192
[2025-01-07 23:05:50,668][    INFO] Module: module.pretrained.blocks.7.attn.qkv.lora_A, Trainable Parameters: 24576
[2025-01-07 23:05:50,668][    INFO] Module: module.pretrained.blocks.7.attn.qkv.lora_B, Trainable Parameters: 24576
[2025-01-07 23:05:50,668][    INFO] Module: module.pretrained.blocks.7.attn.proj.lora_A, Trainable Parameters: 8192
[2025-01-07 23:05:50,668][    INFO] Module: module.pretrained.blocks.7.attn.proj.lora_B, Trainable Parameters: 8192
[2025-01-07 23:05:50,668][    INFO] Module: module.pretrained.blocks.7.mlp.fc1.lora_A, Trainable Parameters: 8192
[2025-01-07 23:05:50,668][    INFO] Module: module.pretrained.blocks.7.mlp.fc1.lora_B, Trainable Parameters: 32768
[2025-01-07 23:05:50,668][    INFO] Module: module.pretrained.blocks.7.mlp.fc2.lora_A, Trainable Parameters: 32768
[2025-01-07 23:05:50,668][    INFO] Module: module.pretrained.blocks.7.mlp.fc2.lora_B, Trainable Parameters: 8192
[2025-01-07 23:05:50,668][    INFO] Module: module.pretrained.blocks.8.attn.qkv.lora_A, Trainable Parameters: 24576
[2025-01-07 23:05:50,668][    INFO] Module: module.pretrained.blocks.8.attn.qkv.lora_B, Trainable Parameters: 24576
[2025-01-07 23:05:50,668][    INFO] Module: module.pretrained.blocks.8.attn.proj.lora_A, Trainable Parameters: 8192
[2025-01-07 23:05:50,668][    INFO] Module: module.pretrained.blocks.8.attn.proj.lora_B, Trainable Parameters: 8192
[2025-01-07 23:05:50,668][    INFO] Module: module.pretrained.blocks.8.mlp.fc1.lora_A, Trainable Parameters: 8192
[2025-01-07 23:05:50,668][    INFO] Module: module.pretrained.blocks.8.mlp.fc1.lora_B, Trainable Parameters: 32768
[2025-01-07 23:05:50,668][    INFO] Module: module.pretrained.blocks.8.mlp.fc2.lora_A, Trainable Parameters: 32768
[2025-01-07 23:05:50,668][    INFO] Module: module.pretrained.blocks.8.mlp.fc2.lora_B, Trainable Parameters: 8192
[2025-01-07 23:05:50,668][    INFO] Module: module.pretrained.blocks.9.attn.qkv.lora_A, Trainable Parameters: 24576
[2025-01-07 23:05:50,668][    INFO] Module: module.pretrained.blocks.9.attn.qkv.lora_B, Trainable Parameters: 24576
[2025-01-07 23:05:50,668][    INFO] Module: module.pretrained.blocks.9.attn.proj.lora_A, Trainable Parameters: 8192
[2025-01-07 23:05:50,668][    INFO] Module: module.pretrained.blocks.9.attn.proj.lora_B, Trainable Parameters: 8192
[2025-01-07 23:05:50,668][    INFO] Module: module.pretrained.blocks.9.mlp.fc1.lora_A, Trainable Parameters: 8192
[2025-01-07 23:05:50,668][    INFO] Module: module.pretrained.blocks.9.mlp.fc1.lora_B, Trainable Parameters: 32768
[2025-01-07 23:05:50,668][    INFO] Module: module.pretrained.blocks.9.mlp.fc2.lora_A, Trainable Parameters: 32768
[2025-01-07 23:05:50,668][    INFO] Module: module.pretrained.blocks.9.mlp.fc2.lora_B, Trainable Parameters: 8192
[2025-01-07 23:05:50,669][    INFO] Module: module.pretrained.blocks.10.attn.qkv.lora_A, Trainable Parameters: 24576
[2025-01-07 23:05:50,669][    INFO] Module: module.pretrained.blocks.10.attn.qkv.lora_B, Trainable Parameters: 24576
[2025-01-07 23:05:50,669][    INFO] Module: module.pretrained.blocks.10.attn.proj.lora_A, Trainable Parameters: 8192
[2025-01-07 23:05:50,669][    INFO] Module: module.pretrained.blocks.10.attn.proj.lora_B, Trainable Parameters: 8192
[2025-01-07 23:05:50,669][    INFO] Module: module.pretrained.blocks.10.mlp.fc1.lora_A, Trainable Parameters: 8192
[2025-01-07 23:05:50,669][    INFO] Module: module.pretrained.blocks.10.mlp.fc1.lora_B, Trainable Parameters: 32768
[2025-01-07 23:05:50,669][    INFO] Module: module.pretrained.blocks.10.mlp.fc2.lora_A, Trainable Parameters: 32768
[2025-01-07 23:05:50,669][    INFO] Module: module.pretrained.blocks.10.mlp.fc2.lora_B, Trainable Parameters: 8192
[2025-01-07 23:05:50,669][    INFO] Module: module.pretrained.blocks.11.attn.qkv.lora_A, Trainable Parameters: 24576
[2025-01-07 23:05:50,669][    INFO] Module: module.pretrained.blocks.11.attn.qkv.lora_B, Trainable Parameters: 24576
[2025-01-07 23:05:50,669][    INFO] Module: module.pretrained.blocks.11.attn.proj.lora_A, Trainable Parameters: 8192
[2025-01-07 23:05:50,669][    INFO] Module: module.pretrained.blocks.11.attn.proj.lora_B, Trainable Parameters: 8192
[2025-01-07 23:05:50,669][    INFO] Module: module.pretrained.blocks.11.mlp.fc1.lora_A, Trainable Parameters: 8192
[2025-01-07 23:05:50,669][    INFO] Module: module.pretrained.blocks.11.mlp.fc1.lora_B, Trainable Parameters: 32768
[2025-01-07 23:05:50,669][    INFO] Module: module.pretrained.blocks.11.mlp.fc2.lora_A, Trainable Parameters: 32768
[2025-01-07 23:05:50,669][    INFO] Module: module.pretrained.blocks.11.mlp.fc2.lora_B, Trainable Parameters: 8192
[2025-01-07 23:05:50,669][    INFO] Module: module.pretrained.blocks.12.attn.qkv.lora_A, Trainable Parameters: 24576
[2025-01-07 23:05:50,669][    INFO] Module: module.pretrained.blocks.12.attn.qkv.lora_B, Trainable Parameters: 24576
[2025-01-07 23:05:50,669][    INFO] Module: module.pretrained.blocks.12.attn.proj.lora_A, Trainable Parameters: 8192
[2025-01-07 23:05:50,669][    INFO] Module: module.pretrained.blocks.12.attn.proj.lora_B, Trainable Parameters: 8192
[2025-01-07 23:05:50,669][    INFO] Module: module.pretrained.blocks.12.mlp.fc1.lora_A, Trainable Parameters: 8192
[2025-01-07 23:05:50,669][    INFO] Module: module.pretrained.blocks.12.mlp.fc1.lora_B, Trainable Parameters: 32768
[2025-01-07 23:05:50,669][    INFO] Module: module.pretrained.blocks.12.mlp.fc2.lora_A, Trainable Parameters: 32768
[2025-01-07 23:05:50,669][    INFO] Module: module.pretrained.blocks.12.mlp.fc2.lora_B, Trainable Parameters: 8192
[2025-01-07 23:05:50,669][    INFO] Module: module.pretrained.blocks.13.attn.qkv.lora_A, Trainable Parameters: 24576
[2025-01-07 23:05:50,669][    INFO] Module: module.pretrained.blocks.13.attn.qkv.lora_B, Trainable Parameters: 24576
[2025-01-07 23:05:50,669][    INFO] Module: module.pretrained.blocks.13.attn.proj.lora_A, Trainable Parameters: 8192
[2025-01-07 23:05:50,669][    INFO] Module: module.pretrained.blocks.13.attn.proj.lora_B, Trainable Parameters: 8192
[2025-01-07 23:05:50,670][    INFO] Module: module.pretrained.blocks.13.mlp.fc1.lora_A, Trainable Parameters: 8192
[2025-01-07 23:05:50,670][    INFO] Module: module.pretrained.blocks.13.mlp.fc1.lora_B, Trainable Parameters: 32768
[2025-01-07 23:05:50,670][    INFO] Module: module.pretrained.blocks.13.mlp.fc2.lora_A, Trainable Parameters: 32768
[2025-01-07 23:05:50,670][    INFO] Module: module.pretrained.blocks.13.mlp.fc2.lora_B, Trainable Parameters: 8192
[2025-01-07 23:05:50,670][    INFO] Module: module.pretrained.blocks.14.attn.qkv.lora_A, Trainable Parameters: 24576
[2025-01-07 23:05:50,670][    INFO] Module: module.pretrained.blocks.14.attn.qkv.lora_B, Trainable Parameters: 24576
[2025-01-07 23:05:50,670][    INFO] Module: module.pretrained.blocks.14.attn.proj.lora_A, Trainable Parameters: 8192
[2025-01-07 23:05:50,670][    INFO] Module: module.pretrained.blocks.14.attn.proj.lora_B, Trainable Parameters: 8192
[2025-01-07 23:05:50,670][    INFO] Module: module.pretrained.blocks.14.mlp.fc1.lora_A, Trainable Parameters: 8192
[2025-01-07 23:05:50,670][    INFO] Module: module.pretrained.blocks.14.mlp.fc1.lora_B, Trainable Parameters: 32768
[2025-01-07 23:05:50,670][    INFO] Module: module.pretrained.blocks.14.mlp.fc2.lora_A, Trainable Parameters: 32768
[2025-01-07 23:05:50,670][    INFO] Module: module.pretrained.blocks.14.mlp.fc2.lora_B, Trainable Parameters: 8192
[2025-01-07 23:05:50,670][    INFO] Module: module.pretrained.blocks.15.attn.qkv.lora_A, Trainable Parameters: 24576
[2025-01-07 23:05:50,670][    INFO] Module: module.pretrained.blocks.15.attn.qkv.lora_B, Trainable Parameters: 24576
[2025-01-07 23:05:50,670][    INFO] Module: module.pretrained.blocks.15.attn.proj.lora_A, Trainable Parameters: 8192
[2025-01-07 23:05:50,670][    INFO] Module: module.pretrained.blocks.15.attn.proj.lora_B, Trainable Parameters: 8192
[2025-01-07 23:05:50,670][    INFO] Module: module.pretrained.blocks.15.mlp.fc1.lora_A, Trainable Parameters: 8192
[2025-01-07 23:05:50,670][    INFO] Module: module.pretrained.blocks.15.mlp.fc1.lora_B, Trainable Parameters: 32768
[2025-01-07 23:05:50,670][    INFO] Module: module.pretrained.blocks.15.mlp.fc2.lora_A, Trainable Parameters: 32768
[2025-01-07 23:05:50,670][    INFO] Module: module.pretrained.blocks.15.mlp.fc2.lora_B, Trainable Parameters: 8192
[2025-01-07 23:05:50,670][    INFO] Module: module.pretrained.blocks.16.attn.qkv.lora_A, Trainable Parameters: 24576
[2025-01-07 23:05:50,670][    INFO] Module: module.pretrained.blocks.16.attn.qkv.lora_B, Trainable Parameters: 24576
[2025-01-07 23:05:50,670][    INFO] Module: module.pretrained.blocks.16.attn.proj.lora_A, Trainable Parameters: 8192
[2025-01-07 23:05:50,670][    INFO] Module: module.pretrained.blocks.16.attn.proj.lora_B, Trainable Parameters: 8192
[2025-01-07 23:05:50,670][    INFO] Module: module.pretrained.blocks.16.mlp.fc1.lora_A, Trainable Parameters: 8192
[2025-01-07 23:05:50,670][    INFO] Module: module.pretrained.blocks.16.mlp.fc1.lora_B, Trainable Parameters: 32768
[2025-01-07 23:05:50,670][    INFO] Module: module.pretrained.blocks.16.mlp.fc2.lora_A, Trainable Parameters: 32768
[2025-01-07 23:05:50,670][    INFO] Module: module.pretrained.blocks.16.mlp.fc2.lora_B, Trainable Parameters: 8192
[2025-01-07 23:05:50,670][    INFO] Module: module.pretrained.blocks.17.attn.qkv.lora_A, Trainable Parameters: 24576
[2025-01-07 23:05:50,670][    INFO] Module: module.pretrained.blocks.17.attn.qkv.lora_B, Trainable Parameters: 24576
[2025-01-07 23:05:50,671][    INFO] Module: module.pretrained.blocks.17.attn.proj.lora_A, Trainable Parameters: 8192
[2025-01-07 23:05:50,671][    INFO] Module: module.pretrained.blocks.17.attn.proj.lora_B, Trainable Parameters: 8192
[2025-01-07 23:05:50,671][    INFO] Module: module.pretrained.blocks.17.mlp.fc1.lora_A, Trainable Parameters: 8192
[2025-01-07 23:05:50,671][    INFO] Module: module.pretrained.blocks.17.mlp.fc1.lora_B, Trainable Parameters: 32768
[2025-01-07 23:05:50,671][    INFO] Module: module.pretrained.blocks.17.mlp.fc2.lora_A, Trainable Parameters: 32768
[2025-01-07 23:05:50,671][    INFO] Module: module.pretrained.blocks.17.mlp.fc2.lora_B, Trainable Parameters: 8192
[2025-01-07 23:05:50,671][    INFO] Module: module.pretrained.blocks.18.attn.qkv.lora_A, Trainable Parameters: 24576
[2025-01-07 23:05:50,671][    INFO] Module: module.pretrained.blocks.18.attn.qkv.lora_B, Trainable Parameters: 24576
[2025-01-07 23:05:50,671][    INFO] Module: module.pretrained.blocks.18.attn.proj.lora_A, Trainable Parameters: 8192
[2025-01-07 23:05:50,671][    INFO] Module: module.pretrained.blocks.18.attn.proj.lora_B, Trainable Parameters: 8192
[2025-01-07 23:05:50,671][    INFO] Module: module.pretrained.blocks.18.mlp.fc1.lora_A, Trainable Parameters: 8192
[2025-01-07 23:05:50,671][    INFO] Module: module.pretrained.blocks.18.mlp.fc1.lora_B, Trainable Parameters: 32768
[2025-01-07 23:05:50,671][    INFO] Module: module.pretrained.blocks.18.mlp.fc2.lora_A, Trainable Parameters: 32768
[2025-01-07 23:05:50,671][    INFO] Module: module.pretrained.blocks.18.mlp.fc2.lora_B, Trainable Parameters: 8192
[2025-01-07 23:05:50,671][    INFO] Module: module.pretrained.blocks.19.attn.qkv.lora_A, Trainable Parameters: 24576
[2025-01-07 23:05:50,671][    INFO] Module: module.pretrained.blocks.19.attn.qkv.lora_B, Trainable Parameters: 24576
[2025-01-07 23:05:50,671][    INFO] Module: module.pretrained.blocks.19.attn.proj.lora_A, Trainable Parameters: 8192
[2025-01-07 23:05:50,671][    INFO] Module: module.pretrained.blocks.19.attn.proj.lora_B, Trainable Parameters: 8192
[2025-01-07 23:05:50,671][    INFO] Module: module.pretrained.blocks.19.mlp.fc1.lora_A, Trainable Parameters: 8192
[2025-01-07 23:05:50,671][    INFO] Module: module.pretrained.blocks.19.mlp.fc1.lora_B, Trainable Parameters: 32768
[2025-01-07 23:05:50,671][    INFO] Module: module.pretrained.blocks.19.mlp.fc2.lora_A, Trainable Parameters: 32768
[2025-01-07 23:05:50,671][    INFO] Module: module.pretrained.blocks.19.mlp.fc2.lora_B, Trainable Parameters: 8192
[2025-01-07 23:05:50,671][    INFO] Module: module.pretrained.blocks.20.attn.qkv.lora_A, Trainable Parameters: 24576
[2025-01-07 23:05:50,671][    INFO] Module: module.pretrained.blocks.20.attn.qkv.lora_B, Trainable Parameters: 24576
[2025-01-07 23:05:50,671][    INFO] Module: module.pretrained.blocks.20.attn.proj.lora_A, Trainable Parameters: 8192
[2025-01-07 23:05:50,671][    INFO] Module: module.pretrained.blocks.20.attn.proj.lora_B, Trainable Parameters: 8192
[2025-01-07 23:05:50,671][    INFO] Module: module.pretrained.blocks.20.mlp.fc1.lora_A, Trainable Parameters: 8192
[2025-01-07 23:05:50,671][    INFO] Module: module.pretrained.blocks.20.mlp.fc1.lora_B, Trainable Parameters: 32768
[2025-01-07 23:05:50,671][    INFO] Module: module.pretrained.blocks.20.mlp.fc2.lora_A, Trainable Parameters: 32768
[2025-01-07 23:05:50,671][    INFO] Module: module.pretrained.blocks.20.mlp.fc2.lora_B, Trainable Parameters: 8192
[2025-01-07 23:05:50,672][    INFO] Module: module.pretrained.blocks.21.attn.qkv.lora_A, Trainable Parameters: 24576
[2025-01-07 23:05:50,672][    INFO] Module: module.pretrained.blocks.21.attn.qkv.lora_B, Trainable Parameters: 24576
[2025-01-07 23:05:50,672][    INFO] Module: module.pretrained.blocks.21.attn.proj.lora_A, Trainable Parameters: 8192
[2025-01-07 23:05:50,672][    INFO] Module: module.pretrained.blocks.21.attn.proj.lora_B, Trainable Parameters: 8192
[2025-01-07 23:05:50,672][    INFO] Module: module.pretrained.blocks.21.mlp.fc1.lora_A, Trainable Parameters: 8192
[2025-01-07 23:05:50,672][    INFO] Module: module.pretrained.blocks.21.mlp.fc1.lora_B, Trainable Parameters: 32768
[2025-01-07 23:05:50,672][    INFO] Module: module.pretrained.blocks.21.mlp.fc2.lora_A, Trainable Parameters: 32768
[2025-01-07 23:05:50,672][    INFO] Module: module.pretrained.blocks.21.mlp.fc2.lora_B, Trainable Parameters: 8192
[2025-01-07 23:05:50,672][    INFO] Module: module.pretrained.blocks.22.attn.qkv.lora_A, Trainable Parameters: 24576
[2025-01-07 23:05:50,672][    INFO] Module: module.pretrained.blocks.22.attn.qkv.lora_B, Trainable Parameters: 24576
[2025-01-07 23:05:50,672][    INFO] Module: module.pretrained.blocks.22.attn.proj.lora_A, Trainable Parameters: 8192
[2025-01-07 23:05:50,672][    INFO] Module: module.pretrained.blocks.22.attn.proj.lora_B, Trainable Parameters: 8192
[2025-01-07 23:05:50,672][    INFO] Module: module.pretrained.blocks.22.mlp.fc1.lora_A, Trainable Parameters: 8192
[2025-01-07 23:05:50,672][    INFO] Module: module.pretrained.blocks.22.mlp.fc1.lora_B, Trainable Parameters: 32768
[2025-01-07 23:05:50,672][    INFO] Module: module.pretrained.blocks.22.mlp.fc2.lora_A, Trainable Parameters: 32768
[2025-01-07 23:05:50,672][    INFO] Module: module.pretrained.blocks.22.mlp.fc2.lora_B, Trainable Parameters: 8192
[2025-01-07 23:05:50,672][    INFO] Module: module.pretrained.blocks.23.attn.qkv.lora_A, Trainable Parameters: 24576
[2025-01-07 23:05:50,672][    INFO] Module: module.pretrained.blocks.23.attn.qkv.lora_B, Trainable Parameters: 24576
[2025-01-07 23:05:50,672][    INFO] Module: module.pretrained.blocks.23.attn.proj.lora_A, Trainable Parameters: 8192
[2025-01-07 23:05:50,672][    INFO] Module: module.pretrained.blocks.23.attn.proj.lora_B, Trainable Parameters: 8192
[2025-01-07 23:05:50,672][    INFO] Module: module.pretrained.blocks.23.mlp.fc1.lora_A, Trainable Parameters: 8192
[2025-01-07 23:05:50,672][    INFO] Module: module.pretrained.blocks.23.mlp.fc1.lora_B, Trainable Parameters: 32768
[2025-01-07 23:05:50,672][    INFO] Module: module.pretrained.blocks.23.mlp.fc2.lora_A, Trainable Parameters: 32768
[2025-01-07 23:05:50,672][    INFO] Module: module.pretrained.blocks.23.mlp.fc2.lora_B, Trainable Parameters: 8192
[2025-01-07 23:05:50,672][    INFO] Module: module.pretrained.norm.weight, Trainable Parameters: 1024
[2025-01-07 23:05:50,672][    INFO] Module: module.pretrained.norm.bias, Trainable Parameters: 1024
[2025-01-07 23:05:50,672][    INFO] Module: module.depth_head.projects.0.weight, Trainable Parameters: 262144
[2025-01-07 23:05:50,672][    INFO] Module: module.depth_head.projects.0.bias, Trainable Parameters: 256
[2025-01-07 23:05:50,672][    INFO] Module: module.depth_head.projects.1.weight, Trainable Parameters: 524288
[2025-01-07 23:05:50,672][    INFO] Module: module.depth_head.projects.1.bias, Trainable Parameters: 512
[2025-01-07 23:05:50,672][    INFO] Module: module.depth_head.projects.2.weight, Trainable Parameters: 1048576
[2025-01-07 23:05:50,673][    INFO] Module: module.depth_head.projects.2.bias, Trainable Parameters: 1024
[2025-01-07 23:05:50,673][    INFO] Module: module.depth_head.projects.3.weight, Trainable Parameters: 1048576
[2025-01-07 23:05:50,673][    INFO] Module: module.depth_head.projects.3.bias, Trainable Parameters: 1024
[2025-01-07 23:05:50,673][    INFO] Module: module.depth_head.resize_layers.0.weight, Trainable Parameters: 1048576
[2025-01-07 23:05:50,673][    INFO] Module: module.depth_head.resize_layers.0.bias, Trainable Parameters: 256
[2025-01-07 23:05:50,673][    INFO] Module: module.depth_head.resize_layers.1.weight, Trainable Parameters: 1048576
[2025-01-07 23:05:50,673][    INFO] Module: module.depth_head.resize_layers.1.bias, Trainable Parameters: 512
[2025-01-07 23:05:50,673][    INFO] Module: module.depth_head.resize_layers.3.weight, Trainable Parameters: 9437184
[2025-01-07 23:05:50,673][    INFO] Module: module.depth_head.resize_layers.3.bias, Trainable Parameters: 1024
[2025-01-07 23:05:50,673][    INFO] Module: module.depth_head.scratch.layer1_rn.weight, Trainable Parameters: 589824
[2025-01-07 23:05:50,673][    INFO] Module: module.depth_head.scratch.layer2_rn.weight, Trainable Parameters: 1179648
[2025-01-07 23:05:50,673][    INFO] Module: module.depth_head.scratch.layer3_rn.weight, Trainable Parameters: 2359296
[2025-01-07 23:05:50,673][    INFO] Module: module.depth_head.scratch.layer4_rn.weight, Trainable Parameters: 2359296
[2025-01-07 23:05:50,673][    INFO] Module: module.depth_head.scratch.refinenet1.out_conv.weight, Trainable Parameters: 65536
[2025-01-07 23:05:50,673][    INFO] Module: module.depth_head.scratch.refinenet1.out_conv.bias, Trainable Parameters: 256
[2025-01-07 23:05:50,673][    INFO] Module: module.depth_head.scratch.refinenet1.resConfUnit1.conv1.weight, Trainable Parameters: 589824
[2025-01-07 23:05:50,673][    INFO] Module: module.depth_head.scratch.refinenet1.resConfUnit1.conv1.bias, Trainable Parameters: 256
[2025-01-07 23:05:50,673][    INFO] Module: module.depth_head.scratch.refinenet1.resConfUnit1.conv2.weight, Trainable Parameters: 589824
[2025-01-07 23:05:50,673][    INFO] Module: module.depth_head.scratch.refinenet1.resConfUnit1.conv2.bias, Trainable Parameters: 256
[2025-01-07 23:05:50,673][    INFO] Module: module.depth_head.scratch.refinenet1.resConfUnit2.conv1.weight, Trainable Parameters: 589824
[2025-01-07 23:05:50,673][    INFO] Module: module.depth_head.scratch.refinenet1.resConfUnit2.conv1.bias, Trainable Parameters: 256
[2025-01-07 23:05:50,673][    INFO] Module: module.depth_head.scratch.refinenet1.resConfUnit2.conv2.weight, Trainable Parameters: 589824
[2025-01-07 23:05:50,673][    INFO] Module: module.depth_head.scratch.refinenet1.resConfUnit2.conv2.bias, Trainable Parameters: 256
[2025-01-07 23:05:50,673][    INFO] Module: module.depth_head.scratch.refinenet2.out_conv.weight, Trainable Parameters: 65536
[2025-01-07 23:05:50,673][    INFO] Module: module.depth_head.scratch.refinenet2.out_conv.bias, Trainable Parameters: 256
[2025-01-07 23:05:50,673][    INFO] Module: module.depth_head.scratch.refinenet2.resConfUnit1.conv1.weight, Trainable Parameters: 589824
[2025-01-07 23:05:50,673][    INFO] Module: module.depth_head.scratch.refinenet2.resConfUnit1.conv1.bias, Trainable Parameters: 256
[2025-01-07 23:05:50,673][    INFO] Module: module.depth_head.scratch.refinenet2.resConfUnit1.conv2.weight, Trainable Parameters: 589824
[2025-01-07 23:05:50,673][    INFO] Module: module.depth_head.scratch.refinenet2.resConfUnit1.conv2.bias, Trainable Parameters: 256
[2025-01-07 23:05:50,673][    INFO] Module: module.depth_head.scratch.refinenet2.resConfUnit2.conv1.weight, Trainable Parameters: 589824
[2025-01-07 23:05:50,673][    INFO] Module: module.depth_head.scratch.refinenet2.resConfUnit2.conv1.bias, Trainable Parameters: 256
[2025-01-07 23:05:50,673][    INFO] Module: module.depth_head.scratch.refinenet2.resConfUnit2.conv2.weight, Trainable Parameters: 589824
[2025-01-07 23:05:50,673][    INFO] Module: module.depth_head.scratch.refinenet2.resConfUnit2.conv2.bias, Trainable Parameters: 256
[2025-01-07 23:05:50,674][    INFO] Module: module.depth_head.scratch.refinenet3.out_conv.weight, Trainable Parameters: 65536
[2025-01-07 23:05:50,674][    INFO] Module: module.depth_head.scratch.refinenet3.out_conv.bias, Trainable Parameters: 256
[2025-01-07 23:05:50,674][    INFO] Module: module.depth_head.scratch.refinenet3.resConfUnit1.conv1.weight, Trainable Parameters: 589824
[2025-01-07 23:05:50,674][    INFO] Module: module.depth_head.scratch.refinenet3.resConfUnit1.conv1.bias, Trainable Parameters: 256
[2025-01-07 23:05:50,674][    INFO] Module: module.depth_head.scratch.refinenet3.resConfUnit1.conv2.weight, Trainable Parameters: 589824
[2025-01-07 23:05:50,674][    INFO] Module: module.depth_head.scratch.refinenet3.resConfUnit1.conv2.bias, Trainable Parameters: 256
[2025-01-07 23:05:50,674][    INFO] Module: module.depth_head.scratch.refinenet3.resConfUnit2.conv1.weight, Trainable Parameters: 589824
[2025-01-07 23:05:50,674][    INFO] Module: module.depth_head.scratch.refinenet3.resConfUnit2.conv1.bias, Trainable Parameters: 256
[2025-01-07 23:05:50,674][    INFO] Module: module.depth_head.scratch.refinenet3.resConfUnit2.conv2.weight, Trainable Parameters: 589824
[2025-01-07 23:05:50,674][    INFO] Module: module.depth_head.scratch.refinenet3.resConfUnit2.conv2.bias, Trainable Parameters: 256
[2025-01-07 23:05:50,674][    INFO] Module: module.depth_head.scratch.refinenet4.out_conv.weight, Trainable Parameters: 65536
[2025-01-07 23:05:50,674][    INFO] Module: module.depth_head.scratch.refinenet4.out_conv.bias, Trainable Parameters: 256
[2025-01-07 23:05:50,674][    INFO] Module: module.depth_head.scratch.refinenet4.resConfUnit1.conv1.weight, Trainable Parameters: 589824
[2025-01-07 23:05:50,674][    INFO] Module: module.depth_head.scratch.refinenet4.resConfUnit1.conv1.bias, Trainable Parameters: 256
[2025-01-07 23:05:50,674][    INFO] Module: module.depth_head.scratch.refinenet4.resConfUnit1.conv2.weight, Trainable Parameters: 589824
[2025-01-07 23:05:50,674][    INFO] Module: module.depth_head.scratch.refinenet4.resConfUnit1.conv2.bias, Trainable Parameters: 256
[2025-01-07 23:05:50,674][    INFO] Module: module.depth_head.scratch.refinenet4.resConfUnit2.conv1.weight, Trainable Parameters: 589824
[2025-01-07 23:05:50,674][    INFO] Module: module.depth_head.scratch.refinenet4.resConfUnit2.conv1.bias, Trainable Parameters: 256
[2025-01-07 23:05:50,674][    INFO] Module: module.depth_head.scratch.refinenet4.resConfUnit2.conv2.weight, Trainable Parameters: 589824
[2025-01-07 23:05:50,674][    INFO] Module: module.depth_head.scratch.refinenet4.resConfUnit2.conv2.bias, Trainable Parameters: 256
[2025-01-07 23:05:50,674][    INFO] Module: module.depth_head.scratch.output_conv1.weight, Trainable Parameters: 294912
[2025-01-07 23:05:50,674][    INFO] Module: module.depth_head.scratch.output_conv1.bias, Trainable Parameters: 128
[2025-01-07 23:05:50,674][    INFO] Module: module.depth_head.scratch.output_conv2.0.weight, Trainable Parameters: 36864
[2025-01-07 23:05:50,674][    INFO] Module: module.depth_head.scratch.output_conv2.0.bias, Trainable Parameters: 32
[2025-01-07 23:05:50,674][    INFO] Module: module.depth_head.scratch.output_conv2.2.weight, Trainable Parameters: 32
[2025-01-07 23:05:50,674][    INFO] Module: module.depth_head.scratch.output_conv2.2.bias, Trainable Parameters: 1
[2025-01-07 23:05:50,676][    INFO] Total Trainable Parameters: 36496065
[2025-01-07 23:05:50,676][    INFO] ===========> Epoch: 0/10, d1: 0.000, d2: 0.000, d3: 0.000
[2025-01-07 23:05:50,676][    INFO] ===========> Epoch: 0/10, abs_rel: 100.000, sq_rel: 100.000, rmse: 100.000, rmse_log: 100.000, log10: 100.000, silog: 100.000
/data/miniconda/envs/torch/lib/python3.10/site-packages/torch/autograd/graph.py:744: UserWarning: Grad strides do not match bucket view strides. This may indicate grad was not created according to the gradient layout contract, or that the param's strides changed since DDP was constructed.  This is not an error, but may impair performance.
grad.sizes() = [1, 32, 1, 1], strides() = [32, 1, 32, 32]
bucket_view.sizes() = [1, 32, 1, 1], strides() = [32, 1, 1, 1] (Triggered internally at ../torch/csrc/distributed/c10d/reducer.cpp:325.)
  return Variable._execution_engine.run_backward(  # Calls into the C++ engine to run the backward pass
/data/miniconda/envs/torch/lib/python3.10/site-packages/torch/autograd/graph.py:744: UserWarning: Grad strides do not match bucket view strides. This may indicate grad was not created according to the gradient layout contract, or that the param's strides changed since DDP was constructed.  This is not an error, but may impair performance.
grad.sizes() = [1, 32, 1, 1], strides() = [32, 1, 32, 32]
bucket_view.sizes() = [1, 32, 1, 1], strides() = [32, 1, 1, 1] (Triggered internally at ../torch/csrc/distributed/c10d/reducer.cpp:325.)
  return Variable._execution_engine.run_backward(  # Calls into the C++ engine to run the backward pass
[2025-01-07 23:05:56,406][    INFO] Iter: 0/5097, LR: 0.0000050, Loss: 0.452
[2025-01-07 23:07:11,517][    INFO] Iter: 100/5097, LR: 0.0000050, Loss: 0.099
[2025-01-07 23:08:23,982][    INFO] Iter: 200/5097, LR: 0.0000050, Loss: 0.082
[2025-01-07 23:09:36,480][    INFO] Iter: 300/5097, LR: 0.0000050, Loss: 0.089
[2025-01-07 23:10:49,894][    INFO] Iter: 400/5097, LR: 0.0000050, Loss: 0.077
[2025-01-07 23:12:03,437][    INFO] Iter: 500/5097, LR: 0.0000050, Loss: 0.073
[2025-01-07 23:13:16,675][    INFO] Iter: 600/5097, LR: 0.0000049, Loss: 0.082
[2025-01-07 23:14:30,013][    INFO] Iter: 700/5097, LR: 0.0000049, Loss: 0.072
[2025-01-07 23:15:43,301][    INFO] Iter: 800/5097, LR: 0.0000049, Loss: 0.087
[2025-01-07 23:16:56,501][    INFO] Iter: 900/5097, LR: 0.0000049, Loss: 0.098
[2025-01-07 23:18:09,216][    INFO] Iter: 1000/5097, LR: 0.0000049, Loss: 0.079
[2025-01-07 23:19:21,854][    INFO] Iter: 1100/5097, LR: 0.0000049, Loss: 0.128
[2025-01-07 23:20:35,562][    INFO] Iter: 1200/5097, LR: 0.0000049, Loss: 0.077
[2025-01-07 23:21:48,990][    INFO] Iter: 1300/5097, LR: 0.0000049, Loss: 0.079
[2025-01-07 23:23:02,320][    INFO] Iter: 1400/5097, LR: 0.0000049, Loss: 0.063
[2025-01-07 23:24:15,493][    INFO] Iter: 1500/5097, LR: 0.0000049, Loss: 0.068
[2025-01-07 23:25:28,718][    INFO] Iter: 1600/5097, LR: 0.0000049, Loss: 0.083
[2025-01-07 23:26:41,971][    INFO] Iter: 1700/5097, LR: 0.0000048, Loss: 0.067
[2025-01-07 23:27:55,149][    INFO] Iter: 1800/5097, LR: 0.0000048, Loss: 0.070
[2025-01-07 23:29:07,588][    INFO] Iter: 1900/5097, LR: 0.0000048, Loss: 0.066
[2025-01-07 23:30:20,140][    INFO] Iter: 2000/5097, LR: 0.0000048, Loss: 0.072
[2025-01-07 23:31:36,113][    INFO] Iter: 2100/5097, LR: 0.0000048, Loss: 0.070
[2025-01-07 23:32:49,469][    INFO] Iter: 2200/5097, LR: 0.0000048, Loss: 0.076
[2025-01-07 23:34:02,806][    INFO] Iter: 2300/5097, LR: 0.0000048, Loss: 0.074
[2025-01-07 23:35:16,095][    INFO] Iter: 2400/5097, LR: 0.0000048, Loss: 0.076
[2025-01-07 23:36:29,293][    INFO] Iter: 2500/5097, LR: 0.0000048, Loss: 0.061
[2025-01-07 23:37:42,505][    INFO] Iter: 2600/5097, LR: 0.0000048, Loss: 0.072
[2025-01-07 23:38:55,656][    INFO] Iter: 2700/5097, LR: 0.0000048, Loss: 0.077
[2025-01-07 23:40:08,076][    INFO] Iter: 2800/5097, LR: 0.0000048, Loss: 0.076
[2025-01-07 23:41:20,667][    INFO] Iter: 2900/5097, LR: 0.0000047, Loss: 0.069
[2025-01-07 23:42:33,500][    INFO] Iter: 3000/5097, LR: 0.0000047, Loss: 0.071
[2025-01-07 23:43:46,864][    INFO] Iter: 3100/5097, LR: 0.0000047, Loss: 0.075
[2025-01-07 23:45:00,201][    INFO] Iter: 3200/5097, LR: 0.0000047, Loss: 0.067
[2025-01-07 23:46:13,497][    INFO] Iter: 3300/5097, LR: 0.0000047, Loss: 0.070
[2025-01-07 23:47:26,800][    INFO] Iter: 3400/5097, LR: 0.0000047, Loss: 0.121
[2025-01-07 23:48:40,002][    INFO] Iter: 3500/5097, LR: 0.0000047, Loss: 0.064
[2025-01-07 23:49:53,236][    INFO] Iter: 3600/5097, LR: 0.0000047, Loss: 0.066
[2025-01-07 23:51:06,092][    INFO] Iter: 3700/5097, LR: 0.0000047, Loss: 0.074
[2025-01-07 23:52:18,521][    INFO] Iter: 3800/5097, LR: 0.0000047, Loss: 0.088
[2025-01-07 23:53:31,001][    INFO] Iter: 3900/5097, LR: 0.0000047, Loss: 0.076
[2025-01-07 23:54:44,143][    INFO] Iter: 4000/5097, LR: 0.0000046, Loss: 0.103
[2025-01-07 23:56:00,627][    INFO] Iter: 4100/5097, LR: 0.0000046, Loss: 0.072
[2025-01-07 23:57:13,899][    INFO] Iter: 4200/5097, LR: 0.0000046, Loss: 0.071
[2025-01-07 23:58:27,072][    INFO] Iter: 4300/5097, LR: 0.0000046, Loss: 0.065
[2025-01-07 23:59:40,162][    INFO] Iter: 4400/5097, LR: 0.0000046, Loss: 0.057
[2025-01-08 00:00:53,268][    INFO] Iter: 4500/5097, LR: 0.0000046, Loss: 0.067
[2025-01-08 00:02:06,311][    INFO] Iter: 4600/5097, LR: 0.0000046, Loss: 0.155
[2025-01-08 00:03:19,048][    INFO] Iter: 4700/5097, LR: 0.0000046, Loss: 0.154
[2025-01-08 00:04:31,415][    INFO] Iter: 4800/5097, LR: 0.0000046, Loss: 0.073
[2025-01-08 00:05:44,013][    INFO] Iter: 4900/5097, LR: 0.0000046, Loss: 0.058
[2025-01-08 00:06:56,954][    INFO] Iter: 5000/5097, LR: 0.0000046, Loss: 0.076
[2025-01-08 00:08:32,583][    INFO] ==========================================================================================
[2025-01-08 00:08:32,584][    INFO]       d1,       d2,       d3,  abs_rel,   sq_rel,     rmse, rmse_log,    log10,    silog
[2025-01-08 00:08:32,584][    INFO]    0.740,    0.862,    0.927,    0.183,   13.336,   66.035,    0.417,    0.094,    0.406
[2025-01-08 00:08:32,584][    INFO] ==========================================================================================

[2025-01-08 00:08:44,772][    INFO] ===========> Epoch: 1/10, d1: 0.740, d2: 0.862, d3: 0.927
[2025-01-08 00:08:44,773][    INFO] ===========> Epoch: 1/10, abs_rel: 0.183, sq_rel: 13.336, rmse: 66.035, rmse_log: 0.417, log10: 0.094, silog: 0.406
[2025-01-08 00:08:46,519][    INFO] Iter: 0/5097, LR: 0.0000045, Loss: 0.062
[2025-01-08 00:09:59,559][    INFO] Iter: 100/5097, LR: 0.0000045, Loss: 0.059
[2025-01-08 00:11:12,701][    INFO] Iter: 200/5097, LR: 0.0000045, Loss: 0.069
[2025-01-08 00:12:26,059][    INFO] Iter: 300/5097, LR: 0.0000045, Loss: 0.106
[2025-01-08 00:13:39,460][    INFO] Iter: 400/5097, LR: 0.0000045, Loss: 0.056
[2025-01-08 00:14:52,949][    INFO] Iter: 500/5097, LR: 0.0000045, Loss: 0.066
[2025-01-08 00:16:05,945][    INFO] Iter: 600/5097, LR: 0.0000045, Loss: 0.058
[2025-01-08 00:17:19,089][    INFO] Iter: 700/5097, LR: 0.0000045, Loss: 0.066
[2025-01-08 00:18:31,870][    INFO] Iter: 800/5097, LR: 0.0000045, Loss: 0.079
[2025-01-08 00:19:45,108][    INFO] Iter: 900/5097, LR: 0.0000045, Loss: 0.070
[2025-01-08 00:21:02,430][    INFO] Iter: 1000/5097, LR: 0.0000045, Loss: 0.064
[2025-01-08 00:22:15,811][    INFO] Iter: 1100/5097, LR: 0.0000044, Loss: 0.066
[2025-01-08 00:23:29,153][    INFO] Iter: 1200/5097, LR: 0.0000044, Loss: 0.064
[2025-01-08 00:24:42,482][    INFO] Iter: 1300/5097, LR: 0.0000044, Loss: 0.062
[2025-01-08 00:25:55,856][    INFO] Iter: 1400/5097, LR: 0.0000044, Loss: 0.072
[2025-01-08 00:27:09,358][    INFO] Iter: 1500/5097, LR: 0.0000044, Loss: 0.072
[2025-01-08 00:28:22,734][    INFO] Iter: 1600/5097, LR: 0.0000044, Loss: 0.066
[2025-01-08 00:29:35,678][    INFO] Iter: 1700/5097, LR: 0.0000044, Loss: 0.066
[2025-01-08 00:30:48,613][    INFO] Iter: 1800/5097, LR: 0.0000044, Loss: 0.056
[2025-01-08 00:32:01,218][    INFO] Iter: 1900/5097, LR: 0.0000044, Loss: 0.063
[2025-01-08 00:33:13,527][    INFO] Iter: 2000/5097, LR: 0.0000044, Loss: 0.065
[2025-01-08 00:34:26,405][    INFO] Iter: 2100/5097, LR: 0.0000044, Loss: 0.062
[2025-01-08 00:35:39,555][    INFO] Iter: 2200/5097, LR: 0.0000044, Loss: 0.060
[2025-01-08 00:36:52,898][    INFO] Iter: 2300/5097, LR: 0.0000043, Loss: 0.060
[2025-01-08 00:38:06,425][    INFO] Iter: 2400/5097, LR: 0.0000043, Loss: 0.060
[2025-01-08 00:39:19,802][    INFO] Iter: 2500/5097, LR: 0.0000043, Loss: 0.065
[2025-01-08 00:40:33,166][    INFO] Iter: 2600/5097, LR: 0.0000043, Loss: 0.061
[2025-01-08 00:41:46,784][    INFO] Iter: 2700/5097, LR: 0.0000043, Loss: 0.059
[2025-01-08 00:42:59,961][    INFO] Iter: 2800/5097, LR: 0.0000043, Loss: 0.067
[2025-01-08 00:44:12,841][    INFO] Iter: 2900/5097, LR: 0.0000043, Loss: 0.061
[2025-01-08 00:45:28,888][    INFO] Iter: 3000/5097, LR: 0.0000043, Loss: 0.064
[2025-01-08 00:46:41,532][    INFO] Iter: 3100/5097, LR: 0.0000043, Loss: 0.068
[2025-01-08 00:47:54,954][    INFO] Iter: 3200/5097, LR: 0.0000043, Loss: 0.077
[2025-01-08 00:49:08,643][    INFO] Iter: 3300/5097, LR: 0.0000043, Loss: 0.063
[2025-01-08 00:50:22,130][    INFO] Iter: 3400/5097, LR: 0.0000042, Loss: 0.059
[2025-01-08 00:51:35,477][    INFO] Iter: 3500/5097, LR: 0.0000042, Loss: 0.059
[2025-01-08 00:52:48,982][    INFO] Iter: 3600/5097, LR: 0.0000042, Loss: 0.080
[2025-01-08 00:54:02,336][    INFO] Iter: 3700/5097, LR: 0.0000042, Loss: 0.059
[2025-01-08 00:55:15,772][    INFO] Iter: 3800/5097, LR: 0.0000042, Loss: 0.062
[2025-01-08 00:56:28,708][    INFO] Iter: 3900/5097, LR: 0.0000042, Loss: 0.066
[2025-01-08 00:57:41,429][    INFO] Iter: 4000/5097, LR: 0.0000042, Loss: 0.063
[2025-01-08 00:58:54,076][    INFO] Iter: 4100/5097, LR: 0.0000042, Loss: 0.077
[2025-01-08 01:00:07,419][    INFO] Iter: 4200/5097, LR: 0.0000042, Loss: 0.067
[2025-01-08 01:01:20,689][    INFO] Iter: 4300/5097, LR: 0.0000042, Loss: 0.066
[2025-01-08 01:02:34,016][    INFO] Iter: 4400/5097, LR: 0.0000042, Loss: 0.069
[2025-01-08 01:03:47,391][    INFO] Iter: 4500/5097, LR: 0.0000041, Loss: 0.062
[2025-01-08 01:05:00,755][    INFO] Iter: 4600/5097, LR: 0.0000041, Loss: 0.070
[2025-01-08 01:06:14,039][    INFO] Iter: 4700/5097, LR: 0.0000041, Loss: 0.066
[2025-01-08 01:07:27,217][    INFO] Iter: 4800/5097, LR: 0.0000041, Loss: 0.057
[2025-01-08 01:08:40,125][    INFO] Iter: 4900/5097, LR: 0.0000041, Loss: 0.056
[2025-01-08 01:09:55,496][    INFO] Iter: 5000/5097, LR: 0.0000041, Loss: 0.061
[2025-01-08 01:11:29,408][    INFO] ==========================================================================================
[2025-01-08 01:11:29,408][    INFO]       d1,       d2,       d3,  abs_rel,   sq_rel,     rmse, rmse_log,    log10,    silog
[2025-01-08 01:11:29,409][    INFO]    0.750,    0.873,    0.933,    0.171,   12.767,   59.276,    0.408,    0.088,    0.399
[2025-01-08 01:11:29,409][    INFO] ==========================================================================================

[2025-01-08 01:11:38,702][    INFO] ===========> Epoch: 2/10, d1: 0.750, d2: 0.873, d3: 0.933
[2025-01-08 01:11:38,702][    INFO] ===========> Epoch: 2/10, abs_rel: 0.171, sq_rel: 12.767, rmse: 59.276, rmse_log: 0.408, log10: 0.088, silog: 0.399
[2025-01-08 01:11:40,360][    INFO] Iter: 0/5097, LR: 0.0000041, Loss: 0.065
[2025-01-08 01:12:53,117][    INFO] Iter: 100/5097, LR: 0.0000041, Loss: 0.067
[2025-01-08 01:14:06,254][    INFO] Iter: 200/5097, LR: 0.0000041, Loss: 0.058
[2025-01-08 01:15:19,525][    INFO] Iter: 300/5097, LR: 0.0000041, Loss: 0.059
[2025-01-08 01:16:33,063][    INFO] Iter: 400/5097, LR: 0.0000041, Loss: 0.055
[2025-01-08 01:17:46,333][    INFO] Iter: 500/5097, LR: 0.0000040, Loss: 0.081
[2025-01-08 01:18:59,502][    INFO] Iter: 600/5097, LR: 0.0000040, Loss: 0.054
[2025-01-08 01:20:12,558][    INFO] Iter: 700/5097, LR: 0.0000040, Loss: 0.052
[2025-01-08 01:21:25,309][    INFO] Iter: 800/5097, LR: 0.0000040, Loss: 0.063
[2025-01-08 01:22:37,810][    INFO] Iter: 900/5097, LR: 0.0000040, Loss: 0.066
[2025-01-08 01:23:50,234][    INFO] Iter: 1000/5097, LR: 0.0000040, Loss: 0.060
[2025-01-08 01:25:03,127][    INFO] Iter: 1100/5097, LR: 0.0000040, Loss: 0.070
[2025-01-08 01:26:16,291][    INFO] Iter: 1200/5097, LR: 0.0000040, Loss: 0.057
[2025-01-08 01:27:29,523][    INFO] Iter: 1300/5097, LR: 0.0000040, Loss: 0.061
[2025-01-08 01:28:42,621][    INFO] Iter: 1400/5097, LR: 0.0000040, Loss: 0.062
[2025-01-08 01:29:55,782][    INFO] Iter: 1500/5097, LR: 0.0000040, Loss: 0.072
[2025-01-08 01:31:08,963][    INFO] Iter: 1600/5097, LR: 0.0000039, Loss: 0.063
[2025-01-08 01:32:22,216][    INFO] Iter: 1700/5097, LR: 0.0000039, Loss: 0.067
[2025-01-08 01:33:34,925][    INFO] Iter: 1800/5097, LR: 0.0000039, Loss: 0.055
[2025-01-08 01:34:50,713][    INFO] Iter: 1900/5097, LR: 0.0000039, Loss: 0.068
[2025-01-08 01:36:03,270][    INFO] Iter: 2000/5097, LR: 0.0000039, Loss: 0.051
[2025-01-08 01:37:16,114][    INFO] Iter: 2100/5097, LR: 0.0000039, Loss: 0.070
[2025-01-08 01:38:29,378][    INFO] Iter: 2200/5097, LR: 0.0000039, Loss: 0.059
[2025-01-08 01:39:42,487][    INFO] Iter: 2300/5097, LR: 0.0000039, Loss: 0.066
[2025-01-08 01:40:55,670][    INFO] Iter: 2400/5097, LR: 0.0000039, Loss: 0.054
[2025-01-08 01:42:08,884][    INFO] Iter: 2500/5097, LR: 0.0000039, Loss: 0.060
[2025-01-08 01:43:22,126][    INFO] Iter: 2600/5097, LR: 0.0000039, Loss: 0.053
[2025-01-08 01:44:35,167][    INFO] Iter: 2700/5097, LR: 0.0000038, Loss: 0.069
[2025-01-08 01:45:47,773][    INFO] Iter: 2800/5097, LR: 0.0000038, Loss: 0.056
[2025-01-08 01:47:00,237][    INFO] Iter: 2900/5097, LR: 0.0000038, Loss: 0.061
[2025-01-08 01:48:12,794][    INFO] Iter: 3000/5097, LR: 0.0000038, Loss: 0.060
[2025-01-08 01:49:25,366][    INFO] Iter: 3100/5097, LR: 0.0000038, Loss: 0.051
[2025-01-08 01:50:38,346][    INFO] Iter: 3200/5097, LR: 0.0000038, Loss: 0.067
[2025-01-08 01:51:51,530][    INFO] Iter: 3300/5097, LR: 0.0000038, Loss: 0.061
[2025-01-08 01:53:04,711][    INFO] Iter: 3400/5097, LR: 0.0000038, Loss: 0.056
[2025-01-08 01:54:18,036][    INFO] Iter: 3500/5097, LR: 0.0000038, Loss: 0.062
[2025-01-08 01:55:31,163][    INFO] Iter: 3600/5097, LR: 0.0000038, Loss: 0.058
[2025-01-08 01:56:44,340][    INFO] Iter: 3700/5097, LR: 0.0000038, Loss: 0.056
[2025-01-08 01:57:57,145][    INFO] Iter: 3800/5097, LR: 0.0000037, Loss: 0.059
[2025-01-08 01:59:12,199][    INFO] Iter: 3900/5097, LR: 0.0000037, Loss: 0.063
[2025-01-08 02:00:24,849][    INFO] Iter: 4000/5097, LR: 0.0000037, Loss: 0.064
[2025-01-08 02:01:37,493][    INFO] Iter: 4100/5097, LR: 0.0000037, Loss: 0.064
[2025-01-08 02:02:50,305][    INFO] Iter: 4200/5097, LR: 0.0000037, Loss: 0.057
[2025-01-08 02:04:03,506][    INFO] Iter: 4300/5097, LR: 0.0000037, Loss: 0.060
[2025-01-08 02:05:16,791][    INFO] Iter: 4400/5097, LR: 0.0000037, Loss: 0.070
[2025-01-08 02:06:29,689][    INFO] Iter: 4500/5097, LR: 0.0000037, Loss: 0.060
[2025-01-08 02:07:42,198][    INFO] Iter: 4600/5097, LR: 0.0000037, Loss: 0.057
[2025-01-08 02:08:54,666][    INFO] Iter: 4700/5097, LR: 0.0000037, Loss: 0.063
[2025-01-08 02:10:07,001][    INFO] Iter: 4800/5097, LR: 0.0000037, Loss: 0.059
[2025-01-08 02:11:19,417][    INFO] Iter: 4900/5097, LR: 0.0000036, Loss: 0.059
[2025-01-08 02:12:32,065][    INFO] Iter: 5000/5097, LR: 0.0000036, Loss: 0.058
[2025-01-08 02:14:05,806][    INFO] ==========================================================================================
[2025-01-08 02:14:05,806][    INFO]       d1,       d2,       d3,  abs_rel,   sq_rel,     rmse, rmse_log,    log10,    silog
[2025-01-08 02:14:05,806][    INFO]    0.742,    0.859,    0.926,    0.169,   13.274,   64.066,    0.421,    0.090,    0.410
[2025-01-08 02:14:05,807][    INFO] ==========================================================================================

[2025-01-08 02:14:11,090][    INFO] ===========> Epoch: 3/10, d1: 0.750, d2: 0.873, d3: 0.933
[2025-01-08 02:14:11,090][    INFO] ===========> Epoch: 3/10, abs_rel: 0.169, sq_rel: 12.767, rmse: 59.276, rmse_log: 0.408, log10: 0.088, silog: 0.399
[2025-01-08 02:14:12,751][    INFO] Iter: 0/5097, LR: 0.0000036, Loss: 0.067
[2025-01-08 02:15:25,284][    INFO] Iter: 100/5097, LR: 0.0000036, Loss: 0.063
[2025-01-08 02:16:37,909][    INFO] Iter: 200/5097, LR: 0.0000036, Loss: 0.065
[2025-01-08 02:17:50,501][    INFO] Iter: 300/5097, LR: 0.0000036, Loss: 0.056
[2025-01-08 02:19:03,041][    INFO] Iter: 400/5097, LR: 0.0000036, Loss: 0.056
[2025-01-08 02:20:15,445][    INFO] Iter: 500/5097, LR: 0.0000036, Loss: 0.076
[2025-01-08 02:21:27,562][    INFO] Iter: 600/5097, LR: 0.0000036, Loss: 0.067
[2025-01-08 02:22:39,785][    INFO] Iter: 700/5097, LR: 0.0000036, Loss: 0.059
[2025-01-08 02:23:54,925][    INFO] Iter: 800/5097, LR: 0.0000036, Loss: 0.062
[2025-01-08 02:25:07,405][    INFO] Iter: 900/5097, LR: 0.0000035, Loss: 0.058
[2025-01-08 02:26:19,957][    INFO] Iter: 1000/5097, LR: 0.0000035, Loss: 0.064
[2025-01-08 02:27:32,512][    INFO] Iter: 1100/5097, LR: 0.0000035, Loss: 0.063
[2025-01-08 02:28:44,986][    INFO] Iter: 1200/5097, LR: 0.0000035, Loss: 0.062
[2025-01-08 02:29:57,557][    INFO] Iter: 1300/5097, LR: 0.0000035, Loss: 0.064
[2025-01-08 02:31:09,961][    INFO] Iter: 1400/5097, LR: 0.0000035, Loss: 0.067
[2025-01-08 02:32:22,401][    INFO] Iter: 1500/5097, LR: 0.0000035, Loss: 0.053
[2025-01-08 02:33:34,754][    INFO] Iter: 1600/5097, LR: 0.0000035, Loss: 0.057
[2025-01-08 02:34:47,277][    INFO] Iter: 1700/5097, LR: 0.0000035, Loss: 0.057
[2025-01-08 02:35:59,834][    INFO] Iter: 1800/5097, LR: 0.0000035, Loss: 0.057
[2025-01-08 02:37:12,546][    INFO] Iter: 1900/5097, LR: 0.0000035, Loss: 0.055
[2025-01-08 02:38:25,349][    INFO] Iter: 2000/5097, LR: 0.0000034, Loss: 0.060
[2025-01-08 02:39:37,966][    INFO] Iter: 2100/5097, LR: 0.0000034, Loss: 0.064
[2025-01-08 02:40:50,609][    INFO] Iter: 2200/5097, LR: 0.0000034, Loss: 0.050
[2025-01-08 02:42:03,248][    INFO] Iter: 2300/5097, LR: 0.0000034, Loss: 0.048
[2025-01-08 02:43:15,764][    INFO] Iter: 2400/5097, LR: 0.0000034, Loss: 0.055
[2025-01-08 02:44:28,453][    INFO] Iter: 2500/5097, LR: 0.0000034, Loss: 0.059
[2025-01-08 02:45:41,284][    INFO] Iter: 2600/5097, LR: 0.0000034, Loss: 0.057
[2025-01-08 02:46:53,773][    INFO] Iter: 2700/5097, LR: 0.0000034, Loss: 0.060
[2025-01-08 02:48:09,717][    INFO] Iter: 2800/5097, LR: 0.0000034, Loss: 0.063
[2025-01-08 02:49:22,109][    INFO] Iter: 2900/5097, LR: 0.0000034, Loss: 0.058
[2025-01-08 02:50:34,593][    INFO] Iter: 3000/5097, LR: 0.0000034, Loss: 0.056
[2025-01-08 02:51:46,987][    INFO] Iter: 3100/5097, LR: 0.0000033, Loss: 0.060
[2025-01-08 02:52:59,429][    INFO] Iter: 3200/5097, LR: 0.0000033, Loss: 0.059
[2025-01-08 02:54:11,790][    INFO] Iter: 3300/5097, LR: 0.0000033, Loss: 0.062
[2025-01-08 02:55:24,250][    INFO] Iter: 3400/5097, LR: 0.0000033, Loss: 0.063
[2025-01-08 02:56:36,774][    INFO] Iter: 3500/5097, LR: 0.0000033, Loss: 0.066
[2025-01-08 02:57:49,021][    INFO] Iter: 3600/5097, LR: 0.0000033, Loss: 0.057
[2025-01-08 02:59:01,621][    INFO] Iter: 3700/5097, LR: 0.0000033, Loss: 0.058
[2025-01-08 03:00:14,206][    INFO] Iter: 3800/5097, LR: 0.0000033, Loss: 0.054
[2025-01-08 03:01:26,689][    INFO] Iter: 3900/5097, LR: 0.0000033, Loss: 0.058
[2025-01-08 03:02:39,126][    INFO] Iter: 4000/5097, LR: 0.0000033, Loss: 0.059
[2025-01-08 03:03:51,321][    INFO] Iter: 4100/5097, LR: 0.0000032, Loss: 0.052
[2025-01-08 03:05:03,804][    INFO] Iter: 4200/5097, LR: 0.0000032, Loss: 0.058
[2025-01-08 03:06:16,381][    INFO] Iter: 4300/5097, LR: 0.0000032, Loss: 0.051
[2025-01-08 03:07:29,089][    INFO] Iter: 4400/5097, LR: 0.0000032, Loss: 0.051
[2025-01-08 03:08:41,541][    INFO] Iter: 4500/5097, LR: 0.0000032, Loss: 0.054
[2025-01-08 03:09:54,145][    INFO] Iter: 4600/5097, LR: 0.0000032, Loss: 0.059
[2025-01-08 03:11:06,701][    INFO] Iter: 4700/5097, LR: 0.0000032, Loss: 0.055
[2025-01-08 03:12:21,803][    INFO] Iter: 4800/5097, LR: 0.0000032, Loss: 0.068
[2025-01-08 03:13:34,407][    INFO] Iter: 4900/5097, LR: 0.0000032, Loss: 0.049
[2025-01-08 03:14:46,925][    INFO] Iter: 5000/5097, LR: 0.0000032, Loss: 0.055
[2025-01-08 03:16:20,856][    INFO] ==========================================================================================
[2025-01-08 03:16:20,856][    INFO]       d1,       d2,       d3,  abs_rel,   sq_rel,     rmse, rmse_log,    log10,    silog
[2025-01-08 03:16:20,857][    INFO]    0.742,    0.856,    0.927,    0.175,   12.458,   61.182,    0.403,    0.089,    0.392
[2025-01-08 03:16:20,857][    INFO] ==========================================================================================

[2025-01-08 03:16:24,111][    INFO] ===========> Epoch: 4/10, d1: 0.750, d2: 0.873, d3: 0.933
[2025-01-08 03:16:24,112][    INFO] ===========> Epoch: 4/10, abs_rel: 0.169, sq_rel: 12.458, rmse: 59.276, rmse_log: 0.403, log10: 0.088, silog: 0.392
[2025-01-08 03:16:25,746][    INFO] Iter: 0/5097, LR: 0.0000032, Loss: 0.058
[2025-01-08 03:17:38,206][    INFO] Iter: 100/5097, LR: 0.0000031, Loss: 0.058
[2025-01-08 03:18:50,792][    INFO] Iter: 200/5097, LR: 0.0000031, Loss: 0.062
[2025-01-08 03:20:03,434][    INFO] Iter: 300/5097, LR: 0.0000031, Loss: 0.057
[2025-01-08 03:21:15,934][    INFO] Iter: 400/5097, LR: 0.0000031, Loss: 0.062
[2025-01-08 03:22:28,509][    INFO] Iter: 500/5097, LR: 0.0000031, Loss: 0.055
[2025-01-08 03:23:40,894][    INFO] Iter: 600/5097, LR: 0.0000031, Loss: 0.056
[2025-01-08 03:24:53,243][    INFO] Iter: 700/5097, LR: 0.0000031, Loss: 0.057
[2025-01-08 03:26:05,852][    INFO] Iter: 800/5097, LR: 0.0000031, Loss: 0.062
[2025-01-08 03:27:18,170][    INFO] Iter: 900/5097, LR: 0.0000031, Loss: 0.055
[2025-01-08 03:28:30,685][    INFO] Iter: 1000/5097, LR: 0.0000031, Loss: 0.061
[2025-01-08 03:29:43,030][    INFO] Iter: 1100/5097, LR: 0.0000031, Loss: 0.055
[2025-01-08 03:30:55,588][    INFO] Iter: 1200/5097, LR: 0.0000030, Loss: 0.059
[2025-01-08 03:32:07,837][    INFO] Iter: 1300/5097, LR: 0.0000030, Loss: 0.055
[2025-01-08 03:33:20,063][    INFO] Iter: 1400/5097, LR: 0.0000030, Loss: 0.053
[2025-01-08 03:34:32,389][    INFO] Iter: 1500/5097, LR: 0.0000030, Loss: 0.056
[2025-01-08 03:35:44,757][    INFO] Iter: 1600/5097, LR: 0.0000030, Loss: 0.046
[2025-01-08 03:37:00,506][    INFO] Iter: 1700/5097, LR: 0.0000030, Loss: 0.058
[2025-01-08 03:38:12,814][    INFO] Iter: 1800/5097, LR: 0.0000030, Loss: 0.048
[2025-01-08 03:39:25,349][    INFO] Iter: 1900/5097, LR: 0.0000030, Loss: 0.054
[2025-01-08 03:40:37,709][    INFO] Iter: 2000/5097, LR: 0.0000030, Loss: 0.060
[2025-01-08 03:41:50,271][    INFO] Iter: 2100/5097, LR: 0.0000030, Loss: 0.055
[2025-01-08 03:43:02,766][    INFO] Iter: 2200/5097, LR: 0.0000030, Loss: 0.053
[2025-01-08 03:44:15,214][    INFO] Iter: 2300/5097, LR: 0.0000029, Loss: 0.055
[2025-01-08 03:45:27,601][    INFO] Iter: 2400/5097, LR: 0.0000029, Loss: 0.058
[2025-01-08 03:46:40,073][    INFO] Iter: 2500/5097, LR: 0.0000029, Loss: 0.059
[2025-01-08 03:47:52,424][    INFO] Iter: 2600/5097, LR: 0.0000029, Loss: 0.072
[2025-01-08 03:49:04,941][    INFO] Iter: 2700/5097, LR: 0.0000029, Loss: 0.054
[2025-01-08 03:50:17,485][    INFO] Iter: 2800/5097, LR: 0.0000029, Loss: 0.069
[2025-01-08 03:51:29,821][    INFO] Iter: 2900/5097, LR: 0.0000029, Loss: 0.061
[2025-01-08 03:52:42,462][    INFO] Iter: 3000/5097, LR: 0.0000029, Loss: 0.063
[2025-01-08 03:53:54,970][    INFO] Iter: 3100/5097, LR: 0.0000029, Loss: 0.052
[2025-01-08 03:55:07,424][    INFO] Iter: 3200/5097, LR: 0.0000029, Loss: 0.054
[2025-01-08 03:56:19,805][    INFO] Iter: 3300/5097, LR: 0.0000028, Loss: 0.063
[2025-01-08 03:57:32,257][    INFO] Iter: 3400/5097, LR: 0.0000028, Loss: 0.056
[2025-01-08 03:58:44,705][    INFO] Iter: 3500/5097, LR: 0.0000028, Loss: 0.053
[2025-01-08 03:59:57,026][    INFO] Iter: 3600/5097, LR: 0.0000028, Loss: 0.059
[2025-01-08 04:01:12,577][    INFO] Iter: 3700/5097, LR: 0.0000028, Loss: 0.056
[2025-01-08 04:02:24,822][    INFO] Iter: 3800/5097, LR: 0.0000028, Loss: 0.069
[2025-01-08 04:03:37,321][    INFO] Iter: 3900/5097, LR: 0.0000028, Loss: 0.060
[2025-01-08 04:04:49,581][    INFO] Iter: 4000/5097, LR: 0.0000028, Loss: 0.053
[2025-01-08 04:06:01,784][    INFO] Iter: 4100/5097, LR: 0.0000028, Loss: 0.052
[2025-01-08 04:07:14,209][    INFO] Iter: 4200/5097, LR: 0.0000028, Loss: 0.060
[2025-01-08 04:08:26,697][    INFO] Iter: 4300/5097, LR: 0.0000028, Loss: 0.052
[2025-01-08 04:09:39,373][    INFO] Iter: 4400/5097, LR: 0.0000027, Loss: 0.059
[2025-01-08 04:10:51,780][    INFO] Iter: 4500/5097, LR: 0.0000027, Loss: 0.066
[2025-01-08 04:12:04,213][    INFO] Iter: 4600/5097, LR: 0.0000027, Loss: 0.059
[2025-01-08 04:13:16,862][    INFO] Iter: 4700/5097, LR: 0.0000027, Loss: 0.051
[2025-01-08 04:14:29,645][    INFO] Iter: 4800/5097, LR: 0.0000027, Loss: 0.052
[2025-01-08 04:15:42,225][    INFO] Iter: 4900/5097, LR: 0.0000027, Loss: 0.055
[2025-01-08 04:16:54,817][    INFO] Iter: 5000/5097, LR: 0.0000027, Loss: 0.056
[2025-01-08 04:18:28,783][    INFO] ==========================================================================================
[2025-01-08 04:18:28,783][    INFO]       d1,       d2,       d3,  abs_rel,   sq_rel,     rmse, rmse_log,    log10,    silog
[2025-01-08 04:18:28,784][    INFO]    0.749,    0.864,    0.931,    0.177,   14.127,   65.496,    0.408,    0.087,    0.398
[2025-01-08 04:18:28,784][    INFO] ==========================================================================================

[2025-01-08 04:18:32,019][    INFO] ===========> Epoch: 5/10, d1: 0.750, d2: 0.873, d3: 0.933
[2025-01-08 04:18:32,020][    INFO] ===========> Epoch: 5/10, abs_rel: 0.169, sq_rel: 12.458, rmse: 59.276, rmse_log: 0.403, log10: 0.087, silog: 0.392
[2025-01-08 04:18:33,667][    INFO] Iter: 0/5097, LR: 0.0000027, Loss: 0.053
[2025-01-08 04:19:46,152][    INFO] Iter: 100/5097, LR: 0.0000027, Loss: 0.057
[2025-01-08 04:20:58,893][    INFO] Iter: 200/5097, LR: 0.0000027, Loss: 0.053
[2025-01-08 04:22:11,629][    INFO] Iter: 300/5097, LR: 0.0000027, Loss: 0.056
[2025-01-08 04:23:24,304][    INFO] Iter: 400/5097, LR: 0.0000026, Loss: 0.060
[2025-01-08 04:24:37,202][    INFO] Iter: 500/5097, LR: 0.0000026, Loss: 0.052
[2025-01-08 04:25:52,645][    INFO] Iter: 600/5097, LR: 0.0000026, Loss: 0.062
[2025-01-08 04:27:05,356][    INFO] Iter: 700/5097, LR: 0.0000026, Loss: 0.052
[2025-01-08 04:28:17,949][    INFO] Iter: 800/5097, LR: 0.0000026, Loss: 0.069
[2025-01-08 04:29:30,705][    INFO] Iter: 900/5097, LR: 0.0000026, Loss: 0.061
[2025-01-08 04:30:43,549][    INFO] Iter: 1000/5097, LR: 0.0000026, Loss: 0.063
[2025-01-08 04:31:56,285][    INFO] Iter: 1100/5097, LR: 0.0000026, Loss: 0.058
[2025-01-08 04:33:09,005][    INFO] Iter: 1200/5097, LR: 0.0000026, Loss: 0.050
[2025-01-08 04:34:21,757][    INFO] Iter: 1300/5097, LR: 0.0000026, Loss: 0.056
[2025-01-08 04:35:34,473][    INFO] Iter: 1400/5097, LR: 0.0000025, Loss: 0.060
[2025-01-08 04:36:46,937][    INFO] Iter: 1500/5097, LR: 0.0000025, Loss: 0.058
[2025-01-08 04:37:59,458][    INFO] Iter: 1600/5097, LR: 0.0000025, Loss: 0.047
[2025-01-08 04:39:11,877][    INFO] Iter: 1700/5097, LR: 0.0000025, Loss: 0.047
[2025-01-08 04:40:24,477][    INFO] Iter: 1800/5097, LR: 0.0000025, Loss: 0.057
[2025-01-08 04:41:36,977][    INFO] Iter: 1900/5097, LR: 0.0000025, Loss: 0.050
[2025-01-08 04:42:49,582][    INFO] Iter: 2000/5097, LR: 0.0000025, Loss: 0.052
[2025-01-08 04:44:01,922][    INFO] Iter: 2100/5097, LR: 0.0000025, Loss: 0.056
[2025-01-08 04:45:14,017][    INFO] Iter: 2200/5097, LR: 0.0000025, Loss: 0.058
[2025-01-08 04:46:26,513][    INFO] Iter: 2300/5097, LR: 0.0000025, Loss: 0.056
[2025-01-08 04:47:38,742][    INFO] Iter: 2400/5097, LR: 0.0000025, Loss: 0.059
[2025-01-08 04:48:51,266][    INFO] Iter: 2500/5097, LR: 0.0000024, Loss: 0.057
[2025-01-08 04:50:06,949][    INFO] Iter: 2600/5097, LR: 0.0000024, Loss: 0.060
[2025-01-08 04:51:19,365][    INFO] Iter: 2700/5097, LR: 0.0000024, Loss: 0.052
[2025-01-08 04:52:31,694][    INFO] Iter: 2800/5097, LR: 0.0000024, Loss: 0.063
[2025-01-08 04:53:44,154][    INFO] Iter: 2900/5097, LR: 0.0000024, Loss: 0.052
[2025-01-08 04:54:56,679][    INFO] Iter: 3000/5097, LR: 0.0000024, Loss: 0.054
[2025-01-08 04:56:09,189][    INFO] Iter: 3100/5097, LR: 0.0000024, Loss: 0.063
[2025-01-08 04:57:21,589][    INFO] Iter: 3200/5097, LR: 0.0000024, Loss: 0.055
[2025-01-08 04:58:33,902][    INFO] Iter: 3300/5097, LR: 0.0000024, Loss: 0.060
[2025-01-08 04:59:46,490][    INFO] Iter: 3400/5097, LR: 0.0000024, Loss: 0.059
[2025-01-08 05:00:58,881][    INFO] Iter: 3500/5097, LR: 0.0000023, Loss: 0.054
[2025-01-08 05:02:11,129][    INFO] Iter: 3600/5097, LR: 0.0000023, Loss: 0.054
[2025-01-08 05:03:23,409][    INFO] Iter: 3700/5097, LR: 0.0000023, Loss: 0.051
[2025-01-08 05:04:35,842][    INFO] Iter: 3800/5097, LR: 0.0000023, Loss: 0.053
[2025-01-08 05:05:48,322][    INFO] Iter: 3900/5097, LR: 0.0000023, Loss: 0.056
[2025-01-08 05:07:00,933][    INFO] Iter: 4000/5097, LR: 0.0000023, Loss: 0.060
[2025-01-08 05:08:13,422][    INFO] Iter: 4100/5097, LR: 0.0000023, Loss: 0.055
[2025-01-08 05:09:25,901][    INFO] Iter: 4200/5097, LR: 0.0000023, Loss: 0.052
[2025-01-08 05:10:38,606][    INFO] Iter: 4300/5097, LR: 0.0000023, Loss: 0.051
[2025-01-08 05:11:51,017][    INFO] Iter: 4400/5097, LR: 0.0000023, Loss: 0.049
[2025-01-08 05:13:03,606][    INFO] Iter: 4500/5097, LR: 0.0000022, Loss: 0.061
[2025-01-08 05:14:18,435][    INFO] Iter: 4600/5097, LR: 0.0000022, Loss: 0.050
[2025-01-08 05:15:30,862][    INFO] Iter: 4700/5097, LR: 0.0000022, Loss: 0.055
[2025-01-08 05:16:43,249][    INFO] Iter: 4800/5097, LR: 0.0000022, Loss: 0.055
[2025-01-08 05:17:55,613][    INFO] Iter: 4900/5097, LR: 0.0000022, Loss: 0.054
[2025-01-08 05:19:08,094][    INFO] Iter: 5000/5097, LR: 0.0000022, Loss: 0.054
[2025-01-08 05:20:41,852][    INFO] ==========================================================================================
[2025-01-08 05:20:41,852][    INFO]       d1,       d2,       d3,  abs_rel,   sq_rel,     rmse, rmse_log,    log10,    silog
[2025-01-08 05:20:41,852][    INFO]    0.751,    0.867,    0.931,    0.173,   13.079,   62.574,    0.403,    0.086,    0.393
[2025-01-08 05:20:41,853][    INFO] ==========================================================================================

[2025-01-08 05:20:47,113][    INFO] ===========> Epoch: 6/10, d1: 0.751, d2: 0.873, d3: 0.933
[2025-01-08 05:20:47,114][    INFO] ===========> Epoch: 6/10, abs_rel: 0.169, sq_rel: 12.458, rmse: 59.276, rmse_log: 0.403, log10: 0.086, silog: 0.392
[2025-01-08 05:20:48,751][    INFO] Iter: 0/5097, LR: 0.0000022, Loss: 0.068
[2025-01-08 05:22:01,389][    INFO] Iter: 100/5097, LR: 0.0000022, Loss: 0.059
[2025-01-08 05:23:13,718][    INFO] Iter: 200/5097, LR: 0.0000022, Loss: 0.055
[2025-01-08 05:24:26,156][    INFO] Iter: 300/5097, LR: 0.0000022, Loss: 0.055
[2025-01-08 05:25:38,747][    INFO] Iter: 400/5097, LR: 0.0000022, Loss: 0.058
[2025-01-08 05:26:51,351][    INFO] Iter: 500/5097, LR: 0.0000021, Loss: 0.059
[2025-01-08 05:28:03,897][    INFO] Iter: 600/5097, LR: 0.0000021, Loss: 0.052
[2025-01-08 05:29:16,537][    INFO] Iter: 700/5097, LR: 0.0000021, Loss: 0.053
[2025-01-08 05:30:29,079][    INFO] Iter: 800/5097, LR: 0.0000021, Loss: 0.048
[2025-01-08 05:31:41,650][    INFO] Iter: 900/5097, LR: 0.0000021, Loss: 0.054
[2025-01-08 05:32:54,035][    INFO] Iter: 1000/5097, LR: 0.0000021, Loss: 0.046
[2025-01-08 05:34:06,597][    INFO] Iter: 1100/5097, LR: 0.0000021, Loss: 0.055
[2025-01-08 05:35:19,193][    INFO] Iter: 1200/5097, LR: 0.0000021, Loss: 0.053
[2025-01-08 05:36:31,798][    INFO] Iter: 1300/5097, LR: 0.0000021, Loss: 0.059
[2025-01-08 05:37:44,341][    INFO] Iter: 1400/5097, LR: 0.0000021, Loss: 0.058
[2025-01-08 05:39:00,033][    INFO] Iter: 1500/5097, LR: 0.0000020, Loss: 0.068
[2025-01-08 05:40:12,633][    INFO] Iter: 1600/5097, LR: 0.0000020, Loss: 0.047
[2025-01-08 05:41:25,154][    INFO] Iter: 1700/5097, LR: 0.0000020, Loss: 0.049
[2025-01-08 05:42:37,725][    INFO] Iter: 1800/5097, LR: 0.0000020, Loss: 0.046
[2025-01-08 05:43:50,317][    INFO] Iter: 1900/5097, LR: 0.0000020, Loss: 0.054
[2025-01-08 05:45:03,033][    INFO] Iter: 2000/5097, LR: 0.0000020, Loss: 0.063
[2025-01-08 05:46:15,393][    INFO] Iter: 2100/5097, LR: 0.0000020, Loss: 0.062
[2025-01-08 05:47:27,830][    INFO] Iter: 2200/5097, LR: 0.0000020, Loss: 0.059
[2025-01-08 05:48:40,227][    INFO] Iter: 2300/5097, LR: 0.0000020, Loss: 0.060
[2025-01-08 05:49:52,621][    INFO] Iter: 2400/5097, LR: 0.0000020, Loss: 0.048
[2025-01-08 05:51:05,233][    INFO] Iter: 2500/5097, LR: 0.0000019, Loss: 0.053
[2025-01-08 05:52:17,574][    INFO] Iter: 2600/5097, LR: 0.0000019, Loss: 0.058
[2025-01-08 05:53:29,992][    INFO] Iter: 2700/5097, LR: 0.0000019, Loss: 0.064
[2025-01-08 05:54:42,248][    INFO] Iter: 2800/5097, LR: 0.0000019, Loss: 0.059
[2025-01-08 05:55:54,770][    INFO] Iter: 2900/5097, LR: 0.0000019, Loss: 0.058
[2025-01-08 05:57:07,216][    INFO] Iter: 3000/5097, LR: 0.0000019, Loss: 0.049
[2025-01-08 05:58:19,702][    INFO] Iter: 3100/5097, LR: 0.0000019, Loss: 0.054
[2025-01-08 05:59:32,161][    INFO] Iter: 3200/5097, LR: 0.0000019, Loss: 0.056
[2025-01-08 06:00:44,629][    INFO] Iter: 3300/5097, LR: 0.0000019, Loss: 0.054
[2025-01-08 06:01:57,228][    INFO] Iter: 3400/5097, LR: 0.0000019, Loss: 0.051
[2025-01-08 06:03:12,229][    INFO] Iter: 3500/5097, LR: 0.0000019, Loss: 0.058
[2025-01-08 06:04:24,747][    INFO] Iter: 3600/5097, LR: 0.0000018, Loss: 0.052
[2025-01-08 06:05:37,161][    INFO] Iter: 3700/5097, LR: 0.0000018, Loss: 0.055
[2025-01-08 06:06:49,814][    INFO] Iter: 3800/5097, LR: 0.0000018, Loss: 0.055
[2025-01-08 06:08:02,373][    INFO] Iter: 3900/5097, LR: 0.0000018, Loss: 0.053
[2025-01-08 06:09:14,966][    INFO] Iter: 4000/5097, LR: 0.0000018, Loss: 0.060
[2025-01-08 06:10:27,497][    INFO] Iter: 4100/5097, LR: 0.0000018, Loss: 0.060
[2025-01-08 06:11:39,997][    INFO] Iter: 4200/5097, LR: 0.0000018, Loss: 0.053
[2025-01-08 06:12:52,629][    INFO] Iter: 4300/5097, LR: 0.0000018, Loss: 0.053
[2025-01-08 06:14:05,097][    INFO] Iter: 4400/5097, LR: 0.0000018, Loss: 0.051
[2025-01-08 06:15:17,689][    INFO] Iter: 4500/5097, LR: 0.0000018, Loss: 0.051
[2025-01-08 06:16:30,213][    INFO] Iter: 4600/5097, LR: 0.0000017, Loss: 0.048
[2025-01-08 06:17:42,814][    INFO] Iter: 4700/5097, LR: 0.0000017, Loss: 0.068
[2025-01-08 06:18:55,381][    INFO] Iter: 4800/5097, LR: 0.0000017, Loss: 0.059
[2025-01-08 06:20:08,018][    INFO] Iter: 4900/5097, LR: 0.0000017, Loss: 0.055
[2025-01-08 06:21:20,605][    INFO] Iter: 5000/5097, LR: 0.0000017, Loss: 0.050
[2025-01-08 06:22:54,510][    INFO] ==========================================================================================
[2025-01-08 06:22:54,510][    INFO]       d1,       d2,       d3,  abs_rel,   sq_rel,     rmse, rmse_log,    log10,    silog
[2025-01-08 06:22:54,511][    INFO]    0.748,    0.864,    0.930,    0.171,   13.356,   64.876,    0.406,    0.086,    0.396
[2025-01-08 06:22:54,511][    INFO] ==========================================================================================

[2025-01-08 06:22:57,575][    INFO] ===========> Epoch: 7/10, d1: 0.751, d2: 0.873, d3: 0.933
[2025-01-08 06:22:57,576][    INFO] ===========> Epoch: 7/10, abs_rel: 0.169, sq_rel: 12.458, rmse: 59.276, rmse_log: 0.403, log10: 0.086, silog: 0.392
[2025-01-08 06:22:59,207][    INFO] Iter: 0/5097, LR: 0.0000017, Loss: 0.055
[2025-01-08 06:24:11,973][    INFO] Iter: 100/5097, LR: 0.0000017, Loss: 0.067
[2025-01-08 06:25:24,606][    INFO] Iter: 200/5097, LR: 0.0000017, Loss: 0.052
[2025-01-08 06:26:37,143][    INFO] Iter: 300/5097, LR: 0.0000017, Loss: 0.047
[2025-01-08 06:27:52,301][    INFO] Iter: 400/5097, LR: 0.0000017, Loss: 0.053
[2025-01-08 06:29:05,008][    INFO] Iter: 500/5097, LR: 0.0000016, Loss: 0.056
[2025-01-08 06:30:17,629][    INFO] Iter: 600/5097, LR: 0.0000016, Loss: 0.053
[2025-01-08 06:31:30,318][    INFO] Iter: 700/5097, LR: 0.0000016, Loss: 0.056
[2025-01-08 06:32:43,071][    INFO] Iter: 800/5097, LR: 0.0000016, Loss: 0.058
[2025-01-08 06:33:55,716][    INFO] Iter: 900/5097, LR: 0.0000016, Loss: 0.053
[2025-01-08 06:35:08,492][    INFO] Iter: 1000/5097, LR: 0.0000016, Loss: 0.057
[2025-01-08 06:36:21,197][    INFO] Iter: 1100/5097, LR: 0.0000016, Loss: 0.058
[2025-01-08 06:37:33,769][    INFO] Iter: 1200/5097, LR: 0.0000016, Loss: 0.056
[2025-01-08 06:38:46,345][    INFO] Iter: 1300/5097, LR: 0.0000016, Loss: 0.045
[2025-01-08 06:39:58,877][    INFO] Iter: 1400/5097, LR: 0.0000016, Loss: 0.050
[2025-01-08 06:41:11,629][    INFO] Iter: 1500/5097, LR: 0.0000015, Loss: 0.059
[2025-01-08 06:42:24,129][    INFO] Iter: 1600/5097, LR: 0.0000015, Loss: 0.050
[2025-01-08 06:43:36,714][    INFO] Iter: 1700/5097, LR: 0.0000015, Loss: 0.061
[2025-01-08 06:44:49,145][    INFO] Iter: 1800/5097, LR: 0.0000015, Loss: 0.048
[2025-01-08 06:46:01,680][    INFO] Iter: 1900/5097, LR: 0.0000015, Loss: 0.051
[2025-01-08 06:47:14,118][    INFO] Iter: 2000/5097, LR: 0.0000015, Loss: 0.052
[2025-01-08 06:48:26,537][    INFO] Iter: 2100/5097, LR: 0.0000015, Loss: 0.056
[2025-01-08 06:49:38,673][    INFO] Iter: 2200/5097, LR: 0.0000015, Loss: 0.049
[2025-01-08 06:50:50,893][    INFO] Iter: 2300/5097, LR: 0.0000015, Loss: 0.052
[2025-01-08 06:52:06,561][    INFO] Iter: 2400/5097, LR: 0.0000015, Loss: 0.066
[2025-01-08 06:53:18,922][    INFO] Iter: 2500/5097, LR: 0.0000014, Loss: 0.056
[2025-01-08 06:54:31,249][    INFO] Iter: 2600/5097, LR: 0.0000014, Loss: 0.055
[2025-01-08 06:55:43,809][    INFO] Iter: 2700/5097, LR: 0.0000014, Loss: 0.054
[2025-01-08 06:56:56,263][    INFO] Iter: 2800/5097, LR: 0.0000014, Loss: 0.060
[2025-01-08 06:58:08,885][    INFO] Iter: 2900/5097, LR: 0.0000014, Loss: 0.059
[2025-01-08 06:59:21,295][    INFO] Iter: 3000/5097, LR: 0.0000014, Loss: 0.055
[2025-01-08 07:00:33,581][    INFO] Iter: 3100/5097, LR: 0.0000014, Loss: 0.049
[2025-01-08 07:01:45,918][    INFO] Iter: 3200/5097, LR: 0.0000014, Loss: 0.047
[2025-01-08 07:02:58,546][    INFO] Iter: 3300/5097, LR: 0.0000014, Loss: 0.055
[2025-01-08 07:04:11,021][    INFO] Iter: 3400/5097, LR: 0.0000013, Loss: 0.048
[2025-01-08 07:05:23,453][    INFO] Iter: 3500/5097, LR: 0.0000013, Loss: 0.053
[2025-01-08 07:06:35,997][    INFO] Iter: 3600/5097, LR: 0.0000013, Loss: 0.057
[2025-01-08 07:07:48,466][    INFO] Iter: 3700/5097, LR: 0.0000013, Loss: 0.052
[2025-01-08 07:09:00,909][    INFO] Iter: 3800/5097, LR: 0.0000013, Loss: 0.051
[2025-01-08 07:10:13,408][    INFO] Iter: 3900/5097, LR: 0.0000013, Loss: 0.051
[2025-01-08 07:11:25,773][    INFO] Iter: 4000/5097, LR: 0.0000013, Loss: 0.051
[2025-01-08 07:12:38,165][    INFO] Iter: 4100/5097, LR: 0.0000013, Loss: 0.054
[2025-01-08 07:13:50,685][    INFO] Iter: 4200/5097, LR: 0.0000013, Loss: 0.063
[2025-01-08 07:15:03,025][    INFO] Iter: 4300/5097, LR: 0.0000013, Loss: 0.049
[2025-01-08 07:16:17,797][    INFO] Iter: 4400/5097, LR: 0.0000012, Loss: 0.049
[2025-01-08 07:17:30,414][    INFO] Iter: 4500/5097, LR: 0.0000012, Loss: 0.059
[2025-01-08 07:18:42,854][    INFO] Iter: 4600/5097, LR: 0.0000012, Loss: 0.045
[2025-01-08 07:19:55,230][    INFO] Iter: 4700/5097, LR: 0.0000012, Loss: 0.050
[2025-01-08 07:21:07,632][    INFO] Iter: 4800/5097, LR: 0.0000012, Loss: 0.059
[2025-01-08 07:22:20,190][    INFO] Iter: 4900/5097, LR: 0.0000012, Loss: 0.052
[2025-01-08 07:23:32,742][    INFO] Iter: 5000/5097, LR: 0.0000012, Loss: 0.052
[2025-01-08 07:25:06,754][    INFO] ==========================================================================================
[2025-01-08 07:25:06,755][    INFO]       d1,       d2,       d3,  abs_rel,   sq_rel,     rmse, rmse_log,    log10,    silog
[2025-01-08 07:25:06,755][    INFO]    0.749,    0.864,    0.931,    0.172,   13.505,   65.221,    0.401,    0.086,    0.391
[2025-01-08 07:25:06,755][    INFO] ==========================================================================================

[2025-01-08 07:25:10,083][    INFO] ===========> Epoch: 8/10, d1: 0.751, d2: 0.873, d3: 0.933
[2025-01-08 07:25:10,083][    INFO] ===========> Epoch: 8/10, abs_rel: 0.169, sq_rel: 12.458, rmse: 59.276, rmse_log: 0.401, log10: 0.086, silog: 0.391
[2025-01-08 07:25:11,743][    INFO] Iter: 0/5097, LR: 0.0000012, Loss: 0.065
[2025-01-08 07:26:24,177][    INFO] Iter: 100/5097, LR: 0.0000012, Loss: 0.055
[2025-01-08 07:27:36,637][    INFO] Iter: 200/5097, LR: 0.0000012, Loss: 0.053
[2025-01-08 07:28:49,128][    INFO] Iter: 300/5097, LR: 0.0000011, Loss: 0.050
[2025-01-08 07:30:01,442][    INFO] Iter: 400/5097, LR: 0.0000011, Loss: 0.066
[2025-01-08 07:31:13,772][    INFO] Iter: 500/5097, LR: 0.0000011, Loss: 0.051
[2025-01-08 07:32:26,061][    INFO] Iter: 600/5097, LR: 0.0000011, Loss: 0.121
[2025-01-08 07:33:38,524][    INFO] Iter: 700/5097, LR: 0.0000011, Loss: 0.052
[2025-01-08 07:34:51,129][    INFO] Iter: 800/5097, LR: 0.0000011, Loss: 0.051
[2025-01-08 07:36:03,861][    INFO] Iter: 900/5097, LR: 0.0000011, Loss: 0.052
[2025-01-08 07:37:16,349][    INFO] Iter: 1000/5097, LR: 0.0000011, Loss: 0.056
[2025-01-08 07:38:28,825][    INFO] Iter: 1100/5097, LR: 0.0000011, Loss: 0.059
[2025-01-08 07:39:41,437][    INFO] Iter: 1200/5097, LR: 0.0000010, Loss: 0.057
[2025-01-08 07:40:56,310][    INFO] Iter: 1300/5097, LR: 0.0000010, Loss: 0.060
[2025-01-08 07:42:08,853][    INFO] Iter: 1400/5097, LR: 0.0000010, Loss: 0.058
[2025-01-08 07:43:21,210][    INFO] Iter: 1500/5097, LR: 0.0000010, Loss: 0.053
[2025-01-08 07:44:33,661][    INFO] Iter: 1600/5097, LR: 0.0000010, Loss: 0.048
[2025-01-08 07:45:46,265][    INFO] Iter: 1700/5097, LR: 0.0000010, Loss: 0.056
[2025-01-08 07:46:58,714][    INFO] Iter: 1800/5097, LR: 0.0000010, Loss: 0.054
[2025-01-08 07:48:11,435][    INFO] Iter: 1900/5097, LR: 0.0000010, Loss: 0.061
[2025-01-08 07:49:23,902][    INFO] Iter: 2000/5097, LR: 0.0000010, Loss: 0.054
[2025-01-08 07:50:36,185][    INFO] Iter: 2100/5097, LR: 0.0000010, Loss: 0.052
[2025-01-08 07:51:48,669][    INFO] Iter: 2200/5097, LR: 0.0000009, Loss: 0.051
[2025-01-08 07:53:01,101][    INFO] Iter: 2300/5097, LR: 0.0000009, Loss: 0.057
[2025-01-08 07:54:13,430][    INFO] Iter: 2400/5097, LR: 0.0000009, Loss: 0.063
[2025-01-08 07:55:25,858][    INFO] Iter: 2500/5097, LR: 0.0000009, Loss: 0.053
[2025-01-08 07:56:38,341][    INFO] Iter: 2600/5097, LR: 0.0000009, Loss: 0.051
[2025-01-08 07:57:50,698][    INFO] Iter: 2700/5097, LR: 0.0000009, Loss: 0.061
[2025-01-08 07:59:03,401][    INFO] Iter: 2800/5097, LR: 0.0000009, Loss: 0.052
[2025-01-08 08:00:15,789][    INFO] Iter: 2900/5097, LR: 0.0000009, Loss: 0.067
[2025-01-08 08:01:28,421][    INFO] Iter: 3000/5097, LR: 0.0000009, Loss: 0.051
[2025-01-08 08:02:40,889][    INFO] Iter: 3100/5097, LR: 0.0000008, Loss: 0.058
[2025-01-08 08:03:53,405][    INFO] Iter: 3200/5097, LR: 0.0000008, Loss: 0.056
[2025-01-08 08:05:08,441][    INFO] Iter: 3300/5097, LR: 0.0000008, Loss: 0.064
[2025-01-08 08:06:20,909][    INFO] Iter: 3400/5097, LR: 0.0000008, Loss: 0.060
[2025-01-08 08:07:33,385][    INFO] Iter: 3500/5097, LR: 0.0000008, Loss: 0.057
[2025-01-08 08:08:45,809][    INFO] Iter: 3600/5097, LR: 0.0000008, Loss: 0.050
[2025-01-08 08:09:58,329][    INFO] Iter: 3700/5097, LR: 0.0000008, Loss: 0.048
[2025-01-08 08:11:11,058][    INFO] Iter: 3800/5097, LR: 0.0000008, Loss: 0.050
[2025-01-08 08:12:23,348][    INFO] Iter: 3900/5097, LR: 0.0000008, Loss: 0.057
[2025-01-08 08:13:35,922][    INFO] Iter: 4000/5097, LR: 0.0000008, Loss: 0.052
[2025-01-08 08:14:48,409][    INFO] Iter: 4100/5097, LR: 0.0000007, Loss: 0.052
[2025-01-08 08:16:00,917][    INFO] Iter: 4200/5097, LR: 0.0000007, Loss: 0.066
[2025-01-08 08:17:13,346][    INFO] Iter: 4300/5097, LR: 0.0000007, Loss: 0.056
[2025-01-08 08:18:25,845][    INFO] Iter: 4400/5097, LR: 0.0000007, Loss: 0.057
[2025-01-08 08:19:38,321][    INFO] Iter: 4500/5097, LR: 0.0000007, Loss: 0.057
[2025-01-08 08:20:50,849][    INFO] Iter: 4600/5097, LR: 0.0000007, Loss: 0.051
[2025-01-08 08:22:03,359][    INFO] Iter: 4700/5097, LR: 0.0000007, Loss: 0.052
[2025-01-08 08:23:15,794][    INFO] Iter: 4800/5097, LR: 0.0000007, Loss: 0.051
[2025-01-08 08:24:28,241][    INFO] Iter: 4900/5097, LR: 0.0000007, Loss: 0.053
[2025-01-08 08:25:40,637][    INFO] Iter: 5000/5097, LR: 0.0000006, Loss: 0.050
[2025-01-08 08:27:14,296][    INFO] ==========================================================================================
[2025-01-08 08:27:14,296][    INFO]       d1,       d2,       d3,  abs_rel,   sq_rel,     rmse, rmse_log,    log10,    silog
[2025-01-08 08:27:14,297][    INFO]    0.752,    0.867,    0.932,    0.171,   12.894,   60.927,    0.396,    0.084,    0.386
[2025-01-08 08:27:14,297][    INFO] ==========================================================================================

[2025-01-08 08:27:19,439][    INFO] ===========> Epoch: 9/10, d1: 0.752, d2: 0.873, d3: 0.933
[2025-01-08 08:27:19,441][    INFO] ===========> Epoch: 9/10, abs_rel: 0.169, sq_rel: 12.458, rmse: 59.276, rmse_log: 0.396, log10: 0.084, silog: 0.386
[2025-01-08 08:27:21,103][    INFO] Iter: 0/5097, LR: 0.0000006, Loss: 0.059
[2025-01-08 08:28:33,479][    INFO] Iter: 100/5097, LR: 0.0000006, Loss: 0.058
[2025-01-08 08:29:48,813][    INFO] Iter: 200/5097, LR: 0.0000006, Loss: 0.051
[2025-01-08 08:31:01,326][    INFO] Iter: 300/5097, LR: 0.0000006, Loss: 0.053
[2025-01-08 08:32:13,994][    INFO] Iter: 400/5097, LR: 0.0000006, Loss: 0.056
[2025-01-08 08:33:26,607][    INFO] Iter: 500/5097, LR: 0.0000006, Loss: 0.046
[2025-01-08 08:34:39,189][    INFO] Iter: 600/5097, LR: 0.0000006, Loss: 0.061
[2025-01-08 08:35:51,662][    INFO] Iter: 700/5097, LR: 0.0000006, Loss: 0.054
[2025-01-08 08:37:04,157][    INFO] Iter: 800/5097, LR: 0.0000005, Loss: 0.040
[2025-01-08 08:38:16,577][    INFO] Iter: 900/5097, LR: 0.0000005, Loss: 0.057
[2025-01-08 08:39:29,026][    INFO] Iter: 1000/5097, LR: 0.0000005, Loss: 0.052
[2025-01-08 08:40:41,523][    INFO] Iter: 1100/5097, LR: 0.0000005, Loss: 0.061
[2025-01-08 08:41:54,058][    INFO] Iter: 1200/5097, LR: 0.0000005, Loss: 0.049
[2025-01-08 08:43:06,762][    INFO] Iter: 1300/5097, LR: 0.0000005, Loss: 0.052
[2025-01-08 08:44:19,374][    INFO] Iter: 1400/5097, LR: 0.0000005, Loss: 0.059
[2025-01-08 08:45:31,694][    INFO] Iter: 1500/5097, LR: 0.0000005, Loss: 0.049
[2025-01-08 08:46:44,114][    INFO] Iter: 1600/5097, LR: 0.0000004, Loss: 0.057
[2025-01-08 08:47:56,453][    INFO] Iter: 1700/5097, LR: 0.0000004, Loss: 0.052
[2025-01-08 08:49:08,962][    INFO] Iter: 1800/5097, LR: 0.0000004, Loss: 0.047
[2025-01-08 08:50:21,282][    INFO] Iter: 1900/5097, LR: 0.0000004, Loss: 0.056
[2025-01-08 08:51:33,605][    INFO] Iter: 2000/5097, LR: 0.0000004, Loss: 0.053
[2025-01-08 08:52:45,925][    INFO] Iter: 2100/5097, LR: 0.0000004, Loss: 0.056
[2025-01-08 08:54:01,571][    INFO] Iter: 2200/5097, LR: 0.0000004, Loss: 0.057
[2025-01-08 08:55:14,317][    INFO] Iter: 2300/5097, LR: 0.0000004, Loss: 0.057
[2025-01-08 08:56:26,742][    INFO] Iter: 2400/5097, LR: 0.0000004, Loss: 0.058
[2025-01-08 08:57:39,025][    INFO] Iter: 2500/5097, LR: 0.0000003, Loss: 0.055
[2025-01-08 08:58:51,434][    INFO] Iter: 2600/5097, LR: 0.0000003, Loss: 0.050
[2025-01-08 09:00:03,761][    INFO] Iter: 2700/5097, LR: 0.0000003, Loss: 0.057
[2025-01-08 09:01:16,174][    INFO] Iter: 2800/5097, LR: 0.0000003, Loss: 0.053
[2025-01-08 09:02:28,589][    INFO] Iter: 2900/5097, LR: 0.0000003, Loss: 0.058
[2025-01-08 09:03:41,002][    INFO] Iter: 3000/5097, LR: 0.0000003, Loss: 0.054
[2025-01-08 09:04:53,388][    INFO] Iter: 3100/5097, LR: 0.0000003, Loss: 0.050
[2025-01-08 09:06:06,228][    INFO] Iter: 3200/5097, LR: 0.0000003, Loss: 0.051
[2025-01-08 09:07:18,746][    INFO] Iter: 3300/5097, LR: 0.0000002, Loss: 0.050
[2025-01-08 09:08:31,301][    INFO] Iter: 3400/5097, LR: 0.0000002, Loss: 0.055
[2025-01-08 09:09:43,757][    INFO] Iter: 3500/5097, LR: 0.0000002, Loss: 0.058
[2025-01-08 09:10:56,172][    INFO] Iter: 3600/5097, LR: 0.0000002, Loss: 0.054
[2025-01-08 09:12:08,481][    INFO] Iter: 3700/5097, LR: 0.0000002, Loss: 0.063
[2025-01-08 09:13:20,923][    INFO] Iter: 3800/5097, LR: 0.0000002, Loss: 0.048
[2025-01-08 09:14:33,350][    INFO] Iter: 3900/5097, LR: 0.0000002, Loss: 0.047
[2025-01-08 09:15:45,530][    INFO] Iter: 4000/5097, LR: 0.0000002, Loss: 0.053
[2025-01-08 09:16:58,321][    INFO] Iter: 4100/5097, LR: 0.0000001, Loss: 0.053
[2025-01-08 09:18:13,757][    INFO] Iter: 4200/5097, LR: 0.0000001, Loss: 0.053
[2025-01-08 09:19:26,241][    INFO] Iter: 4300/5097, LR: 0.0000001, Loss: 0.059
[2025-01-08 09:20:38,557][    INFO] Iter: 4400/5097, LR: 0.0000001, Loss: 0.050
[2025-01-08 09:21:51,103][    INFO] Iter: 4500/5097, LR: 0.0000001, Loss: 0.054
[2025-01-08 09:23:03,609][    INFO] Iter: 4600/5097, LR: 0.0000001, Loss: 0.060
[2025-01-08 09:24:16,073][    INFO] Iter: 4700/5097, LR: 0.0000001, Loss: 0.045
[2025-01-08 09:25:28,598][    INFO] Iter: 4800/5097, LR: 0.0000000, Loss: 0.048
[2025-01-08 09:26:41,221][    INFO] Iter: 4900/5097, LR: 0.0000000, Loss: 0.051
[2025-01-08 09:27:53,817][    INFO] Iter: 5000/5097, LR: 0.0000000, Loss: 0.050
[2025-01-08 09:29:27,715][    INFO] ==========================================================================================
[2025-01-08 09:29:27,716][    INFO]       d1,       d2,       d3,  abs_rel,   sq_rel,     rmse, rmse_log,    log10,    silog
[2025-01-08 09:29:27,717][    INFO]    0.749,    0.863,    0.930,    0.173,   13.557,   64.315,    0.404,    0.086,    0.393
[2025-01-08 09:29:27,717][    INFO] ==========================================================================================

