/data/miniconda/envs/torch/lib/python3.10/site-packages/torch/distributed/launch.py:183: FutureWarning: The module torch.distributed.launch is deprecated
and will be removed in future. Use torchrun.
Note that --use-env is set by default in torchrun.
If your script expects `--local-rank` argument to be set, please
change it to read from `os.environ['LOCAL_RANK']` instead. See 
https://pytorch.org/docs/stable/distributed.html#launch-utility for 
further instructions

  warnings.warn(
W0107 16:48:10.277000 139722712643392 torch/distributed/run.py:757] 
W0107 16:48:10.277000 139722712643392 torch/distributed/run.py:757] *****************************************
W0107 16:48:10.277000 139722712643392 torch/distributed/run.py:757] Setting OMP_NUM_THREADS environment variable for each process to be 1 in default, to avoid your system being overloaded, please further tune the variable for optimal performance in your application as needed. 
W0107 16:48:10.277000 139722712643392 torch/distributed/run.py:757] *****************************************
[2025-01-07 16:48:13,820][    INFO] {'bs': 8,
 'dataset': 'mvsec_voxel',
 'encoder': 'vitl',
 'epochs': 10,
 'img_size': 350,
 'local_rank': 0,
 'lr': 5e-06,
 'max_depth': 100.0,
 'min_depth': 0.0,
 'ngpus': 2,
 'normalized_depth': False,
 'port': 20596,
 'pretrained_from': '/data/coding/code/da2-prompt-tuning/da2_metric_depth/exp/eventscape_voxel_nl_disp_da2vitl_20250107_000222/latest.pth',
 'save_path': '/data/coding/code/da2-prompt-tuning/da2_metric_depth/exp/mvsec_voxel_disp_da2vitl_20250107_164808'}

INFO:dinov2:using MLP layer as FFN
INFO:dinov2:using MLP layer as FFN
[2025-01-07 16:48:24,994][    INFO] Module: module.pretrained.cls_token, Trainable Parameters: 1024
[2025-01-07 16:48:24,995][    INFO] Module: module.pretrained.pos_embed, Trainable Parameters: 1402880
[2025-01-07 16:48:24,995][    INFO] Module: module.pretrained.mask_token, Trainable Parameters: 1024
[2025-01-07 16:48:24,995][    INFO] Module: module.pretrained.patch_embed.proj.weight, Trainable Parameters: 602112
[2025-01-07 16:48:24,995][    INFO] Module: module.pretrained.patch_embed.proj.bias, Trainable Parameters: 1024
[2025-01-07 16:48:24,995][    INFO] Module: module.pretrained.blocks.0.norm1.weight, Trainable Parameters: 1024
[2025-01-07 16:48:24,995][    INFO] Module: module.pretrained.blocks.0.norm1.bias, Trainable Parameters: 1024
[2025-01-07 16:48:24,995][    INFO] Module: module.pretrained.blocks.0.attn.qkv.weight, Trainable Parameters: 3145728
[2025-01-07 16:48:24,995][    INFO] Module: module.pretrained.blocks.0.attn.qkv.bias, Trainable Parameters: 3072
[2025-01-07 16:48:24,995][    INFO] Module: module.pretrained.blocks.0.attn.proj.weight, Trainable Parameters: 1048576
[2025-01-07 16:48:24,995][    INFO] Module: module.pretrained.blocks.0.attn.proj.bias, Trainable Parameters: 1024
[2025-01-07 16:48:24,995][    INFO] Module: module.pretrained.blocks.0.ls1.gamma, Trainable Parameters: 1024
[2025-01-07 16:48:24,995][    INFO] Module: module.pretrained.blocks.0.norm2.weight, Trainable Parameters: 1024
[2025-01-07 16:48:24,995][    INFO] Module: module.pretrained.blocks.0.norm2.bias, Trainable Parameters: 1024
[2025-01-07 16:48:24,995][    INFO] Module: module.pretrained.blocks.0.mlp.fc1.weight, Trainable Parameters: 4194304
[2025-01-07 16:48:24,995][    INFO] Module: module.pretrained.blocks.0.mlp.fc1.bias, Trainable Parameters: 4096
[2025-01-07 16:48:24,995][    INFO] Module: module.pretrained.blocks.0.mlp.fc2.weight, Trainable Parameters: 4194304
[2025-01-07 16:48:24,995][    INFO] Module: module.pretrained.blocks.0.mlp.fc2.bias, Trainable Parameters: 1024
[2025-01-07 16:48:24,995][    INFO] Module: module.pretrained.blocks.0.ls2.gamma, Trainable Parameters: 1024
[2025-01-07 16:48:24,995][    INFO] Module: module.pretrained.blocks.1.norm1.weight, Trainable Parameters: 1024
[2025-01-07 16:48:24,995][    INFO] Module: module.pretrained.blocks.1.norm1.bias, Trainable Parameters: 1024
[2025-01-07 16:48:24,995][    INFO] Module: module.pretrained.blocks.1.attn.qkv.weight, Trainable Parameters: 3145728
[2025-01-07 16:48:24,995][    INFO] Module: module.pretrained.blocks.1.attn.qkv.bias, Trainable Parameters: 3072
[2025-01-07 16:48:24,995][    INFO] Module: module.pretrained.blocks.1.attn.proj.weight, Trainable Parameters: 1048576
[2025-01-07 16:48:24,995][    INFO] Module: module.pretrained.blocks.1.attn.proj.bias, Trainable Parameters: 1024
[2025-01-07 16:48:24,995][    INFO] Module: module.pretrained.blocks.1.ls1.gamma, Trainable Parameters: 1024
[2025-01-07 16:48:24,995][    INFO] Module: module.pretrained.blocks.1.norm2.weight, Trainable Parameters: 1024
[2025-01-07 16:48:24,995][    INFO] Module: module.pretrained.blocks.1.norm2.bias, Trainable Parameters: 1024
[2025-01-07 16:48:24,995][    INFO] Module: module.pretrained.blocks.1.mlp.fc1.weight, Trainable Parameters: 4194304
[2025-01-07 16:48:24,995][    INFO] Module: module.pretrained.blocks.1.mlp.fc1.bias, Trainable Parameters: 4096
[2025-01-07 16:48:24,995][    INFO] Module: module.pretrained.blocks.1.mlp.fc2.weight, Trainable Parameters: 4194304
[2025-01-07 16:48:24,995][    INFO] Module: module.pretrained.blocks.1.mlp.fc2.bias, Trainable Parameters: 1024
[2025-01-07 16:48:24,995][    INFO] Module: module.pretrained.blocks.1.ls2.gamma, Trainable Parameters: 1024
[2025-01-07 16:48:24,996][    INFO] Module: module.pretrained.blocks.2.norm1.weight, Trainable Parameters: 1024
[2025-01-07 16:48:24,996][    INFO] Module: module.pretrained.blocks.2.norm1.bias, Trainable Parameters: 1024
[2025-01-07 16:48:24,996][    INFO] Module: module.pretrained.blocks.2.attn.qkv.weight, Trainable Parameters: 3145728
[2025-01-07 16:48:24,996][    INFO] Module: module.pretrained.blocks.2.attn.qkv.bias, Trainable Parameters: 3072
[2025-01-07 16:48:24,996][    INFO] Module: module.pretrained.blocks.2.attn.proj.weight, Trainable Parameters: 1048576
[2025-01-07 16:48:24,996][    INFO] Module: module.pretrained.blocks.2.attn.proj.bias, Trainable Parameters: 1024
[2025-01-07 16:48:24,996][    INFO] Module: module.pretrained.blocks.2.ls1.gamma, Trainable Parameters: 1024
[2025-01-07 16:48:24,996][    INFO] Module: module.pretrained.blocks.2.norm2.weight, Trainable Parameters: 1024
[2025-01-07 16:48:24,996][    INFO] Module: module.pretrained.blocks.2.norm2.bias, Trainable Parameters: 1024
[2025-01-07 16:48:24,996][    INFO] Module: module.pretrained.blocks.2.mlp.fc1.weight, Trainable Parameters: 4194304
[2025-01-07 16:48:24,996][    INFO] Module: module.pretrained.blocks.2.mlp.fc1.bias, Trainable Parameters: 4096
[2025-01-07 16:48:24,996][    INFO] Module: module.pretrained.blocks.2.mlp.fc2.weight, Trainable Parameters: 4194304
[2025-01-07 16:48:24,996][    INFO] Module: module.pretrained.blocks.2.mlp.fc2.bias, Trainable Parameters: 1024
[2025-01-07 16:48:24,996][    INFO] Module: module.pretrained.blocks.2.ls2.gamma, Trainable Parameters: 1024
[2025-01-07 16:48:24,996][    INFO] Module: module.pretrained.blocks.3.norm1.weight, Trainable Parameters: 1024
[2025-01-07 16:48:24,996][    INFO] Module: module.pretrained.blocks.3.norm1.bias, Trainable Parameters: 1024
[2025-01-07 16:48:24,996][    INFO] Module: module.pretrained.blocks.3.attn.qkv.weight, Trainable Parameters: 3145728
[2025-01-07 16:48:24,996][    INFO] Module: module.pretrained.blocks.3.attn.qkv.bias, Trainable Parameters: 3072
[2025-01-07 16:48:24,996][    INFO] Module: module.pretrained.blocks.3.attn.proj.weight, Trainable Parameters: 1048576
[2025-01-07 16:48:24,996][    INFO] Module: module.pretrained.blocks.3.attn.proj.bias, Trainable Parameters: 1024
[2025-01-07 16:48:24,996][    INFO] Module: module.pretrained.blocks.3.ls1.gamma, Trainable Parameters: 1024
[2025-01-07 16:48:24,996][    INFO] Module: module.pretrained.blocks.3.norm2.weight, Trainable Parameters: 1024
[2025-01-07 16:48:24,996][    INFO] Module: module.pretrained.blocks.3.norm2.bias, Trainable Parameters: 1024
[2025-01-07 16:48:24,996][    INFO] Module: module.pretrained.blocks.3.mlp.fc1.weight, Trainable Parameters: 4194304
[2025-01-07 16:48:24,996][    INFO] Module: module.pretrained.blocks.3.mlp.fc1.bias, Trainable Parameters: 4096
[2025-01-07 16:48:24,996][    INFO] Module: module.pretrained.blocks.3.mlp.fc2.weight, Trainable Parameters: 4194304
[2025-01-07 16:48:24,996][    INFO] Module: module.pretrained.blocks.3.mlp.fc2.bias, Trainable Parameters: 1024
[2025-01-07 16:48:24,996][    INFO] Module: module.pretrained.blocks.3.ls2.gamma, Trainable Parameters: 1024
[2025-01-07 16:48:24,996][    INFO] Module: module.pretrained.blocks.4.norm1.weight, Trainable Parameters: 1024
[2025-01-07 16:48:24,996][    INFO] Module: module.pretrained.blocks.4.norm1.bias, Trainable Parameters: 1024
[2025-01-07 16:48:24,996][    INFO] Module: module.pretrained.blocks.4.attn.qkv.weight, Trainable Parameters: 3145728
[2025-01-07 16:48:24,996][    INFO] Module: module.pretrained.blocks.4.attn.qkv.bias, Trainable Parameters: 3072
[2025-01-07 16:48:24,996][    INFO] Module: module.pretrained.blocks.4.attn.proj.weight, Trainable Parameters: 1048576
[2025-01-07 16:48:24,996][    INFO] Module: module.pretrained.blocks.4.attn.proj.bias, Trainable Parameters: 1024
[2025-01-07 16:48:24,996][    INFO] Module: module.pretrained.blocks.4.ls1.gamma, Trainable Parameters: 1024
[2025-01-07 16:48:24,996][    INFO] Module: module.pretrained.blocks.4.norm2.weight, Trainable Parameters: 1024
[2025-01-07 16:48:24,996][    INFO] Module: module.pretrained.blocks.4.norm2.bias, Trainable Parameters: 1024
[2025-01-07 16:48:24,996][    INFO] Module: module.pretrained.blocks.4.mlp.fc1.weight, Trainable Parameters: 4194304
[2025-01-07 16:48:24,997][    INFO] Module: module.pretrained.blocks.4.mlp.fc1.bias, Trainable Parameters: 4096
[2025-01-07 16:48:24,997][    INFO] Module: module.pretrained.blocks.4.mlp.fc2.weight, Trainable Parameters: 4194304
[2025-01-07 16:48:24,997][    INFO] Module: module.pretrained.blocks.4.mlp.fc2.bias, Trainable Parameters: 1024
[2025-01-07 16:48:24,997][    INFO] Module: module.pretrained.blocks.4.ls2.gamma, Trainable Parameters: 1024
[2025-01-07 16:48:24,997][    INFO] Module: module.pretrained.blocks.5.norm1.weight, Trainable Parameters: 1024
[2025-01-07 16:48:24,997][    INFO] Module: module.pretrained.blocks.5.norm1.bias, Trainable Parameters: 1024
[2025-01-07 16:48:24,997][    INFO] Module: module.pretrained.blocks.5.attn.qkv.weight, Trainable Parameters: 3145728
[2025-01-07 16:48:24,997][    INFO] Module: module.pretrained.blocks.5.attn.qkv.bias, Trainable Parameters: 3072
[2025-01-07 16:48:24,997][    INFO] Module: module.pretrained.blocks.5.attn.proj.weight, Trainable Parameters: 1048576
[2025-01-07 16:48:24,997][    INFO] Module: module.pretrained.blocks.5.attn.proj.bias, Trainable Parameters: 1024
[2025-01-07 16:48:24,997][    INFO] Module: module.pretrained.blocks.5.ls1.gamma, Trainable Parameters: 1024
[2025-01-07 16:48:24,997][    INFO] Module: module.pretrained.blocks.5.norm2.weight, Trainable Parameters: 1024
[2025-01-07 16:48:24,997][    INFO] Module: module.pretrained.blocks.5.norm2.bias, Trainable Parameters: 1024
[2025-01-07 16:48:24,997][    INFO] Module: module.pretrained.blocks.5.mlp.fc1.weight, Trainable Parameters: 4194304
[2025-01-07 16:48:24,997][    INFO] Module: module.pretrained.blocks.5.mlp.fc1.bias, Trainable Parameters: 4096
[2025-01-07 16:48:24,997][    INFO] Module: module.pretrained.blocks.5.mlp.fc2.weight, Trainable Parameters: 4194304
[2025-01-07 16:48:24,997][    INFO] Module: module.pretrained.blocks.5.mlp.fc2.bias, Trainable Parameters: 1024
[2025-01-07 16:48:24,997][    INFO] Module: module.pretrained.blocks.5.ls2.gamma, Trainable Parameters: 1024
[2025-01-07 16:48:24,997][    INFO] Module: module.pretrained.blocks.6.norm1.weight, Trainable Parameters: 1024
[2025-01-07 16:48:24,997][    INFO] Module: module.pretrained.blocks.6.norm1.bias, Trainable Parameters: 1024
[2025-01-07 16:48:24,997][    INFO] Module: module.pretrained.blocks.6.attn.qkv.weight, Trainable Parameters: 3145728
[2025-01-07 16:48:24,997][    INFO] Module: module.pretrained.blocks.6.attn.qkv.bias, Trainable Parameters: 3072
[2025-01-07 16:48:24,997][    INFO] Module: module.pretrained.blocks.6.attn.proj.weight, Trainable Parameters: 1048576
[2025-01-07 16:48:24,997][    INFO] Module: module.pretrained.blocks.6.attn.proj.bias, Trainable Parameters: 1024
[2025-01-07 16:48:24,997][    INFO] Module: module.pretrained.blocks.6.ls1.gamma, Trainable Parameters: 1024
[2025-01-07 16:48:24,997][    INFO] Module: module.pretrained.blocks.6.norm2.weight, Trainable Parameters: 1024
[2025-01-07 16:48:24,997][    INFO] Module: module.pretrained.blocks.6.norm2.bias, Trainable Parameters: 1024
[2025-01-07 16:48:24,997][    INFO] Module: module.pretrained.blocks.6.mlp.fc1.weight, Trainable Parameters: 4194304
[2025-01-07 16:48:24,997][    INFO] Module: module.pretrained.blocks.6.mlp.fc1.bias, Trainable Parameters: 4096
[2025-01-07 16:48:24,997][    INFO] Module: module.pretrained.blocks.6.mlp.fc2.weight, Trainable Parameters: 4194304
[2025-01-07 16:48:24,997][    INFO] Module: module.pretrained.blocks.6.mlp.fc2.bias, Trainable Parameters: 1024
[2025-01-07 16:48:24,997][    INFO] Module: module.pretrained.blocks.6.ls2.gamma, Trainable Parameters: 1024
[2025-01-07 16:48:24,997][    INFO] Module: module.pretrained.blocks.7.norm1.weight, Trainable Parameters: 1024
[2025-01-07 16:48:24,997][    INFO] Module: module.pretrained.blocks.7.norm1.bias, Trainable Parameters: 1024
[2025-01-07 16:48:24,997][    INFO] Module: module.pretrained.blocks.7.attn.qkv.weight, Trainable Parameters: 3145728
[2025-01-07 16:48:24,997][    INFO] Module: module.pretrained.blocks.7.attn.qkv.bias, Trainable Parameters: 3072
[2025-01-07 16:48:24,997][    INFO] Module: module.pretrained.blocks.7.attn.proj.weight, Trainable Parameters: 1048576
[2025-01-07 16:48:24,997][    INFO] Module: module.pretrained.blocks.7.attn.proj.bias, Trainable Parameters: 1024
[2025-01-07 16:48:24,997][    INFO] Module: module.pretrained.blocks.7.ls1.gamma, Trainable Parameters: 1024
[2025-01-07 16:48:24,998][    INFO] Module: module.pretrained.blocks.7.norm2.weight, Trainable Parameters: 1024
[2025-01-07 16:48:24,998][    INFO] Module: module.pretrained.blocks.7.norm2.bias, Trainable Parameters: 1024
[2025-01-07 16:48:24,998][    INFO] Module: module.pretrained.blocks.7.mlp.fc1.weight, Trainable Parameters: 4194304
[2025-01-07 16:48:24,998][    INFO] Module: module.pretrained.blocks.7.mlp.fc1.bias, Trainable Parameters: 4096
[2025-01-07 16:48:24,998][    INFO] Module: module.pretrained.blocks.7.mlp.fc2.weight, Trainable Parameters: 4194304
[2025-01-07 16:48:24,998][    INFO] Module: module.pretrained.blocks.7.mlp.fc2.bias, Trainable Parameters: 1024
[2025-01-07 16:48:24,998][    INFO] Module: module.pretrained.blocks.7.ls2.gamma, Trainable Parameters: 1024
[2025-01-07 16:48:24,998][    INFO] Module: module.pretrained.blocks.8.norm1.weight, Trainable Parameters: 1024
[2025-01-07 16:48:24,998][    INFO] Module: module.pretrained.blocks.8.norm1.bias, Trainable Parameters: 1024
[2025-01-07 16:48:24,998][    INFO] Module: module.pretrained.blocks.8.attn.qkv.weight, Trainable Parameters: 3145728
[2025-01-07 16:48:24,998][    INFO] Module: module.pretrained.blocks.8.attn.qkv.bias, Trainable Parameters: 3072
[2025-01-07 16:48:24,998][    INFO] Module: module.pretrained.blocks.8.attn.proj.weight, Trainable Parameters: 1048576
[2025-01-07 16:48:24,998][    INFO] Module: module.pretrained.blocks.8.attn.proj.bias, Trainable Parameters: 1024
[2025-01-07 16:48:24,998][    INFO] Module: module.pretrained.blocks.8.ls1.gamma, Trainable Parameters: 1024
[2025-01-07 16:48:24,998][    INFO] Module: module.pretrained.blocks.8.norm2.weight, Trainable Parameters: 1024
[2025-01-07 16:48:24,998][    INFO] Module: module.pretrained.blocks.8.norm2.bias, Trainable Parameters: 1024
[2025-01-07 16:48:24,998][    INFO] Module: module.pretrained.blocks.8.mlp.fc1.weight, Trainable Parameters: 4194304
[2025-01-07 16:48:24,998][    INFO] Module: module.pretrained.blocks.8.mlp.fc1.bias, Trainable Parameters: 4096
[2025-01-07 16:48:24,998][    INFO] Module: module.pretrained.blocks.8.mlp.fc2.weight, Trainable Parameters: 4194304
[2025-01-07 16:48:24,998][    INFO] Module: module.pretrained.blocks.8.mlp.fc2.bias, Trainable Parameters: 1024
[2025-01-07 16:48:24,998][    INFO] Module: module.pretrained.blocks.8.ls2.gamma, Trainable Parameters: 1024
[2025-01-07 16:48:24,998][    INFO] Module: module.pretrained.blocks.9.norm1.weight, Trainable Parameters: 1024
[2025-01-07 16:48:24,998][    INFO] Module: module.pretrained.blocks.9.norm1.bias, Trainable Parameters: 1024
[2025-01-07 16:48:24,998][    INFO] Module: module.pretrained.blocks.9.attn.qkv.weight, Trainable Parameters: 3145728
[2025-01-07 16:48:24,998][    INFO] Module: module.pretrained.blocks.9.attn.qkv.bias, Trainable Parameters: 3072
[2025-01-07 16:48:24,998][    INFO] Module: module.pretrained.blocks.9.attn.proj.weight, Trainable Parameters: 1048576
[2025-01-07 16:48:24,998][    INFO] Module: module.pretrained.blocks.9.attn.proj.bias, Trainable Parameters: 1024
[2025-01-07 16:48:24,998][    INFO] Module: module.pretrained.blocks.9.ls1.gamma, Trainable Parameters: 1024
[2025-01-07 16:48:24,998][    INFO] Module: module.pretrained.blocks.9.norm2.weight, Trainable Parameters: 1024
[2025-01-07 16:48:24,998][    INFO] Module: module.pretrained.blocks.9.norm2.bias, Trainable Parameters: 1024
[2025-01-07 16:48:24,998][    INFO] Module: module.pretrained.blocks.9.mlp.fc1.weight, Trainable Parameters: 4194304
[2025-01-07 16:48:24,998][    INFO] Module: module.pretrained.blocks.9.mlp.fc1.bias, Trainable Parameters: 4096
[2025-01-07 16:48:24,998][    INFO] Module: module.pretrained.blocks.9.mlp.fc2.weight, Trainable Parameters: 4194304
[2025-01-07 16:48:24,998][    INFO] Module: module.pretrained.blocks.9.mlp.fc2.bias, Trainable Parameters: 1024
[2025-01-07 16:48:24,998][    INFO] Module: module.pretrained.blocks.9.ls2.gamma, Trainable Parameters: 1024
[2025-01-07 16:48:24,998][    INFO] Module: module.pretrained.blocks.10.norm1.weight, Trainable Parameters: 1024
[2025-01-07 16:48:24,998][    INFO] Module: module.pretrained.blocks.10.norm1.bias, Trainable Parameters: 1024
[2025-01-07 16:48:24,998][    INFO] Module: module.pretrained.blocks.10.attn.qkv.weight, Trainable Parameters: 3145728
[2025-01-07 16:48:24,998][    INFO] Module: module.pretrained.blocks.10.attn.qkv.bias, Trainable Parameters: 3072
[2025-01-07 16:48:24,998][    INFO] Module: module.pretrained.blocks.10.attn.proj.weight, Trainable Parameters: 1048576
[2025-01-07 16:48:24,999][    INFO] Module: module.pretrained.blocks.10.attn.proj.bias, Trainable Parameters: 1024
[2025-01-07 16:48:24,999][    INFO] Module: module.pretrained.blocks.10.ls1.gamma, Trainable Parameters: 1024
[2025-01-07 16:48:24,999][    INFO] Module: module.pretrained.blocks.10.norm2.weight, Trainable Parameters: 1024
[2025-01-07 16:48:24,999][    INFO] Module: module.pretrained.blocks.10.norm2.bias, Trainable Parameters: 1024
[2025-01-07 16:48:24,999][    INFO] Module: module.pretrained.blocks.10.mlp.fc1.weight, Trainable Parameters: 4194304
[2025-01-07 16:48:24,999][    INFO] Module: module.pretrained.blocks.10.mlp.fc1.bias, Trainable Parameters: 4096
[2025-01-07 16:48:24,999][    INFO] Module: module.pretrained.blocks.10.mlp.fc2.weight, Trainable Parameters: 4194304
[2025-01-07 16:48:24,999][    INFO] Module: module.pretrained.blocks.10.mlp.fc2.bias, Trainable Parameters: 1024
[2025-01-07 16:48:24,999][    INFO] Module: module.pretrained.blocks.10.ls2.gamma, Trainable Parameters: 1024
[2025-01-07 16:48:24,999][    INFO] Module: module.pretrained.blocks.11.norm1.weight, Trainable Parameters: 1024
[2025-01-07 16:48:24,999][    INFO] Module: module.pretrained.blocks.11.norm1.bias, Trainable Parameters: 1024
[2025-01-07 16:48:24,999][    INFO] Module: module.pretrained.blocks.11.attn.qkv.weight, Trainable Parameters: 3145728
[2025-01-07 16:48:24,999][    INFO] Module: module.pretrained.blocks.11.attn.qkv.bias, Trainable Parameters: 3072
[2025-01-07 16:48:24,999][    INFO] Module: module.pretrained.blocks.11.attn.proj.weight, Trainable Parameters: 1048576
[2025-01-07 16:48:24,999][    INFO] Module: module.pretrained.blocks.11.attn.proj.bias, Trainable Parameters: 1024
[2025-01-07 16:48:24,999][    INFO] Module: module.pretrained.blocks.11.ls1.gamma, Trainable Parameters: 1024
[2025-01-07 16:48:24,999][    INFO] Module: module.pretrained.blocks.11.norm2.weight, Trainable Parameters: 1024
[2025-01-07 16:48:24,999][    INFO] Module: module.pretrained.blocks.11.norm2.bias, Trainable Parameters: 1024
[2025-01-07 16:48:24,999][    INFO] Module: module.pretrained.blocks.11.mlp.fc1.weight, Trainable Parameters: 4194304
[2025-01-07 16:48:24,999][    INFO] Module: module.pretrained.blocks.11.mlp.fc1.bias, Trainable Parameters: 4096
[2025-01-07 16:48:24,999][    INFO] Module: module.pretrained.blocks.11.mlp.fc2.weight, Trainable Parameters: 4194304
[2025-01-07 16:48:24,999][    INFO] Module: module.pretrained.blocks.11.mlp.fc2.bias, Trainable Parameters: 1024
[2025-01-07 16:48:24,999][    INFO] Module: module.pretrained.blocks.11.ls2.gamma, Trainable Parameters: 1024
[2025-01-07 16:48:24,999][    INFO] Module: module.pretrained.blocks.12.norm1.weight, Trainable Parameters: 1024
[2025-01-07 16:48:24,999][    INFO] Module: module.pretrained.blocks.12.norm1.bias, Trainable Parameters: 1024
[2025-01-07 16:48:24,999][    INFO] Module: module.pretrained.blocks.12.attn.qkv.weight, Trainable Parameters: 3145728
[2025-01-07 16:48:24,999][    INFO] Module: module.pretrained.blocks.12.attn.qkv.bias, Trainable Parameters: 3072
[2025-01-07 16:48:24,999][    INFO] Module: module.pretrained.blocks.12.attn.proj.weight, Trainable Parameters: 1048576
[2025-01-07 16:48:24,999][    INFO] Module: module.pretrained.blocks.12.attn.proj.bias, Trainable Parameters: 1024
[2025-01-07 16:48:24,999][    INFO] Module: module.pretrained.blocks.12.ls1.gamma, Trainable Parameters: 1024
[2025-01-07 16:48:24,999][    INFO] Module: module.pretrained.blocks.12.norm2.weight, Trainable Parameters: 1024
[2025-01-07 16:48:24,999][    INFO] Module: module.pretrained.blocks.12.norm2.bias, Trainable Parameters: 1024
[2025-01-07 16:48:24,999][    INFO] Module: module.pretrained.blocks.12.mlp.fc1.weight, Trainable Parameters: 4194304
[2025-01-07 16:48:24,999][    INFO] Module: module.pretrained.blocks.12.mlp.fc1.bias, Trainable Parameters: 4096
[2025-01-07 16:48:24,999][    INFO] Module: module.pretrained.blocks.12.mlp.fc2.weight, Trainable Parameters: 4194304
[2025-01-07 16:48:24,999][    INFO] Module: module.pretrained.blocks.12.mlp.fc2.bias, Trainable Parameters: 1024
[2025-01-07 16:48:24,999][    INFO] Module: module.pretrained.blocks.12.ls2.gamma, Trainable Parameters: 1024
[2025-01-07 16:48:24,999][    INFO] Module: module.pretrained.blocks.13.norm1.weight, Trainable Parameters: 1024
[2025-01-07 16:48:24,999][    INFO] Module: module.pretrained.blocks.13.norm1.bias, Trainable Parameters: 1024
[2025-01-07 16:48:25,000][    INFO] Module: module.pretrained.blocks.13.attn.qkv.weight, Trainable Parameters: 3145728
[2025-01-07 16:48:25,000][    INFO] Module: module.pretrained.blocks.13.attn.qkv.bias, Trainable Parameters: 3072
[2025-01-07 16:48:25,000][    INFO] Module: module.pretrained.blocks.13.attn.proj.weight, Trainable Parameters: 1048576
[2025-01-07 16:48:25,000][    INFO] Module: module.pretrained.blocks.13.attn.proj.bias, Trainable Parameters: 1024
[2025-01-07 16:48:25,000][    INFO] Module: module.pretrained.blocks.13.ls1.gamma, Trainable Parameters: 1024
[2025-01-07 16:48:25,000][    INFO] Module: module.pretrained.blocks.13.norm2.weight, Trainable Parameters: 1024
[2025-01-07 16:48:25,000][    INFO] Module: module.pretrained.blocks.13.norm2.bias, Trainable Parameters: 1024
[2025-01-07 16:48:25,000][    INFO] Module: module.pretrained.blocks.13.mlp.fc1.weight, Trainable Parameters: 4194304
[2025-01-07 16:48:25,000][    INFO] Module: module.pretrained.blocks.13.mlp.fc1.bias, Trainable Parameters: 4096
[2025-01-07 16:48:25,000][    INFO] Module: module.pretrained.blocks.13.mlp.fc2.weight, Trainable Parameters: 4194304
[2025-01-07 16:48:25,000][    INFO] Module: module.pretrained.blocks.13.mlp.fc2.bias, Trainable Parameters: 1024
[2025-01-07 16:48:25,000][    INFO] Module: module.pretrained.blocks.13.ls2.gamma, Trainable Parameters: 1024
[2025-01-07 16:48:25,000][    INFO] Module: module.pretrained.blocks.14.norm1.weight, Trainable Parameters: 1024
[2025-01-07 16:48:25,000][    INFO] Module: module.pretrained.blocks.14.norm1.bias, Trainable Parameters: 1024
[2025-01-07 16:48:25,000][    INFO] Module: module.pretrained.blocks.14.attn.qkv.weight, Trainable Parameters: 3145728
[2025-01-07 16:48:25,000][    INFO] Module: module.pretrained.blocks.14.attn.qkv.bias, Trainable Parameters: 3072
[2025-01-07 16:48:25,000][    INFO] Module: module.pretrained.blocks.14.attn.proj.weight, Trainable Parameters: 1048576
[2025-01-07 16:48:25,000][    INFO] Module: module.pretrained.blocks.14.attn.proj.bias, Trainable Parameters: 1024
[2025-01-07 16:48:25,000][    INFO] Module: module.pretrained.blocks.14.ls1.gamma, Trainable Parameters: 1024
[2025-01-07 16:48:25,000][    INFO] Module: module.pretrained.blocks.14.norm2.weight, Trainable Parameters: 1024
[2025-01-07 16:48:25,000][    INFO] Module: module.pretrained.blocks.14.norm2.bias, Trainable Parameters: 1024
[2025-01-07 16:48:25,000][    INFO] Module: module.pretrained.blocks.14.mlp.fc1.weight, Trainable Parameters: 4194304
[2025-01-07 16:48:25,000][    INFO] Module: module.pretrained.blocks.14.mlp.fc1.bias, Trainable Parameters: 4096
[2025-01-07 16:48:25,000][    INFO] Module: module.pretrained.blocks.14.mlp.fc2.weight, Trainable Parameters: 4194304
[2025-01-07 16:48:25,000][    INFO] Module: module.pretrained.blocks.14.mlp.fc2.bias, Trainable Parameters: 1024
[2025-01-07 16:48:25,000][    INFO] Module: module.pretrained.blocks.14.ls2.gamma, Trainable Parameters: 1024
[2025-01-07 16:48:25,000][    INFO] Module: module.pretrained.blocks.15.norm1.weight, Trainable Parameters: 1024
[2025-01-07 16:48:25,000][    INFO] Module: module.pretrained.blocks.15.norm1.bias, Trainable Parameters: 1024
[2025-01-07 16:48:25,000][    INFO] Module: module.pretrained.blocks.15.attn.qkv.weight, Trainable Parameters: 3145728
[2025-01-07 16:48:25,000][    INFO] Module: module.pretrained.blocks.15.attn.qkv.bias, Trainable Parameters: 3072
[2025-01-07 16:48:25,000][    INFO] Module: module.pretrained.blocks.15.attn.proj.weight, Trainable Parameters: 1048576
[2025-01-07 16:48:25,000][    INFO] Module: module.pretrained.blocks.15.attn.proj.bias, Trainable Parameters: 1024
[2025-01-07 16:48:25,000][    INFO] Module: module.pretrained.blocks.15.ls1.gamma, Trainable Parameters: 1024
[2025-01-07 16:48:25,000][    INFO] Module: module.pretrained.blocks.15.norm2.weight, Trainable Parameters: 1024
[2025-01-07 16:48:25,000][    INFO] Module: module.pretrained.blocks.15.norm2.bias, Trainable Parameters: 1024
[2025-01-07 16:48:25,000][    INFO] Module: module.pretrained.blocks.15.mlp.fc1.weight, Trainable Parameters: 4194304
[2025-01-07 16:48:25,000][    INFO] Module: module.pretrained.blocks.15.mlp.fc1.bias, Trainable Parameters: 4096
[2025-01-07 16:48:25,000][    INFO] Module: module.pretrained.blocks.15.mlp.fc2.weight, Trainable Parameters: 4194304
[2025-01-07 16:48:25,000][    INFO] Module: module.pretrained.blocks.15.mlp.fc2.bias, Trainable Parameters: 1024
[2025-01-07 16:48:25,000][    INFO] Module: module.pretrained.blocks.15.ls2.gamma, Trainable Parameters: 1024
[2025-01-07 16:48:25,001][    INFO] Module: module.pretrained.blocks.16.norm1.weight, Trainable Parameters: 1024
[2025-01-07 16:48:25,001][    INFO] Module: module.pretrained.blocks.16.norm1.bias, Trainable Parameters: 1024
[2025-01-07 16:48:25,001][    INFO] Module: module.pretrained.blocks.16.attn.qkv.weight, Trainable Parameters: 3145728
[2025-01-07 16:48:25,001][    INFO] Module: module.pretrained.blocks.16.attn.qkv.bias, Trainable Parameters: 3072
[2025-01-07 16:48:25,001][    INFO] Module: module.pretrained.blocks.16.attn.proj.weight, Trainable Parameters: 1048576
[2025-01-07 16:48:25,001][    INFO] Module: module.pretrained.blocks.16.attn.proj.bias, Trainable Parameters: 1024
[2025-01-07 16:48:25,001][    INFO] Module: module.pretrained.blocks.16.ls1.gamma, Trainable Parameters: 1024
[2025-01-07 16:48:25,001][    INFO] Module: module.pretrained.blocks.16.norm2.weight, Trainable Parameters: 1024
[2025-01-07 16:48:25,001][    INFO] Module: module.pretrained.blocks.16.norm2.bias, Trainable Parameters: 1024
[2025-01-07 16:48:25,001][    INFO] Module: module.pretrained.blocks.16.mlp.fc1.weight, Trainable Parameters: 4194304
[2025-01-07 16:48:25,001][    INFO] Module: module.pretrained.blocks.16.mlp.fc1.bias, Trainable Parameters: 4096
[2025-01-07 16:48:25,001][    INFO] Module: module.pretrained.blocks.16.mlp.fc2.weight, Trainable Parameters: 4194304
[2025-01-07 16:48:25,001][    INFO] Module: module.pretrained.blocks.16.mlp.fc2.bias, Trainable Parameters: 1024
[2025-01-07 16:48:25,001][    INFO] Module: module.pretrained.blocks.16.ls2.gamma, Trainable Parameters: 1024
[2025-01-07 16:48:25,001][    INFO] Module: module.pretrained.blocks.17.norm1.weight, Trainable Parameters: 1024
[2025-01-07 16:48:25,001][    INFO] Module: module.pretrained.blocks.17.norm1.bias, Trainable Parameters: 1024
[2025-01-07 16:48:25,001][    INFO] Module: module.pretrained.blocks.17.attn.qkv.weight, Trainable Parameters: 3145728
[2025-01-07 16:48:25,001][    INFO] Module: module.pretrained.blocks.17.attn.qkv.bias, Trainable Parameters: 3072
[2025-01-07 16:48:25,001][    INFO] Module: module.pretrained.blocks.17.attn.proj.weight, Trainable Parameters: 1048576
[2025-01-07 16:48:25,001][    INFO] Module: module.pretrained.blocks.17.attn.proj.bias, Trainable Parameters: 1024
[2025-01-07 16:48:25,001][    INFO] Module: module.pretrained.blocks.17.ls1.gamma, Trainable Parameters: 1024
[2025-01-07 16:48:25,001][    INFO] Module: module.pretrained.blocks.17.norm2.weight, Trainable Parameters: 1024
[2025-01-07 16:48:25,001][    INFO] Module: module.pretrained.blocks.17.norm2.bias, Trainable Parameters: 1024
[2025-01-07 16:48:25,001][    INFO] Module: module.pretrained.blocks.17.mlp.fc1.weight, Trainable Parameters: 4194304
[2025-01-07 16:48:25,001][    INFO] Module: module.pretrained.blocks.17.mlp.fc1.bias, Trainable Parameters: 4096
[2025-01-07 16:48:25,001][    INFO] Module: module.pretrained.blocks.17.mlp.fc2.weight, Trainable Parameters: 4194304
[2025-01-07 16:48:25,001][    INFO] Module: module.pretrained.blocks.17.mlp.fc2.bias, Trainable Parameters: 1024
[2025-01-07 16:48:25,001][    INFO] Module: module.pretrained.blocks.17.ls2.gamma, Trainable Parameters: 1024
[2025-01-07 16:48:25,001][    INFO] Module: module.pretrained.blocks.18.norm1.weight, Trainable Parameters: 1024
[2025-01-07 16:48:25,001][    INFO] Module: module.pretrained.blocks.18.norm1.bias, Trainable Parameters: 1024
[2025-01-07 16:48:25,001][    INFO] Module: module.pretrained.blocks.18.attn.qkv.weight, Trainable Parameters: 3145728
[2025-01-07 16:48:25,001][    INFO] Module: module.pretrained.blocks.18.attn.qkv.bias, Trainable Parameters: 3072
[2025-01-07 16:48:25,001][    INFO] Module: module.pretrained.blocks.18.attn.proj.weight, Trainable Parameters: 1048576
[2025-01-07 16:48:25,001][    INFO] Module: module.pretrained.blocks.18.attn.proj.bias, Trainable Parameters: 1024
[2025-01-07 16:48:25,001][    INFO] Module: module.pretrained.blocks.18.ls1.gamma, Trainable Parameters: 1024
[2025-01-07 16:48:25,001][    INFO] Module: module.pretrained.blocks.18.norm2.weight, Trainable Parameters: 1024
[2025-01-07 16:48:25,001][    INFO] Module: module.pretrained.blocks.18.norm2.bias, Trainable Parameters: 1024
[2025-01-07 16:48:25,001][    INFO] Module: module.pretrained.blocks.18.mlp.fc1.weight, Trainable Parameters: 4194304
[2025-01-07 16:48:25,001][    INFO] Module: module.pretrained.blocks.18.mlp.fc1.bias, Trainable Parameters: 4096
[2025-01-07 16:48:25,002][    INFO] Module: module.pretrained.blocks.18.mlp.fc2.weight, Trainable Parameters: 4194304
[2025-01-07 16:48:25,002][    INFO] Module: module.pretrained.blocks.18.mlp.fc2.bias, Trainable Parameters: 1024
[2025-01-07 16:48:25,002][    INFO] Module: module.pretrained.blocks.18.ls2.gamma, Trainable Parameters: 1024
[2025-01-07 16:48:25,002][    INFO] Module: module.pretrained.blocks.19.norm1.weight, Trainable Parameters: 1024
[2025-01-07 16:48:25,002][    INFO] Module: module.pretrained.blocks.19.norm1.bias, Trainable Parameters: 1024
[2025-01-07 16:48:25,002][    INFO] Module: module.pretrained.blocks.19.attn.qkv.weight, Trainable Parameters: 3145728
[2025-01-07 16:48:25,002][    INFO] Module: module.pretrained.blocks.19.attn.qkv.bias, Trainable Parameters: 3072
[2025-01-07 16:48:25,002][    INFO] Module: module.pretrained.blocks.19.attn.proj.weight, Trainable Parameters: 1048576
[2025-01-07 16:48:25,002][    INFO] Module: module.pretrained.blocks.19.attn.proj.bias, Trainable Parameters: 1024
[2025-01-07 16:48:25,002][    INFO] Module: module.pretrained.blocks.19.ls1.gamma, Trainable Parameters: 1024
[2025-01-07 16:48:25,002][    INFO] Module: module.pretrained.blocks.19.norm2.weight, Trainable Parameters: 1024
[2025-01-07 16:48:25,002][    INFO] Module: module.pretrained.blocks.19.norm2.bias, Trainable Parameters: 1024
[2025-01-07 16:48:25,002][    INFO] Module: module.pretrained.blocks.19.mlp.fc1.weight, Trainable Parameters: 4194304
[2025-01-07 16:48:25,002][    INFO] Module: module.pretrained.blocks.19.mlp.fc1.bias, Trainable Parameters: 4096
[2025-01-07 16:48:25,002][    INFO] Module: module.pretrained.blocks.19.mlp.fc2.weight, Trainable Parameters: 4194304
[2025-01-07 16:48:25,002][    INFO] Module: module.pretrained.blocks.19.mlp.fc2.bias, Trainable Parameters: 1024
[2025-01-07 16:48:25,002][    INFO] Module: module.pretrained.blocks.19.ls2.gamma, Trainable Parameters: 1024
[2025-01-07 16:48:25,002][    INFO] Module: module.pretrained.blocks.20.norm1.weight, Trainable Parameters: 1024
[2025-01-07 16:48:25,002][    INFO] Module: module.pretrained.blocks.20.norm1.bias, Trainable Parameters: 1024
[2025-01-07 16:48:25,002][    INFO] Module: module.pretrained.blocks.20.attn.qkv.weight, Trainable Parameters: 3145728
[2025-01-07 16:48:25,002][    INFO] Module: module.pretrained.blocks.20.attn.qkv.bias, Trainable Parameters: 3072
[2025-01-07 16:48:25,002][    INFO] Module: module.pretrained.blocks.20.attn.proj.weight, Trainable Parameters: 1048576
[2025-01-07 16:48:25,002][    INFO] Module: module.pretrained.blocks.20.attn.proj.bias, Trainable Parameters: 1024
[2025-01-07 16:48:25,002][    INFO] Module: module.pretrained.blocks.20.ls1.gamma, Trainable Parameters: 1024
[2025-01-07 16:48:25,002][    INFO] Module: module.pretrained.blocks.20.norm2.weight, Trainable Parameters: 1024
[2025-01-07 16:48:25,002][    INFO] Module: module.pretrained.blocks.20.norm2.bias, Trainable Parameters: 1024
[2025-01-07 16:48:25,002][    INFO] Module: module.pretrained.blocks.20.mlp.fc1.weight, Trainable Parameters: 4194304
[2025-01-07 16:48:25,002][    INFO] Module: module.pretrained.blocks.20.mlp.fc1.bias, Trainable Parameters: 4096
[2025-01-07 16:48:25,002][    INFO] Module: module.pretrained.blocks.20.mlp.fc2.weight, Trainable Parameters: 4194304
[2025-01-07 16:48:25,002][    INFO] Module: module.pretrained.blocks.20.mlp.fc2.bias, Trainable Parameters: 1024
[2025-01-07 16:48:25,002][    INFO] Module: module.pretrained.blocks.20.ls2.gamma, Trainable Parameters: 1024
[2025-01-07 16:48:25,002][    INFO] Module: module.pretrained.blocks.21.norm1.weight, Trainable Parameters: 1024
[2025-01-07 16:48:25,002][    INFO] Module: module.pretrained.blocks.21.norm1.bias, Trainable Parameters: 1024
[2025-01-07 16:48:25,002][    INFO] Module: module.pretrained.blocks.21.attn.qkv.weight, Trainable Parameters: 3145728
[2025-01-07 16:48:25,002][    INFO] Module: module.pretrained.blocks.21.attn.qkv.bias, Trainable Parameters: 3072
[2025-01-07 16:48:25,002][    INFO] Module: module.pretrained.blocks.21.attn.proj.weight, Trainable Parameters: 1048576
[2025-01-07 16:48:25,002][    INFO] Module: module.pretrained.blocks.21.attn.proj.bias, Trainable Parameters: 1024
[2025-01-07 16:48:25,002][    INFO] Module: module.pretrained.blocks.21.ls1.gamma, Trainable Parameters: 1024
[2025-01-07 16:48:25,002][    INFO] Module: module.pretrained.blocks.21.norm2.weight, Trainable Parameters: 1024
[2025-01-07 16:48:25,002][    INFO] Module: module.pretrained.blocks.21.norm2.bias, Trainable Parameters: 1024
[2025-01-07 16:48:25,003][    INFO] Module: module.pretrained.blocks.21.mlp.fc1.weight, Trainable Parameters: 4194304
[2025-01-07 16:48:25,003][    INFO] Module: module.pretrained.blocks.21.mlp.fc1.bias, Trainable Parameters: 4096
[2025-01-07 16:48:25,003][    INFO] Module: module.pretrained.blocks.21.mlp.fc2.weight, Trainable Parameters: 4194304
[2025-01-07 16:48:25,003][    INFO] Module: module.pretrained.blocks.21.mlp.fc2.bias, Trainable Parameters: 1024
[2025-01-07 16:48:25,003][    INFO] Module: module.pretrained.blocks.21.ls2.gamma, Trainable Parameters: 1024
[2025-01-07 16:48:25,003][    INFO] Module: module.pretrained.blocks.22.norm1.weight, Trainable Parameters: 1024
[2025-01-07 16:48:25,003][    INFO] Module: module.pretrained.blocks.22.norm1.bias, Trainable Parameters: 1024
[2025-01-07 16:48:25,003][    INFO] Module: module.pretrained.blocks.22.attn.qkv.weight, Trainable Parameters: 3145728
[2025-01-07 16:48:25,003][    INFO] Module: module.pretrained.blocks.22.attn.qkv.bias, Trainable Parameters: 3072
[2025-01-07 16:48:25,003][    INFO] Module: module.pretrained.blocks.22.attn.proj.weight, Trainable Parameters: 1048576
[2025-01-07 16:48:25,003][    INFO] Module: module.pretrained.blocks.22.attn.proj.bias, Trainable Parameters: 1024
[2025-01-07 16:48:25,003][    INFO] Module: module.pretrained.blocks.22.ls1.gamma, Trainable Parameters: 1024
[2025-01-07 16:48:25,003][    INFO] Module: module.pretrained.blocks.22.norm2.weight, Trainable Parameters: 1024
[2025-01-07 16:48:25,003][    INFO] Module: module.pretrained.blocks.22.norm2.bias, Trainable Parameters: 1024
[2025-01-07 16:48:25,003][    INFO] Module: module.pretrained.blocks.22.mlp.fc1.weight, Trainable Parameters: 4194304
[2025-01-07 16:48:25,003][    INFO] Module: module.pretrained.blocks.22.mlp.fc1.bias, Trainable Parameters: 4096
[2025-01-07 16:48:25,003][    INFO] Module: module.pretrained.blocks.22.mlp.fc2.weight, Trainable Parameters: 4194304
[2025-01-07 16:48:25,003][    INFO] Module: module.pretrained.blocks.22.mlp.fc2.bias, Trainable Parameters: 1024
[2025-01-07 16:48:25,003][    INFO] Module: module.pretrained.blocks.22.ls2.gamma, Trainable Parameters: 1024
[2025-01-07 16:48:25,003][    INFO] Module: module.pretrained.blocks.23.norm1.weight, Trainable Parameters: 1024
[2025-01-07 16:48:25,003][    INFO] Module: module.pretrained.blocks.23.norm1.bias, Trainable Parameters: 1024
[2025-01-07 16:48:25,003][    INFO] Module: module.pretrained.blocks.23.attn.qkv.weight, Trainable Parameters: 3145728
[2025-01-07 16:48:25,003][    INFO] Module: module.pretrained.blocks.23.attn.qkv.bias, Trainable Parameters: 3072
[2025-01-07 16:48:25,003][    INFO] Module: module.pretrained.blocks.23.attn.proj.weight, Trainable Parameters: 1048576
[2025-01-07 16:48:25,003][    INFO] Module: module.pretrained.blocks.23.attn.proj.bias, Trainable Parameters: 1024
[2025-01-07 16:48:25,003][    INFO] Module: module.pretrained.blocks.23.ls1.gamma, Trainable Parameters: 1024
[2025-01-07 16:48:25,003][    INFO] Module: module.pretrained.blocks.23.norm2.weight, Trainable Parameters: 1024
[2025-01-07 16:48:25,003][    INFO] Module: module.pretrained.blocks.23.norm2.bias, Trainable Parameters: 1024
[2025-01-07 16:48:25,003][    INFO] Module: module.pretrained.blocks.23.mlp.fc1.weight, Trainable Parameters: 4194304
[2025-01-07 16:48:25,003][    INFO] Module: module.pretrained.blocks.23.mlp.fc1.bias, Trainable Parameters: 4096
[2025-01-07 16:48:25,003][    INFO] Module: module.pretrained.blocks.23.mlp.fc2.weight, Trainable Parameters: 4194304
[2025-01-07 16:48:25,003][    INFO] Module: module.pretrained.blocks.23.mlp.fc2.bias, Trainable Parameters: 1024
[2025-01-07 16:48:25,003][    INFO] Module: module.pretrained.blocks.23.ls2.gamma, Trainable Parameters: 1024
[2025-01-07 16:48:25,003][    INFO] Module: module.pretrained.norm.weight, Trainable Parameters: 1024
[2025-01-07 16:48:25,003][    INFO] Module: module.pretrained.norm.bias, Trainable Parameters: 1024
[2025-01-07 16:48:25,003][    INFO] Module: module.depth_head.projects.0.weight, Trainable Parameters: 262144
[2025-01-07 16:48:25,003][    INFO] Module: module.depth_head.projects.0.bias, Trainable Parameters: 256
[2025-01-07 16:48:25,003][    INFO] Module: module.depth_head.projects.1.weight, Trainable Parameters: 524288
[2025-01-07 16:48:25,004][    INFO] Module: module.depth_head.projects.1.bias, Trainable Parameters: 512
[2025-01-07 16:48:25,004][    INFO] Module: module.depth_head.projects.2.weight, Trainable Parameters: 1048576
[2025-01-07 16:48:25,004][    INFO] Module: module.depth_head.projects.2.bias, Trainable Parameters: 1024
[2025-01-07 16:48:25,004][    INFO] Module: module.depth_head.projects.3.weight, Trainable Parameters: 1048576
[2025-01-07 16:48:25,004][    INFO] Module: module.depth_head.projects.3.bias, Trainable Parameters: 1024
[2025-01-07 16:48:25,004][    INFO] Module: module.depth_head.resize_layers.0.weight, Trainable Parameters: 1048576
[2025-01-07 16:48:25,004][    INFO] Module: module.depth_head.resize_layers.0.bias, Trainable Parameters: 256
[2025-01-07 16:48:25,004][    INFO] Module: module.depth_head.resize_layers.1.weight, Trainable Parameters: 1048576
[2025-01-07 16:48:25,004][    INFO] Module: module.depth_head.resize_layers.1.bias, Trainable Parameters: 512
[2025-01-07 16:48:25,004][    INFO] Module: module.depth_head.resize_layers.3.weight, Trainable Parameters: 9437184
[2025-01-07 16:48:25,004][    INFO] Module: module.depth_head.resize_layers.3.bias, Trainable Parameters: 1024
[2025-01-07 16:48:25,004][    INFO] Module: module.depth_head.scratch.layer1_rn.weight, Trainable Parameters: 589824
[2025-01-07 16:48:25,004][    INFO] Module: module.depth_head.scratch.layer2_rn.weight, Trainable Parameters: 1179648
[2025-01-07 16:48:25,004][    INFO] Module: module.depth_head.scratch.layer3_rn.weight, Trainable Parameters: 2359296
[2025-01-07 16:48:25,004][    INFO] Module: module.depth_head.scratch.layer4_rn.weight, Trainable Parameters: 2359296
[2025-01-07 16:48:25,004][    INFO] Module: module.depth_head.scratch.refinenet1.out_conv.weight, Trainable Parameters: 65536
[2025-01-07 16:48:25,004][    INFO] Module: module.depth_head.scratch.refinenet1.out_conv.bias, Trainable Parameters: 256
[2025-01-07 16:48:25,004][    INFO] Module: module.depth_head.scratch.refinenet1.resConfUnit1.conv1.weight, Trainable Parameters: 589824
[2025-01-07 16:48:25,004][    INFO] Module: module.depth_head.scratch.refinenet1.resConfUnit1.conv1.bias, Trainable Parameters: 256
[2025-01-07 16:48:25,004][    INFO] Module: module.depth_head.scratch.refinenet1.resConfUnit1.conv2.weight, Trainable Parameters: 589824
[2025-01-07 16:48:25,004][    INFO] Module: module.depth_head.scratch.refinenet1.resConfUnit1.conv2.bias, Trainable Parameters: 256
[2025-01-07 16:48:25,004][    INFO] Module: module.depth_head.scratch.refinenet1.resConfUnit2.conv1.weight, Trainable Parameters: 589824
[2025-01-07 16:48:25,004][    INFO] Module: module.depth_head.scratch.refinenet1.resConfUnit2.conv1.bias, Trainable Parameters: 256
[2025-01-07 16:48:25,004][    INFO] Module: module.depth_head.scratch.refinenet1.resConfUnit2.conv2.weight, Trainable Parameters: 589824
[2025-01-07 16:48:25,004][    INFO] Module: module.depth_head.scratch.refinenet1.resConfUnit2.conv2.bias, Trainable Parameters: 256
[2025-01-07 16:48:25,004][    INFO] Module: module.depth_head.scratch.refinenet2.out_conv.weight, Trainable Parameters: 65536
[2025-01-07 16:48:25,004][    INFO] Module: module.depth_head.scratch.refinenet2.out_conv.bias, Trainable Parameters: 256
[2025-01-07 16:48:25,004][    INFO] Module: module.depth_head.scratch.refinenet2.resConfUnit1.conv1.weight, Trainable Parameters: 589824
[2025-01-07 16:48:25,004][    INFO] Module: module.depth_head.scratch.refinenet2.resConfUnit1.conv1.bias, Trainable Parameters: 256
[2025-01-07 16:48:25,004][    INFO] Module: module.depth_head.scratch.refinenet2.resConfUnit1.conv2.weight, Trainable Parameters: 589824
[2025-01-07 16:48:25,004][    INFO] Module: module.depth_head.scratch.refinenet2.resConfUnit1.conv2.bias, Trainable Parameters: 256
[2025-01-07 16:48:25,004][    INFO] Module: module.depth_head.scratch.refinenet2.resConfUnit2.conv1.weight, Trainable Parameters: 589824
[2025-01-07 16:48:25,004][    INFO] Module: module.depth_head.scratch.refinenet2.resConfUnit2.conv1.bias, Trainable Parameters: 256
[2025-01-07 16:48:25,004][    INFO] Module: module.depth_head.scratch.refinenet2.resConfUnit2.conv2.weight, Trainable Parameters: 589824
[2025-01-07 16:48:25,004][    INFO] Module: module.depth_head.scratch.refinenet2.resConfUnit2.conv2.bias, Trainable Parameters: 256
[2025-01-07 16:48:25,004][    INFO] Module: module.depth_head.scratch.refinenet3.out_conv.weight, Trainable Parameters: 65536
[2025-01-07 16:48:25,004][    INFO] Module: module.depth_head.scratch.refinenet3.out_conv.bias, Trainable Parameters: 256
[2025-01-07 16:48:25,004][    INFO] Module: module.depth_head.scratch.refinenet3.resConfUnit1.conv1.weight, Trainable Parameters: 589824
[2025-01-07 16:48:25,004][    INFO] Module: module.depth_head.scratch.refinenet3.resConfUnit1.conv1.bias, Trainable Parameters: 256
[2025-01-07 16:48:25,005][    INFO] Module: module.depth_head.scratch.refinenet3.resConfUnit1.conv2.weight, Trainable Parameters: 589824
[2025-01-07 16:48:25,005][    INFO] Module: module.depth_head.scratch.refinenet3.resConfUnit1.conv2.bias, Trainable Parameters: 256
[2025-01-07 16:48:25,005][    INFO] Module: module.depth_head.scratch.refinenet3.resConfUnit2.conv1.weight, Trainable Parameters: 589824
[2025-01-07 16:48:25,005][    INFO] Module: module.depth_head.scratch.refinenet3.resConfUnit2.conv1.bias, Trainable Parameters: 256
[2025-01-07 16:48:25,005][    INFO] Module: module.depth_head.scratch.refinenet3.resConfUnit2.conv2.weight, Trainable Parameters: 589824
[2025-01-07 16:48:25,005][    INFO] Module: module.depth_head.scratch.refinenet3.resConfUnit2.conv2.bias, Trainable Parameters: 256
[2025-01-07 16:48:25,005][    INFO] Module: module.depth_head.scratch.refinenet4.out_conv.weight, Trainable Parameters: 65536
[2025-01-07 16:48:25,005][    INFO] Module: module.depth_head.scratch.refinenet4.out_conv.bias, Trainable Parameters: 256
[2025-01-07 16:48:25,005][    INFO] Module: module.depth_head.scratch.refinenet4.resConfUnit1.conv1.weight, Trainable Parameters: 589824
[2025-01-07 16:48:25,005][    INFO] Module: module.depth_head.scratch.refinenet4.resConfUnit1.conv1.bias, Trainable Parameters: 256
[2025-01-07 16:48:25,005][    INFO] Module: module.depth_head.scratch.refinenet4.resConfUnit1.conv2.weight, Trainable Parameters: 589824
[2025-01-07 16:48:25,005][    INFO] Module: module.depth_head.scratch.refinenet4.resConfUnit1.conv2.bias, Trainable Parameters: 256
[2025-01-07 16:48:25,005][    INFO] Module: module.depth_head.scratch.refinenet4.resConfUnit2.conv1.weight, Trainable Parameters: 589824
[2025-01-07 16:48:25,005][    INFO] Module: module.depth_head.scratch.refinenet4.resConfUnit2.conv1.bias, Trainable Parameters: 256
[2025-01-07 16:48:25,005][    INFO] Module: module.depth_head.scratch.refinenet4.resConfUnit2.conv2.weight, Trainable Parameters: 589824
[2025-01-07 16:48:25,005][    INFO] Module: module.depth_head.scratch.refinenet4.resConfUnit2.conv2.bias, Trainable Parameters: 256
[2025-01-07 16:48:25,005][    INFO] Module: module.depth_head.scratch.output_conv1.weight, Trainable Parameters: 294912
[2025-01-07 16:48:25,005][    INFO] Module: module.depth_head.scratch.output_conv1.bias, Trainable Parameters: 128
[2025-01-07 16:48:25,005][    INFO] Module: module.depth_head.scratch.output_conv2.0.weight, Trainable Parameters: 36864
[2025-01-07 16:48:25,005][    INFO] Module: module.depth_head.scratch.output_conv2.0.bias, Trainable Parameters: 32
[2025-01-07 16:48:25,005][    INFO] Module: module.depth_head.scratch.output_conv2.2.weight, Trainable Parameters: 32
[2025-01-07 16:48:25,005][    INFO] Module: module.depth_head.scratch.output_conv2.2.bias, Trainable Parameters: 1
[2025-01-07 16:48:25,006][    INFO] Total Trainable Parameters: 335315649
[2025-01-07 16:48:28,249][    INFO] ==========================================================================================
[2025-01-07 16:48:28,250][    INFO]       d1,       d2,       d3,  abs_rel,   sq_rel,     rmse, rmse_log,    log10,    silog
[2025-01-07 16:48:28,251][    INFO]    0.042,    0.091,    0.143,    6.528,  292.694,   39.187,    1.890,    0.739,    1.462
[2025-01-07 16:48:28,251][    INFO] ==========================================================================================

[2025-01-07 16:48:28,252][    INFO] ===========> Epoch: 0/10, d1: 0.000, d2: 0.000, d3: 0.000
[2025-01-07 16:48:28,252][    INFO] ===========> Epoch: 0/10, abs_rel: 100.000, sq_rel: 100.000, rmse: 100.000, rmse_log: 100.000, log10: 100.000, silog: 100.000
/data/miniconda/envs/torch/lib/python3.10/site-packages/torch/autograd/graph.py:744: UserWarning: Grad strides do not match bucket view strides. This may indicate grad was not created according to the gradient layout contract, or that the param's strides changed since DDP was constructed.  This is not an error, but may impair performance.
grad.sizes() = [1, 32, 1, 1], strides() = [32, 1, 32, 32]
bucket_view.sizes() = [1, 32, 1, 1], strides() = [32, 1, 1, 1] (Triggered internally at ../torch/csrc/distributed/c10d/reducer.cpp:325.)
  return Variable._execution_engine.run_backward(  # Calls into the C++ engine to run the backward pass
/data/miniconda/envs/torch/lib/python3.10/site-packages/torch/autograd/graph.py:744: UserWarning: Grad strides do not match bucket view strides. This may indicate grad was not created according to the gradient layout contract, or that the param's strides changed since DDP was constructed.  This is not an error, but may impair performance.
grad.sizes() = [1, 32, 1, 1], strides() = [32, 1, 32, 32]
bucket_view.sizes() = [1, 32, 1, 1], strides() = [32, 1, 1, 1] (Triggered internally at ../torch/csrc/distributed/c10d/reducer.cpp:325.)
  return Variable._execution_engine.run_backward(  # Calls into the C++ engine to run the backward pass
[2025-01-07 16:48:31,888][    INFO] Iter: 0/667, LR: 0.0000050, Loss: 1.424
[2025-01-07 16:49:33,754][    INFO] Iter: 100/667, LR: 0.0000049, Loss: 0.386
[2025-01-07 16:50:30,983][    INFO] Iter: 200/667, LR: 0.0000049, Loss: 0.403
[2025-01-07 16:51:28,416][    INFO] Iter: 300/667, LR: 0.0000048, Loss: 0.408
[2025-01-07 16:52:25,765][    INFO] Iter: 400/667, LR: 0.0000047, Loss: 0.379
[2025-01-07 16:53:22,965][    INFO] Iter: 500/667, LR: 0.0000047, Loss: 0.338
[2025-01-07 16:54:20,137][    INFO] Iter: 600/667, LR: 0.0000046, Loss: 0.328
[2025-01-07 16:54:59,931][    INFO] ==========================================================================================
[2025-01-07 16:54:59,931][    INFO]       d1,       d2,       d3,  abs_rel,   sq_rel,     rmse, rmse_log,    log10,    silog
[2025-01-07 16:54:59,932][    INFO]    0.433,    0.678,    0.814,    0.580,    6.277,    8.362,    0.520,    0.169,    0.473
[2025-01-07 16:54:59,932][    INFO] ==========================================================================================

[2025-01-07 16:55:11,912][    INFO] ===========> Epoch: 1/10, d1: 0.433, d2: 0.678, d3: 0.814
[2025-01-07 16:55:11,913][    INFO] ===========> Epoch: 1/10, abs_rel: 0.580, sq_rel: 6.277, rmse: 8.362, rmse_log: 0.520, log10: 0.169, silog: 0.473
[2025-01-07 16:55:13,008][    INFO] Iter: 0/667, LR: 0.0000045, Loss: 0.349
[2025-01-07 16:56:10,255][    INFO] Iter: 100/667, LR: 0.0000045, Loss: 0.321
[2025-01-07 16:57:07,498][    INFO] Iter: 200/667, LR: 0.0000044, Loss: 0.269
[2025-01-07 16:58:04,713][    INFO] Iter: 300/667, LR: 0.0000043, Loss: 0.297
[2025-01-07 16:59:01,928][    INFO] Iter: 400/667, LR: 0.0000043, Loss: 0.328
[2025-01-07 16:59:59,335][    INFO] Iter: 500/667, LR: 0.0000042, Loss: 0.290
[2025-01-07 17:00:56,547][    INFO] Iter: 600/667, LR: 0.0000041, Loss: 0.323
[2025-01-07 17:01:36,445][    INFO] ==========================================================================================
[2025-01-07 17:01:36,445][    INFO]       d1,       d2,       d3,  abs_rel,   sq_rel,     rmse, rmse_log,    log10,    silog
[2025-01-07 17:01:36,446][    INFO]    0.524,    0.737,    0.869,    0.400,    3.496,    7.774,    0.435,    0.137,    0.418
[2025-01-07 17:01:36,446][    INFO] ==========================================================================================

[2025-01-07 17:01:48,396][    INFO] ===========> Epoch: 2/10, d1: 0.524, d2: 0.737, d3: 0.869
[2025-01-07 17:01:48,396][    INFO] ===========> Epoch: 2/10, abs_rel: 0.400, sq_rel: 3.496, rmse: 7.774, rmse_log: 0.435, log10: 0.137, silog: 0.418
[2025-01-07 17:01:49,408][    INFO] Iter: 0/667, LR: 0.0000041, Loss: 0.302
[2025-01-07 17:02:46,662][    INFO] Iter: 100/667, LR: 0.0000040, Loss: 0.323
[2025-01-07 17:03:43,938][    INFO] Iter: 200/667, LR: 0.0000040, Loss: 0.323
[2025-01-07 17:04:41,006][    INFO] Iter: 300/667, LR: 0.0000039, Loss: 0.313
[2025-01-07 17:05:38,114][    INFO] Iter: 400/667, LR: 0.0000038, Loss: 0.390
[2025-01-07 17:06:35,204][    INFO] Iter: 500/667, LR: 0.0000037, Loss: 0.296
[2025-01-07 17:07:32,514][    INFO] Iter: 600/667, LR: 0.0000037, Loss: 0.347
[2025-01-07 17:08:17,291][    INFO] ==========================================================================================
[2025-01-07 17:08:17,292][    INFO]       d1,       d2,       d3,  abs_rel,   sq_rel,     rmse, rmse_log,    log10,    silog
[2025-01-07 17:08:17,293][    INFO]    0.497,    0.735,    0.865,    0.417,    3.577,    7.765,    0.442,    0.142,    0.421
[2025-01-07 17:08:17,293][    INFO] ==========================================================================================

[2025-01-07 17:08:25,429][    INFO] ===========> Epoch: 3/10, d1: 0.524, d2: 0.737, d3: 0.869
[2025-01-07 17:08:25,430][    INFO] ===========> Epoch: 3/10, abs_rel: 0.400, sq_rel: 3.496, rmse: 7.765, rmse_log: 0.435, log10: 0.137, silog: 0.418
[2025-01-07 17:08:26,459][    INFO] Iter: 0/667, LR: 0.0000036, Loss: 0.379
[2025-01-07 17:09:23,572][    INFO] Iter: 100/667, LR: 0.0000036, Loss: 0.295
[2025-01-07 17:10:20,706][    INFO] Iter: 200/667, LR: 0.0000035, Loss: 0.275
[2025-01-07 17:11:18,053][    INFO] Iter: 300/667, LR: 0.0000034, Loss: 0.272
[2025-01-07 17:12:15,299][    INFO] Iter: 400/667, LR: 0.0000033, Loss: 0.360
[2025-01-07 17:13:12,597][    INFO] Iter: 500/667, LR: 0.0000033, Loss: 0.305
[2025-01-07 17:14:09,843][    INFO] Iter: 600/667, LR: 0.0000032, Loss: 0.278
[2025-01-07 17:14:49,678][    INFO] ==========================================================================================
[2025-01-07 17:14:49,679][    INFO]       d1,       d2,       d3,  abs_rel,   sq_rel,     rmse, rmse_log,    log10,    silog
[2025-01-07 17:14:49,680][    INFO]    0.499,    0.729,    0.854,    0.457,    4.363,    7.785,    0.460,    0.145,    0.432
[2025-01-07 17:14:49,680][    INFO] ==========================================================================================

[2025-01-07 17:14:55,022][    INFO] ===========> Epoch: 4/10, d1: 0.524, d2: 0.737, d3: 0.869
[2025-01-07 17:14:55,023][    INFO] ===========> Epoch: 4/10, abs_rel: 0.400, sq_rel: 3.496, rmse: 7.765, rmse_log: 0.435, log10: 0.137, silog: 0.418
[2025-01-07 17:14:56,066][    INFO] Iter: 0/667, LR: 0.0000032, Loss: 0.322
[2025-01-07 17:15:53,460][    INFO] Iter: 100/667, LR: 0.0000031, Loss: 0.329
[2025-01-07 17:16:50,554][    INFO] Iter: 200/667, LR: 0.0000030, Loss: 0.299
[2025-01-07 17:17:47,959][    INFO] Iter: 300/667, LR: 0.0000029, Loss: 0.301
[2025-01-07 17:18:45,170][    INFO] Iter: 400/667, LR: 0.0000029, Loss: 0.279
[2025-01-07 17:19:42,538][    INFO] Iter: 500/667, LR: 0.0000028, Loss: 0.335
[2025-01-07 17:20:39,803][    INFO] Iter: 600/667, LR: 0.0000027, Loss: 0.292
[2025-01-07 17:21:19,665][    INFO] ==========================================================================================
[2025-01-07 17:21:19,666][    INFO]       d1,       d2,       d3,  abs_rel,   sq_rel,     rmse, rmse_log,    log10,    silog
[2025-01-07 17:21:19,666][    INFO]    0.548,    0.748,    0.874,    0.376,    3.489,    7.867,    0.430,    0.133,    0.416
[2025-01-07 17:21:19,666][    INFO] ==========================================================================================

[2025-01-07 17:21:29,953][    INFO] ===========> Epoch: 5/10, d1: 0.548, d2: 0.748, d3: 0.874
[2025-01-07 17:21:29,953][    INFO] ===========> Epoch: 5/10, abs_rel: 0.376, sq_rel: 3.489, rmse: 7.765, rmse_log: 0.430, log10: 0.133, silog: 0.416
[2025-01-07 17:21:30,999][    INFO] Iter: 0/667, LR: 0.0000027, Loss: 0.328
[2025-01-07 17:22:28,246][    INFO] Iter: 100/667, LR: 0.0000026, Loss: 0.244
[2025-01-07 17:23:25,577][    INFO] Iter: 200/667, LR: 0.0000025, Loss: 0.332
[2025-01-07 17:24:23,008][    INFO] Iter: 300/667, LR: 0.0000025, Loss: 0.311
[2025-01-07 17:25:20,247][    INFO] Iter: 400/667, LR: 0.0000024, Loss: 0.255
[2025-01-07 17:26:17,390][    INFO] Iter: 500/667, LR: 0.0000023, Loss: 0.274
[2025-01-07 17:27:14,649][    INFO] Iter: 600/667, LR: 0.0000022, Loss: 0.281
[2025-01-07 17:27:59,877][    INFO] ==========================================================================================
[2025-01-07 17:27:59,877][    INFO]       d1,       d2,       d3,  abs_rel,   sq_rel,     rmse, rmse_log,    log10,    silog
[2025-01-07 17:27:59,878][    INFO]    0.542,    0.753,    0.879,    0.366,    3.332,    7.808,    0.425,    0.133,    0.413
[2025-01-07 17:27:59,878][    INFO] ==========================================================================================

[2025-01-07 17:28:08,473][    INFO] ===========> Epoch: 6/10, d1: 0.548, d2: 0.753, d3: 0.879
[2025-01-07 17:28:08,474][    INFO] ===========> Epoch: 6/10, abs_rel: 0.366, sq_rel: 3.332, rmse: 7.765, rmse_log: 0.425, log10: 0.133, silog: 0.413
[2025-01-07 17:28:09,541][    INFO] Iter: 0/667, LR: 0.0000022, Loss: 0.272
[2025-01-07 17:29:06,955][    INFO] Iter: 100/667, LR: 0.0000021, Loss: 0.319
[2025-01-07 17:30:04,305][    INFO] Iter: 200/667, LR: 0.0000020, Loss: 0.288
[2025-01-07 17:31:01,579][    INFO] Iter: 300/667, LR: 0.0000020, Loss: 0.286
[2025-01-07 17:31:58,754][    INFO] Iter: 400/667, LR: 0.0000019, Loss: 0.310
[2025-01-07 17:32:56,176][    INFO] Iter: 500/667, LR: 0.0000018, Loss: 0.249
[2025-01-07 17:33:53,476][    INFO] Iter: 600/667, LR: 0.0000017, Loss: 0.297
[2025-01-07 17:34:33,413][    INFO] ==========================================================================================
[2025-01-07 17:34:33,413][    INFO]       d1,       d2,       d3,  abs_rel,   sq_rel,     rmse, rmse_log,    log10,    silog
[2025-01-07 17:34:33,414][    INFO]    0.528,    0.754,    0.874,    0.396,    3.852,    7.778,    0.435,    0.136,    0.419
[2025-01-07 17:34:33,414][    INFO] ==========================================================================================

[2025-01-07 17:34:38,658][    INFO] ===========> Epoch: 7/10, d1: 0.548, d2: 0.754, d3: 0.879
[2025-01-07 17:34:38,658][    INFO] ===========> Epoch: 7/10, abs_rel: 0.366, sq_rel: 3.332, rmse: 7.765, rmse_log: 0.425, log10: 0.133, silog: 0.413
[2025-01-07 17:34:39,689][    INFO] Iter: 0/667, LR: 0.0000017, Loss: 0.313
[2025-01-07 17:35:36,961][    INFO] Iter: 100/667, LR: 0.0000016, Loss: 0.285
[2025-01-07 17:36:34,250][    INFO] Iter: 200/667, LR: 0.0000015, Loss: 0.241
[2025-01-07 17:37:31,553][    INFO] Iter: 300/667, LR: 0.0000015, Loss: 0.270
[2025-01-07 17:38:29,017][    INFO] Iter: 400/667, LR: 0.0000014, Loss: 0.254
[2025-01-07 17:39:26,274][    INFO] Iter: 500/667, LR: 0.0000013, Loss: 0.261
[2025-01-07 17:40:23,657][    INFO] Iter: 600/667, LR: 0.0000012, Loss: 0.257
[2025-01-07 17:41:03,681][    INFO] ==========================================================================================
[2025-01-07 17:41:03,681][    INFO]       d1,       d2,       d3,  abs_rel,   sq_rel,     rmse, rmse_log,    log10,    silog
[2025-01-07 17:41:03,682][    INFO]    0.540,    0.758,    0.876,    0.394,    3.959,    7.786,    0.432,    0.134,    0.415
[2025-01-07 17:41:03,682][    INFO] ==========================================================================================

[2025-01-07 17:41:09,253][    INFO] ===========> Epoch: 8/10, d1: 0.548, d2: 0.758, d3: 0.879
[2025-01-07 17:41:09,253][    INFO] ===========> Epoch: 8/10, abs_rel: 0.366, sq_rel: 3.332, rmse: 7.765, rmse_log: 0.425, log10: 0.133, silog: 0.413
[2025-01-07 17:41:10,288][    INFO] Iter: 0/667, LR: 0.0000012, Loss: 0.268
[2025-01-07 17:42:07,517][    INFO] Iter: 100/667, LR: 0.0000011, Loss: 0.287
[2025-01-07 17:43:04,750][    INFO] Iter: 200/667, LR: 0.0000010, Loss: 0.251
[2025-01-07 17:44:02,034][    INFO] Iter: 300/667, LR: 0.0000009, Loss: 0.249
[2025-01-07 17:44:59,404][    INFO] Iter: 400/667, LR: 0.0000009, Loss: 0.230
[2025-01-07 17:45:56,747][    INFO] Iter: 500/667, LR: 0.0000008, Loss: 0.287
[2025-01-07 17:46:54,096][    INFO] Iter: 600/667, LR: 0.0000007, Loss: 0.311
[2025-01-07 17:47:38,924][    INFO] ==========================================================================================
[2025-01-07 17:47:38,925][    INFO]       d1,       d2,       d3,  abs_rel,   sq_rel,     rmse, rmse_log,    log10,    silog
[2025-01-07 17:47:38,925][    INFO]    0.530,    0.755,    0.876,    0.363,    3.320,    7.912,    0.429,    0.135,    0.415
[2025-01-07 17:47:38,925][    INFO] ==========================================================================================

[2025-01-07 17:47:47,236][    INFO] ===========> Epoch: 9/10, d1: 0.548, d2: 0.758, d3: 0.879
[2025-01-07 17:47:47,236][    INFO] ===========> Epoch: 9/10, abs_rel: 0.363, sq_rel: 3.320, rmse: 7.765, rmse_log: 0.425, log10: 0.133, silog: 0.413
[2025-01-07 17:47:48,247][    INFO] Iter: 0/667, LR: 0.0000006, Loss: 0.290
[2025-01-07 17:48:45,399][    INFO] Iter: 100/667, LR: 0.0000005, Loss: 0.280
[2025-01-07 17:49:42,797][    INFO] Iter: 200/667, LR: 0.0000005, Loss: 0.221
[2025-01-07 17:50:40,170][    INFO] Iter: 300/667, LR: 0.0000004, Loss: 0.293
[2025-01-07 17:51:37,506][    INFO] Iter: 400/667, LR: 0.0000003, Loss: 0.389
[2025-01-07 17:52:34,654][    INFO] Iter: 500/667, LR: 0.0000002, Loss: 0.235
[2025-01-07 17:53:31,924][    INFO] Iter: 600/667, LR: 0.0000001, Loss: 0.301
[2025-01-07 17:54:11,807][    INFO] ==========================================================================================
[2025-01-07 17:54:11,807][    INFO]       d1,       d2,       d3,  abs_rel,   sq_rel,     rmse, rmse_log,    log10,    silog
[2025-01-07 17:54:11,808][    INFO]    0.541,    0.758,    0.877,    0.373,    3.557,    7.808,    0.428,    0.133,    0.413
[2025-01-07 17:54:11,808][    INFO] ==========================================================================================

