/home/sph/anaconda3/envs/anything/lib/python3.9/site-packages/torch/distributed/launch.py:183: FutureWarning: The module torch.distributed.launch is deprecated
and will be removed in future. Use torchrun.
Note that --use-env is set by default in torchrun.
If your script expects `--local-rank` argument to be set, please
change it to read from `os.environ['LOCAL_RANK']` instead. See 
https://pytorch.org/docs/stable/distributed.html#launch-utility for 
further instructions

  warnings.warn(
[2025-01-23 01:05:47,239] torch.distributed.run: [WARNING] 
[2025-01-23 01:05:47,239] torch.distributed.run: [WARNING] *****************************************
[2025-01-23 01:05:47,239] torch.distributed.run: [WARNING] Setting OMP_NUM_THREADS environment variable for each process to be 1 in default, to avoid your system being overloaded, please further tune the variable for optimal performance in your application as needed. 
[2025-01-23 01:05:47,239] torch.distributed.run: [WARNING] *****************************************
/home/sph/anaconda3/envs/anything/lib/python3.9/site-packages/timm/models/layers/__init__.py:48: FutureWarning: Importing from timm.models.layers is deprecated, please import via timm.layers
  warnings.warn(f"Importing from {__name__} is deprecated, please import via timm.layers", FutureWarning)
/home/sph/anaconda3/envs/anything/lib/python3.9/site-packages/timm/models/layers/__init__.py:48: FutureWarning: Importing from timm.models.layers is deprecated, please import via timm.layers
  warnings.warn(f"Importing from {__name__} is deprecated, please import via timm.layers", FutureWarning)
[2025-01-23 01:05:49,821][    INFO] {'bs': 24,
 'dataset': 'mvsec_3',
 'depth_anything_pretrained': None,
 'encoder': 'vitl',
 'epochs': 20,
 'event_voxel_chans': 3,
 'finetune_mode': 'decoder',
 'img_size': 266,
 'inv': False,
 'local_rank': 0,
 'lr': 5e-06,
 'max_depth': 100.0,
 'min_depth': 0.0,
 'ngpus': 2,
 'normalized_depth': False,
 'port': 20596,
 'pretrained_from': '/home/sph/event/da2-prompt-tuning/exp/fuse_log_l1_eventscape_fuse_cor_20250114_110446/latest.pth',
 'return_feature': False,
 'save_path': '/home/sph/event/da2-prompt-tuning/exp/epde_metric_sigloss_mvsec_3_decoder_20250123_010546'}

Traceback (most recent call last):
  File "/home/sph/event/da2-prompt-tuning/train.py", line 503, in <module>
    main()
  File "/home/sph/event/da2-prompt-tuning/train.py", line 174, in main
    trainloader, valloader = get_dataloader(args=args)
  File "/home/sph/event/da2-prompt-tuning/train.py", line 140, in get_dataloader
    raise NotImplementedError
NotImplementedError
Traceback (most recent call last):
  File "/home/sph/event/da2-prompt-tuning/train.py", line 503, in <module>
    main()
  File "/home/sph/event/da2-prompt-tuning/train.py", line 174, in main
    trainloader, valloader = get_dataloader(args=args)
  File "/home/sph/event/da2-prompt-tuning/train.py", line 140, in get_dataloader
    raise NotImplementedError
NotImplementedError
[2025-01-23 01:05:52,272] torch.distributed.elastic.multiprocessing.api: [ERROR] failed (exitcode: 1) local_rank: 0 (pid: 595619) of binary: /home/sph/anaconda3/envs/anything/bin/python3
Traceback (most recent call last):
  File "/home/sph/anaconda3/envs/anything/lib/python3.9/runpy.py", line 197, in _run_module_as_main
    return _run_code(code, main_globals, None,
  File "/home/sph/anaconda3/envs/anything/lib/python3.9/runpy.py", line 87, in _run_code
    exec(code, run_globals)
  File "/home/sph/anaconda3/envs/anything/lib/python3.9/site-packages/torch/distributed/launch.py", line 198, in <module>
    main()
  File "/home/sph/anaconda3/envs/anything/lib/python3.9/site-packages/torch/distributed/launch.py", line 194, in main
    launch(args)
  File "/home/sph/anaconda3/envs/anything/lib/python3.9/site-packages/torch/distributed/launch.py", line 179, in launch
    run(args)
  File "/home/sph/anaconda3/envs/anything/lib/python3.9/site-packages/torch/distributed/run.py", line 803, in run
    elastic_launch(
  File "/home/sph/anaconda3/envs/anything/lib/python3.9/site-packages/torch/distributed/launcher/api.py", line 135, in __call__
    return launch_agent(self._config, self._entrypoint, list(args))
  File "/home/sph/anaconda3/envs/anything/lib/python3.9/site-packages/torch/distributed/launcher/api.py", line 268, in launch_agent
    raise ChildFailedError(
torch.distributed.elastic.multiprocessing.errors.ChildFailedError: 
============================================================
train.py FAILED
------------------------------------------------------------
Failures:
[1]:
  time      : 2025-01-23_01:05:52
  host      : cannon
  rank      : 1 (local_rank: 1)
  exitcode  : 1 (pid: 595620)
  error_file: <N/A>
  traceback : To enable traceback see: https://pytorch.org/docs/stable/elastic/errors.html
------------------------------------------------------------
Root Cause (first observed failure):
[0]:
  time      : 2025-01-23_01:05:52
  host      : cannon
  rank      : 0 (local_rank: 0)
  exitcode  : 1 (pid: 595619)
  error_file: <N/A>
  traceback : To enable traceback see: https://pytorch.org/docs/stable/elastic/errors.html
============================================================
