/data/miniconda/envs/torch/lib/python3.10/site-packages/torch/distributed/launch.py:183: FutureWarning: The module torch.distributed.launch is deprecated
and will be removed in future. Use torchrun.
Note that --use-env is set by default in torchrun.
If your script expects `--local-rank` argument to be set, please
change it to read from `os.environ['LOCAL_RANK']` instead. See 
https://pytorch.org/docs/stable/distributed.html#launch-utility for 
further instructions

  warnings.warn(
W1215 23:41:37.481000 140508321957696 torch/distributed/run.py:757] 
W1215 23:41:37.481000 140508321957696 torch/distributed/run.py:757] *****************************************
W1215 23:41:37.481000 140508321957696 torch/distributed/run.py:757] Setting OMP_NUM_THREADS environment variable for each process to be 1 in default, to avoid your system being overloaded, please further tune the variable for optimal performance in your application as needed. 
W1215 23:41:37.481000 140508321957696 torch/distributed/run.py:757] *****************************************
/data/miniconda/envs/torch/lib/python3.10/site-packages/timm/models/layers/__init__.py:48: FutureWarning: Importing from timm.models.layers is deprecated, please import via timm.layers
  warnings.warn(f"Importing from {__name__} is deprecated, please import via timm.layers", FutureWarning)
[2024-12-15 23:41:41,007][    INFO] {'bs': 4,
 'dataset': 'mvsec',
 'depth_anything_pretrained': '/data/coding/upload-data/checkpoints/depth_anything_v2_metric_vkitti_vitl.pth',
 'encoder': 'vitl',
 'epochs': 50,
 'event_voxel_chans': 5,
 'finetune_mode': 'prompt',
 'img_size': 350,
 'local_rank': 0,
 'lr': 5e-06,
 'ngpus': 2,
 'port': 20596,
 'pretrained_from': None,
 'prompt_type': 'epde_deep',
 'save_path': '/data/coding/code/da2-prompt-tuning/exp/mvsec_prompt_normalized_log_20241215_234135'}

/data/miniconda/envs/torch/lib/python3.10/site-packages/timm/models/layers/__init__.py:48: FutureWarning: Importing from timm.models.layers is deprecated, please import via timm.layers
  warnings.warn(f"Importing from {__name__} is deprecated, please import via timm.layers", FutureWarning)
Loaded pretrained weights from /data/coding/upload-data/checkpoints/depth_anything_v2_metric_vkitti_vitl.pth
Loaded pretrained weights from /data/coding/upload-data/checkpoints/depth_anything_v2_metric_vkitti_vitl.pth
The freezing mode of weights is: prompt
The freezing mode of weights is: prompt
[2024-12-15 23:41:48,980][    INFO] Module: module.patch_embed_prompt.proj.weight, Trainable Parameters: 1003520
[2024-12-15 23:41:48,980][    INFO] Module: module.patch_embed_prompt.proj.bias, Trainable Parameters: 1024
[2024-12-15 23:41:48,981][    INFO] Module: module.prompt_blocks.0.conv0_0.weight, Trainable Parameters: 8192
[2024-12-15 23:41:48,981][    INFO] Module: module.prompt_blocks.0.conv0_0.bias, Trainable Parameters: 8
[2024-12-15 23:41:48,981][    INFO] Module: module.prompt_blocks.0.conv0_1.weight, Trainable Parameters: 8192
[2024-12-15 23:41:48,981][    INFO] Module: module.prompt_blocks.0.conv0_1.bias, Trainable Parameters: 8
[2024-12-15 23:41:48,981][    INFO] Module: module.prompt_blocks.0.conv1x1.weight, Trainable Parameters: 8192
[2024-12-15 23:41:48,981][    INFO] Module: module.prompt_blocks.0.conv1x1.bias, Trainable Parameters: 1024
[2024-12-15 23:41:48,981][    INFO] Module: module.prompt_blocks.0.fovea.smooth, Trainable Parameters: 1
[2024-12-15 23:41:48,981][    INFO] Module: module.prompt_blocks.1.conv0_0.weight, Trainable Parameters: 8192
[2024-12-15 23:41:48,981][    INFO] Module: module.prompt_blocks.1.conv0_0.bias, Trainable Parameters: 8
[2024-12-15 23:41:48,981][    INFO] Module: module.prompt_blocks.1.conv0_1.weight, Trainable Parameters: 8192
[2024-12-15 23:41:48,981][    INFO] Module: module.prompt_blocks.1.conv0_1.bias, Trainable Parameters: 8
[2024-12-15 23:41:48,981][    INFO] Module: module.prompt_blocks.1.conv1x1.weight, Trainable Parameters: 8192
[2024-12-15 23:41:48,981][    INFO] Module: module.prompt_blocks.1.conv1x1.bias, Trainable Parameters: 1024
[2024-12-15 23:41:48,981][    INFO] Module: module.prompt_blocks.1.fovea.smooth, Trainable Parameters: 1
[2024-12-15 23:41:48,981][    INFO] Module: module.prompt_blocks.2.conv0_0.weight, Trainable Parameters: 8192
[2024-12-15 23:41:48,981][    INFO] Module: module.prompt_blocks.2.conv0_0.bias, Trainable Parameters: 8
[2024-12-15 23:41:48,981][    INFO] Module: module.prompt_blocks.2.conv0_1.weight, Trainable Parameters: 8192
[2024-12-15 23:41:48,981][    INFO] Module: module.prompt_blocks.2.conv0_1.bias, Trainable Parameters: 8
[2024-12-15 23:41:48,981][    INFO] Module: module.prompt_blocks.2.conv1x1.weight, Trainable Parameters: 8192
[2024-12-15 23:41:48,981][    INFO] Module: module.prompt_blocks.2.conv1x1.bias, Trainable Parameters: 1024
[2024-12-15 23:41:48,981][    INFO] Module: module.prompt_blocks.2.fovea.smooth, Trainable Parameters: 1
[2024-12-15 23:41:48,981][    INFO] Module: module.prompt_blocks.3.conv0_0.weight, Trainable Parameters: 8192
[2024-12-15 23:41:48,981][    INFO] Module: module.prompt_blocks.3.conv0_0.bias, Trainable Parameters: 8
[2024-12-15 23:41:48,981][    INFO] Module: module.prompt_blocks.3.conv0_1.weight, Trainable Parameters: 8192
[2024-12-15 23:41:48,981][    INFO] Module: module.prompt_blocks.3.conv0_1.bias, Trainable Parameters: 8
[2024-12-15 23:41:48,981][    INFO] Module: module.prompt_blocks.3.conv1x1.weight, Trainable Parameters: 8192
[2024-12-15 23:41:48,981][    INFO] Module: module.prompt_blocks.3.conv1x1.bias, Trainable Parameters: 1024
[2024-12-15 23:41:48,981][    INFO] Module: module.prompt_blocks.3.fovea.smooth, Trainable Parameters: 1
[2024-12-15 23:41:48,981][    INFO] Module: module.prompt_blocks.4.conv0_0.weight, Trainable Parameters: 8192
[2024-12-15 23:41:48,981][    INFO] Module: module.prompt_blocks.4.conv0_0.bias, Trainable Parameters: 8
[2024-12-15 23:41:48,981][    INFO] Module: module.prompt_blocks.4.conv0_1.weight, Trainable Parameters: 8192
[2024-12-15 23:41:48,981][    INFO] Module: module.prompt_blocks.4.conv0_1.bias, Trainable Parameters: 8
[2024-12-15 23:41:48,981][    INFO] Module: module.prompt_blocks.4.conv1x1.weight, Trainable Parameters: 8192
[2024-12-15 23:41:48,982][    INFO] Module: module.prompt_blocks.4.conv1x1.bias, Trainable Parameters: 1024
[2024-12-15 23:41:48,982][    INFO] Module: module.prompt_blocks.4.fovea.smooth, Trainable Parameters: 1
[2024-12-15 23:41:48,982][    INFO] Module: module.prompt_blocks.5.conv0_0.weight, Trainable Parameters: 8192
[2024-12-15 23:41:48,982][    INFO] Module: module.prompt_blocks.5.conv0_0.bias, Trainable Parameters: 8
[2024-12-15 23:41:48,982][    INFO] Module: module.prompt_blocks.5.conv0_1.weight, Trainable Parameters: 8192
[2024-12-15 23:41:48,982][    INFO] Module: module.prompt_blocks.5.conv0_1.bias, Trainable Parameters: 8
[2024-12-15 23:41:48,982][    INFO] Module: module.prompt_blocks.5.conv1x1.weight, Trainable Parameters: 8192
[2024-12-15 23:41:48,982][    INFO] Module: module.prompt_blocks.5.conv1x1.bias, Trainable Parameters: 1024
[2024-12-15 23:41:48,982][    INFO] Module: module.prompt_blocks.5.fovea.smooth, Trainable Parameters: 1
[2024-12-15 23:41:48,982][    INFO] Module: module.prompt_blocks.6.conv0_0.weight, Trainable Parameters: 8192
[2024-12-15 23:41:48,982][    INFO] Module: module.prompt_blocks.6.conv0_0.bias, Trainable Parameters: 8
[2024-12-15 23:41:48,982][    INFO] Module: module.prompt_blocks.6.conv0_1.weight, Trainable Parameters: 8192
[2024-12-15 23:41:48,982][    INFO] Module: module.prompt_blocks.6.conv0_1.bias, Trainable Parameters: 8
[2024-12-15 23:41:48,982][    INFO] Module: module.prompt_blocks.6.conv1x1.weight, Trainable Parameters: 8192
[2024-12-15 23:41:48,982][    INFO] Module: module.prompt_blocks.6.conv1x1.bias, Trainable Parameters: 1024
[2024-12-15 23:41:48,982][    INFO] Module: module.prompt_blocks.6.fovea.smooth, Trainable Parameters: 1
[2024-12-15 23:41:48,982][    INFO] Module: module.prompt_blocks.7.conv0_0.weight, Trainable Parameters: 8192
[2024-12-15 23:41:48,982][    INFO] Module: module.prompt_blocks.7.conv0_0.bias, Trainable Parameters: 8
[2024-12-15 23:41:48,982][    INFO] Module: module.prompt_blocks.7.conv0_1.weight, Trainable Parameters: 8192
[2024-12-15 23:41:48,982][    INFO] Module: module.prompt_blocks.7.conv0_1.bias, Trainable Parameters: 8
[2024-12-15 23:41:48,982][    INFO] Module: module.prompt_blocks.7.conv1x1.weight, Trainable Parameters: 8192
[2024-12-15 23:41:48,982][    INFO] Module: module.prompt_blocks.7.conv1x1.bias, Trainable Parameters: 1024
[2024-12-15 23:41:48,982][    INFO] Module: module.prompt_blocks.7.fovea.smooth, Trainable Parameters: 1
[2024-12-15 23:41:48,982][    INFO] Module: module.prompt_blocks.8.conv0_0.weight, Trainable Parameters: 8192
[2024-12-15 23:41:48,982][    INFO] Module: module.prompt_blocks.8.conv0_0.bias, Trainable Parameters: 8
[2024-12-15 23:41:48,982][    INFO] Module: module.prompt_blocks.8.conv0_1.weight, Trainable Parameters: 8192
[2024-12-15 23:41:48,982][    INFO] Module: module.prompt_blocks.8.conv0_1.bias, Trainable Parameters: 8
[2024-12-15 23:41:48,982][    INFO] Module: module.prompt_blocks.8.conv1x1.weight, Trainable Parameters: 8192
[2024-12-15 23:41:48,982][    INFO] Module: module.prompt_blocks.8.conv1x1.bias, Trainable Parameters: 1024
[2024-12-15 23:41:48,982][    INFO] Module: module.prompt_blocks.8.fovea.smooth, Trainable Parameters: 1
[2024-12-15 23:41:48,982][    INFO] Module: module.prompt_blocks.9.conv0_0.weight, Trainable Parameters: 8192
[2024-12-15 23:41:48,982][    INFO] Module: module.prompt_blocks.9.conv0_0.bias, Trainable Parameters: 8
[2024-12-15 23:41:48,982][    INFO] Module: module.prompt_blocks.9.conv0_1.weight, Trainable Parameters: 8192
[2024-12-15 23:41:48,982][    INFO] Module: module.prompt_blocks.9.conv0_1.bias, Trainable Parameters: 8
[2024-12-15 23:41:48,982][    INFO] Module: module.prompt_blocks.9.conv1x1.weight, Trainable Parameters: 8192
[2024-12-15 23:41:48,983][    INFO] Module: module.prompt_blocks.9.conv1x1.bias, Trainable Parameters: 1024
[2024-12-15 23:41:48,983][    INFO] Module: module.prompt_blocks.9.fovea.smooth, Trainable Parameters: 1
[2024-12-15 23:41:48,983][    INFO] Module: module.prompt_blocks.10.conv0_0.weight, Trainable Parameters: 8192
[2024-12-15 23:41:48,983][    INFO] Module: module.prompt_blocks.10.conv0_0.bias, Trainable Parameters: 8
[2024-12-15 23:41:48,983][    INFO] Module: module.prompt_blocks.10.conv0_1.weight, Trainable Parameters: 8192
[2024-12-15 23:41:48,983][    INFO] Module: module.prompt_blocks.10.conv0_1.bias, Trainable Parameters: 8
[2024-12-15 23:41:48,983][    INFO] Module: module.prompt_blocks.10.conv1x1.weight, Trainable Parameters: 8192
[2024-12-15 23:41:48,983][    INFO] Module: module.prompt_blocks.10.conv1x1.bias, Trainable Parameters: 1024
[2024-12-15 23:41:48,983][    INFO] Module: module.prompt_blocks.10.fovea.smooth, Trainable Parameters: 1
[2024-12-15 23:41:48,983][    INFO] Module: module.prompt_blocks.11.conv0_0.weight, Trainable Parameters: 8192
[2024-12-15 23:41:48,983][    INFO] Module: module.prompt_blocks.11.conv0_0.bias, Trainable Parameters: 8
[2024-12-15 23:41:48,983][    INFO] Module: module.prompt_blocks.11.conv0_1.weight, Trainable Parameters: 8192
[2024-12-15 23:41:48,983][    INFO] Module: module.prompt_blocks.11.conv0_1.bias, Trainable Parameters: 8
[2024-12-15 23:41:48,983][    INFO] Module: module.prompt_blocks.11.conv1x1.weight, Trainable Parameters: 8192
[2024-12-15 23:41:48,983][    INFO] Module: module.prompt_blocks.11.conv1x1.bias, Trainable Parameters: 1024
[2024-12-15 23:41:48,983][    INFO] Module: module.prompt_blocks.11.fovea.smooth, Trainable Parameters: 1
[2024-12-15 23:41:48,983][    INFO] Module: module.prompt_blocks.12.conv0_0.weight, Trainable Parameters: 8192
[2024-12-15 23:41:48,983][    INFO] Module: module.prompt_blocks.12.conv0_0.bias, Trainable Parameters: 8
[2024-12-15 23:41:48,983][    INFO] Module: module.prompt_blocks.12.conv0_1.weight, Trainable Parameters: 8192
[2024-12-15 23:41:48,983][    INFO] Module: module.prompt_blocks.12.conv0_1.bias, Trainable Parameters: 8
[2024-12-15 23:41:48,983][    INFO] Module: module.prompt_blocks.12.conv1x1.weight, Trainable Parameters: 8192
[2024-12-15 23:41:48,983][    INFO] Module: module.prompt_blocks.12.conv1x1.bias, Trainable Parameters: 1024
[2024-12-15 23:41:48,983][    INFO] Module: module.prompt_blocks.12.fovea.smooth, Trainable Parameters: 1
[2024-12-15 23:41:48,983][    INFO] Module: module.prompt_blocks.13.conv0_0.weight, Trainable Parameters: 8192
[2024-12-15 23:41:48,983][    INFO] Module: module.prompt_blocks.13.conv0_0.bias, Trainable Parameters: 8
[2024-12-15 23:41:48,983][    INFO] Module: module.prompt_blocks.13.conv0_1.weight, Trainable Parameters: 8192
[2024-12-15 23:41:48,983][    INFO] Module: module.prompt_blocks.13.conv0_1.bias, Trainable Parameters: 8
[2024-12-15 23:41:48,983][    INFO] Module: module.prompt_blocks.13.conv1x1.weight, Trainable Parameters: 8192
[2024-12-15 23:41:48,983][    INFO] Module: module.prompt_blocks.13.conv1x1.bias, Trainable Parameters: 1024
[2024-12-15 23:41:48,983][    INFO] Module: module.prompt_blocks.13.fovea.smooth, Trainable Parameters: 1
[2024-12-15 23:41:48,983][    INFO] Module: module.prompt_blocks.14.conv0_0.weight, Trainable Parameters: 8192
[2024-12-15 23:41:48,983][    INFO] Module: module.prompt_blocks.14.conv0_0.bias, Trainable Parameters: 8
[2024-12-15 23:41:48,983][    INFO] Module: module.prompt_blocks.14.conv0_1.weight, Trainable Parameters: 8192
[2024-12-15 23:41:48,983][    INFO] Module: module.prompt_blocks.14.conv0_1.bias, Trainable Parameters: 8
[2024-12-15 23:41:48,983][    INFO] Module: module.prompt_blocks.14.conv1x1.weight, Trainable Parameters: 8192
[2024-12-15 23:41:48,984][    INFO] Module: module.prompt_blocks.14.conv1x1.bias, Trainable Parameters: 1024
[2024-12-15 23:41:48,984][    INFO] Module: module.prompt_blocks.14.fovea.smooth, Trainable Parameters: 1
[2024-12-15 23:41:48,984][    INFO] Module: module.prompt_blocks.15.conv0_0.weight, Trainable Parameters: 8192
[2024-12-15 23:41:48,984][    INFO] Module: module.prompt_blocks.15.conv0_0.bias, Trainable Parameters: 8
[2024-12-15 23:41:48,984][    INFO] Module: module.prompt_blocks.15.conv0_1.weight, Trainable Parameters: 8192
[2024-12-15 23:41:48,984][    INFO] Module: module.prompt_blocks.15.conv0_1.bias, Trainable Parameters: 8
[2024-12-15 23:41:48,984][    INFO] Module: module.prompt_blocks.15.conv1x1.weight, Trainable Parameters: 8192
[2024-12-15 23:41:48,984][    INFO] Module: module.prompt_blocks.15.conv1x1.bias, Trainable Parameters: 1024
[2024-12-15 23:41:48,984][    INFO] Module: module.prompt_blocks.15.fovea.smooth, Trainable Parameters: 1
[2024-12-15 23:41:48,984][    INFO] Module: module.prompt_blocks.16.conv0_0.weight, Trainable Parameters: 8192
[2024-12-15 23:41:48,984][    INFO] Module: module.prompt_blocks.16.conv0_0.bias, Trainable Parameters: 8
[2024-12-15 23:41:48,984][    INFO] Module: module.prompt_blocks.16.conv0_1.weight, Trainable Parameters: 8192
[2024-12-15 23:41:48,984][    INFO] Module: module.prompt_blocks.16.conv0_1.bias, Trainable Parameters: 8
[2024-12-15 23:41:48,984][    INFO] Module: module.prompt_blocks.16.conv1x1.weight, Trainable Parameters: 8192
[2024-12-15 23:41:48,984][    INFO] Module: module.prompt_blocks.16.conv1x1.bias, Trainable Parameters: 1024
[2024-12-15 23:41:48,984][    INFO] Module: module.prompt_blocks.16.fovea.smooth, Trainable Parameters: 1
[2024-12-15 23:41:48,984][    INFO] Module: module.prompt_blocks.17.conv0_0.weight, Trainable Parameters: 8192
[2024-12-15 23:41:48,984][    INFO] Module: module.prompt_blocks.17.conv0_0.bias, Trainable Parameters: 8
[2024-12-15 23:41:48,984][    INFO] Module: module.prompt_blocks.17.conv0_1.weight, Trainable Parameters: 8192
[2024-12-15 23:41:48,984][    INFO] Module: module.prompt_blocks.17.conv0_1.bias, Trainable Parameters: 8
[2024-12-15 23:41:48,984][    INFO] Module: module.prompt_blocks.17.conv1x1.weight, Trainable Parameters: 8192
[2024-12-15 23:41:48,984][    INFO] Module: module.prompt_blocks.17.conv1x1.bias, Trainable Parameters: 1024
[2024-12-15 23:41:48,984][    INFO] Module: module.prompt_blocks.17.fovea.smooth, Trainable Parameters: 1
[2024-12-15 23:41:48,984][    INFO] Module: module.prompt_blocks.18.conv0_0.weight, Trainable Parameters: 8192
[2024-12-15 23:41:48,984][    INFO] Module: module.prompt_blocks.18.conv0_0.bias, Trainable Parameters: 8
[2024-12-15 23:41:48,984][    INFO] Module: module.prompt_blocks.18.conv0_1.weight, Trainable Parameters: 8192
[2024-12-15 23:41:48,984][    INFO] Module: module.prompt_blocks.18.conv0_1.bias, Trainable Parameters: 8
[2024-12-15 23:41:48,984][    INFO] Module: module.prompt_blocks.18.conv1x1.weight, Trainable Parameters: 8192
[2024-12-15 23:41:48,984][    INFO] Module: module.prompt_blocks.18.conv1x1.bias, Trainable Parameters: 1024
[2024-12-15 23:41:48,984][    INFO] Module: module.prompt_blocks.18.fovea.smooth, Trainable Parameters: 1
[2024-12-15 23:41:48,984][    INFO] Module: module.prompt_blocks.19.conv0_0.weight, Trainable Parameters: 8192
[2024-12-15 23:41:48,984][    INFO] Module: module.prompt_blocks.19.conv0_0.bias, Trainable Parameters: 8
[2024-12-15 23:41:48,984][    INFO] Module: module.prompt_blocks.19.conv0_1.weight, Trainable Parameters: 8192
[2024-12-15 23:41:48,984][    INFO] Module: module.prompt_blocks.19.conv0_1.bias, Trainable Parameters: 8
[2024-12-15 23:41:48,984][    INFO] Module: module.prompt_blocks.19.conv1x1.weight, Trainable Parameters: 8192
[2024-12-15 23:41:48,984][    INFO] Module: module.prompt_blocks.19.conv1x1.bias, Trainable Parameters: 1024
[2024-12-15 23:41:48,985][    INFO] Module: module.prompt_blocks.19.fovea.smooth, Trainable Parameters: 1
[2024-12-15 23:41:48,985][    INFO] Module: module.prompt_blocks.20.conv0_0.weight, Trainable Parameters: 8192
[2024-12-15 23:41:48,985][    INFO] Module: module.prompt_blocks.20.conv0_0.bias, Trainable Parameters: 8
[2024-12-15 23:41:48,985][    INFO] Module: module.prompt_blocks.20.conv0_1.weight, Trainable Parameters: 8192
[2024-12-15 23:41:48,985][    INFO] Module: module.prompt_blocks.20.conv0_1.bias, Trainable Parameters: 8
[2024-12-15 23:41:48,985][    INFO] Module: module.prompt_blocks.20.conv1x1.weight, Trainable Parameters: 8192
[2024-12-15 23:41:48,985][    INFO] Module: module.prompt_blocks.20.conv1x1.bias, Trainable Parameters: 1024
[2024-12-15 23:41:48,985][    INFO] Module: module.prompt_blocks.20.fovea.smooth, Trainable Parameters: 1
[2024-12-15 23:41:48,985][    INFO] Module: module.prompt_blocks.21.conv0_0.weight, Trainable Parameters: 8192
[2024-12-15 23:41:48,985][    INFO] Module: module.prompt_blocks.21.conv0_0.bias, Trainable Parameters: 8
[2024-12-15 23:41:48,985][    INFO] Module: module.prompt_blocks.21.conv0_1.weight, Trainable Parameters: 8192
[2024-12-15 23:41:48,985][    INFO] Module: module.prompt_blocks.21.conv0_1.bias, Trainable Parameters: 8
[2024-12-15 23:41:48,985][    INFO] Module: module.prompt_blocks.21.conv1x1.weight, Trainable Parameters: 8192
[2024-12-15 23:41:48,985][    INFO] Module: module.prompt_blocks.21.conv1x1.bias, Trainable Parameters: 1024
[2024-12-15 23:41:48,985][    INFO] Module: module.prompt_blocks.21.fovea.smooth, Trainable Parameters: 1
[2024-12-15 23:41:48,985][    INFO] Module: module.prompt_blocks.22.conv0_0.weight, Trainable Parameters: 8192
[2024-12-15 23:41:48,985][    INFO] Module: module.prompt_blocks.22.conv0_0.bias, Trainable Parameters: 8
[2024-12-15 23:41:48,985][    INFO] Module: module.prompt_blocks.22.conv0_1.weight, Trainable Parameters: 8192
[2024-12-15 23:41:48,985][    INFO] Module: module.prompt_blocks.22.conv0_1.bias, Trainable Parameters: 8
[2024-12-15 23:41:48,985][    INFO] Module: module.prompt_blocks.22.conv1x1.weight, Trainable Parameters: 8192
[2024-12-15 23:41:48,985][    INFO] Module: module.prompt_blocks.22.conv1x1.bias, Trainable Parameters: 1024
[2024-12-15 23:41:48,985][    INFO] Module: module.prompt_blocks.22.fovea.smooth, Trainable Parameters: 1
[2024-12-15 23:41:48,985][    INFO] Module: module.prompt_blocks.23.conv0_0.weight, Trainable Parameters: 8192
[2024-12-15 23:41:48,985][    INFO] Module: module.prompt_blocks.23.conv0_0.bias, Trainable Parameters: 8
[2024-12-15 23:41:48,985][    INFO] Module: module.prompt_blocks.23.conv0_1.weight, Trainable Parameters: 8192
[2024-12-15 23:41:48,985][    INFO] Module: module.prompt_blocks.23.conv0_1.bias, Trainable Parameters: 8
[2024-12-15 23:41:48,985][    INFO] Module: module.prompt_blocks.23.conv1x1.weight, Trainable Parameters: 8192
[2024-12-15 23:41:48,985][    INFO] Module: module.prompt_blocks.23.conv1x1.bias, Trainable Parameters: 1024
[2024-12-15 23:41:48,985][    INFO] Module: module.prompt_blocks.23.fovea.smooth, Trainable Parameters: 1
[2024-12-15 23:41:48,987][    INFO] Total Trainable Parameters: 1619352
[2024-12-15 23:41:48,987][    INFO] ===========> Epoch: 0/50, d1: 0.000, d2: 0.000, d3: 0.000
[2024-12-15 23:41:48,987][    INFO] ===========> Epoch: 0/50, abs_rel: 100.000, sq_rel: 100.000, rmse: 100.000, rmse_log: 100.000, log10: 100.000, silog: 100.000
[2024-12-15 23:41:52,445][    INFO] Iter: 0/1335, LR: 0.0000050, Loss: 1.389
[2024-12-15 23:42:32,614][    INFO] Iter: 100/1335, LR: 0.0000050, Loss: 1.862
[2024-12-15 23:43:12,656][    INFO] Iter: 200/1335, LR: 0.0000050, Loss: 0.942
[2024-12-15 23:43:52,668][    INFO] Iter: 300/1335, LR: 0.0000050, Loss: 1.736
[2024-12-15 23:44:32,600][    INFO] Iter: 400/1335, LR: 0.0000050, Loss: 4.084
[2024-12-15 23:45:12,634][    INFO] Iter: 500/1335, LR: 0.0000050, Loss: 0.907
[2024-12-15 23:45:52,960][    INFO] Iter: 600/1335, LR: 0.0000050, Loss: 1.274
[2024-12-15 23:46:33,432][    INFO] Iter: 700/1335, LR: 0.0000050, Loss: 0.908
[2024-12-15 23:47:13,873][    INFO] Iter: 800/1335, LR: 0.0000049, Loss: 2.588
[2024-12-15 23:47:54,062][    INFO] Iter: 900/1335, LR: 0.0000049, Loss: 1.074
