/home/sph/anaconda3/envs/anything/lib/python3.9/site-packages/torch/distributed/launch.py:183: FutureWarning: The module torch.distributed.launch is deprecated
and will be removed in future. Use torchrun.
Note that --use-env is set by default in torchrun.
If your script expects `--local-rank` argument to be set, please
change it to read from `os.environ['LOCAL_RANK']` instead. See 
https://pytorch.org/docs/stable/distributed.html#launch-utility for 
further instructions

  warnings.warn(
[2025-01-23 01:21:11,462] torch.distributed.run: [WARNING] 
[2025-01-23 01:21:11,462] torch.distributed.run: [WARNING] *****************************************
[2025-01-23 01:21:11,462] torch.distributed.run: [WARNING] Setting OMP_NUM_THREADS environment variable for each process to be 1 in default, to avoid your system being overloaded, please further tune the variable for optimal performance in your application as needed. 
[2025-01-23 01:21:11,462] torch.distributed.run: [WARNING] *****************************************
/home/sph/anaconda3/envs/anything/lib/python3.9/site-packages/timm/models/layers/__init__.py:48: FutureWarning: Importing from timm.models.layers is deprecated, please import via timm.layers
  warnings.warn(f"Importing from {__name__} is deprecated, please import via timm.layers", FutureWarning)
/home/sph/anaconda3/envs/anything/lib/python3.9/site-packages/timm/models/layers/__init__.py:48: FutureWarning: Importing from timm.models.layers is deprecated, please import via timm.layers
  warnings.warn(f"Importing from {__name__} is deprecated, please import via timm.layers", FutureWarning)
[2025-01-23 01:21:13,962][    INFO] {'bs': 24,
 'dataset': 'mvsec_3',
 'depth_anything_pretrained': None,
 'encoder': 'vitl',
 'epochs': 20,
 'event_voxel_chans': 3,
 'finetune_mode': 'decoder',
 'img_size': 266,
 'inv': False,
 'local_rank': 0,
 'lr': 5e-06,
 'max_depth': 100.0,
 'min_depth': 0.0,
 'ngpus': 2,
 'normalized_depth': False,
 'port': 20596,
 'pretrained_from': '/home/sph/event/da2-prompt-tuning/exp/fuse_log_l1_eventscape_fuse_cor_20250114_110446/latest.pth',
 'return_feature': False,
 'save_path': '/home/sph/event/da2-prompt-tuning/exp/epde_metric_sigloss_mvsec_3_decoder_20250123_012110'}

max_depth: 100.0
INFO:dinov2:using MLP layer as FFN
max_depth: 100.0
INFO:dinov2:using MLP layer as FFN
INFO:dinov2:using MLP layer as FFN
INFO:dinov2:using MLP layer as FFN
Initializing encoder parameters without pre-trained weights
Model weights load from /home/sph/event/da2-prompt-tuning/exp/fuse_log_l1_eventscape_fuse_cor_20250114_110446/latest.pth successfully!
Initializing encoder parameters without pre-trained weights
Model weights load from /home/sph/event/da2-prompt-tuning/exp/fuse_log_l1_eventscape_fuse_cor_20250114_110446/latest.pth successfully!
The freezing mode of weights is: decoder
The freezing mode of weights is: decoder
[2025-01-23 01:21:34,253][    INFO] Total Trainable Parameters: 30947009
[2025-01-23 01:21:34,253][    INFO] ===========> Epoch: 0/20, d1: 0.000, d2: 0.000, d3: 0.000
[2025-01-23 01:21:34,253][    INFO] ===========> Epoch: 0/20, abs_rel: 100.000, sq_rel: 100.000, rmse: 100.000, rmse_log: 100.000, log10: 100.000, silog: 100.000
/home/sph/anaconda3/envs/anything/lib/python3.9/site-packages/torch/autograd/__init__.py:266: UserWarning: Grad strides do not match bucket view strides. This may indicate grad was not created according to the gradient layout contract, or that the param's strides changed since DDP was constructed.  This is not an error, but may impair performance.
grad.sizes() = [1, 32, 1, 1], strides() = [32, 1, 32, 32]
bucket_view.sizes() = [1, 32, 1, 1], strides() = [32, 1, 1, 1] (Triggered internally at ../torch/csrc/distributed/c10d/reducer.cpp:322.)
  Variable._execution_engine.run_backward(  # Calls into the C++ engine to run the backward pass
/home/sph/anaconda3/envs/anything/lib/python3.9/site-packages/torch/autograd/__init__.py:266: UserWarning: Grad strides do not match bucket view strides. This may indicate grad was not created according to the gradient layout contract, or that the param's strides changed since DDP was constructed.  This is not an error, but may impair performance.
grad.sizes() = [1, 32, 1, 1], strides() = [32, 1, 32, 32]
bucket_view.sizes() = [1, 32, 1, 1], strides() = [32, 1, 1, 1] (Triggered internally at ../torch/csrc/distributed/c10d/reducer.cpp:322.)
  Variable._execution_engine.run_backward(  # Calls into the C++ engine to run the backward pass
[2025-01-23 01:21:42,976][    INFO] Iter: 0/316, LR: 0.0000050, Loss: 1.449, SiLoss: 1.449, GradLoss: 0.133
[2025-01-23 01:23:17,747][    INFO] Iter: 50/316, LR: 0.0000050, Loss: 0.358, SiLoss: 0.358, GradLoss: 0.119
[2025-01-23 01:24:53,055][    INFO] Iter: 100/316, LR: 0.0000049, Loss: 0.323, SiLoss: 0.323, GradLoss: 0.117
[2025-01-23 01:26:28,484][    INFO] Iter: 150/316, LR: 0.0000049, Loss: 0.303, SiLoss: 0.303, GradLoss: 0.104
[2025-01-23 01:28:03,944][    INFO] Iter: 200/316, LR: 0.0000049, Loss: 0.305, SiLoss: 0.305, GradLoss: 0.116
[2025-01-23 01:29:39,391][    INFO] Iter: 250/316, LR: 0.0000048, Loss: 0.309, SiLoss: 0.309, GradLoss: 0.114
[2025-01-23 01:31:14,843][    INFO] Iter: 300/316, LR: 0.0000048, Loss: 0.282, SiLoss: 0.282, GradLoss: 0.105
[2025-01-23 01:32:22,462][    INFO] ==========================================================================================
[2025-01-23 01:32:22,463][    INFO]       d1,       d2,       d3,  abs_rel,   sq_rel,     rmse, rmse_log,    log10,    silog
[2025-01-23 01:32:22,463][    INFO]    0.611,    0.823,    0.930,    0.272,    2.164,    6.889,    0.348,    0.105,    0.344
[2025-01-23 01:32:22,463][    INFO] ==========================================================================================

[2025-01-23 01:32:32,365][    INFO] ===========> Epoch: 1/20, d1: 0.611, d2: 0.823, d3: 0.930
[2025-01-23 01:32:32,365][    INFO] ===========> Epoch: 1/20, abs_rel: 0.272, sq_rel: 2.164, rmse: 6.889, rmse_log: 0.348, log10: 0.105, silog: 0.344
[2025-01-23 01:32:34,909][    INFO] Iter: 0/316, LR: 0.0000048, Loss: 0.304, SiLoss: 0.304, GradLoss: 0.111
[2025-01-23 01:34:10,155][    INFO] Iter: 50/316, LR: 0.0000047, Loss: 0.314, SiLoss: 0.314, GradLoss: 0.116
[2025-01-23 01:35:45,480][    INFO] Iter: 100/316, LR: 0.0000047, Loss: 0.275, SiLoss: 0.275, GradLoss: 0.104
[2025-01-23 01:37:20,862][    INFO] Iter: 150/316, LR: 0.0000047, Loss: 0.272, SiLoss: 0.272, GradLoss: 0.109
[2025-01-23 01:38:56,265][    INFO] Iter: 200/316, LR: 0.0000046, Loss: 0.286, SiLoss: 0.286, GradLoss: 0.109
[2025-01-23 01:40:31,678][    INFO] Iter: 250/316, LR: 0.0000046, Loss: 0.259, SiLoss: 0.259, GradLoss: 0.096
[2025-01-23 01:42:07,057][    INFO] Iter: 300/316, LR: 0.0000046, Loss: 0.291, SiLoss: 0.291, GradLoss: 0.114
[2025-01-23 01:43:13,934][    INFO] ==========================================================================================
[2025-01-23 01:43:13,934][    INFO]       d1,       d2,       d3,  abs_rel,   sq_rel,     rmse, rmse_log,    log10,    silog
[2025-01-23 01:43:13,934][    INFO]    0.601,    0.806,    0.918,    0.269,    2.300,    7.231,    0.365,    0.110,    0.358
[2025-01-23 01:43:13,934][    INFO] ==========================================================================================

[2025-01-23 01:43:20,147][    INFO] ===========> Epoch: 2/20, d1: 0.611, d2: 0.823, d3: 0.930
[2025-01-23 01:43:20,148][    INFO] ===========> Epoch: 2/20, abs_rel: 0.269, sq_rel: 2.164, rmse: 6.889, rmse_log: 0.348, log10: 0.105, silog: 0.344
[2025-01-23 01:43:22,653][    INFO] Iter: 0/316, LR: 0.0000045, Loss: 0.277, SiLoss: 0.277, GradLoss: 0.105
[2025-01-23 01:44:58,038][    INFO] Iter: 50/316, LR: 0.0000045, Loss: 0.254, SiLoss: 0.254, GradLoss: 0.100
[2025-01-23 01:46:33,459][    INFO] Iter: 100/316, LR: 0.0000045, Loss: 0.278, SiLoss: 0.278, GradLoss: 0.115
[2025-01-23 01:48:08,862][    INFO] Iter: 150/316, LR: 0.0000044, Loss: 0.286, SiLoss: 0.286, GradLoss: 0.107
[2025-01-23 01:49:44,296][    INFO] Iter: 200/316, LR: 0.0000044, Loss: 0.261, SiLoss: 0.261, GradLoss: 0.099
[2025-01-23 01:51:19,706][    INFO] Iter: 250/316, LR: 0.0000044, Loss: 0.257, SiLoss: 0.257, GradLoss: 0.095
[2025-01-23 01:52:55,165][    INFO] Iter: 300/316, LR: 0.0000043, Loss: 0.292, SiLoss: 0.292, GradLoss: 0.121
[2025-01-23 01:54:02,130][    INFO] ==========================================================================================
[2025-01-23 01:54:02,131][    INFO]       d1,       d2,       d3,  abs_rel,   sq_rel,     rmse, rmse_log,    log10,    silog
[2025-01-23 01:54:02,131][    INFO]    0.626,    0.823,    0.924,    0.272,    2.301,    6.992,    0.353,    0.104,    0.349
[2025-01-23 01:54:02,131][    INFO] ==========================================================================================

[2025-01-23 01:54:08,298][    INFO] ===========> Epoch: 3/20, d1: 0.626, d2: 0.823, d3: 0.930
[2025-01-23 01:54:08,298][    INFO] ===========> Epoch: 3/20, abs_rel: 0.269, sq_rel: 2.164, rmse: 6.889, rmse_log: 0.348, log10: 0.104, silog: 0.344
[2025-01-23 01:54:10,785][    INFO] Iter: 0/316, LR: 0.0000043, Loss: 0.256, SiLoss: 0.256, GradLoss: 0.096
[2025-01-23 01:55:46,132][    INFO] Iter: 50/316, LR: 0.0000043, Loss: 0.256, SiLoss: 0.256, GradLoss: 0.103
[2025-01-23 01:57:21,540][    INFO] Iter: 100/316, LR: 0.0000042, Loss: 0.260, SiLoss: 0.260, GradLoss: 0.104
[2025-01-23 01:58:56,953][    INFO] Iter: 150/316, LR: 0.0000042, Loss: 0.280, SiLoss: 0.280, GradLoss: 0.110
[2025-01-23 02:00:32,406][    INFO] Iter: 200/316, LR: 0.0000042, Loss: 0.260, SiLoss: 0.260, GradLoss: 0.107
[2025-01-23 02:02:07,870][    INFO] Iter: 250/316, LR: 0.0000041, Loss: 0.241, SiLoss: 0.241, GradLoss: 0.098
[2025-01-23 02:03:43,347][    INFO] Iter: 300/316, LR: 0.0000041, Loss: 0.264, SiLoss: 0.264, GradLoss: 0.103
[2025-01-23 02:04:50,243][    INFO] ==========================================================================================
[2025-01-23 02:04:50,243][    INFO]       d1,       d2,       d3,  abs_rel,   sq_rel,     rmse, rmse_log,    log10,    silog
[2025-01-23 02:04:50,244][    INFO]    0.632,    0.831,    0.927,    0.268,    2.291,    6.800,    0.349,    0.103,    0.345
[2025-01-23 02:04:50,244][    INFO] ==========================================================================================

[2025-01-23 02:05:01,680][    INFO] ===========> Epoch: 4/20, d1: 0.632, d2: 0.831, d3: 0.930
[2025-01-23 02:05:01,681][    INFO] ===========> Epoch: 4/20, abs_rel: 0.268, sq_rel: 2.164, rmse: 6.800, rmse_log: 0.348, log10: 0.103, silog: 0.344
[2025-01-23 02:05:04,184][    INFO] Iter: 0/316, LR: 0.0000041, Loss: 0.255, SiLoss: 0.255, GradLoss: 0.102
[2025-01-23 02:06:39,582][    INFO] Iter: 50/316, LR: 0.0000041, Loss: 0.277, SiLoss: 0.277, GradLoss: 0.122
[2025-01-23 02:08:15,093][    INFO] Iter: 100/316, LR: 0.0000040, Loss: 0.285, SiLoss: 0.285, GradLoss: 0.120
[2025-01-23 02:09:50,650][    INFO] Iter: 150/316, LR: 0.0000040, Loss: 0.239, SiLoss: 0.239, GradLoss: 0.102
[2025-01-23 02:11:26,189][    INFO] Iter: 200/316, LR: 0.0000039, Loss: 0.257, SiLoss: 0.257, GradLoss: 0.108
[2025-01-23 02:13:01,695][    INFO] Iter: 250/316, LR: 0.0000039, Loss: 0.258, SiLoss: 0.258, GradLoss: 0.105
[2025-01-23 02:14:37,192][    INFO] Iter: 300/316, LR: 0.0000039, Loss: 0.262, SiLoss: 0.262, GradLoss: 0.109
[2025-01-23 02:15:44,196][    INFO] ==========================================================================================
[2025-01-23 02:15:44,197][    INFO]       d1,       d2,       d3,  abs_rel,   sq_rel,     rmse, rmse_log,    log10,    silog
[2025-01-23 02:15:44,197][    INFO]    0.629,    0.823,    0.922,    0.278,    2.573,    6.718,    0.358,    0.103,    0.354
[2025-01-23 02:15:44,197][    INFO] ==========================================================================================

[2025-01-23 02:15:50,428][    INFO] ===========> Epoch: 5/20, d1: 0.632, d2: 0.831, d3: 0.930
[2025-01-23 02:15:50,428][    INFO] ===========> Epoch: 5/20, abs_rel: 0.268, sq_rel: 2.164, rmse: 6.718, rmse_log: 0.348, log10: 0.103, silog: 0.344
[2025-01-23 02:15:52,981][    INFO] Iter: 0/316, LR: 0.0000039, Loss: 0.242, SiLoss: 0.242, GradLoss: 0.102
[2025-01-23 02:17:28,318][    INFO] Iter: 50/316, LR: 0.0000038, Loss: 0.235, SiLoss: 0.235, GradLoss: 0.098
[2025-01-23 02:19:03,767][    INFO] Iter: 100/316, LR: 0.0000038, Loss: 0.269, SiLoss: 0.269, GradLoss: 0.120
[2025-01-23 02:20:39,194][    INFO] Iter: 150/316, LR: 0.0000037, Loss: 0.232, SiLoss: 0.232, GradLoss: 0.097
[2025-01-23 02:22:14,567][    INFO] Iter: 200/316, LR: 0.0000037, Loss: 0.266, SiLoss: 0.266, GradLoss: 0.106
[2025-01-23 02:23:49,872][    INFO] Iter: 250/316, LR: 0.0000037, Loss: 0.260, SiLoss: 0.260, GradLoss: 0.116
[2025-01-23 02:25:25,317][    INFO] Iter: 300/316, LR: 0.0000036, Loss: 0.262, SiLoss: 0.262, GradLoss: 0.120
[2025-01-23 02:26:32,316][    INFO] ==========================================================================================
[2025-01-23 02:26:32,316][    INFO]       d1,       d2,       d3,  abs_rel,   sq_rel,     rmse, rmse_log,    log10,    silog
[2025-01-23 02:26:32,317][    INFO]    0.640,    0.833,    0.928,    0.270,    2.417,    6.497,    0.349,    0.101,    0.344
[2025-01-23 02:26:32,317][    INFO] ==========================================================================================

[2025-01-23 02:26:42,515][    INFO] ===========> Epoch: 6/20, d1: 0.640, d2: 0.833, d3: 0.930
[2025-01-23 02:26:42,515][    INFO] ===========> Epoch: 6/20, abs_rel: 0.268, sq_rel: 2.164, rmse: 6.497, rmse_log: 0.348, log10: 0.101, silog: 0.344
[2025-01-23 02:26:45,114][    INFO] Iter: 0/316, LR: 0.0000036, Loss: 0.243, SiLoss: 0.243, GradLoss: 0.107
[2025-01-23 02:28:20,511][    INFO] Iter: 50/316, LR: 0.0000036, Loss: 0.248, SiLoss: 0.248, GradLoss: 0.110
[2025-01-23 02:29:56,004][    INFO] Iter: 100/316, LR: 0.0000036, Loss: 0.282, SiLoss: 0.282, GradLoss: 0.131
[2025-01-23 02:31:34,800][    INFO] Iter: 150/316, LR: 0.0000035, Loss: 0.269, SiLoss: 0.269, GradLoss: 0.116
[2025-01-23 02:33:10,256][    INFO] Iter: 200/316, LR: 0.0000035, Loss: 0.268, SiLoss: 0.268, GradLoss: 0.108
[2025-01-23 02:34:45,736][    INFO] Iter: 250/316, LR: 0.0000034, Loss: 0.216, SiLoss: 0.216, GradLoss: 0.086
[2025-01-23 02:36:21,203][    INFO] Iter: 300/316, LR: 0.0000034, Loss: 0.259, SiLoss: 0.259, GradLoss: 0.106
[2025-01-23 02:37:28,063][    INFO] ==========================================================================================
[2025-01-23 02:37:28,063][    INFO]       d1,       d2,       d3,  abs_rel,   sq_rel,     rmse, rmse_log,    log10,    silog
[2025-01-23 02:37:28,064][    INFO]    0.619,    0.815,    0.917,    0.267,    2.312,    7.373,    0.364,    0.109,    0.357
[2025-01-23 02:37:28,064][    INFO] ==========================================================================================

[2025-01-23 02:37:34,312][    INFO] ===========> Epoch: 7/20, d1: 0.640, d2: 0.833, d3: 0.930
[2025-01-23 02:37:34,312][    INFO] ===========> Epoch: 7/20, abs_rel: 0.267, sq_rel: 2.164, rmse: 6.497, rmse_log: 0.348, log10: 0.101, silog: 0.344
[2025-01-23 02:37:36,851][    INFO] Iter: 0/316, LR: 0.0000034, Loss: 0.235, SiLoss: 0.235, GradLoss: 0.099
[2025-01-23 02:39:12,139][    INFO] Iter: 50/316, LR: 0.0000034, Loss: 0.240, SiLoss: 0.240, GradLoss: 0.101
[2025-01-23 02:40:47,450][    INFO] Iter: 100/316, LR: 0.0000033, Loss: 0.227, SiLoss: 0.227, GradLoss: 0.100
[2025-01-23 02:42:22,801][    INFO] Iter: 150/316, LR: 0.0000033, Loss: 0.264, SiLoss: 0.264, GradLoss: 0.111
[2025-01-23 02:43:58,208][    INFO] Iter: 200/316, LR: 0.0000032, Loss: 0.243, SiLoss: 0.243, GradLoss: 0.106
[2025-01-23 02:45:33,622][    INFO] Iter: 250/316, LR: 0.0000032, Loss: 0.250, SiLoss: 0.250, GradLoss: 0.109
[2025-01-23 02:47:09,034][    INFO] Iter: 300/316, LR: 0.0000032, Loss: 0.217, SiLoss: 0.217, GradLoss: 0.099
[2025-01-23 02:48:15,921][    INFO] ==========================================================================================
[2025-01-23 02:48:15,921][    INFO]       d1,       d2,       d3,  abs_rel,   sq_rel,     rmse, rmse_log,    log10,    silog
[2025-01-23 02:48:15,922][    INFO]    0.631,    0.825,    0.924,    0.265,    2.266,    7.021,    0.355,    0.106,    0.349
[2025-01-23 02:48:15,922][    INFO] ==========================================================================================

[2025-01-23 02:48:22,170][    INFO] ===========> Epoch: 8/20, d1: 0.640, d2: 0.833, d3: 0.930
[2025-01-23 02:48:22,170][    INFO] ===========> Epoch: 8/20, abs_rel: 0.265, sq_rel: 2.164, rmse: 6.497, rmse_log: 0.348, log10: 0.101, silog: 0.344
[2025-01-23 02:48:24,681][    INFO] Iter: 0/316, LR: 0.0000032, Loss: 0.236, SiLoss: 0.236, GradLoss: 0.102
[2025-01-23 02:50:00,034][    INFO] Iter: 50/316, LR: 0.0000031, Loss: 0.233, SiLoss: 0.233, GradLoss: 0.104
[2025-01-23 02:51:35,469][    INFO] Iter: 100/316, LR: 0.0000031, Loss: 0.220, SiLoss: 0.220, GradLoss: 0.098
[2025-01-23 02:53:10,925][    INFO] Iter: 150/316, LR: 0.0000030, Loss: 0.239, SiLoss: 0.239, GradLoss: 0.106
[2025-01-23 02:54:46,339][    INFO] Iter: 200/316, LR: 0.0000030, Loss: 0.231, SiLoss: 0.231, GradLoss: 0.095
[2025-01-23 02:56:21,775][    INFO] Iter: 250/316, LR: 0.0000030, Loss: 0.243, SiLoss: 0.243, GradLoss: 0.114
[2025-01-23 02:57:57,228][    INFO] Iter: 300/316, LR: 0.0000029, Loss: 0.268, SiLoss: 0.268, GradLoss: 0.119
[2025-01-23 02:59:04,127][    INFO] ==========================================================================================
[2025-01-23 02:59:04,127][    INFO]       d1,       d2,       d3,  abs_rel,   sq_rel,     rmse, rmse_log,    log10,    silog
[2025-01-23 02:59:04,128][    INFO]    0.642,    0.831,    0.925,    0.274,    2.513,    6.600,    0.353,    0.101,    0.349
[2025-01-23 02:59:04,128][    INFO] ==========================================================================================

[2025-01-23 02:59:10,265][    INFO] ===========> Epoch: 9/20, d1: 0.642, d2: 0.833, d3: 0.930
[2025-01-23 02:59:10,265][    INFO] ===========> Epoch: 9/20, abs_rel: 0.265, sq_rel: 2.164, rmse: 6.497, rmse_log: 0.348, log10: 0.101, silog: 0.344
[2025-01-23 02:59:12,851][    INFO] Iter: 0/316, LR: 0.0000029, Loss: 0.221, SiLoss: 0.221, GradLoss: 0.096
[2025-01-23 03:00:48,201][    INFO] Iter: 50/316, LR: 0.0000029, Loss: 0.239, SiLoss: 0.239, GradLoss: 0.109
[2025-01-23 03:02:23,495][    INFO] Iter: 100/316, LR: 0.0000028, Loss: 0.214, SiLoss: 0.214, GradLoss: 0.095
[2025-01-23 03:03:58,973][    INFO] Iter: 150/316, LR: 0.0000028, Loss: 0.268, SiLoss: 0.268, GradLoss: 0.119
[2025-01-23 03:05:34,378][    INFO] Iter: 200/316, LR: 0.0000028, Loss: 0.212, SiLoss: 0.212, GradLoss: 0.094
[2025-01-23 03:07:09,790][    INFO] Iter: 250/316, LR: 0.0000027, Loss: 0.257, SiLoss: 0.257, GradLoss: 0.118
[2025-01-23 03:08:45,187][    INFO] Iter: 300/316, LR: 0.0000027, Loss: 0.236, SiLoss: 0.236, GradLoss: 0.107
[2025-01-23 03:09:52,113][    INFO] ==========================================================================================
[2025-01-23 03:09:52,113][    INFO]       d1,       d2,       d3,  abs_rel,   sq_rel,     rmse, rmse_log,    log10,    silog
[2025-01-23 03:09:52,114][    INFO]    0.636,    0.826,    0.922,    0.271,    2.490,    6.804,    0.357,    0.103,    0.353
[2025-01-23 03:09:52,114][    INFO] ==========================================================================================

[2025-01-23 03:10:20,708][    INFO] ===========> Epoch: 10/20, d1: 0.642, d2: 0.833, d3: 0.930
[2025-01-23 03:10:20,708][    INFO] ===========> Epoch: 10/20, abs_rel: 0.265, sq_rel: 2.164, rmse: 6.497, rmse_log: 0.348, log10: 0.101, silog: 0.344
[2025-01-23 03:10:23,303][    INFO] Iter: 0/316, LR: 0.0000027, Loss: 0.247, SiLoss: 0.247, GradLoss: 0.116
[2025-01-23 03:11:58,563][    INFO] Iter: 50/316, LR: 0.0000026, Loss: 0.277, SiLoss: 0.277, GradLoss: 0.129
[2025-01-23 03:13:34,143][    INFO] Iter: 100/316, LR: 0.0000026, Loss: 0.231, SiLoss: 0.231, GradLoss: 0.104
[2025-01-23 03:15:09,723][    INFO] Iter: 150/316, LR: 0.0000026, Loss: 0.225, SiLoss: 0.225, GradLoss: 0.104
[2025-01-23 03:16:45,275][    INFO] Iter: 200/316, LR: 0.0000025, Loss: 0.239, SiLoss: 0.239, GradLoss: 0.107
[2025-01-23 03:18:20,829][    INFO] Iter: 250/316, LR: 0.0000025, Loss: 0.237, SiLoss: 0.237, GradLoss: 0.107
[2025-01-23 03:19:56,348][    INFO] Iter: 300/316, LR: 0.0000024, Loss: 0.221, SiLoss: 0.221, GradLoss: 0.105
[2025-01-23 03:21:03,306][    INFO] ==========================================================================================
[2025-01-23 03:21:03,306][    INFO]       d1,       d2,       d3,  abs_rel,   sq_rel,     rmse, rmse_log,    log10,    silog
[2025-01-23 03:21:03,306][    INFO]    0.641,    0.831,    0.924,    0.277,    2.571,    6.652,    0.355,    0.102,    0.351
[2025-01-23 03:21:03,306][    INFO] ==========================================================================================

[2025-01-23 03:21:06,928][    INFO] ===========> Epoch: 11/20, d1: 0.642, d2: 0.833, d3: 0.930
[2025-01-23 03:21:06,928][    INFO] ===========> Epoch: 11/20, abs_rel: 0.265, sq_rel: 2.164, rmse: 6.497, rmse_log: 0.348, log10: 0.101, silog: 0.344
[2025-01-23 03:21:09,505][    INFO] Iter: 0/316, LR: 0.0000024, Loss: 0.227, SiLoss: 0.227, GradLoss: 0.112
[2025-01-23 03:22:44,962][    INFO] Iter: 50/316, LR: 0.0000024, Loss: 0.229, SiLoss: 0.229, GradLoss: 0.108
[2025-01-23 03:24:20,425][    INFO] Iter: 100/316, LR: 0.0000024, Loss: 0.244, SiLoss: 0.244, GradLoss: 0.110
[2025-01-23 03:25:55,895][    INFO] Iter: 150/316, LR: 0.0000023, Loss: 0.225, SiLoss: 0.225, GradLoss: 0.106
[2025-01-23 03:27:31,314][    INFO] Iter: 200/316, LR: 0.0000023, Loss: 0.236, SiLoss: 0.236, GradLoss: 0.112
[2025-01-23 03:29:06,620][    INFO] Iter: 250/316, LR: 0.0000022, Loss: 0.244, SiLoss: 0.244, GradLoss: 0.115
[2025-01-23 03:30:42,055][    INFO] Iter: 300/316, LR: 0.0000022, Loss: 0.230, SiLoss: 0.230, GradLoss: 0.109
[2025-01-23 03:31:48,986][    INFO] ==========================================================================================
[2025-01-23 03:31:48,987][    INFO]       d1,       d2,       d3,  abs_rel,   sq_rel,     rmse, rmse_log,    log10,    silog
[2025-01-23 03:31:48,987][    INFO]    0.637,    0.827,    0.922,    0.271,    2.530,    6.748,    0.360,    0.104,    0.355
[2025-01-23 03:31:48,987][    INFO] ==========================================================================================

[2025-01-23 03:31:52,581][    INFO] ===========> Epoch: 12/20, d1: 0.642, d2: 0.833, d3: 0.930
[2025-01-23 03:31:52,581][    INFO] ===========> Epoch: 12/20, abs_rel: 0.265, sq_rel: 2.164, rmse: 6.497, rmse_log: 0.348, log10: 0.101, silog: 0.344
[2025-01-23 03:31:55,171][    INFO] Iter: 0/316, LR: 0.0000022, Loss: 0.226, SiLoss: 0.226, GradLoss: 0.104
[2025-01-23 03:33:30,655][    INFO] Iter: 50/316, LR: 0.0000022, Loss: 0.199, SiLoss: 0.199, GradLoss: 0.092
[2025-01-23 03:35:06,202][    INFO] Iter: 100/316, LR: 0.0000021, Loss: 0.202, SiLoss: 0.202, GradLoss: 0.096
[2025-01-23 03:36:41,718][    INFO] Iter: 150/316, LR: 0.0000021, Loss: 0.240, SiLoss: 0.240, GradLoss: 0.109
[2025-01-23 03:38:17,263][    INFO] Iter: 200/316, LR: 0.0000020, Loss: 0.204, SiLoss: 0.204, GradLoss: 0.092
[2025-01-23 03:39:56,306][    INFO] Iter: 250/316, LR: 0.0000020, Loss: 0.220, SiLoss: 0.220, GradLoss: 0.103
[2025-01-23 03:41:31,920][    INFO] Iter: 300/316, LR: 0.0000020, Loss: 0.237, SiLoss: 0.237, GradLoss: 0.110
[2025-01-23 03:42:38,986][    INFO] ==========================================================================================
[2025-01-23 03:42:38,986][    INFO]       d1,       d2,       d3,  abs_rel,   sq_rel,     rmse, rmse_log,    log10,    silog
[2025-01-23 03:42:38,987][    INFO]    0.637,    0.826,    0.921,    0.274,    2.592,    6.763,    0.360,    0.103,    0.356
[2025-01-23 03:42:38,987][    INFO] ==========================================================================================

[2025-01-23 03:42:45,764][    INFO] ===========> Epoch: 13/20, d1: 0.642, d2: 0.833, d3: 0.930
[2025-01-23 03:42:45,764][    INFO] ===========> Epoch: 13/20, abs_rel: 0.265, sq_rel: 2.164, rmse: 6.497, rmse_log: 0.348, log10: 0.101, silog: 0.344
[2025-01-23 03:42:48,343][    INFO] Iter: 0/316, LR: 0.0000019, Loss: 0.221, SiLoss: 0.221, GradLoss: 0.104
[2025-01-23 03:44:23,795][    INFO] Iter: 50/316, LR: 0.0000019, Loss: 0.220, SiLoss: 0.220, GradLoss: 0.106
[2025-01-23 03:45:59,359][    INFO] Iter: 100/316, LR: 0.0000019, Loss: 0.218, SiLoss: 0.218, GradLoss: 0.102
[2025-01-23 03:47:34,923][    INFO] Iter: 150/316, LR: 0.0000018, Loss: 0.202, SiLoss: 0.202, GradLoss: 0.092
[2025-01-23 03:49:10,446][    INFO] Iter: 200/316, LR: 0.0000018, Loss: 0.236, SiLoss: 0.236, GradLoss: 0.116
[2025-01-23 03:50:45,987][    INFO] Iter: 250/316, LR: 0.0000017, Loss: 0.239, SiLoss: 0.239, GradLoss: 0.113
[2025-01-23 03:52:21,416][    INFO] Iter: 300/316, LR: 0.0000017, Loss: 0.216, SiLoss: 0.216, GradLoss: 0.100
[2025-01-23 03:53:28,242][    INFO] ==========================================================================================
[2025-01-23 03:53:28,242][    INFO]       d1,       d2,       d3,  abs_rel,   sq_rel,     rmse, rmse_log,    log10,    silog
[2025-01-23 03:53:28,243][    INFO]    0.642,    0.829,    0.921,    0.273,    2.565,    6.814,    0.358,    0.101,    0.354
[2025-01-23 03:53:28,243][    INFO] ==========================================================================================

[2025-01-23 03:53:31,824][    INFO] ===========> Epoch: 14/20, d1: 0.642, d2: 0.833, d3: 0.930
[2025-01-23 03:53:31,824][    INFO] ===========> Epoch: 14/20, abs_rel: 0.265, sq_rel: 2.164, rmse: 6.497, rmse_log: 0.348, log10: 0.101, silog: 0.344
[2025-01-23 03:53:34,416][    INFO] Iter: 0/316, LR: 0.0000017, Loss: 0.240, SiLoss: 0.240, GradLoss: 0.117
[2025-01-23 03:55:09,889][    INFO] Iter: 50/316, LR: 0.0000017, Loss: 0.207, SiLoss: 0.207, GradLoss: 0.100
[2025-01-23 03:56:45,384][    INFO] Iter: 100/316, LR: 0.0000016, Loss: 0.206, SiLoss: 0.206, GradLoss: 0.101
[2025-01-23 03:58:20,916][    INFO] Iter: 150/316, LR: 0.0000016, Loss: 0.221, SiLoss: 0.221, GradLoss: 0.100
[2025-01-23 03:59:56,407][    INFO] Iter: 200/316, LR: 0.0000015, Loss: 0.228, SiLoss: 0.228, GradLoss: 0.105
[2025-01-23 04:01:31,867][    INFO] Iter: 250/316, LR: 0.0000015, Loss: 0.225, SiLoss: 0.225, GradLoss: 0.112
[2025-01-23 04:03:07,385][    INFO] Iter: 300/316, LR: 0.0000014, Loss: 0.215, SiLoss: 0.215, GradLoss: 0.104
[2025-01-23 04:04:14,363][    INFO] ==========================================================================================
[2025-01-23 04:04:14,364][    INFO]       d1,       d2,       d3,  abs_rel,   sq_rel,     rmse, rmse_log,    log10,    silog
[2025-01-23 04:04:14,364][    INFO]    0.632,    0.820,    0.917,    0.270,    2.481,    7.101,    0.366,    0.106,    0.359
[2025-01-23 04:04:14,364][    INFO] ==========================================================================================

[2025-01-23 04:04:17,916][    INFO] ===========> Epoch: 15/20, d1: 0.642, d2: 0.833, d3: 0.930
[2025-01-23 04:04:17,917][    INFO] ===========> Epoch: 15/20, abs_rel: 0.265, sq_rel: 2.164, rmse: 6.497, rmse_log: 0.348, log10: 0.101, silog: 0.344
[2025-01-23 04:04:20,490][    INFO] Iter: 0/316, LR: 0.0000014, Loss: 0.229, SiLoss: 0.229, GradLoss: 0.113
[2025-01-23 04:05:55,990][    INFO] Iter: 50/316, LR: 0.0000014, Loss: 0.226, SiLoss: 0.226, GradLoss: 0.103
[2025-01-23 04:07:31,537][    INFO] Iter: 100/316, LR: 0.0000014, Loss: 0.219, SiLoss: 0.219, GradLoss: 0.102
[2025-01-23 04:09:07,108][    INFO] Iter: 150/316, LR: 0.0000013, Loss: 0.197, SiLoss: 0.197, GradLoss: 0.096
[2025-01-23 04:10:42,694][    INFO] Iter: 200/316, LR: 0.0000013, Loss: 0.225, SiLoss: 0.225, GradLoss: 0.107
[2025-01-23 04:12:18,256][    INFO] Iter: 250/316, LR: 0.0000012, Loss: 0.232, SiLoss: 0.232, GradLoss: 0.115
[2025-01-23 04:13:53,837][    INFO] Iter: 300/316, LR: 0.0000012, Loss: 0.197, SiLoss: 0.197, GradLoss: 0.092
[2025-01-23 04:15:00,833][    INFO] ==========================================================================================
[2025-01-23 04:15:00,833][    INFO]       d1,       d2,       d3,  abs_rel,   sq_rel,     rmse, rmse_log,    log10,    silog
[2025-01-23 04:15:00,834][    INFO]    0.647,    0.831,    0.922,    0.275,    2.692,    6.624,    0.358,    0.101,    0.353
[2025-01-23 04:15:00,834][    INFO] ==========================================================================================

[2025-01-23 04:15:07,112][    INFO] ===========> Epoch: 16/20, d1: 0.647, d2: 0.833, d3: 0.930
[2025-01-23 04:15:07,112][    INFO] ===========> Epoch: 16/20, abs_rel: 0.265, sq_rel: 2.164, rmse: 6.497, rmse_log: 0.348, log10: 0.101, silog: 0.344
[2025-01-23 04:15:09,678][    INFO] Iter: 0/316, LR: 0.0000012, Loss: 0.205, SiLoss: 0.205, GradLoss: 0.101
[2025-01-23 04:16:45,225][    INFO] Iter: 50/316, LR: 0.0000011, Loss: 0.217, SiLoss: 0.217, GradLoss: 0.101
[2025-01-23 04:18:20,839][    INFO] Iter: 100/316, LR: 0.0000011, Loss: 0.220, SiLoss: 0.220, GradLoss: 0.103
[2025-01-23 04:19:56,426][    INFO] Iter: 150/316, LR: 0.0000010, Loss: 0.211, SiLoss: 0.211, GradLoss: 0.106
[2025-01-23 04:21:32,036][    INFO] Iter: 200/316, LR: 0.0000010, Loss: 0.224, SiLoss: 0.224, GradLoss: 0.111
[2025-01-23 04:23:07,687][    INFO] Iter: 250/316, LR: 0.0000010, Loss: 0.218, SiLoss: 0.218, GradLoss: 0.106
[2025-01-23 04:24:43,280][    INFO] Iter: 300/316, LR: 0.0000009, Loss: 0.238, SiLoss: 0.238, GradLoss: 0.116
[2025-01-23 04:25:50,209][    INFO] ==========================================================================================
[2025-01-23 04:25:50,209][    INFO]       d1,       d2,       d3,  abs_rel,   sq_rel,     rmse, rmse_log,    log10,    silog
[2025-01-23 04:25:50,209][    INFO]    0.644,    0.827,    0.920,    0.279,    2.708,    6.811,    0.361,    0.103,    0.356
[2025-01-23 04:25:50,210][    INFO] ==========================================================================================

[2025-01-23 04:25:53,751][    INFO] ===========> Epoch: 17/20, d1: 0.647, d2: 0.833, d3: 0.930
[2025-01-23 04:25:53,751][    INFO] ===========> Epoch: 17/20, abs_rel: 0.265, sq_rel: 2.164, rmse: 6.497, rmse_log: 0.348, log10: 0.101, silog: 0.344
[2025-01-23 04:25:56,278][    INFO] Iter: 0/316, LR: 0.0000009, Loss: 0.216, SiLoss: 0.216, GradLoss: 0.097
[2025-01-23 04:27:31,734][    INFO] Iter: 50/316, LR: 0.0000009, Loss: 0.199, SiLoss: 0.199, GradLoss: 0.095
[2025-01-23 04:29:07,250][    INFO] Iter: 100/316, LR: 0.0000008, Loss: 0.209, SiLoss: 0.209, GradLoss: 0.103
[2025-01-23 04:30:42,773][    INFO] Iter: 150/316, LR: 0.0000008, Loss: 0.202, SiLoss: 0.202, GradLoss: 0.099
[2025-01-23 04:32:18,314][    INFO] Iter: 200/316, LR: 0.0000007, Loss: 0.261, SiLoss: 0.261, GradLoss: 0.135
[2025-01-23 04:33:53,923][    INFO] Iter: 250/316, LR: 0.0000007, Loss: 0.213, SiLoss: 0.213, GradLoss: 0.109
[2025-01-23 04:35:29,509][    INFO] Iter: 300/316, LR: 0.0000006, Loss: 0.188, SiLoss: 0.188, GradLoss: 0.090
[2025-01-23 04:36:36,536][    INFO] ==========================================================================================
[2025-01-23 04:36:36,536][    INFO]       d1,       d2,       d3,  abs_rel,   sq_rel,     rmse, rmse_log,    log10,    silog
[2025-01-23 04:36:36,536][    INFO]    0.643,    0.829,    0.920,    0.277,    2.697,    6.792,    0.360,    0.102,    0.356
[2025-01-23 04:36:36,537][    INFO] ==========================================================================================

[2025-01-23 04:36:40,127][    INFO] ===========> Epoch: 18/20, d1: 0.647, d2: 0.833, d3: 0.930
[2025-01-23 04:36:40,128][    INFO] ===========> Epoch: 18/20, abs_rel: 0.265, sq_rel: 2.164, rmse: 6.497, rmse_log: 0.348, log10: 0.101, silog: 0.344
[2025-01-23 04:36:42,707][    INFO] Iter: 0/316, LR: 0.0000006, Loss: 0.210, SiLoss: 0.210, GradLoss: 0.102
[2025-01-23 04:38:18,342][    INFO] Iter: 50/316, LR: 0.0000006, Loss: 0.201, SiLoss: 0.201, GradLoss: 0.101
[2025-01-23 04:39:53,926][    INFO] Iter: 100/316, LR: 0.0000005, Loss: 0.216, SiLoss: 0.216, GradLoss: 0.107
[2025-01-23 04:41:29,588][    INFO] Iter: 150/316, LR: 0.0000005, Loss: 0.213, SiLoss: 0.213, GradLoss: 0.102
[2025-01-23 04:43:05,235][    INFO] Iter: 200/316, LR: 0.0000004, Loss: 0.199, SiLoss: 0.199, GradLoss: 0.092
[2025-01-23 04:44:40,836][    INFO] Iter: 250/316, LR: 0.0000004, Loss: 0.221, SiLoss: 0.221, GradLoss: 0.109
[2025-01-23 04:46:16,393][    INFO] Iter: 300/316, LR: 0.0000004, Loss: 0.223, SiLoss: 0.223, GradLoss: 0.111
[2025-01-23 04:47:26,794][    INFO] ==========================================================================================
[2025-01-23 04:47:26,795][    INFO]       d1,       d2,       d3,  abs_rel,   sq_rel,     rmse, rmse_log,    log10,    silog
[2025-01-23 04:47:26,795][    INFO]    0.642,    0.829,    0.921,    0.276,    2.660,    6.783,    0.359,    0.102,    0.355
[2025-01-23 04:47:26,795][    INFO] ==========================================================================================

[2025-01-23 04:47:30,419][    INFO] ===========> Epoch: 19/20, d1: 0.647, d2: 0.833, d3: 0.930
[2025-01-23 04:47:30,420][    INFO] ===========> Epoch: 19/20, abs_rel: 0.265, sq_rel: 2.164, rmse: 6.497, rmse_log: 0.348, log10: 0.101, silog: 0.344
[2025-01-23 04:47:33,016][    INFO] Iter: 0/316, LR: 0.0000003, Loss: 0.223, SiLoss: 0.223, GradLoss: 0.112
[2025-01-23 04:49:08,518][    INFO] Iter: 50/316, LR: 0.0000003, Loss: 0.209, SiLoss: 0.209, GradLoss: 0.100
[2025-01-23 04:50:44,022][    INFO] Iter: 100/316, LR: 0.0000002, Loss: 0.241, SiLoss: 0.241, GradLoss: 0.121
[2025-01-23 04:52:19,559][    INFO] Iter: 150/316, LR: 0.0000002, Loss: 0.219, SiLoss: 0.219, GradLoss: 0.105
[2025-01-23 04:53:55,092][    INFO] Iter: 200/316, LR: 0.0000001, Loss: 0.196, SiLoss: 0.196, GradLoss: 0.097
[2025-01-23 04:55:30,651][    INFO] Iter: 250/316, LR: 0.0000001, Loss: 0.222, SiLoss: 0.222, GradLoss: 0.109
[2025-01-23 04:57:06,192][    INFO] Iter: 300/316, LR: 0.0000000, Loss: 0.200, SiLoss: 0.200, GradLoss: 0.100
[2025-01-23 04:58:13,174][    INFO] ==========================================================================================
[2025-01-23 04:58:13,175][    INFO]       d1,       d2,       d3,  abs_rel,   sq_rel,     rmse, rmse_log,    log10,    silog
[2025-01-23 04:58:13,175][    INFO]    0.644,    0.830,    0.922,    0.275,    2.643,    6.776,    0.358,    0.101,    0.354
[2025-01-23 04:58:13,175][    INFO] ==========================================================================================

