/home/sph/anaconda3/envs/anything/lib/python3.9/site-packages/torch/distributed/launch.py:183: FutureWarning: The module torch.distributed.launch is deprecated
and will be removed in future. Use torchrun.
Note that --use-env is set by default in torchrun.
If your script expects `--local-rank` argument to be set, please
change it to read from `os.environ['LOCAL_RANK']` instead. See 
https://pytorch.org/docs/stable/distributed.html#launch-utility for 
further instructions

  warnings.warn(
[2025-01-18 15:39:31,245] torch.distributed.run: [WARNING] 
[2025-01-18 15:39:31,245] torch.distributed.run: [WARNING] *****************************************
[2025-01-18 15:39:31,245] torch.distributed.run: [WARNING] Setting OMP_NUM_THREADS environment variable for each process to be 1 in default, to avoid your system being overloaded, please further tune the variable for optimal performance in your application as needed. 
[2025-01-18 15:39:31,245] torch.distributed.run: [WARNING] *****************************************
/home/sph/anaconda3/envs/anything/lib/python3.9/site-packages/timm/models/layers/__init__.py:48: FutureWarning: Importing from timm.models.layers is deprecated, please import via timm.layers
  warnings.warn(f"Importing from {__name__} is deprecated, please import via timm.layers", FutureWarning)
/home/sph/anaconda3/envs/anything/lib/python3.9/site-packages/timm/models/layers/__init__.py:48: FutureWarning: Importing from timm.models.layers is deprecated, please import via timm.layers
  warnings.warn(f"Importing from {__name__} is deprecated, please import via timm.layers", FutureWarning)
[2025-01-18 15:39:33,734][    INFO] {'bs': 24,
 'dataset': 'mvsec_2',
 'depth_anything_pretrained': None,
 'encoder': 'vitl',
 'epochs': 50,
 'event_voxel_chans': 3,
 'finetune_mode': 'decoder',
 'img_size': 266,
 'inv': False,
 'local_rank': 0,
 'lr': 5e-06,
 'max_depth': 1.0,
 'min_depth': 0.0,
 'ngpus': 2,
 'normalized_depth': False,
 'port': 20596,
 'pretrained_from': '/home/sph/event/da2-prompt-tuning/exp/fuse_log_l1_eventscape_fuse_cor_20250114_110446/latest.pth',
 'return_feature': False,
 'save_path': '/home/sph/event/da2-prompt-tuning/exp/epde_metric_mvsec_2_decoder_20250118_153930'}

INFO:dinov2:using MLP layer as FFN
INFO:dinov2:using MLP layer as FFN
INFO:dinov2:using MLP layer as FFN
INFO:dinov2:using MLP layer as FFN
Initializing encoder parameters without pre-trained weights
Initializing encoder parameters without pre-trained weights
Model weights load from /home/sph/event/da2-prompt-tuning/exp/fuse_log_l1_eventscape_fuse_cor_20250114_110446/latest.pth successfully!
Model weights load from /home/sph/event/da2-prompt-tuning/exp/fuse_log_l1_eventscape_fuse_cor_20250114_110446/latest.pth successfully!
The freezing mode of weights is: decoder
The freezing mode of weights is: decoder
[2025-01-18 15:39:51,541][    INFO] Module: module.depth_head.projects.0.weight, Trainable Parameters: 262144
[2025-01-18 15:39:51,542][    INFO] Module: module.depth_head.projects.0.bias, Trainable Parameters: 256
[2025-01-18 15:39:51,542][    INFO] Module: module.depth_head.projects.1.weight, Trainable Parameters: 524288
[2025-01-18 15:39:51,542][    INFO] Module: module.depth_head.projects.1.bias, Trainable Parameters: 512
[2025-01-18 15:39:51,542][    INFO] Module: module.depth_head.projects.2.weight, Trainable Parameters: 1048576
[2025-01-18 15:39:51,542][    INFO] Module: module.depth_head.projects.2.bias, Trainable Parameters: 1024
[2025-01-18 15:39:51,542][    INFO] Module: module.depth_head.projects.3.weight, Trainable Parameters: 1048576
[2025-01-18 15:39:51,542][    INFO] Module: module.depth_head.projects.3.bias, Trainable Parameters: 1024
[2025-01-18 15:39:51,542][    INFO] Module: module.depth_head.resize_layers.0.weight, Trainable Parameters: 1048576
[2025-01-18 15:39:51,542][    INFO] Module: module.depth_head.resize_layers.0.bias, Trainable Parameters: 256
[2025-01-18 15:39:51,542][    INFO] Module: module.depth_head.resize_layers.1.weight, Trainable Parameters: 1048576
[2025-01-18 15:39:51,542][    INFO] Module: module.depth_head.resize_layers.1.bias, Trainable Parameters: 512
[2025-01-18 15:39:51,542][    INFO] Module: module.depth_head.resize_layers.3.weight, Trainable Parameters: 9437184
[2025-01-18 15:39:51,542][    INFO] Module: module.depth_head.resize_layers.3.bias, Trainable Parameters: 1024
[2025-01-18 15:39:51,542][    INFO] Module: module.depth_head.scratch.layer1_rn.weight, Trainable Parameters: 589824
[2025-01-18 15:39:51,542][    INFO] Module: module.depth_head.scratch.layer2_rn.weight, Trainable Parameters: 1179648
[2025-01-18 15:39:51,542][    INFO] Module: module.depth_head.scratch.layer3_rn.weight, Trainable Parameters: 2359296
[2025-01-18 15:39:51,542][    INFO] Module: module.depth_head.scratch.layer4_rn.weight, Trainable Parameters: 2359296
[2025-01-18 15:39:51,542][    INFO] Module: module.depth_head.scratch.refinenet1.out_conv.weight, Trainable Parameters: 65536
[2025-01-18 15:39:51,542][    INFO] Module: module.depth_head.scratch.refinenet1.out_conv.bias, Trainable Parameters: 256
[2025-01-18 15:39:51,542][    INFO] Module: module.depth_head.scratch.refinenet1.resConfUnit1.conv1.weight, Trainable Parameters: 589824
[2025-01-18 15:39:51,542][    INFO] Module: module.depth_head.scratch.refinenet1.resConfUnit1.conv1.bias, Trainable Parameters: 256
[2025-01-18 15:39:51,542][    INFO] Module: module.depth_head.scratch.refinenet1.resConfUnit1.conv2.weight, Trainable Parameters: 589824
[2025-01-18 15:39:51,542][    INFO] Module: module.depth_head.scratch.refinenet1.resConfUnit1.conv2.bias, Trainable Parameters: 256
[2025-01-18 15:39:51,542][    INFO] Module: module.depth_head.scratch.refinenet1.resConfUnit2.conv1.weight, Trainable Parameters: 589824
[2025-01-18 15:39:51,542][    INFO] Module: module.depth_head.scratch.refinenet1.resConfUnit2.conv1.bias, Trainable Parameters: 256
[2025-01-18 15:39:51,542][    INFO] Module: module.depth_head.scratch.refinenet1.resConfUnit2.conv2.weight, Trainable Parameters: 589824
[2025-01-18 15:39:51,542][    INFO] Module: module.depth_head.scratch.refinenet1.resConfUnit2.conv2.bias, Trainable Parameters: 256
[2025-01-18 15:39:51,542][    INFO] Module: module.depth_head.scratch.refinenet2.out_conv.weight, Trainable Parameters: 65536
[2025-01-18 15:39:51,542][    INFO] Module: module.depth_head.scratch.refinenet2.out_conv.bias, Trainable Parameters: 256
[2025-01-18 15:39:51,542][    INFO] Module: module.depth_head.scratch.refinenet2.resConfUnit1.conv1.weight, Trainable Parameters: 589824
[2025-01-18 15:39:51,542][    INFO] Module: module.depth_head.scratch.refinenet2.resConfUnit1.conv1.bias, Trainable Parameters: 256
[2025-01-18 15:39:51,542][    INFO] Module: module.depth_head.scratch.refinenet2.resConfUnit1.conv2.weight, Trainable Parameters: 589824
[2025-01-18 15:39:51,542][    INFO] Module: module.depth_head.scratch.refinenet2.resConfUnit1.conv2.bias, Trainable Parameters: 256
[2025-01-18 15:39:51,542][    INFO] Module: module.depth_head.scratch.refinenet2.resConfUnit2.conv1.weight, Trainable Parameters: 589824
[2025-01-18 15:39:51,542][    INFO] Module: module.depth_head.scratch.refinenet2.resConfUnit2.conv1.bias, Trainable Parameters: 256
[2025-01-18 15:39:51,542][    INFO] Module: module.depth_head.scratch.refinenet2.resConfUnit2.conv2.weight, Trainable Parameters: 589824
[2025-01-18 15:39:51,542][    INFO] Module: module.depth_head.scratch.refinenet2.resConfUnit2.conv2.bias, Trainable Parameters: 256
[2025-01-18 15:39:51,542][    INFO] Module: module.depth_head.scratch.refinenet3.out_conv.weight, Trainable Parameters: 65536
[2025-01-18 15:39:51,542][    INFO] Module: module.depth_head.scratch.refinenet3.out_conv.bias, Trainable Parameters: 256
[2025-01-18 15:39:51,542][    INFO] Module: module.depth_head.scratch.refinenet3.resConfUnit1.conv1.weight, Trainable Parameters: 589824
[2025-01-18 15:39:51,542][    INFO] Module: module.depth_head.scratch.refinenet3.resConfUnit1.conv1.bias, Trainable Parameters: 256
[2025-01-18 15:39:51,542][    INFO] Module: module.depth_head.scratch.refinenet3.resConfUnit1.conv2.weight, Trainable Parameters: 589824
[2025-01-18 15:39:51,542][    INFO] Module: module.depth_head.scratch.refinenet3.resConfUnit1.conv2.bias, Trainable Parameters: 256
[2025-01-18 15:39:51,543][    INFO] Module: module.depth_head.scratch.refinenet3.resConfUnit2.conv1.weight, Trainable Parameters: 589824
[2025-01-18 15:39:51,543][    INFO] Module: module.depth_head.scratch.refinenet3.resConfUnit2.conv1.bias, Trainable Parameters: 256
[2025-01-18 15:39:51,543][    INFO] Module: module.depth_head.scratch.refinenet3.resConfUnit2.conv2.weight, Trainable Parameters: 589824
[2025-01-18 15:39:51,543][    INFO] Module: module.depth_head.scratch.refinenet3.resConfUnit2.conv2.bias, Trainable Parameters: 256
[2025-01-18 15:39:51,543][    INFO] Module: module.depth_head.scratch.refinenet4.out_conv.weight, Trainable Parameters: 65536
[2025-01-18 15:39:51,543][    INFO] Module: module.depth_head.scratch.refinenet4.out_conv.bias, Trainable Parameters: 256
[2025-01-18 15:39:51,543][    INFO] Module: module.depth_head.scratch.refinenet4.resConfUnit1.conv1.weight, Trainable Parameters: 589824
[2025-01-18 15:39:51,543][    INFO] Module: module.depth_head.scratch.refinenet4.resConfUnit1.conv1.bias, Trainable Parameters: 256
[2025-01-18 15:39:51,543][    INFO] Module: module.depth_head.scratch.refinenet4.resConfUnit1.conv2.weight, Trainable Parameters: 589824
[2025-01-18 15:39:51,543][    INFO] Module: module.depth_head.scratch.refinenet4.resConfUnit1.conv2.bias, Trainable Parameters: 256
[2025-01-18 15:39:51,543][    INFO] Module: module.depth_head.scratch.refinenet4.resConfUnit2.conv1.weight, Trainable Parameters: 589824
[2025-01-18 15:39:51,543][    INFO] Module: module.depth_head.scratch.refinenet4.resConfUnit2.conv1.bias, Trainable Parameters: 256
[2025-01-18 15:39:51,543][    INFO] Module: module.depth_head.scratch.refinenet4.resConfUnit2.conv2.weight, Trainable Parameters: 589824
[2025-01-18 15:39:51,543][    INFO] Module: module.depth_head.scratch.refinenet4.resConfUnit2.conv2.bias, Trainable Parameters: 256
[2025-01-18 15:39:51,543][    INFO] Module: module.depth_head.scratch.output_conv1.weight, Trainable Parameters: 294912
[2025-01-18 15:39:51,543][    INFO] Module: module.depth_head.scratch.output_conv1.bias, Trainable Parameters: 128
[2025-01-18 15:39:51,543][    INFO] Module: module.depth_head.scratch.output_conv2.0.weight, Trainable Parameters: 36864
[2025-01-18 15:39:51,543][    INFO] Module: module.depth_head.scratch.output_conv2.0.bias, Trainable Parameters: 32
[2025-01-18 15:39:51,543][    INFO] Module: module.depth_head.scratch.output_conv2.2.weight, Trainable Parameters: 32
[2025-01-18 15:39:51,543][    INFO] Module: module.depth_head.scratch.output_conv2.2.bias, Trainable Parameters: 1
[2025-01-18 15:39:51,545][    INFO] Total Trainable Parameters: 30947009
[2025-01-18 15:39:51,545][    INFO] ===========> Epoch: 0/50, d1: 0.000, d2: 0.000, d3: 0.000
[2025-01-18 15:39:51,545][    INFO] ===========> Epoch: 0/50, abs_rel: 100.000, sq_rel: 100.000, rmse: 100.000, rmse_log: 100.000, log10: 100.000, silog: 100.000
/home/sph/anaconda3/envs/anything/lib/python3.9/site-packages/torch/autograd/__init__.py:266: UserWarning: Grad strides do not match bucket view strides. This may indicate grad was not created according to the gradient layout contract, or that the param's strides changed since DDP was constructed.  This is not an error, but may impair performance.
grad.sizes() = [1, 32, 1, 1], strides() = [32, 1, 32, 32]
bucket_view.sizes() = [1, 32, 1, 1], strides() = [32, 1, 1, 1] (Triggered internally at ../torch/csrc/distributed/c10d/reducer.cpp:322.)
  Variable._execution_engine.run_backward(  # Calls into the C++ engine to run the backward pass
/home/sph/anaconda3/envs/anything/lib/python3.9/site-packages/torch/autograd/__init__.py:266: UserWarning: Grad strides do not match bucket view strides. This may indicate grad was not created according to the gradient layout contract, or that the param's strides changed since DDP was constructed.  This is not an error, but may impair performance.
grad.sizes() = [1, 32, 1, 1], strides() = [32, 1, 32, 32]
bucket_view.sizes() = [1, 32, 1, 1], strides() = [32, 1, 1, 1] (Triggered internally at ../torch/csrc/distributed/c10d/reducer.cpp:322.)
  Variable._execution_engine.run_backward(  # Calls into the C++ engine to run the backward pass
[2025-01-18 15:40:00,490][    INFO] Iter: 0/269, LR: 0.0000050, Loss: 246.986, SiLoss: 234.907, GradLoss: 48.318
[2025-01-18 15:43:14,056][    INFO] Iter: 100/269, LR: 0.0000050, Loss: 47.810, SiLoss: 37.193, GradLoss: 42.469
[2025-01-18 15:46:29,827][    INFO] Iter: 200/269, LR: 0.0000049, Loss: 43.636, SiLoss: 34.272, GradLoss: 37.453
tensor([526.], device='cuda:1')
tensor([1052.], device='cuda:0')
[2025-01-18 15:49:22,991][    INFO] ==========================================================================================
[2025-01-18 15:49:22,991][    INFO]       d1,       d2,       d3,  abs_rel,   sq_rel,     rmse, rmse_log,    log10,    silog
[2025-01-18 15:49:22,991][    INFO]    0.596,    0.808,    0.915,    0.341,    3.072,    6.514,    0.378,    0.113,    0.366
[2025-01-18 15:49:22,991][    INFO] ==========================================================================================

[2025-01-18 15:49:32,746][    INFO] ===========> Epoch: 1/50, d1: 0.596, d2: 0.808, d3: 0.915
[2025-01-18 15:49:32,746][    INFO] ===========> Epoch: 1/50, abs_rel: 0.341, sq_rel: 3.072, rmse: 6.514, rmse_log: 0.378, log10: 0.113, silog: 0.366
[2025-01-18 15:49:35,329][    INFO] Iter: 0/269, LR: 0.0000049, Loss: 37.921, SiLoss: 28.937, GradLoss: 35.936
[2025-01-18 15:52:51,371][    INFO] Iter: 100/269, LR: 0.0000049, Loss: 38.298, SiLoss: 29.136, GradLoss: 36.650
[2025-01-18 15:56:07,688][    INFO] Iter: 200/269, LR: 0.0000048, Loss: 36.471, SiLoss: 27.570, GradLoss: 35.608
tensor([526.], device='cuda:1')
tensor([1052.], device='cuda:0')
[2025-01-18 15:59:00,629][    INFO] ==========================================================================================
[2025-01-18 15:59:00,630][    INFO]       d1,       d2,       d3,  abs_rel,   sq_rel,     rmse, rmse_log,    log10,    silog
[2025-01-18 15:59:00,630][    INFO]    0.612,    0.823,    0.923,    0.308,    2.688,    6.456,    0.360,    0.108,    0.353
[2025-01-18 15:59:00,630][    INFO] ==========================================================================================

[2025-01-18 15:59:12,126][    INFO] ===========> Epoch: 2/50, d1: 0.612, d2: 0.823, d3: 0.923
[2025-01-18 15:59:12,127][    INFO] ===========> Epoch: 2/50, abs_rel: 0.308, sq_rel: 2.688, rmse: 6.456, rmse_log: 0.360, log10: 0.108, silog: 0.353
[2025-01-18 15:59:14,673][    INFO] Iter: 0/269, LR: 0.0000048, Loss: 33.835, SiLoss: 25.440, GradLoss: 33.580
[2025-01-18 16:02:30,862][    INFO] Iter: 100/269, LR: 0.0000048, Loss: 35.161, SiLoss: 26.186, GradLoss: 35.901
[2025-01-18 16:05:47,379][    INFO] Iter: 200/269, LR: 0.0000048, Loss: 35.017, SiLoss: 26.581, GradLoss: 33.744
tensor([526.], device='cuda:1')
tensor([1052.], device='cuda:0')
[2025-01-18 16:08:40,477][    INFO] ==========================================================================================
[2025-01-18 16:08:40,477][    INFO]       d1,       d2,       d3,  abs_rel,   sq_rel,     rmse, rmse_log,    log10,    silog
[2025-01-18 16:08:40,477][    INFO]    0.604,    0.820,    0.925,    0.308,    2.688,    6.394,    0.359,    0.107,    0.350
[2025-01-18 16:08:40,477][    INFO] ==========================================================================================

[2025-01-18 16:08:46,732][    INFO] ===========> Epoch: 3/50, d1: 0.612, d2: 0.823, d3: 0.925
[2025-01-18 16:08:46,732][    INFO] ===========> Epoch: 3/50, abs_rel: 0.308, sq_rel: 2.688, rmse: 6.394, rmse_log: 0.359, log10: 0.107, silog: 0.350
[2025-01-18 16:08:49,268][    INFO] Iter: 0/269, LR: 0.0000047, Loss: 34.085, SiLoss: 24.869, GradLoss: 36.863
[2025-01-18 16:12:05,433][    INFO] Iter: 100/269, LR: 0.0000047, Loss: 33.818, SiLoss: 25.243, GradLoss: 34.303
[2025-01-18 16:15:21,880][    INFO] Iter: 200/269, LR: 0.0000047, Loss: 33.196, SiLoss: 24.976, GradLoss: 32.881
tensor([526.], device='cuda:1')
tensor([1052.], device='cuda:0')
[2025-01-18 16:18:14,993][    INFO] ==========================================================================================
[2025-01-18 16:18:14,993][    INFO]       d1,       d2,       d3,  abs_rel,   sq_rel,     rmse, rmse_log,    log10,    silog
[2025-01-18 16:18:14,993][    INFO]    0.619,    0.824,    0.922,    0.309,    2.816,    6.406,    0.360,    0.105,    0.352
[2025-01-18 16:18:14,993][    INFO] ==========================================================================================

[2025-01-18 16:18:21,177][    INFO] ===========> Epoch: 4/50, d1: 0.619, d2: 0.824, d3: 0.925
[2025-01-18 16:18:21,177][    INFO] ===========> Epoch: 4/50, abs_rel: 0.308, sq_rel: 2.688, rmse: 6.394, rmse_log: 0.359, log10: 0.105, silog: 0.350
[2025-01-18 16:18:23,711][    INFO] Iter: 0/269, LR: 0.0000046, Loss: 31.198, SiLoss: 23.472, GradLoss: 30.904
[2025-01-18 16:21:40,311][    INFO] Iter: 100/269, LR: 0.0000046, Loss: 31.485, SiLoss: 23.467, GradLoss: 32.072
[2025-01-18 16:24:57,008][    INFO] Iter: 200/269, LR: 0.0000046, Loss: 32.424, SiLoss: 24.624, GradLoss: 31.201
tensor([526.], device='cuda:1')
tensor([1052.], device='cuda:0')
[2025-01-18 16:27:50,107][    INFO] ==========================================================================================
[2025-01-18 16:27:50,107][    INFO]       d1,       d2,       d3,  abs_rel,   sq_rel,     rmse, rmse_log,    log10,    silog
[2025-01-18 16:27:50,107][    INFO]    0.629,    0.837,    0.930,    0.284,    2.611,    6.317,    0.348,    0.102,    0.343
[2025-01-18 16:27:50,107][    INFO] ==========================================================================================

[2025-01-18 16:28:01,676][    INFO] ===========> Epoch: 5/50, d1: 0.629, d2: 0.837, d3: 0.930
[2025-01-18 16:28:01,677][    INFO] ===========> Epoch: 5/50, abs_rel: 0.284, sq_rel: 2.611, rmse: 6.317, rmse_log: 0.348, log10: 0.102, silog: 0.343
[2025-01-18 16:28:04,215][    INFO] Iter: 0/269, LR: 0.0000045, Loss: 27.466, SiLoss: 19.421, GradLoss: 32.181
[2025-01-18 16:31:20,383][    INFO] Iter: 100/269, LR: 0.0000045, Loss: 29.420, SiLoss: 21.706, GradLoss: 30.855
[2025-01-18 16:34:36,851][    INFO] Iter: 200/269, LR: 0.0000045, Loss: 29.316, SiLoss: 21.891, GradLoss: 29.699
tensor([526.], device='cuda:1')
tensor([1052.], device='cuda:0')
[2025-01-18 16:37:29,805][    INFO] ==========================================================================================
[2025-01-18 16:37:29,805][    INFO]       d1,       d2,       d3,  abs_rel,   sq_rel,     rmse, rmse_log,    log10,    silog
[2025-01-18 16:37:29,805][    INFO]    0.623,    0.827,    0.927,    0.283,    2.551,    6.597,    0.352,    0.104,    0.348
[2025-01-18 16:37:29,805][    INFO] ==========================================================================================

[2025-01-18 16:37:36,003][    INFO] ===========> Epoch: 6/50, d1: 0.629, d2: 0.837, d3: 0.930
[2025-01-18 16:37:36,004][    INFO] ===========> Epoch: 6/50, abs_rel: 0.283, sq_rel: 2.551, rmse: 6.317, rmse_log: 0.348, log10: 0.102, silog: 0.343
[2025-01-18 16:37:38,579][    INFO] Iter: 0/269, LR: 0.0000045, Loss: 30.387, SiLoss: 22.467, GradLoss: 31.680
[2025-01-18 16:40:55,119][    INFO] Iter: 100/269, LR: 0.0000044, Loss: 25.090, SiLoss: 17.673, GradLoss: 29.668
[2025-01-18 16:44:11,743][    INFO] Iter: 200/269, LR: 0.0000044, Loss: 24.253, SiLoss: 16.534, GradLoss: 30.876
tensor([526.], device='cuda:1')
tensor([1052.], device='cuda:0')
[2025-01-18 16:47:04,897][    INFO] ==========================================================================================
[2025-01-18 16:47:04,897][    INFO]       d1,       d2,       d3,  abs_rel,   sq_rel,     rmse, rmse_log,    log10,    silog
[2025-01-18 16:47:04,897][    INFO]    0.624,    0.820,    0.925,    0.292,    2.681,    6.481,    0.357,    0.104,    0.351
[2025-01-18 16:47:04,898][    INFO] ==========================================================================================

[2025-01-18 16:47:08,939][    INFO] ===========> Epoch: 7/50, d1: 0.629, d2: 0.837, d3: 0.930
[2025-01-18 16:47:08,939][    INFO] ===========> Epoch: 7/50, abs_rel: 0.283, sq_rel: 2.551, rmse: 6.317, rmse_log: 0.348, log10: 0.102, silog: 0.343
[2025-01-18 16:47:11,479][    INFO] Iter: 0/269, LR: 0.0000044, Loss: 27.627, SiLoss: 20.307, GradLoss: 29.283
[2025-01-18 16:50:27,910][    INFO] Iter: 100/269, LR: 0.0000043, Loss: 26.535, SiLoss: 19.203, GradLoss: 29.329
[2025-01-18 16:53:47,830][    INFO] Iter: 200/269, LR: 0.0000043, Loss: 27.574, SiLoss: 19.831, GradLoss: 30.970
tensor([526.], device='cuda:1')
tensor([1052.], device='cuda:0')
[2025-01-18 16:56:40,952][    INFO] ==========================================================================================
[2025-01-18 16:56:40,952][    INFO]       d1,       d2,       d3,  abs_rel,   sq_rel,     rmse, rmse_log,    log10,    silog
[2025-01-18 16:56:40,952][    INFO]    0.625,    0.820,    0.921,    0.303,    3.020,    6.601,    0.364,    0.105,    0.358
[2025-01-18 16:56:40,952][    INFO] ==========================================================================================

[2025-01-18 16:56:44,514][    INFO] ===========> Epoch: 8/50, d1: 0.629, d2: 0.837, d3: 0.930
[2025-01-18 16:56:44,514][    INFO] ===========> Epoch: 8/50, abs_rel: 0.283, sq_rel: 2.551, rmse: 6.317, rmse_log: 0.348, log10: 0.102, silog: 0.343
[2025-01-18 16:56:47,039][    INFO] Iter: 0/269, LR: 0.0000043, Loss: 23.078, SiLoss: 15.541, GradLoss: 30.150
[2025-01-18 17:00:03,691][    INFO] Iter: 100/269, LR: 0.0000042, Loss: 26.159, SiLoss: 18.240, GradLoss: 31.675
[2025-01-18 17:03:20,311][    INFO] Iter: 200/269, LR: 0.0000042, Loss: 26.080, SiLoss: 18.923, GradLoss: 28.631
tensor([526.], device='cuda:1')
tensor([1052.], device='cuda:0')
[2025-01-18 17:06:13,495][    INFO] ==========================================================================================
[2025-01-18 17:06:13,496][    INFO]       d1,       d2,       d3,  abs_rel,   sq_rel,     rmse, rmse_log,    log10,    silog
[2025-01-18 17:06:13,496][    INFO]    0.629,    0.826,    0.928,    0.288,    2.627,    6.714,    0.355,    0.106,    0.351
[2025-01-18 17:06:13,496][    INFO] ==========================================================================================

[2025-01-18 17:06:19,616][    INFO] ===========> Epoch: 9/50, d1: 0.629, d2: 0.837, d3: 0.930
[2025-01-18 17:06:19,616][    INFO] ===========> Epoch: 9/50, abs_rel: 0.283, sq_rel: 2.551, rmse: 6.317, rmse_log: 0.348, log10: 0.102, silog: 0.343
[2025-01-18 17:06:22,197][    INFO] Iter: 0/269, LR: 0.0000042, Loss: 27.180, SiLoss: 19.803, GradLoss: 29.505
[2025-01-18 17:09:38,675][    INFO] Iter: 100/269, LR: 0.0000041, Loss: 27.402, SiLoss: 19.869, GradLoss: 30.130
[2025-01-18 17:12:55,218][    INFO] Iter: 200/269, LR: 0.0000041, Loss: 26.007, SiLoss: 18.683, GradLoss: 29.295
tensor([526.], device='cuda:1')
tensor([1052.], device='cuda:0')
[2025-01-18 17:15:48,269][    INFO] ==========================================================================================
[2025-01-18 17:15:48,269][    INFO]       d1,       d2,       d3,  abs_rel,   sq_rel,     rmse, rmse_log,    log10,    silog
[2025-01-18 17:15:48,270][    INFO]    0.635,    0.831,    0.928,    0.287,    2.659,    6.434,    0.351,    0.104,    0.347
[2025-01-18 17:15:48,270][    INFO] ==========================================================================================

[2025-01-18 17:15:54,596][    INFO] ===========> Epoch: 10/50, d1: 0.635, d2: 0.837, d3: 0.930
[2025-01-18 17:15:54,596][    INFO] ===========> Epoch: 10/50, abs_rel: 0.283, sq_rel: 2.551, rmse: 6.317, rmse_log: 0.348, log10: 0.102, silog: 0.343
[2025-01-18 17:15:57,125][    INFO] Iter: 0/269, LR: 0.0000041, Loss: 20.418, SiLoss: 14.348, GradLoss: 24.283
[2025-01-18 17:19:13,667][    INFO] Iter: 100/269, LR: 0.0000041, Loss: 25.227, SiLoss: 17.817, GradLoss: 29.639
[2025-01-18 17:22:30,407][    INFO] Iter: 200/269, LR: 0.0000040, Loss: 22.259, SiLoss: 15.572, GradLoss: 26.748
tensor([526.], device='cuda:1')
tensor([1052.], device='cuda:0')
[2025-01-18 17:25:23,611][    INFO] ==========================================================================================
[2025-01-18 17:25:23,611][    INFO]       d1,       d2,       d3,  abs_rel,   sq_rel,     rmse, rmse_log,    log10,    silog
[2025-01-18 17:25:23,611][    INFO]    0.617,    0.817,    0.922,    0.303,    2.742,    6.589,    0.364,    0.108,    0.358
[2025-01-18 17:25:23,611][    INFO] ==========================================================================================

[2025-01-18 17:25:27,174][    INFO] ===========> Epoch: 11/50, d1: 0.635, d2: 0.837, d3: 0.930
[2025-01-18 17:25:27,174][    INFO] ===========> Epoch: 11/50, abs_rel: 0.283, sq_rel: 2.551, rmse: 6.317, rmse_log: 0.348, log10: 0.102, silog: 0.343
[2025-01-18 17:25:29,768][    INFO] Iter: 0/269, LR: 0.0000040, Loss: 26.866, SiLoss: 19.639, GradLoss: 28.909
[2025-01-18 17:28:46,363][    INFO] Iter: 100/269, LR: 0.0000040, Loss: 24.041, SiLoss: 16.825, GradLoss: 28.862
[2025-01-18 17:32:02,920][    INFO] Iter: 200/269, LR: 0.0000039, Loss: 22.601, SiLoss: 16.036, GradLoss: 26.257
tensor([526.], device='cuda:1')
tensor([1052.], device='cuda:0')
[2025-01-18 17:34:56,016][    INFO] ==========================================================================================
[2025-01-18 17:34:56,016][    INFO]       d1,       d2,       d3,  abs_rel,   sq_rel,     rmse, rmse_log,    log10,    silog
[2025-01-18 17:34:56,016][    INFO]    0.633,    0.826,    0.922,    0.291,    2.775,    6.615,    0.359,    0.103,    0.354
[2025-01-18 17:34:56,017][    INFO] ==========================================================================================

[2025-01-18 17:34:59,633][    INFO] ===========> Epoch: 12/50, d1: 0.635, d2: 0.837, d3: 0.930
[2025-01-18 17:34:59,633][    INFO] ===========> Epoch: 12/50, abs_rel: 0.283, sq_rel: 2.551, rmse: 6.317, rmse_log: 0.348, log10: 0.102, silog: 0.343
[2025-01-18 17:35:02,165][    INFO] Iter: 0/269, LR: 0.0000039, Loss: 21.539, SiLoss: 15.071, GradLoss: 25.871
[2025-01-18 17:38:18,723][    INFO] Iter: 100/269, LR: 0.0000039, Loss: 22.589, SiLoss: 15.773, GradLoss: 27.263
[2025-01-18 17:41:35,407][    INFO] Iter: 200/269, LR: 0.0000038, Loss: 21.589, SiLoss: 14.305, GradLoss: 29.136
tensor([526.], device='cuda:1')
tensor([1052.], device='cuda:0')
[2025-01-18 17:44:28,732][    INFO] ==========================================================================================
[2025-01-18 17:44:28,732][    INFO]       d1,       d2,       d3,  abs_rel,   sq_rel,     rmse, rmse_log,    log10,    silog
[2025-01-18 17:44:28,733][    INFO]    0.637,    0.830,    0.926,    0.288,    2.677,    6.514,    0.354,    0.103,    0.349
[2025-01-18 17:44:28,733][    INFO] ==========================================================================================

[2025-01-18 17:44:34,867][    INFO] ===========> Epoch: 13/50, d1: 0.637, d2: 0.837, d3: 0.930
[2025-01-18 17:44:34,867][    INFO] ===========> Epoch: 13/50, abs_rel: 0.283, sq_rel: 2.551, rmse: 6.317, rmse_log: 0.348, log10: 0.102, silog: 0.343
[2025-01-18 17:44:37,456][    INFO] Iter: 0/269, LR: 0.0000038, Loss: 24.378, SiLoss: 16.296, GradLoss: 32.326
[2025-01-18 17:47:53,971][    INFO] Iter: 100/269, LR: 0.0000038, Loss: 21.231, SiLoss: 14.605, GradLoss: 26.506
[2025-01-18 17:51:10,639][    INFO] Iter: 200/269, LR: 0.0000037, Loss: 23.633, SiLoss: 16.145, GradLoss: 29.950
tensor([526.], device='cuda:1')
tensor([1052.], device='cuda:0')
[2025-01-18 17:54:03,882][    INFO] ==========================================================================================
[2025-01-18 17:54:03,882][    INFO]       d1,       d2,       d3,  abs_rel,   sq_rel,     rmse, rmse_log,    log10,    silog
[2025-01-18 17:54:03,883][    INFO]    0.640,    0.835,    0.930,    0.287,    2.579,    6.425,    0.349,    0.104,    0.345
[2025-01-18 17:54:03,883][    INFO] ==========================================================================================

[2025-01-18 17:54:13,388][    INFO] ===========> Epoch: 14/50, d1: 0.640, d2: 0.837, d3: 0.930
[2025-01-18 17:54:13,388][    INFO] ===========> Epoch: 14/50, abs_rel: 0.283, sq_rel: 2.551, rmse: 6.317, rmse_log: 0.348, log10: 0.102, silog: 0.343
[2025-01-18 17:54:15,929][    INFO] Iter: 0/269, LR: 0.0000037, Loss: 20.206, SiLoss: 13.428, GradLoss: 27.114
[2025-01-18 17:57:32,325][    INFO] Iter: 100/269, LR: 0.0000037, Loss: 24.614, SiLoss: 16.976, GradLoss: 30.553
[2025-01-18 18:00:48,483][    INFO] Iter: 200/269, LR: 0.0000037, Loss: 24.639, SiLoss: 17.212, GradLoss: 29.707
tensor([526.], device='cuda:1')
tensor([1052.], device='cuda:0')
[2025-01-18 18:03:44,382][    INFO] ==========================================================================================
[2025-01-18 18:03:44,382][    INFO]       d1,       d2,       d3,  abs_rel,   sq_rel,     rmse, rmse_log,    log10,    silog
[2025-01-18 18:03:44,383][    INFO]    0.641,    0.831,    0.926,    0.284,    2.634,    6.471,    0.352,    0.101,    0.347
[2025-01-18 18:03:44,383][    INFO] ==========================================================================================

[2025-01-18 18:03:50,591][    INFO] ===========> Epoch: 15/50, d1: 0.641, d2: 0.837, d3: 0.930
[2025-01-18 18:03:50,591][    INFO] ===========> Epoch: 15/50, abs_rel: 0.283, sq_rel: 2.551, rmse: 6.317, rmse_log: 0.348, log10: 0.101, silog: 0.343
[2025-01-18 18:03:53,133][    INFO] Iter: 0/269, LR: 0.0000036, Loss: 21.499, SiLoss: 14.399, GradLoss: 28.397
[2025-01-18 18:07:08,867][    INFO] Iter: 100/269, LR: 0.0000036, Loss: 22.395, SiLoss: 15.159, GradLoss: 28.944
[2025-01-18 18:10:24,905][    INFO] Iter: 200/269, LR: 0.0000036, Loss: 23.418, SiLoss: 15.733, GradLoss: 30.737
tensor([526.], device='cuda:1')
tensor([1052.], device='cuda:0')
[2025-01-18 18:13:17,383][    INFO] ==========================================================================================
[2025-01-18 18:13:17,383][    INFO]       d1,       d2,       d3,  abs_rel,   sq_rel,     rmse, rmse_log,    log10,    silog
[2025-01-18 18:13:17,383][    INFO]    0.636,    0.827,    0.924,    0.280,    2.581,    6.634,    0.355,    0.102,    0.350
[2025-01-18 18:13:17,383][    INFO] ==========================================================================================

[2025-01-18 18:13:23,601][    INFO] ===========> Epoch: 16/50, d1: 0.641, d2: 0.837, d3: 0.930
[2025-01-18 18:13:23,601][    INFO] ===========> Epoch: 16/50, abs_rel: 0.280, sq_rel: 2.551, rmse: 6.317, rmse_log: 0.348, log10: 0.101, silog: 0.343
[2025-01-18 18:13:26,155][    INFO] Iter: 0/269, LR: 0.0000035, Loss: 22.337, SiLoss: 15.409, GradLoss: 27.709
[2025-01-18 18:16:41,995][    INFO] Iter: 100/269, LR: 0.0000035, Loss: 21.897, SiLoss: 14.605, GradLoss: 29.170
[2025-01-18 18:19:58,054][    INFO] Iter: 200/269, LR: 0.0000035, Loss: 21.631, SiLoss: 14.633, GradLoss: 27.989
tensor([526.], device='cuda:1')
tensor([1052.], device='cuda:0')
[2025-01-18 18:22:50,542][    INFO] ==========================================================================================
[2025-01-18 18:22:50,542][    INFO]       d1,       d2,       d3,  abs_rel,   sq_rel,     rmse, rmse_log,    log10,    silog
[2025-01-18 18:22:50,542][    INFO]    0.631,    0.826,    0.923,    0.283,    2.639,    6.604,    0.357,    0.103,    0.353
[2025-01-18 18:22:50,542][    INFO] ==========================================================================================

[2025-01-18 18:23:04,299][    INFO] ===========> Epoch: 17/50, d1: 0.641, d2: 0.837, d3: 0.930
[2025-01-18 18:23:04,300][    INFO] ===========> Epoch: 17/50, abs_rel: 0.280, sq_rel: 2.551, rmse: 6.317, rmse_log: 0.348, log10: 0.101, silog: 0.343
[2025-01-18 18:23:06,815][    INFO] Iter: 0/269, LR: 0.0000034, Loss: 22.428, SiLoss: 15.448, GradLoss: 27.921
[2025-01-18 18:26:22,204][    INFO] Iter: 100/269, LR: 0.0000034, Loss: 20.203, SiLoss: 13.801, GradLoss: 25.612
[2025-01-18 18:29:37,980][    INFO] Iter: 200/269, LR: 0.0000034, Loss: 24.537, SiLoss: 16.739, GradLoss: 31.193
tensor([526.], device='cuda:1')
tensor([1052.], device='cuda:0')
[2025-01-18 18:32:30,302][    INFO] ==========================================================================================
[2025-01-18 18:32:30,302][    INFO]       d1,       d2,       d3,  abs_rel,   sq_rel,     rmse, rmse_log,    log10,    silog
[2025-01-18 18:32:30,302][    INFO]    0.637,    0.828,    0.924,    0.278,    2.545,    6.695,    0.354,    0.102,    0.350
[2025-01-18 18:32:30,302][    INFO] ==========================================================================================

[2025-01-18 18:32:36,439][    INFO] ===========> Epoch: 18/50, d1: 0.641, d2: 0.837, d3: 0.930
[2025-01-18 18:32:36,439][    INFO] ===========> Epoch: 18/50, abs_rel: 0.278, sq_rel: 2.545, rmse: 6.317, rmse_log: 0.348, log10: 0.101, silog: 0.343
[2025-01-18 18:32:38,961][    INFO] Iter: 0/269, LR: 0.0000033, Loss: 23.349, SiLoss: 16.090, GradLoss: 29.033
[2025-01-18 18:35:54,634][    INFO] Iter: 100/269, LR: 0.0000033, Loss: 19.616, SiLoss: 13.133, GradLoss: 25.932
[2025-01-18 18:39:10,425][    INFO] Iter: 200/269, LR: 0.0000033, Loss: 20.613, SiLoss: 14.222, GradLoss: 25.565
tensor([526.], device='cuda:1')
tensor([1052.], device='cuda:0')
[2025-01-18 18:42:02,789][    INFO] ==========================================================================================
[2025-01-18 18:42:02,789][    INFO]       d1,       d2,       d3,  abs_rel,   sq_rel,     rmse, rmse_log,    log10,    silog
[2025-01-18 18:42:02,790][    INFO]    0.626,    0.824,    0.924,    0.279,    2.518,    6.725,    0.356,    0.104,    0.351
[2025-01-18 18:42:02,790][    INFO] ==========================================================================================

[2025-01-18 18:42:06,326][    INFO] ===========> Epoch: 19/50, d1: 0.641, d2: 0.837, d3: 0.930
[2025-01-18 18:42:06,326][    INFO] ===========> Epoch: 19/50, abs_rel: 0.278, sq_rel: 2.518, rmse: 6.317, rmse_log: 0.348, log10: 0.101, silog: 0.343
[2025-01-18 18:42:08,840][    INFO] Iter: 0/269, LR: 0.0000033, Loss: 21.548, SiLoss: 14.795, GradLoss: 27.010
[2025-01-18 18:45:24,300][    INFO] Iter: 100/269, LR: 0.0000032, Loss: 23.351, SiLoss: 15.874, GradLoss: 29.906
[2025-01-18 18:48:39,846][    INFO] Iter: 200/269, LR: 0.0000032, Loss: 21.033, SiLoss: 14.614, GradLoss: 25.678
tensor([526.], device='cuda:1')
tensor([1052.], device='cuda:0')
[2025-01-18 18:51:32,155][    INFO] ==========================================================================================
[2025-01-18 18:51:32,156][    INFO]       d1,       d2,       d3,  abs_rel,   sq_rel,     rmse, rmse_log,    log10,    silog
[2025-01-18 18:51:32,156][    INFO]    0.636,    0.830,    0.925,    0.282,    2.618,    6.587,    0.354,    0.102,    0.350
[2025-01-18 18:51:32,156][    INFO] ==========================================================================================

[2025-01-18 18:51:35,725][    INFO] ===========> Epoch: 20/50, d1: 0.641, d2: 0.837, d3: 0.930
[2025-01-18 18:51:35,725][    INFO] ===========> Epoch: 20/50, abs_rel: 0.278, sq_rel: 2.518, rmse: 6.317, rmse_log: 0.348, log10: 0.101, silog: 0.343
[2025-01-18 18:51:38,245][    INFO] Iter: 0/269, LR: 0.0000032, Loss: 19.346, SiLoss: 13.141, GradLoss: 24.822
[2025-01-18 18:54:53,922][    INFO] Iter: 100/269, LR: 0.0000031, Loss: 20.674, SiLoss: 14.158, GradLoss: 26.062
[2025-01-18 18:58:09,579][    INFO] Iter: 200/269, LR: 0.0000031, Loss: 21.627, SiLoss: 14.962, GradLoss: 26.659
tensor([526.], device='cuda:1')
tensor([1052.], device='cuda:0')
[2025-01-18 19:01:01,827][    INFO] ==========================================================================================
[2025-01-18 19:01:01,827][    INFO]       d1,       d2,       d3,  abs_rel,   sq_rel,     rmse, rmse_log,    log10,    silog
[2025-01-18 19:01:01,827][    INFO]    0.640,    0.830,    0.924,    0.289,    2.723,    6.487,    0.355,    0.101,    0.350
[2025-01-18 19:01:01,827][    INFO] ==========================================================================================

[2025-01-18 19:01:05,462][    INFO] ===========> Epoch: 21/50, d1: 0.641, d2: 0.837, d3: 0.930
[2025-01-18 19:01:05,462][    INFO] ===========> Epoch: 21/50, abs_rel: 0.278, sq_rel: 2.518, rmse: 6.317, rmse_log: 0.348, log10: 0.101, silog: 0.343
[2025-01-18 19:01:07,976][    INFO] Iter: 0/269, LR: 0.0000031, Loss: 19.166, SiLoss: 13.162, GradLoss: 24.018
[2025-01-18 19:04:23,444][    INFO] Iter: 100/269, LR: 0.0000030, Loss: 19.816, SiLoss: 12.692, GradLoss: 28.495
[2025-01-18 19:07:39,074][    INFO] Iter: 200/269, LR: 0.0000030, Loss: 20.150, SiLoss: 13.771, GradLoss: 25.517
tensor([526.], device='cuda:1')
tensor([1052.], device='cuda:0')
[2025-01-18 19:10:31,627][    INFO] ==========================================================================================
[2025-01-18 19:10:31,627][    INFO]       d1,       d2,       d3,  abs_rel,   sq_rel,     rmse, rmse_log,    log10,    silog
[2025-01-18 19:10:31,628][    INFO]    0.634,    0.824,    0.921,    0.283,    2.654,    6.754,    0.359,    0.104,    0.355
[2025-01-18 19:10:31,628][    INFO] ==========================================================================================

[2025-01-18 19:10:35,247][    INFO] ===========> Epoch: 22/50, d1: 0.641, d2: 0.837, d3: 0.930
[2025-01-18 19:10:35,247][    INFO] ===========> Epoch: 22/50, abs_rel: 0.278, sq_rel: 2.518, rmse: 6.317, rmse_log: 0.348, log10: 0.101, silog: 0.343
[2025-01-18 19:10:37,767][    INFO] Iter: 0/269, LR: 0.0000030, Loss: 21.558, SiLoss: 14.564, GradLoss: 27.975
[2025-01-18 19:13:57,750][    INFO] Iter: 100/269, LR: 0.0000029, Loss: 21.102, SiLoss: 14.820, GradLoss: 25.126
[2025-01-18 19:17:13,746][    INFO] Iter: 200/269, LR: 0.0000029, Loss: 21.674, SiLoss: 14.687, GradLoss: 27.945
tensor([526.], device='cuda:1')
tensor([1052.], device='cuda:0')
[2025-01-18 19:20:06,189][    INFO] ==========================================================================================
[2025-01-18 19:20:06,189][    INFO]       d1,       d2,       d3,  abs_rel,   sq_rel,     rmse, rmse_log,    log10,    silog
[2025-01-18 19:20:06,190][    INFO]    0.640,    0.831,    0.926,    0.290,    2.708,    6.480,    0.354,    0.101,    0.349
[2025-01-18 19:20:06,190][    INFO] ==========================================================================================

[2025-01-18 19:20:09,852][    INFO] ===========> Epoch: 23/50, d1: 0.641, d2: 0.837, d3: 0.930
[2025-01-18 19:20:09,852][    INFO] ===========> Epoch: 23/50, abs_rel: 0.278, sq_rel: 2.518, rmse: 6.317, rmse_log: 0.348, log10: 0.101, silog: 0.343
[2025-01-18 19:20:12,420][    INFO] Iter: 0/269, LR: 0.0000029, Loss: 20.903, SiLoss: 13.904, GradLoss: 27.998
[2025-01-18 19:23:28,117][    INFO] Iter: 100/269, LR: 0.0000028, Loss: 21.451, SiLoss: 14.839, GradLoss: 26.449
[2025-01-18 19:26:43,791][    INFO] Iter: 200/269, LR: 0.0000028, Loss: 21.686, SiLoss: 14.665, GradLoss: 28.083
tensor([526.], device='cuda:1')
tensor([1052.], device='cuda:0')
[2025-01-18 19:29:35,984][    INFO] ==========================================================================================
[2025-01-18 19:29:35,984][    INFO]       d1,       d2,       d3,  abs_rel,   sq_rel,     rmse, rmse_log,    log10,    silog
[2025-01-18 19:29:35,985][    INFO]    0.643,    0.831,    0.925,    0.280,    2.551,    6.657,    0.354,    0.104,    0.350
[2025-01-18 19:29:35,985][    INFO] ==========================================================================================

[2025-01-18 19:29:42,276][    INFO] ===========> Epoch: 24/50, d1: 0.643, d2: 0.837, d3: 0.930
[2025-01-18 19:29:42,276][    INFO] ===========> Epoch: 24/50, abs_rel: 0.278, sq_rel: 2.518, rmse: 6.317, rmse_log: 0.348, log10: 0.101, silog: 0.343
[2025-01-18 19:29:44,809][    INFO] Iter: 0/269, LR: 0.0000028, Loss: 18.099, SiLoss: 11.702, GradLoss: 25.589
[2025-01-18 19:33:00,187][    INFO] Iter: 100/269, LR: 0.0000027, Loss: 20.034, SiLoss: 13.382, GradLoss: 26.606
[2025-01-18 19:36:15,562][    INFO] Iter: 200/269, LR: 0.0000027, Loss: 20.479, SiLoss: 13.976, GradLoss: 26.010
tensor([526.], device='cuda:1')
tensor([1052.], device='cuda:0')
[2025-01-18 19:39:07,450][    INFO] ==========================================================================================
[2025-01-18 19:39:07,450][    INFO]       d1,       d2,       d3,  abs_rel,   sq_rel,     rmse, rmse_log,    log10,    silog
[2025-01-18 19:39:07,451][    INFO]    0.630,    0.827,    0.923,    0.280,    2.536,    6.660,    0.357,    0.103,    0.352
[2025-01-18 19:39:07,451][    INFO] ==========================================================================================

[2025-01-18 19:39:16,590][    INFO] ===========> Epoch: 25/50, d1: 0.643, d2: 0.837, d3: 0.930
[2025-01-18 19:39:16,590][    INFO] ===========> Epoch: 25/50, abs_rel: 0.278, sq_rel: 2.518, rmse: 6.317, rmse_log: 0.348, log10: 0.101, silog: 0.343
[2025-01-18 19:39:19,171][    INFO] Iter: 0/269, LR: 0.0000027, Loss: 19.996, SiLoss: 13.282, GradLoss: 26.855
[2025-01-18 19:42:34,122][    INFO] Iter: 100/269, LR: 0.0000026, Loss: 22.034, SiLoss: 14.587, GradLoss: 29.786
[2025-01-18 19:45:49,063][    INFO] Iter: 200/269, LR: 0.0000026, Loss: 18.823, SiLoss: 12.402, GradLoss: 25.684
tensor([526.], device='cuda:1')
tensor([1052.], device='cuda:0')
[2025-01-18 19:48:41,111][    INFO] ==========================================================================================
[2025-01-18 19:48:41,111][    INFO]       d1,       d2,       d3,  abs_rel,   sq_rel,     rmse, rmse_log,    log10,    silog
[2025-01-18 19:48:41,112][    INFO]    0.630,    0.826,    0.923,    0.283,    2.629,    6.685,    0.358,    0.105,    0.354
[2025-01-18 19:48:41,112][    INFO] ==========================================================================================

[2025-01-18 19:48:44,728][    INFO] ===========> Epoch: 26/50, d1: 0.643, d2: 0.837, d3: 0.930
[2025-01-18 19:48:44,728][    INFO] ===========> Epoch: 26/50, abs_rel: 0.278, sq_rel: 2.518, rmse: 6.317, rmse_log: 0.348, log10: 0.101, silog: 0.343
[2025-01-18 19:48:47,307][    INFO] Iter: 0/269, LR: 0.0000026, Loss: 19.188, SiLoss: 12.735, GradLoss: 25.814
[2025-01-18 19:52:03,167][    INFO] Iter: 100/269, LR: 0.0000025, Loss: 19.347, SiLoss: 12.519, GradLoss: 27.310
[2025-01-18 19:55:19,272][    INFO] Iter: 200/269, LR: 0.0000025, Loss: 19.478, SiLoss: 13.287, GradLoss: 24.763
tensor([526.], device='cuda:1')
tensor([1052.], device='cuda:0')
[2025-01-18 19:58:11,895][    INFO] ==========================================================================================
[2025-01-18 19:58:11,895][    INFO]       d1,       d2,       d3,  abs_rel,   sq_rel,     rmse, rmse_log,    log10,    silog
[2025-01-18 19:58:11,896][    INFO]    0.644,    0.830,    0.923,    0.290,    2.800,    6.568,    0.357,    0.102,    0.352
[2025-01-18 19:58:11,896][    INFO] ==========================================================================================

[2025-01-18 19:58:26,198][    INFO] ===========> Epoch: 27/50, d1: 0.644, d2: 0.837, d3: 0.930
[2025-01-18 19:58:26,198][    INFO] ===========> Epoch: 27/50, abs_rel: 0.278, sq_rel: 2.518, rmse: 6.317, rmse_log: 0.348, log10: 0.101, silog: 0.343
[2025-01-18 19:58:28,786][    INFO] Iter: 0/269, LR: 0.0000025, Loss: 22.274, SiLoss: 14.952, GradLoss: 29.288
[2025-01-18 20:01:44,465][    INFO] Iter: 100/269, LR: 0.0000024, Loss: 19.976, SiLoss: 12.933, GradLoss: 28.173
[2025-01-18 20:05:00,486][    INFO] Iter: 200/269, LR: 0.0000024, Loss: 19.112, SiLoss: 12.932, GradLoss: 24.723
tensor([526.], device='cuda:1')
tensor([1052.], device='cuda:0')
[2025-01-18 20:07:52,931][    INFO] ==========================================================================================
[2025-01-18 20:07:52,931][    INFO]       d1,       d2,       d3,  abs_rel,   sq_rel,     rmse, rmse_log,    log10,    silog
[2025-01-18 20:07:52,932][    INFO]    0.631,    0.827,    0.924,    0.284,    2.618,    6.617,    0.357,    0.103,    0.353
[2025-01-18 20:07:52,932][    INFO] ==========================================================================================

[2025-01-18 20:07:56,615][    INFO] ===========> Epoch: 28/50, d1: 0.644, d2: 0.837, d3: 0.930
[2025-01-18 20:07:56,616][    INFO] ===========> Epoch: 28/50, abs_rel: 0.278, sq_rel: 2.518, rmse: 6.317, rmse_log: 0.348, log10: 0.101, silog: 0.343
[2025-01-18 20:07:59,173][    INFO] Iter: 0/269, LR: 0.0000024, Loss: 19.749, SiLoss: 13.360, GradLoss: 25.555
[2025-01-18 20:11:14,930][    INFO] Iter: 100/269, LR: 0.0000024, Loss: 18.170, SiLoss: 11.848, GradLoss: 25.285
[2025-01-18 20:14:30,659][    INFO] Iter: 200/269, LR: 0.0000023, Loss: 16.635, SiLoss: 11.029, GradLoss: 22.423
tensor([526.], device='cuda:1')
tensor([1052.], device='cuda:0')
[2025-01-18 20:17:22,950][    INFO] ==========================================================================================
[2025-01-18 20:17:22,950][    INFO]       d1,       d2,       d3,  abs_rel,   sq_rel,     rmse, rmse_log,    log10,    silog
[2025-01-18 20:17:22,950][    INFO]    0.633,    0.828,    0.925,    0.281,    2.594,    6.623,    0.355,    0.102,    0.351
[2025-01-18 20:17:22,950][    INFO] ==========================================================================================

[2025-01-18 20:17:30,242][    INFO] ===========> Epoch: 29/50, d1: 0.644, d2: 0.837, d3: 0.930
[2025-01-18 20:17:30,243][    INFO] ===========> Epoch: 29/50, abs_rel: 0.278, sq_rel: 2.518, rmse: 6.317, rmse_log: 0.348, log10: 0.101, silog: 0.343
[2025-01-18 20:17:32,811][    INFO] Iter: 0/269, LR: 0.0000023, Loss: 19.477, SiLoss: 13.105, GradLoss: 25.489
[2025-01-18 20:20:48,159][    INFO] Iter: 100/269, LR: 0.0000023, Loss: 18.684, SiLoss: 12.220, GradLoss: 25.858
[2025-01-18 20:24:06,937][    INFO] Iter: 200/269, LR: 0.0000022, Loss: 17.458, SiLoss: 11.536, GradLoss: 23.690
tensor([526.], device='cuda:1')
tensor([1052.], device='cuda:0')
[2025-01-18 20:26:58,183][    INFO] ==========================================================================================
[2025-01-18 20:26:58,184][    INFO]       d1,       d2,       d3,  abs_rel,   sq_rel,     rmse, rmse_log,    log10,    silog
[2025-01-18 20:26:58,184][    INFO]    0.636,    0.828,    0.923,    0.284,    2.694,    6.626,    0.357,    0.102,    0.353
[2025-01-18 20:26:58,184][    INFO] ==========================================================================================

[2025-01-18 20:27:01,843][    INFO] ===========> Epoch: 30/50, d1: 0.644, d2: 0.837, d3: 0.930
[2025-01-18 20:27:01,844][    INFO] ===========> Epoch: 30/50, abs_rel: 0.278, sq_rel: 2.518, rmse: 6.317, rmse_log: 0.348, log10: 0.101, silog: 0.343
[2025-01-18 20:27:04,372][    INFO] Iter: 0/269, LR: 0.0000022, Loss: 20.789, SiLoss: 14.285, GradLoss: 26.017
[2025-01-18 20:30:18,992][    INFO] Iter: 100/269, LR: 0.0000022, Loss: 19.631, SiLoss: 13.082, GradLoss: 26.199
[2025-01-18 20:33:33,975][    INFO] Iter: 200/269, LR: 0.0000021, Loss: 19.650, SiLoss: 13.350, GradLoss: 25.199
tensor([526.], device='cuda:1')
tensor([1052.], device='cuda:0')
[2025-01-18 20:36:25,919][    INFO] ==========================================================================================
[2025-01-18 20:36:25,920][    INFO]       d1,       d2,       d3,  abs_rel,   sq_rel,     rmse, rmse_log,    log10,    silog
[2025-01-18 20:36:25,920][    INFO]    0.643,    0.833,    0.927,    0.279,    2.575,    6.572,    0.353,    0.102,    0.349
[2025-01-18 20:36:25,920][    INFO] ==========================================================================================

[2025-01-18 20:36:33,154][    INFO] ===========> Epoch: 31/50, d1: 0.644, d2: 0.837, d3: 0.930
[2025-01-18 20:36:33,154][    INFO] ===========> Epoch: 31/50, abs_rel: 0.278, sq_rel: 2.518, rmse: 6.317, rmse_log: 0.348, log10: 0.101, silog: 0.343
[2025-01-18 20:36:35,722][    INFO] Iter: 0/269, LR: 0.0000021, Loss: 17.210, SiLoss: 11.177, GradLoss: 24.131
[2025-01-18 20:39:50,993][    INFO] Iter: 100/269, LR: 0.0000021, Loss: 19.580, SiLoss: 12.930, GradLoss: 26.602
[2025-01-18 20:43:06,825][    INFO] Iter: 200/269, LR: 0.0000020, Loss: 18.461, SiLoss: 11.939, GradLoss: 26.088
tensor([526.], device='cuda:1')
tensor([1052.], device='cuda:0')
[2025-01-18 20:45:59,367][    INFO] ==========================================================================================
[2025-01-18 20:45:59,367][    INFO]       d1,       d2,       d3,  abs_rel,   sq_rel,     rmse, rmse_log,    log10,    silog
[2025-01-18 20:45:59,367][    INFO]    0.637,    0.829,    0.924,    0.279,    2.620,    6.643,    0.356,    0.102,    0.351
[2025-01-18 20:45:59,367][    INFO] ==========================================================================================

[2025-01-18 20:46:03,017][    INFO] ===========> Epoch: 32/50, d1: 0.644, d2: 0.837, d3: 0.930
[2025-01-18 20:46:03,017][    INFO] ===========> Epoch: 32/50, abs_rel: 0.278, sq_rel: 2.518, rmse: 6.317, rmse_log: 0.348, log10: 0.101, silog: 0.343
[2025-01-18 20:46:05,603][    INFO] Iter: 0/269, LR: 0.0000020, Loss: 20.755, SiLoss: 14.168, GradLoss: 26.348
[2025-01-18 20:49:21,604][    INFO] Iter: 100/269, LR: 0.0000020, Loss: 20.447, SiLoss: 13.895, GradLoss: 26.210
[2025-01-18 20:52:37,806][    INFO] Iter: 200/269, LR: 0.0000019, Loss: 19.526, SiLoss: 13.351, GradLoss: 24.702
tensor([526.], device='cuda:1')
tensor([1052.], device='cuda:0')
[2025-01-18 20:55:30,529][    INFO] ==========================================================================================
[2025-01-18 20:55:30,529][    INFO]       d1,       d2,       d3,  abs_rel,   sq_rel,     rmse, rmse_log,    log10,    silog
[2025-01-18 20:55:30,530][    INFO]    0.636,    0.828,    0.925,    0.281,    2.638,    6.684,    0.356,    0.102,    0.352
[2025-01-18 20:55:30,530][    INFO] ==========================================================================================

[2025-01-18 20:55:34,116][    INFO] ===========> Epoch: 33/50, d1: 0.644, d2: 0.837, d3: 0.930
[2025-01-18 20:55:34,116][    INFO] ===========> Epoch: 33/50, abs_rel: 0.278, sq_rel: 2.518, rmse: 6.317, rmse_log: 0.348, log10: 0.101, silog: 0.343
[2025-01-18 20:55:36,656][    INFO] Iter: 0/269, LR: 0.0000019, Loss: 19.291, SiLoss: 13.233, GradLoss: 24.233
[2025-01-18 20:58:52,935][    INFO] Iter: 100/269, LR: 0.0000019, Loss: 19.421, SiLoss: 13.341, GradLoss: 24.322
[2025-01-18 21:02:09,324][    INFO] Iter: 200/269, LR: 0.0000018, Loss: 16.477, SiLoss: 10.267, GradLoss: 24.837
tensor([526.], device='cuda:1')
tensor([1052.], device='cuda:0')
[2025-01-18 21:05:02,223][    INFO] ==========================================================================================
[2025-01-18 21:05:02,223][    INFO]       d1,       d2,       d3,  abs_rel,   sq_rel,     rmse, rmse_log,    log10,    silog
[2025-01-18 21:05:02,224][    INFO]    0.632,    0.826,    0.923,    0.276,    2.558,    6.716,    0.358,    0.103,    0.353
[2025-01-18 21:05:02,224][    INFO] ==========================================================================================

[2025-01-18 21:05:08,454][    INFO] ===========> Epoch: 34/50, d1: 0.644, d2: 0.837, d3: 0.930
[2025-01-18 21:05:08,454][    INFO] ===========> Epoch: 34/50, abs_rel: 0.276, sq_rel: 2.518, rmse: 6.317, rmse_log: 0.348, log10: 0.101, silog: 0.343
[2025-01-18 21:05:10,997][    INFO] Iter: 0/269, LR: 0.0000018, Loss: 18.011, SiLoss: 12.122, GradLoss: 23.556
[2025-01-18 21:08:27,223][    INFO] Iter: 100/269, LR: 0.0000018, Loss: 18.097, SiLoss: 12.289, GradLoss: 23.231
[2025-01-18 21:11:43,766][    INFO] Iter: 200/269, LR: 0.0000017, Loss: 16.489, SiLoss: 10.470, GradLoss: 24.076
tensor([526.], device='cuda:1')
tensor([1052.], device='cuda:0')
[2025-01-18 21:14:36,749][    INFO] ==========================================================================================
[2025-01-18 21:14:36,750][    INFO]       d1,       d2,       d3,  abs_rel,   sq_rel,     rmse, rmse_log,    log10,    silog
[2025-01-18 21:14:36,750][    INFO]    0.643,    0.829,    0.923,    0.286,    2.736,    6.625,    0.357,    0.102,    0.353
[2025-01-18 21:14:36,750][    INFO] ==========================================================================================

[2025-01-18 21:14:40,379][    INFO] ===========> Epoch: 35/50, d1: 0.644, d2: 0.837, d3: 0.930
[2025-01-18 21:14:40,379][    INFO] ===========> Epoch: 35/50, abs_rel: 0.276, sq_rel: 2.518, rmse: 6.317, rmse_log: 0.348, log10: 0.101, silog: 0.343
[2025-01-18 21:14:42,962][    INFO] Iter: 0/269, LR: 0.0000017, Loss: 18.640, SiLoss: 12.230, GradLoss: 25.641
[2025-01-18 21:17:59,404][    INFO] Iter: 100/269, LR: 0.0000017, Loss: 17.713, SiLoss: 11.541, GradLoss: 24.686
[2025-01-18 21:21:16,078][    INFO] Iter: 200/269, LR: 0.0000016, Loss: 15.384, SiLoss: 9.327, GradLoss: 24.231
tensor([526.], device='cuda:1')
tensor([1052.], device='cuda:0')
[2025-01-18 21:24:09,109][    INFO] ==========================================================================================
[2025-01-18 21:24:09,110][    INFO]       d1,       d2,       d3,  abs_rel,   sq_rel,     rmse, rmse_log,    log10,    silog
[2025-01-18 21:24:09,110][    INFO]    0.639,    0.828,    0.923,    0.278,    2.617,    6.664,    0.357,    0.102,    0.353
[2025-01-18 21:24:09,110][    INFO] ==========================================================================================

[2025-01-18 21:24:12,733][    INFO] ===========> Epoch: 36/50, d1: 0.644, d2: 0.837, d3: 0.930
[2025-01-18 21:24:12,734][    INFO] ===========> Epoch: 36/50, abs_rel: 0.276, sq_rel: 2.518, rmse: 6.317, rmse_log: 0.348, log10: 0.101, silog: 0.343
[2025-01-18 21:24:15,265][    INFO] Iter: 0/269, LR: 0.0000016, Loss: 17.027, SiLoss: 11.229, GradLoss: 23.191
[2025-01-18 21:27:31,818][    INFO] Iter: 100/269, LR: 0.0000016, Loss: 16.181, SiLoss: 10.599, GradLoss: 22.329
[2025-01-18 21:30:48,503][    INFO] Iter: 200/269, LR: 0.0000015, Loss: 19.044, SiLoss: 12.644, GradLoss: 25.597
tensor([526.], device='cuda:1')
tensor([1052.], device='cuda:0')
[2025-01-18 21:33:41,689][    INFO] ==========================================================================================
[2025-01-18 21:33:41,689][    INFO]       d1,       d2,       d3,  abs_rel,   sq_rel,     rmse, rmse_log,    log10,    silog
[2025-01-18 21:33:41,689][    INFO]    0.637,    0.828,    0.924,    0.280,    2.635,    6.707,    0.357,    0.102,    0.353
[2025-01-18 21:33:41,689][    INFO] ==========================================================================================

[2025-01-18 21:33:45,361][    INFO] ===========> Epoch: 37/50, d1: 0.644, d2: 0.837, d3: 0.930
[2025-01-18 21:33:45,362][    INFO] ===========> Epoch: 37/50, abs_rel: 0.276, sq_rel: 2.518, rmse: 6.317, rmse_log: 0.348, log10: 0.101, silog: 0.343
[2025-01-18 21:33:47,893][    INFO] Iter: 0/269, LR: 0.0000015, Loss: 19.505, SiLoss: 13.618, GradLoss: 23.546
[2025-01-18 21:37:07,928][    INFO] Iter: 100/269, LR: 0.0000014, Loss: 19.460, SiLoss: 12.739, GradLoss: 26.883
[2025-01-18 21:40:24,552][    INFO] Iter: 200/269, LR: 0.0000014, Loss: 20.901, SiLoss: 14.127, GradLoss: 27.095
tensor([526.], device='cuda:1')
tensor([1052.], device='cuda:0')
[2025-01-18 21:43:17,777][    INFO] ==========================================================================================
[2025-01-18 21:43:17,777][    INFO]       d1,       d2,       d3,  abs_rel,   sq_rel,     rmse, rmse_log,    log10,    silog
[2025-01-18 21:43:17,777][    INFO]    0.639,    0.827,    0.923,    0.288,    2.794,    6.663,    0.359,    0.102,    0.354
[2025-01-18 21:43:17,777][    INFO] ==========================================================================================

[2025-01-18 21:43:21,453][    INFO] ===========> Epoch: 38/50, d1: 0.644, d2: 0.837, d3: 0.930
[2025-01-18 21:43:21,454][    INFO] ===========> Epoch: 38/50, abs_rel: 0.276, sq_rel: 2.518, rmse: 6.317, rmse_log: 0.348, log10: 0.101, silog: 0.343
[2025-01-18 21:43:24,017][    INFO] Iter: 0/269, LR: 0.0000014, Loss: 17.015, SiLoss: 10.865, GradLoss: 24.603
[2025-01-18 21:46:40,664][    INFO] Iter: 100/269, LR: 0.0000013, Loss: 16.049, SiLoss: 10.136, GradLoss: 23.654
[2025-01-18 21:49:57,366][    INFO] Iter: 200/269, LR: 0.0000013, Loss: 19.107, SiLoss: 12.501, GradLoss: 26.422
tensor([526.], device='cuda:1')
tensor([1052.], device='cuda:0')
[2025-01-18 21:52:50,536][    INFO] ==========================================================================================
[2025-01-18 21:52:50,536][    INFO]       d1,       d2,       d3,  abs_rel,   sq_rel,     rmse, rmse_log,    log10,    silog
[2025-01-18 21:52:50,537][    INFO]    0.636,    0.827,    0.924,    0.278,    2.562,    6.737,    0.356,    0.103,    0.352
[2025-01-18 21:52:50,537][    INFO] ==========================================================================================

[2025-01-18 21:52:54,159][    INFO] ===========> Epoch: 39/50, d1: 0.644, d2: 0.837, d3: 0.930
[2025-01-18 21:52:54,159][    INFO] ===========> Epoch: 39/50, abs_rel: 0.276, sq_rel: 2.518, rmse: 6.317, rmse_log: 0.348, log10: 0.101, silog: 0.343
[2025-01-18 21:52:56,723][    INFO] Iter: 0/269, LR: 0.0000013, Loss: 18.080, SiLoss: 11.737, GradLoss: 25.369
[2025-01-18 21:56:13,223][    INFO] Iter: 100/269, LR: 0.0000012, Loss: 18.659, SiLoss: 12.240, GradLoss: 25.679
[2025-01-18 21:59:29,934][    INFO] Iter: 200/269, LR: 0.0000012, Loss: 17.588, SiLoss: 11.478, GradLoss: 24.442
tensor([526.], device='cuda:1')
tensor([1052.], device='cuda:0')
[2025-01-18 22:02:23,224][    INFO] ==========================================================================================
[2025-01-18 22:02:23,225][    INFO]       d1,       d2,       d3,  abs_rel,   sq_rel,     rmse, rmse_log,    log10,    silog
[2025-01-18 22:02:23,225][    INFO]    0.641,    0.829,    0.924,    0.284,    2.684,    6.595,    0.356,    0.101,    0.351
[2025-01-18 22:02:23,225][    INFO] ==========================================================================================

[2025-01-18 22:02:26,909][    INFO] ===========> Epoch: 40/50, d1: 0.644, d2: 0.837, d3: 0.930
[2025-01-18 22:02:26,909][    INFO] ===========> Epoch: 40/50, abs_rel: 0.276, sq_rel: 2.518, rmse: 6.317, rmse_log: 0.348, log10: 0.101, silog: 0.343
[2025-01-18 22:02:29,471][    INFO] Iter: 0/269, LR: 0.0000012, Loss: 18.739, SiLoss: 12.384, GradLoss: 25.420
[2025-01-18 22:05:46,159][    INFO] Iter: 100/269, LR: 0.0000011, Loss: 16.437, SiLoss: 11.229, GradLoss: 20.830
[2025-01-18 22:09:02,926][    INFO] Iter: 200/269, LR: 0.0000011, Loss: 17.183, SiLoss: 11.326, GradLoss: 23.428
tensor([526.], device='cuda:1')
tensor([1052.], device='cuda:0')
[2025-01-18 22:11:56,230][    INFO] ==========================================================================================
[2025-01-18 22:11:56,230][    INFO]       d1,       d2,       d3,  abs_rel,   sq_rel,     rmse, rmse_log,    log10,    silog
[2025-01-18 22:11:56,231][    INFO]    0.639,    0.828,    0.924,    0.283,    2.672,    6.639,    0.357,    0.102,    0.353
[2025-01-18 22:11:56,231][    INFO] ==========================================================================================

[2025-01-18 22:11:59,866][    INFO] ===========> Epoch: 41/50, d1: 0.644, d2: 0.837, d3: 0.930
[2025-01-18 22:11:59,866][    INFO] ===========> Epoch: 41/50, abs_rel: 0.276, sq_rel: 2.518, rmse: 6.317, rmse_log: 0.348, log10: 0.101, silog: 0.343
[2025-01-18 22:12:02,432][    INFO] Iter: 0/269, LR: 0.0000011, Loss: 17.211, SiLoss: 11.344, GradLoss: 23.464
[2025-01-18 22:15:19,145][    INFO] Iter: 100/269, LR: 0.0000010, Loss: 17.608, SiLoss: 11.467, GradLoss: 24.565
[2025-01-18 22:18:35,946][    INFO] Iter: 200/269, LR: 0.0000010, Loss: 17.566, SiLoss: 11.517, GradLoss: 24.197
tensor([526.], device='cuda:1')
tensor([1052.], device='cuda:0')
[2025-01-18 22:21:29,320][    INFO] ==========================================================================================
[2025-01-18 22:21:29,320][    INFO]       d1,       d2,       d3,  abs_rel,   sq_rel,     rmse, rmse_log,    log10,    silog
[2025-01-18 22:21:29,320][    INFO]    0.639,    0.829,    0.924,    0.279,    2.625,    6.650,    0.356,    0.102,    0.352
[2025-01-18 22:21:29,320][    INFO] ==========================================================================================

[2025-01-18 22:21:32,945][    INFO] ===========> Epoch: 42/50, d1: 0.644, d2: 0.837, d3: 0.930
[2025-01-18 22:21:32,945][    INFO] ===========> Epoch: 42/50, abs_rel: 0.276, sq_rel: 2.518, rmse: 6.317, rmse_log: 0.348, log10: 0.101, silog: 0.343
[2025-01-18 22:21:35,477][    INFO] Iter: 0/269, LR: 0.0000010, Loss: 14.805, SiLoss: 9.507, GradLoss: 21.194
[2025-01-18 22:24:52,370][    INFO] Iter: 100/269, LR: 0.0000009, Loss: 17.131, SiLoss: 10.900, GradLoss: 24.921
[2025-01-18 22:28:09,285][    INFO] Iter: 200/269, LR: 0.0000009, Loss: 15.681, SiLoss: 10.296, GradLoss: 21.536
tensor([526.], device='cuda:1')
tensor([1052.], device='cuda:0')
[2025-01-18 22:31:02,648][    INFO] ==========================================================================================
[2025-01-18 22:31:02,648][    INFO]       d1,       d2,       d3,  abs_rel,   sq_rel,     rmse, rmse_log,    log10,    silog
[2025-01-18 22:31:02,648][    INFO]    0.638,    0.827,    0.923,    0.282,    2.692,    6.683,    0.358,    0.102,    0.354
[2025-01-18 22:31:02,648][    INFO] ==========================================================================================

[2025-01-18 22:31:06,294][    INFO] ===========> Epoch: 43/50, d1: 0.644, d2: 0.837, d3: 0.930
[2025-01-18 22:31:06,294][    INFO] ===========> Epoch: 43/50, abs_rel: 0.276, sq_rel: 2.518, rmse: 6.317, rmse_log: 0.348, log10: 0.101, silog: 0.343
[2025-01-18 22:31:08,881][    INFO] Iter: 0/269, LR: 0.0000009, Loss: 17.227, SiLoss: 11.322, GradLoss: 23.620
[2025-01-18 22:34:25,722][    INFO] Iter: 100/269, LR: 0.0000008, Loss: 18.679, SiLoss: 12.567, GradLoss: 24.448
[2025-01-18 22:37:42,606][    INFO] Iter: 200/269, LR: 0.0000008, Loss: 16.419, SiLoss: 10.582, GradLoss: 23.346
tensor([526.], device='cuda:1')
tensor([1052.], device='cuda:0')
[2025-01-18 22:40:36,011][    INFO] ==========================================================================================
[2025-01-18 22:40:36,011][    INFO]       d1,       d2,       d3,  abs_rel,   sq_rel,     rmse, rmse_log,    log10,    silog
[2025-01-18 22:40:36,011][    INFO]    0.639,    0.828,    0.923,    0.281,    2.640,    6.656,    0.357,    0.102,    0.353
[2025-01-18 22:40:36,011][    INFO] ==========================================================================================

[2025-01-18 22:40:39,689][    INFO] ===========> Epoch: 44/50, d1: 0.644, d2: 0.837, d3: 0.930
[2025-01-18 22:40:39,689][    INFO] ===========> Epoch: 44/50, abs_rel: 0.276, sq_rel: 2.518, rmse: 6.317, rmse_log: 0.348, log10: 0.101, silog: 0.343
[2025-01-18 22:40:42,261][    INFO] Iter: 0/269, LR: 0.0000007, Loss: 18.041, SiLoss: 11.632, GradLoss: 25.636
[2025-01-18 22:43:59,187][    INFO] Iter: 100/269, LR: 0.0000007, Loss: 14.274, SiLoss: 8.736, GradLoss: 22.153
[2025-01-18 22:47:19,674][    INFO] Iter: 200/269, LR: 0.0000007, Loss: 18.649, SiLoss: 12.549, GradLoss: 24.399
tensor([526.], device='cuda:1')
tensor([1052.], device='cuda:0')
[2025-01-18 22:50:12,972][    INFO] ==========================================================================================
[2025-01-18 22:50:12,973][    INFO]       d1,       d2,       d3,  abs_rel,   sq_rel,     rmse, rmse_log,    log10,    silog
[2025-01-18 22:50:12,973][    INFO]    0.639,    0.827,    0.922,    0.283,    2.718,    6.693,    0.359,    0.102,    0.355
[2025-01-18 22:50:12,973][    INFO] ==========================================================================================

[2025-01-18 22:50:16,590][    INFO] ===========> Epoch: 45/50, d1: 0.644, d2: 0.837, d3: 0.930
[2025-01-18 22:50:16,590][    INFO] ===========> Epoch: 45/50, abs_rel: 0.276, sq_rel: 2.518, rmse: 6.317, rmse_log: 0.348, log10: 0.101, silog: 0.343
[2025-01-18 22:50:19,184][    INFO] Iter: 0/269, LR: 0.0000006, Loss: 15.919, SiLoss: 10.371, GradLoss: 22.192
[2025-01-18 22:53:35,984][    INFO] Iter: 100/269, LR: 0.0000006, Loss: 18.014, SiLoss: 11.936, GradLoss: 24.310
[2025-01-18 22:56:52,877][    INFO] Iter: 200/269, LR: 0.0000005, Loss: 15.273, SiLoss: 9.725, GradLoss: 22.191
tensor([526.], device='cuda:1')
tensor([1052.], device='cuda:0')
[2025-01-18 22:59:46,235][    INFO] ==========================================================================================
[2025-01-18 22:59:46,235][    INFO]       d1,       d2,       d3,  abs_rel,   sq_rel,     rmse, rmse_log,    log10,    silog
[2025-01-18 22:59:46,236][    INFO]    0.640,    0.828,    0.923,    0.281,    2.691,    6.680,    0.358,    0.102,    0.354
[2025-01-18 22:59:46,236][    INFO] ==========================================================================================

[2025-01-18 22:59:49,828][    INFO] ===========> Epoch: 46/50, d1: 0.644, d2: 0.837, d3: 0.930
[2025-01-18 22:59:49,828][    INFO] ===========> Epoch: 46/50, abs_rel: 0.276, sq_rel: 2.518, rmse: 6.317, rmse_log: 0.348, log10: 0.101, silog: 0.343
[2025-01-18 22:59:52,409][    INFO] Iter: 0/269, LR: 0.0000005, Loss: 16.389, SiLoss: 10.505, GradLoss: 23.538
[2025-01-18 23:03:09,353][    INFO] Iter: 100/269, LR: 0.0000005, Loss: 18.717, SiLoss: 12.796, GradLoss: 23.685
[2025-01-18 23:06:26,356][    INFO] Iter: 200/269, LR: 0.0000004, Loss: 15.979, SiLoss: 10.231, GradLoss: 22.991
tensor([526.], device='cuda:1')
tensor([1052.], device='cuda:0')
[2025-01-18 23:09:19,786][    INFO] ==========================================================================================
[2025-01-18 23:09:19,786][    INFO]       d1,       d2,       d3,  abs_rel,   sq_rel,     rmse, rmse_log,    log10,    silog
[2025-01-18 23:09:19,786][    INFO]    0.639,    0.827,    0.923,    0.281,    2.672,    6.691,    0.358,    0.102,    0.354
[2025-01-18 23:09:19,786][    INFO] ==========================================================================================

[2025-01-18 23:09:23,396][    INFO] ===========> Epoch: 47/50, d1: 0.644, d2: 0.837, d3: 0.930
[2025-01-18 23:09:23,396][    INFO] ===========> Epoch: 47/50, abs_rel: 0.276, sq_rel: 2.518, rmse: 6.317, rmse_log: 0.348, log10: 0.101, silog: 0.343
[2025-01-18 23:09:25,990][    INFO] Iter: 0/269, LR: 0.0000004, Loss: 15.991, SiLoss: 10.448, GradLoss: 22.174
[2025-01-18 23:12:42,923][    INFO] Iter: 100/269, LR: 0.0000004, Loss: 18.741, SiLoss: 12.344, GradLoss: 25.589
[2025-01-18 23:15:59,920][    INFO] Iter: 200/269, LR: 0.0000003, Loss: 16.837, SiLoss: 10.811, GradLoss: 24.107
tensor([526.], device='cuda:1')
tensor([1052.], device='cuda:0')
[2025-01-18 23:18:53,350][    INFO] ==========================================================================================
[2025-01-18 23:18:53,350][    INFO]       d1,       d2,       d3,  abs_rel,   sq_rel,     rmse, rmse_log,    log10,    silog
[2025-01-18 23:18:53,350][    INFO]    0.639,    0.827,    0.923,    0.282,    2.665,    6.671,    0.358,    0.102,    0.354
[2025-01-18 23:18:53,350][    INFO] ==========================================================================================

[2025-01-18 23:18:57,015][    INFO] ===========> Epoch: 48/50, d1: 0.644, d2: 0.837, d3: 0.930
[2025-01-18 23:18:57,015][    INFO] ===========> Epoch: 48/50, abs_rel: 0.276, sq_rel: 2.518, rmse: 6.317, rmse_log: 0.348, log10: 0.101, silog: 0.343
[2025-01-18 23:18:59,568][    INFO] Iter: 0/269, LR: 0.0000003, Loss: 18.372, SiLoss: 11.744, GradLoss: 26.510
[2025-01-18 23:22:16,478][    INFO] Iter: 100/269, LR: 0.0000002, Loss: 17.989, SiLoss: 12.082, GradLoss: 23.628
[2025-01-18 23:25:33,392][    INFO] Iter: 200/269, LR: 0.0000002, Loss: 18.655, SiLoss: 12.234, GradLoss: 25.681
tensor([526.], device='cuda:1')
tensor([1052.], device='cuda:0')
[2025-01-18 23:28:26,801][    INFO] ==========================================================================================
[2025-01-18 23:28:26,801][    INFO]       d1,       d2,       d3,  abs_rel,   sq_rel,     rmse, rmse_log,    log10,    silog
[2025-01-18 23:28:26,802][    INFO]    0.638,    0.826,    0.922,    0.283,    2.703,    6.693,    0.359,    0.102,    0.355
[2025-01-18 23:28:26,802][    INFO] ==========================================================================================

[2025-01-18 23:28:30,424][    INFO] ===========> Epoch: 49/50, d1: 0.644, d2: 0.837, d3: 0.930
[2025-01-18 23:28:30,424][    INFO] ===========> Epoch: 49/50, abs_rel: 0.276, sq_rel: 2.518, rmse: 6.317, rmse_log: 0.348, log10: 0.101, silog: 0.343
[2025-01-18 23:28:32,995][    INFO] Iter: 0/269, LR: 0.0000001, Loss: 17.092, SiLoss: 11.020, GradLoss: 24.286
[2025-01-18 23:31:49,945][    INFO] Iter: 100/269, LR: 0.0000001, Loss: 15.504, SiLoss: 9.773, GradLoss: 22.924
[2025-01-18 23:35:06,853][    INFO] Iter: 200/269, LR: 0.0000000, Loss: 18.553, SiLoss: 12.532, GradLoss: 24.086
tensor([526.], device='cuda:1')
tensor([1052.], device='cuda:0')
[2025-01-18 23:38:00,314][    INFO] ==========================================================================================
[2025-01-18 23:38:00,314][    INFO]       d1,       d2,       d3,  abs_rel,   sq_rel,     rmse, rmse_log,    log10,    silog
[2025-01-18 23:38:00,314][    INFO]    0.639,    0.827,    0.923,    0.281,    2.662,    6.688,    0.358,    0.102,    0.354
[2025-01-18 23:38:00,314][    INFO] ==========================================================================================

