/home/sph/anaconda3/envs/anything/lib/python3.9/site-packages/torch/distributed/launch.py:183: FutureWarning: The module torch.distributed.launch is deprecated
and will be removed in future. Use torchrun.
Note that --use-env is set by default in torchrun.
If your script expects `--local-rank` argument to be set, please
change it to read from `os.environ['LOCAL_RANK']` instead. See 
https://pytorch.org/docs/stable/distributed.html#launch-utility for 
further instructions

  warnings.warn(
[2025-01-22 20:03:52,021] torch.distributed.run: [WARNING] 
[2025-01-22 20:03:52,021] torch.distributed.run: [WARNING] *****************************************
[2025-01-22 20:03:52,021] torch.distributed.run: [WARNING] Setting OMP_NUM_THREADS environment variable for each process to be 1 in default, to avoid your system being overloaded, please further tune the variable for optimal performance in your application as needed. 
[2025-01-22 20:03:52,021] torch.distributed.run: [WARNING] *****************************************
/home/sph/anaconda3/envs/anything/lib/python3.9/site-packages/timm/models/layers/__init__.py:48: FutureWarning: Importing from timm.models.layers is deprecated, please import via timm.layers
  warnings.warn(f"Importing from {__name__} is deprecated, please import via timm.layers", FutureWarning)
/home/sph/anaconda3/envs/anything/lib/python3.9/site-packages/timm/models/layers/__init__.py:48: FutureWarning: Importing from timm.models.layers is deprecated, please import via timm.layers
  warnings.warn(f"Importing from {__name__} is deprecated, please import via timm.layers", FutureWarning)
[2025-01-22 20:03:54,505][    INFO] {'bs': 24,
 'dataset': 'mvsec_2',
 'depth_anything_pretrained': None,
 'encoder': 'vitl',
 'epochs': 50,
 'event_voxel_chans': 3,
 'finetune_mode': 'decoder',
 'img_size': 266,
 'inv': False,
 'local_rank': 0,
 'lr': 5e-06,
 'max_depth': 100.0,
 'min_depth': 0.0,
 'ngpus': 2,
 'normalized_depth': False,
 'port': 20596,
 'pretrained_from': '/home/sph/event/da2-prompt-tuning/exp/fuse_log_l1_eventscape_fuse_cor_20250114_110446/latest.pth',
 'return_feature': False,
 'save_path': '/home/sph/event/da2-prompt-tuning/exp/epde_metric_sigloss_mvsec_2_decoder_20250122_200350'}

max_depth: 100.0
INFO:dinov2:using MLP layer as FFN
max_depth: 100.0
INFO:dinov2:using MLP layer as FFN
INFO:dinov2:using MLP layer as FFN
INFO:dinov2:using MLP layer as FFN
Initializing encoder parameters without pre-trained weights
Initializing encoder parameters without pre-trained weights
Model weights load from /home/sph/event/da2-prompt-tuning/exp/fuse_log_l1_eventscape_fuse_cor_20250114_110446/latest.pth successfully!
Model weights load from /home/sph/event/da2-prompt-tuning/exp/fuse_log_l1_eventscape_fuse_cor_20250114_110446/latest.pth successfully!
The freezing mode of weights is: decoder
The freezing mode of weights is: decoder
[2025-01-22 20:04:12,881][    INFO] Total Trainable Parameters: 30947009
[2025-01-22 20:04:12,881][    INFO] ===========> Epoch: 0/50, d1: 0.000, d2: 0.000, d3: 0.000
[2025-01-22 20:04:12,881][    INFO] ===========> Epoch: 0/50, abs_rel: 100.000, sq_rel: 100.000, rmse: 100.000, rmse_log: 100.000, log10: 100.000, silog: 100.000
/home/sph/anaconda3/envs/anything/lib/python3.9/site-packages/torch/autograd/__init__.py:266: UserWarning: Grad strides do not match bucket view strides. This may indicate grad was not created according to the gradient layout contract, or that the param's strides changed since DDP was constructed.  This is not an error, but may impair performance.
grad.sizes() = [1, 32, 1, 1], strides() = [32, 1, 32, 32]
bucket_view.sizes() = [1, 32, 1, 1], strides() = [32, 1, 1, 1] (Triggered internally at ../torch/csrc/distributed/c10d/reducer.cpp:322.)
  Variable._execution_engine.run_backward(  # Calls into the C++ engine to run the backward pass
/home/sph/anaconda3/envs/anything/lib/python3.9/site-packages/torch/autograd/__init__.py:266: UserWarning: Grad strides do not match bucket view strides. This may indicate grad was not created according to the gradient layout contract, or that the param's strides changed since DDP was constructed.  This is not an error, but may impair performance.
grad.sizes() = [1, 32, 1, 1], strides() = [32, 1, 32, 32]
bucket_view.sizes() = [1, 32, 1, 1], strides() = [32, 1, 1, 1] (Triggered internally at ../torch/csrc/distributed/c10d/reducer.cpp:322.)
  Variable._execution_engine.run_backward(  # Calls into the C++ engine to run the backward pass
[2025-01-22 20:04:21,378][    INFO] Iter: 0/269, LR: 0.0000050, Loss: 1.427, SiLoss: 1.427, GradLoss: 0.126
[2025-01-22 20:05:56,299][    INFO] Iter: 50/269, LR: 0.0000050, Loss: 0.335, SiLoss: 0.335, GradLoss: 0.117
[2025-01-22 20:07:31,572][    INFO] Iter: 100/269, LR: 0.0000050, Loss: 0.312, SiLoss: 0.312, GradLoss: 0.119
[2025-01-22 20:09:06,904][    INFO] Iter: 150/269, LR: 0.0000049, Loss: 0.285, SiLoss: 0.285, GradLoss: 0.104
[2025-01-22 20:10:42,275][    INFO] Iter: 200/269, LR: 0.0000049, Loss: 0.302, SiLoss: 0.302, GradLoss: 0.123
[2025-01-22 20:12:17,603][    INFO] Iter: 250/269, LR: 0.0000049, Loss: 0.274, SiLoss: 0.274, GradLoss: 0.102
[2025-01-22 20:13:30,964][    INFO] ==========================================================================================
[2025-01-22 20:13:30,965][    INFO]       d1,       d2,       d3,  abs_rel,   sq_rel,     rmse, rmse_log,    log10,    silog
[2025-01-22 20:13:30,965][    INFO]    0.597,    0.822,    0.926,    0.299,    2.470,    6.681,    0.359,    0.109,    0.353
[2025-01-22 20:13:30,965][    INFO] ==========================================================================================

[2025-01-22 20:13:41,404][    INFO] ===========> Epoch: 1/50, d1: 0.597, d2: 0.822, d3: 0.926
[2025-01-22 20:13:41,404][    INFO] ===========> Epoch: 1/50, abs_rel: 0.299, sq_rel: 2.470, rmse: 6.681, rmse_log: 0.359, log10: 0.109, silog: 0.353
[2025-01-22 20:13:43,957][    INFO] Iter: 0/269, LR: 0.0000049, Loss: 0.284, SiLoss: 0.284, GradLoss: 0.111
[2025-01-22 20:15:19,510][    INFO] Iter: 50/269, LR: 0.0000049, Loss: 0.274, SiLoss: 0.274, GradLoss: 0.103
[2025-01-22 20:16:55,335][    INFO] Iter: 100/269, LR: 0.0000049, Loss: 0.317, SiLoss: 0.317, GradLoss: 0.122
[2025-01-22 20:18:31,329][    INFO] Iter: 150/269, LR: 0.0000049, Loss: 0.279, SiLoss: 0.279, GradLoss: 0.116
[2025-01-22 20:20:07,299][    INFO] Iter: 200/269, LR: 0.0000048, Loss: 0.282, SiLoss: 0.282, GradLoss: 0.108
[2025-01-22 20:21:43,229][    INFO] Iter: 250/269, LR: 0.0000048, Loss: 0.260, SiLoss: 0.260, GradLoss: 0.105
[2025-01-22 20:22:56,185][    INFO] ==========================================================================================
[2025-01-22 20:22:56,185][    INFO]       d1,       d2,       d3,  abs_rel,   sq_rel,     rmse, rmse_log,    log10,    silog
[2025-01-22 20:22:56,186][    INFO]    0.563,    0.801,    0.917,    0.278,    2.277,    7.466,    0.375,    0.121,    0.359
[2025-01-22 20:22:56,186][    INFO] ==========================================================================================

[2025-01-22 20:23:02,348][    INFO] ===========> Epoch: 2/50, d1: 0.597, d2: 0.822, d3: 0.926
[2025-01-22 20:23:02,348][    INFO] ===========> Epoch: 2/50, abs_rel: 0.278, sq_rel: 2.277, rmse: 6.681, rmse_log: 0.359, log10: 0.109, silog: 0.353
[2025-01-22 20:23:04,856][    INFO] Iter: 0/269, LR: 0.0000048, Loss: 0.267, SiLoss: 0.267, GradLoss: 0.102
[2025-01-22 20:24:40,263][    INFO] Iter: 50/269, LR: 0.0000048, Loss: 0.267, SiLoss: 0.267, GradLoss: 0.104
[2025-01-22 20:26:15,634][    INFO] Iter: 100/269, LR: 0.0000048, Loss: 0.262, SiLoss: 0.262, GradLoss: 0.105
[2025-01-22 20:27:50,978][    INFO] Iter: 150/269, LR: 0.0000048, Loss: 0.254, SiLoss: 0.254, GradLoss: 0.097
[2025-01-22 20:29:26,322][    INFO] Iter: 200/269, LR: 0.0000048, Loss: 0.267, SiLoss: 0.267, GradLoss: 0.103
[2025-01-22 20:31:01,668][    INFO] Iter: 250/269, LR: 0.0000047, Loss: 0.263, SiLoss: 0.263, GradLoss: 0.108
[2025-01-22 20:32:14,458][    INFO] ==========================================================================================
[2025-01-22 20:32:14,458][    INFO]       d1,       d2,       d3,  abs_rel,   sq_rel,     rmse, rmse_log,    log10,    silog
[2025-01-22 20:32:14,458][    INFO]    0.620,    0.820,    0.922,    0.280,    2.474,    6.997,    0.358,    0.105,    0.353
[2025-01-22 20:32:14,458][    INFO] ==========================================================================================

[2025-01-22 20:32:20,665][    INFO] ===========> Epoch: 3/50, d1: 0.620, d2: 0.822, d3: 0.926
[2025-01-22 20:32:20,665][    INFO] ===========> Epoch: 3/50, abs_rel: 0.278, sq_rel: 2.277, rmse: 6.681, rmse_log: 0.358, log10: 0.105, silog: 0.353
[2025-01-22 20:32:23,187][    INFO] Iter: 0/269, LR: 0.0000047, Loss: 0.271, SiLoss: 0.271, GradLoss: 0.119
[2025-01-22 20:33:58,381][    INFO] Iter: 50/269, LR: 0.0000047, Loss: 0.263, SiLoss: 0.263, GradLoss: 0.107
[2025-01-22 20:35:33,686][    INFO] Iter: 100/269, LR: 0.0000047, Loss: 0.280, SiLoss: 0.280, GradLoss: 0.118
[2025-01-22 20:37:08,989][    INFO] Iter: 150/269, LR: 0.0000047, Loss: 0.263, SiLoss: 0.263, GradLoss: 0.108
[2025-01-22 20:38:44,307][    INFO] Iter: 200/269, LR: 0.0000047, Loss: 0.291, SiLoss: 0.291, GradLoss: 0.127
[2025-01-22 20:40:19,600][    INFO] Iter: 250/269, LR: 0.0000046, Loss: 0.234, SiLoss: 0.234, GradLoss: 0.096
[2025-01-22 20:41:32,350][    INFO] ==========================================================================================
[2025-01-22 20:41:32,351][    INFO]       d1,       d2,       d3,  abs_rel,   sq_rel,     rmse, rmse_log,    log10,    silog
[2025-01-22 20:41:32,351][    INFO]    0.618,    0.826,    0.925,    0.280,    2.395,    6.813,    0.354,    0.104,    0.350
[2025-01-22 20:41:32,351][    INFO] ==========================================================================================

[2025-01-22 20:41:35,946][    INFO] ===========> Epoch: 4/50, d1: 0.620, d2: 0.826, d3: 0.926
[2025-01-22 20:41:35,946][    INFO] ===========> Epoch: 4/50, abs_rel: 0.278, sq_rel: 2.277, rmse: 6.681, rmse_log: 0.354, log10: 0.104, silog: 0.350
[2025-01-22 20:41:38,435][    INFO] Iter: 0/269, LR: 0.0000046, Loss: 0.253, SiLoss: 0.253, GradLoss: 0.103
[2025-01-22 20:43:13,758][    INFO] Iter: 50/269, LR: 0.0000046, Loss: 0.230, SiLoss: 0.230, GradLoss: 0.097
[2025-01-22 20:44:49,088][    INFO] Iter: 100/269, LR: 0.0000046, Loss: 0.273, SiLoss: 0.273, GradLoss: 0.116
[2025-01-22 20:46:24,407][    INFO] Iter: 150/269, LR: 0.0000046, Loss: 0.248, SiLoss: 0.248, GradLoss: 0.095
[2025-01-22 20:47:59,717][    INFO] Iter: 200/269, LR: 0.0000046, Loss: 0.270, SiLoss: 0.270, GradLoss: 0.111
[2025-01-22 20:49:35,049][    INFO] Iter: 250/269, LR: 0.0000046, Loss: 0.233, SiLoss: 0.233, GradLoss: 0.096
[2025-01-22 20:50:47,787][    INFO] ==========================================================================================
[2025-01-22 20:50:47,788][    INFO]       d1,       d2,       d3,  abs_rel,   sq_rel,     rmse, rmse_log,    log10,    silog
[2025-01-22 20:50:47,788][    INFO]    0.644,    0.838,    0.930,    0.278,    2.442,    6.494,    0.346,    0.102,    0.342
[2025-01-22 20:50:47,788][    INFO] ==========================================================================================

[2025-01-22 20:50:59,205][    INFO] ===========> Epoch: 5/50, d1: 0.644, d2: 0.838, d3: 0.930
[2025-01-22 20:50:59,205][    INFO] ===========> Epoch: 5/50, abs_rel: 0.278, sq_rel: 2.277, rmse: 6.494, rmse_log: 0.346, log10: 0.102, silog: 0.342
[2025-01-22 20:51:01,716][    INFO] Iter: 0/269, LR: 0.0000045, Loss: 0.242, SiLoss: 0.242, GradLoss: 0.104
[2025-01-22 20:52:36,845][    INFO] Iter: 50/269, LR: 0.0000045, Loss: 0.267, SiLoss: 0.267, GradLoss: 0.109
[2025-01-22 20:54:12,091][    INFO] Iter: 100/269, LR: 0.0000045, Loss: 0.248, SiLoss: 0.248, GradLoss: 0.111
[2025-01-22 20:55:47,435][    INFO] Iter: 150/269, LR: 0.0000045, Loss: 0.230, SiLoss: 0.230, GradLoss: 0.099
[2025-01-22 20:57:22,730][    INFO] Iter: 200/269, LR: 0.0000045, Loss: 0.251, SiLoss: 0.251, GradLoss: 0.105
[2025-01-22 20:58:58,028][    INFO] Iter: 250/269, LR: 0.0000045, Loss: 0.245, SiLoss: 0.245, GradLoss: 0.106
[2025-01-22 21:00:10,813][    INFO] ==========================================================================================
[2025-01-22 21:00:10,814][    INFO]       d1,       d2,       d3,  abs_rel,   sq_rel,     rmse, rmse_log,    log10,    silog
[2025-01-22 21:00:10,814][    INFO]    0.635,    0.830,    0.928,    0.270,    2.409,    6.722,    0.350,    0.102,    0.346
[2025-01-22 21:00:10,814][    INFO] ==========================================================================================

[2025-01-22 21:00:17,819][    INFO] ===========> Epoch: 6/50, d1: 0.644, d2: 0.838, d3: 0.930
[2025-01-22 21:00:17,819][    INFO] ===========> Epoch: 6/50, abs_rel: 0.270, sq_rel: 2.277, rmse: 6.494, rmse_log: 0.346, log10: 0.102, silog: 0.342
[2025-01-22 21:00:20,332][    INFO] Iter: 0/269, LR: 0.0000045, Loss: 0.218, SiLoss: 0.218, GradLoss: 0.094
[2025-01-22 21:01:55,559][    INFO] Iter: 50/269, LR: 0.0000044, Loss: 0.257, SiLoss: 0.257, GradLoss: 0.107
[2025-01-22 21:03:30,871][    INFO] Iter: 100/269, LR: 0.0000044, Loss: 0.232, SiLoss: 0.232, GradLoss: 0.093
[2025-01-22 21:05:06,134][    INFO] Iter: 150/269, LR: 0.0000044, Loss: 0.230, SiLoss: 0.230, GradLoss: 0.097
[2025-01-22 21:06:41,485][    INFO] Iter: 200/269, LR: 0.0000044, Loss: 0.237, SiLoss: 0.237, GradLoss: 0.108
[2025-01-22 21:08:16,852][    INFO] Iter: 250/269, LR: 0.0000044, Loss: 0.242, SiLoss: 0.242, GradLoss: 0.104
[2025-01-22 21:09:29,618][    INFO] ==========================================================================================
[2025-01-22 21:09:29,618][    INFO]       d1,       d2,       d3,  abs_rel,   sq_rel,     rmse, rmse_log,    log10,    silog
[2025-01-22 21:09:29,619][    INFO]    0.631,    0.833,    0.929,    0.264,    2.248,    6.636,    0.347,    0.102,    0.343
[2025-01-22 21:09:29,619][    INFO] ==========================================================================================

[2025-01-22 21:09:35,944][    INFO] ===========> Epoch: 7/50, d1: 0.644, d2: 0.838, d3: 0.930
[2025-01-22 21:09:35,945][    INFO] ===========> Epoch: 7/50, abs_rel: 0.264, sq_rel: 2.248, rmse: 6.494, rmse_log: 0.346, log10: 0.102, silog: 0.342
[2025-01-22 21:09:38,448][    INFO] Iter: 0/269, LR: 0.0000044, Loss: 0.221, SiLoss: 0.221, GradLoss: 0.096
[2025-01-22 21:11:13,665][    INFO] Iter: 50/269, LR: 0.0000043, Loss: 0.234, SiLoss: 0.234, GradLoss: 0.104
[2025-01-22 21:12:48,985][    INFO] Iter: 100/269, LR: 0.0000043, Loss: 0.242, SiLoss: 0.242, GradLoss: 0.105
[2025-01-22 21:14:27,851][    INFO] Iter: 150/269, LR: 0.0000043, Loss: 0.257, SiLoss: 0.257, GradLoss: 0.114
[2025-01-22 21:16:03,308][    INFO] Iter: 200/269, LR: 0.0000043, Loss: 0.236, SiLoss: 0.236, GradLoss: 0.104
[2025-01-22 21:17:38,805][    INFO] Iter: 250/269, LR: 0.0000043, Loss: 0.231, SiLoss: 0.231, GradLoss: 0.099
[2025-01-22 21:18:51,677][    INFO] ==========================================================================================
[2025-01-22 21:18:51,677][    INFO]       d1,       d2,       d3,  abs_rel,   sq_rel,     rmse, rmse_log,    log10,    silog
[2025-01-22 21:18:51,677][    INFO]    0.613,    0.813,    0.919,    0.265,    2.293,    7.333,    0.362,    0.107,    0.355
[2025-01-22 21:18:51,677][    INFO] ==========================================================================================

[2025-01-22 21:18:55,324][    INFO] ===========> Epoch: 8/50, d1: 0.644, d2: 0.838, d3: 0.930
[2025-01-22 21:18:55,324][    INFO] ===========> Epoch: 8/50, abs_rel: 0.264, sq_rel: 2.248, rmse: 6.494, rmse_log: 0.346, log10: 0.102, silog: 0.342
[2025-01-22 21:18:57,830][    INFO] Iter: 0/269, LR: 0.0000043, Loss: 0.216, SiLoss: 0.216, GradLoss: 0.103
[2025-01-22 21:20:33,263][    INFO] Iter: 50/269, LR: 0.0000043, Loss: 0.238, SiLoss: 0.238, GradLoss: 0.103
[2025-01-22 21:22:08,687][    INFO] Iter: 100/269, LR: 0.0000042, Loss: 0.234, SiLoss: 0.234, GradLoss: 0.106
[2025-01-22 21:23:44,132][    INFO] Iter: 150/269, LR: 0.0000042, Loss: 0.230, SiLoss: 0.230, GradLoss: 0.104
[2025-01-22 21:25:19,534][    INFO] Iter: 200/269, LR: 0.0000042, Loss: 0.224, SiLoss: 0.224, GradLoss: 0.107
[2025-01-22 21:26:54,951][    INFO] Iter: 250/269, LR: 0.0000042, Loss: 0.224, SiLoss: 0.224, GradLoss: 0.096
[2025-01-22 21:28:07,847][    INFO] ==========================================================================================
[2025-01-22 21:28:07,847][    INFO]       d1,       d2,       d3,  abs_rel,   sq_rel,     rmse, rmse_log,    log10,    silog
[2025-01-22 21:28:07,847][    INFO]    0.631,    0.830,    0.928,    0.270,    2.332,    6.840,    0.350,    0.103,    0.346
[2025-01-22 21:28:07,848][    INFO] ==========================================================================================

[2025-01-22 21:28:11,491][    INFO] ===========> Epoch: 9/50, d1: 0.644, d2: 0.838, d3: 0.930
[2025-01-22 21:28:11,491][    INFO] ===========> Epoch: 9/50, abs_rel: 0.264, sq_rel: 2.248, rmse: 6.494, rmse_log: 0.346, log10: 0.102, silog: 0.342
[2025-01-22 21:28:14,023][    INFO] Iter: 0/269, LR: 0.0000042, Loss: 0.229, SiLoss: 0.229, GradLoss: 0.101
[2025-01-22 21:29:49,420][    INFO] Iter: 50/269, LR: 0.0000042, Loss: 0.244, SiLoss: 0.244, GradLoss: 0.103
[2025-01-22 21:31:24,747][    INFO] Iter: 100/269, LR: 0.0000041, Loss: 0.232, SiLoss: 0.232, GradLoss: 0.105
[2025-01-22 21:32:59,986][    INFO] Iter: 150/269, LR: 0.0000041, Loss: 0.240, SiLoss: 0.240, GradLoss: 0.108
[2025-01-22 21:34:35,192][    INFO] Iter: 200/269, LR: 0.0000041, Loss: 0.231, SiLoss: 0.231, GradLoss: 0.105
[2025-01-22 21:36:10,437][    INFO] Iter: 250/269, LR: 0.0000041, Loss: 0.234, SiLoss: 0.234, GradLoss: 0.106
[2025-01-22 21:37:23,154][    INFO] ==========================================================================================
[2025-01-22 21:37:23,154][    INFO]       d1,       d2,       d3,  abs_rel,   sq_rel,     rmse, rmse_log,    log10,    silog
[2025-01-22 21:37:23,154][    INFO]    0.643,    0.834,    0.928,    0.270,    2.345,    6.557,    0.348,    0.101,    0.344
[2025-01-22 21:37:23,154][    INFO] ==========================================================================================

[2025-01-22 21:37:26,794][    INFO] ===========> Epoch: 10/50, d1: 0.644, d2: 0.838, d3: 0.930
[2025-01-22 21:37:26,795][    INFO] ===========> Epoch: 10/50, abs_rel: 0.264, sq_rel: 2.248, rmse: 6.494, rmse_log: 0.346, log10: 0.101, silog: 0.342
[2025-01-22 21:37:29,250][    INFO] Iter: 0/269, LR: 0.0000041, Loss: 0.199, SiLoss: 0.199, GradLoss: 0.082
[2025-01-22 21:39:04,554][    INFO] Iter: 50/269, LR: 0.0000041, Loss: 0.281, SiLoss: 0.281, GradLoss: 0.133
[2025-01-22 21:40:39,907][    INFO] Iter: 100/269, LR: 0.0000041, Loss: 0.232, SiLoss: 0.232, GradLoss: 0.102
[2025-01-22 21:42:15,246][    INFO] Iter: 150/269, LR: 0.0000040, Loss: 0.241, SiLoss: 0.241, GradLoss: 0.109
[2025-01-22 21:43:50,535][    INFO] Iter: 200/269, LR: 0.0000040, Loss: 0.215, SiLoss: 0.215, GradLoss: 0.094
[2025-01-22 21:45:25,746][    INFO] Iter: 250/269, LR: 0.0000040, Loss: 0.230, SiLoss: 0.230, GradLoss: 0.103
[2025-01-22 21:46:38,479][    INFO] ==========================================================================================
[2025-01-22 21:46:38,479][    INFO]       d1,       d2,       d3,  abs_rel,   sq_rel,     rmse, rmse_log,    log10,    silog
[2025-01-22 21:46:38,479][    INFO]    0.638,    0.827,    0.922,    0.277,    2.512,    6.767,    0.357,    0.102,    0.352
[2025-01-22 21:46:38,479][    INFO] ==========================================================================================

[2025-01-22 21:46:45,552][    INFO] ===========> Epoch: 11/50, d1: 0.644, d2: 0.838, d3: 0.930
[2025-01-22 21:46:45,553][    INFO] ===========> Epoch: 11/50, abs_rel: 0.264, sq_rel: 2.248, rmse: 6.494, rmse_log: 0.346, log10: 0.101, silog: 0.342
[2025-01-22 21:46:48,072][    INFO] Iter: 0/269, LR: 0.0000040, Loss: 0.241, SiLoss: 0.241, GradLoss: 0.106
[2025-01-22 21:48:23,193][    INFO] Iter: 50/269, LR: 0.0000040, Loss: 0.245, SiLoss: 0.245, GradLoss: 0.112
[2025-01-22 21:49:58,412][    INFO] Iter: 100/269, LR: 0.0000040, Loss: 0.233, SiLoss: 0.233, GradLoss: 0.110
[2025-01-22 21:51:33,654][    INFO] Iter: 150/269, LR: 0.0000039, Loss: 0.224, SiLoss: 0.224, GradLoss: 0.104
[2025-01-22 21:53:08,872][    INFO] Iter: 200/269, LR: 0.0000039, Loss: 0.212, SiLoss: 0.212, GradLoss: 0.095
[2025-01-22 21:54:44,090][    INFO] Iter: 250/269, LR: 0.0000039, Loss: 0.238, SiLoss: 0.238, GradLoss: 0.101
[2025-01-22 21:55:56,770][    INFO] ==========================================================================================
[2025-01-22 21:55:56,771][    INFO]       d1,       d2,       d3,  abs_rel,   sq_rel,     rmse, rmse_log,    log10,    silog
[2025-01-22 21:55:56,771][    INFO]    0.637,    0.830,    0.924,    0.272,    2.466,    6.644,    0.355,    0.101,    0.350
[2025-01-22 21:55:56,771][    INFO] ==========================================================================================

[2025-01-22 21:56:00,364][    INFO] ===========> Epoch: 12/50, d1: 0.644, d2: 0.838, d3: 0.930
[2025-01-22 21:56:00,364][    INFO] ===========> Epoch: 12/50, abs_rel: 0.264, sq_rel: 2.248, rmse: 6.494, rmse_log: 0.346, log10: 0.101, silog: 0.342
[2025-01-22 21:56:02,823][    INFO] Iter: 0/269, LR: 0.0000039, Loss: 0.213, SiLoss: 0.213, GradLoss: 0.101
[2025-01-22 21:57:38,095][    INFO] Iter: 50/269, LR: 0.0000039, Loss: 0.224, SiLoss: 0.224, GradLoss: 0.100
[2025-01-22 21:59:13,324][    INFO] Iter: 100/269, LR: 0.0000039, Loss: 0.219, SiLoss: 0.219, GradLoss: 0.102
[2025-01-22 22:00:48,649][    INFO] Iter: 150/269, LR: 0.0000039, Loss: 0.237, SiLoss: 0.237, GradLoss: 0.110
[2025-01-22 22:02:23,864][    INFO] Iter: 200/269, LR: 0.0000038, Loss: 0.210, SiLoss: 0.210, GradLoss: 0.098
[2025-01-22 22:03:59,053][    INFO] Iter: 250/269, LR: 0.0000038, Loss: 0.211, SiLoss: 0.211, GradLoss: 0.094
[2025-01-22 22:05:11,712][    INFO] ==========================================================================================
[2025-01-22 22:05:11,712][    INFO]       d1,       d2,       d3,  abs_rel,   sq_rel,     rmse, rmse_log,    log10,    silog
[2025-01-22 22:05:11,713][    INFO]    0.628,    0.821,    0.919,    0.265,    2.325,    6.951,    0.362,    0.104,    0.356
[2025-01-22 22:05:11,713][    INFO] ==========================================================================================

[2025-01-22 22:05:15,294][    INFO] ===========> Epoch: 13/50, d1: 0.644, d2: 0.838, d3: 0.930
[2025-01-22 22:05:15,294][    INFO] ===========> Epoch: 13/50, abs_rel: 0.264, sq_rel: 2.248, rmse: 6.494, rmse_log: 0.346, log10: 0.101, silog: 0.342
[2025-01-22 22:05:17,813][    INFO] Iter: 0/269, LR: 0.0000038, Loss: 0.229, SiLoss: 0.229, GradLoss: 0.110
[2025-01-22 22:06:52,975][    INFO] Iter: 50/269, LR: 0.0000038, Loss: 0.246, SiLoss: 0.246, GradLoss: 0.111
[2025-01-22 22:08:28,126][    INFO] Iter: 100/269, LR: 0.0000038, Loss: 0.231, SiLoss: 0.231, GradLoss: 0.108
[2025-01-22 22:10:03,318][    INFO] Iter: 150/269, LR: 0.0000038, Loss: 0.233, SiLoss: 0.233, GradLoss: 0.100
[2025-01-22 22:11:38,551][    INFO] Iter: 200/269, LR: 0.0000037, Loss: 0.234, SiLoss: 0.234, GradLoss: 0.113
[2025-01-22 22:13:13,758][    INFO] Iter: 250/269, LR: 0.0000037, Loss: 0.222, SiLoss: 0.222, GradLoss: 0.101
[2025-01-22 22:14:26,447][    INFO] ==========================================================================================
[2025-01-22 22:14:26,447][    INFO]       d1,       d2,       d3,  abs_rel,   sq_rel,     rmse, rmse_log,    log10,    silog
[2025-01-22 22:14:26,447][    INFO]    0.624,    0.821,    0.919,    0.261,    2.285,    7.094,    0.363,    0.106,    0.356
[2025-01-22 22:14:26,448][    INFO] ==========================================================================================

[2025-01-22 22:14:32,842][    INFO] ===========> Epoch: 14/50, d1: 0.644, d2: 0.838, d3: 0.930
[2025-01-22 22:14:32,842][    INFO] ===========> Epoch: 14/50, abs_rel: 0.261, sq_rel: 2.248, rmse: 6.494, rmse_log: 0.346, log10: 0.101, silog: 0.342
[2025-01-22 22:14:35,334][    INFO] Iter: 0/269, LR: 0.0000037, Loss: 0.209, SiLoss: 0.209, GradLoss: 0.102
[2025-01-22 22:16:10,519][    INFO] Iter: 50/269, LR: 0.0000037, Loss: 0.228, SiLoss: 0.228, GradLoss: 0.105
[2025-01-22 22:17:45,752][    INFO] Iter: 100/269, LR: 0.0000037, Loss: 0.233, SiLoss: 0.233, GradLoss: 0.111
[2025-01-22 22:19:20,994][    INFO] Iter: 150/269, LR: 0.0000037, Loss: 0.224, SiLoss: 0.224, GradLoss: 0.108
[2025-01-22 22:20:56,204][    INFO] Iter: 200/269, LR: 0.0000037, Loss: 0.239, SiLoss: 0.239, GradLoss: 0.114
[2025-01-22 22:22:34,899][    INFO] Iter: 250/269, LR: 0.0000036, Loss: 0.213, SiLoss: 0.213, GradLoss: 0.097
[2025-01-22 22:23:47,576][    INFO] ==========================================================================================
[2025-01-22 22:23:47,576][    INFO]       d1,       d2,       d3,  abs_rel,   sq_rel,     rmse, rmse_log,    log10,    silog
[2025-01-22 22:23:47,577][    INFO]    0.641,    0.832,    0.925,    0.273,    2.444,    6.657,    0.352,    0.101,    0.348
[2025-01-22 22:23:47,577][    INFO] ==========================================================================================

[2025-01-22 22:23:51,190][    INFO] ===========> Epoch: 15/50, d1: 0.644, d2: 0.838, d3: 0.930
[2025-01-22 22:23:51,191][    INFO] ===========> Epoch: 15/50, abs_rel: 0.261, sq_rel: 2.248, rmse: 6.494, rmse_log: 0.346, log10: 0.101, silog: 0.342
[2025-01-22 22:23:53,669][    INFO] Iter: 0/269, LR: 0.0000036, Loss: 0.221, SiLoss: 0.221, GradLoss: 0.105
[2025-01-22 22:25:28,817][    INFO] Iter: 50/269, LR: 0.0000036, Loss: 0.208, SiLoss: 0.208, GradLoss: 0.098
[2025-01-22 22:27:03,967][    INFO] Iter: 100/269, LR: 0.0000036, Loss: 0.216, SiLoss: 0.216, GradLoss: 0.100
[2025-01-22 22:28:39,069][    INFO] Iter: 150/269, LR: 0.0000036, Loss: 0.198, SiLoss: 0.198, GradLoss: 0.096
[2025-01-22 22:30:14,225][    INFO] Iter: 200/269, LR: 0.0000036, Loss: 0.232, SiLoss: 0.232, GradLoss: 0.113
[2025-01-22 22:31:49,460][    INFO] Iter: 250/269, LR: 0.0000035, Loss: 0.232, SiLoss: 0.232, GradLoss: 0.115
[2025-01-22 22:33:02,205][    INFO] ==========================================================================================
[2025-01-22 22:33:02,205][    INFO]       d1,       d2,       d3,  abs_rel,   sq_rel,     rmse, rmse_log,    log10,    silog
[2025-01-22 22:33:02,206][    INFO]    0.632,    0.823,    0.918,    0.274,    2.477,    6.875,    0.363,    0.104,    0.358
[2025-01-22 22:33:02,206][    INFO] ==========================================================================================

[2025-01-22 22:33:05,845][    INFO] ===========> Epoch: 16/50, d1: 0.644, d2: 0.838, d3: 0.930
[2025-01-22 22:33:05,845][    INFO] ===========> Epoch: 16/50, abs_rel: 0.261, sq_rel: 2.248, rmse: 6.494, rmse_log: 0.346, log10: 0.101, silog: 0.342
[2025-01-22 22:33:08,344][    INFO] Iter: 0/269, LR: 0.0000035, Loss: 0.200, SiLoss: 0.200, GradLoss: 0.090
[2025-01-22 22:34:43,626][    INFO] Iter: 50/269, LR: 0.0000035, Loss: 0.224, SiLoss: 0.224, GradLoss: 0.100
[2025-01-22 22:36:18,915][    INFO] Iter: 100/269, LR: 0.0000035, Loss: 0.197, SiLoss: 0.197, GradLoss: 0.091
[2025-01-22 22:37:54,162][    INFO] Iter: 150/269, LR: 0.0000035, Loss: 0.215, SiLoss: 0.215, GradLoss: 0.104
[2025-01-22 22:39:29,383][    INFO] Iter: 200/269, LR: 0.0000035, Loss: 0.218, SiLoss: 0.218, GradLoss: 0.103
[2025-01-22 22:41:04,596][    INFO] Iter: 250/269, LR: 0.0000034, Loss: 0.204, SiLoss: 0.204, GradLoss: 0.093
[2025-01-22 22:42:17,252][    INFO] ==========================================================================================
[2025-01-22 22:42:17,252][    INFO]       d1,       d2,       d3,  abs_rel,   sq_rel,     rmse, rmse_log,    log10,    silog
[2025-01-22 22:42:17,252][    INFO]    0.633,    0.822,    0.919,    0.279,    2.617,    6.849,    0.364,    0.104,    0.359
[2025-01-22 22:42:17,252][    INFO] ==========================================================================================

[2025-01-22 22:42:24,089][    INFO] ===========> Epoch: 17/50, d1: 0.644, d2: 0.838, d3: 0.930
[2025-01-22 22:42:24,089][    INFO] ===========> Epoch: 17/50, abs_rel: 0.261, sq_rel: 2.248, rmse: 6.494, rmse_log: 0.346, log10: 0.101, silog: 0.342
[2025-01-22 22:42:26,549][    INFO] Iter: 0/269, LR: 0.0000034, Loss: 0.220, SiLoss: 0.220, GradLoss: 0.113
[2025-01-22 22:44:01,667][    INFO] Iter: 50/269, LR: 0.0000034, Loss: 0.212, SiLoss: 0.212, GradLoss: 0.099
[2025-01-22 22:45:36,872][    INFO] Iter: 100/269, LR: 0.0000034, Loss: 0.206, SiLoss: 0.206, GradLoss: 0.097
[2025-01-22 22:47:12,112][    INFO] Iter: 150/269, LR: 0.0000034, Loss: 0.224, SiLoss: 0.224, GradLoss: 0.111
[2025-01-22 22:48:47,313][    INFO] Iter: 200/269, LR: 0.0000034, Loss: 0.244, SiLoss: 0.244, GradLoss: 0.113
[2025-01-22 22:50:22,499][    INFO] Iter: 250/269, LR: 0.0000034, Loss: 0.189, SiLoss: 0.189, GradLoss: 0.088
[2025-01-22 22:51:35,173][    INFO] ==========================================================================================
[2025-01-22 22:51:35,173][    INFO]       d1,       d2,       d3,  abs_rel,   sq_rel,     rmse, rmse_log,    log10,    silog
[2025-01-22 22:51:35,174][    INFO]    0.629,    0.824,    0.920,    0.273,    2.467,    6.891,    0.361,    0.103,    0.356
[2025-01-22 22:51:35,174][    INFO] ==========================================================================================

[2025-01-22 22:51:38,760][    INFO] ===========> Epoch: 18/50, d1: 0.644, d2: 0.838, d3: 0.930
[2025-01-22 22:51:38,760][    INFO] ===========> Epoch: 18/50, abs_rel: 0.261, sq_rel: 2.248, rmse: 6.494, rmse_log: 0.346, log10: 0.101, silog: 0.342
[2025-01-22 22:51:41,243][    INFO] Iter: 0/269, LR: 0.0000033, Loss: 0.219, SiLoss: 0.219, GradLoss: 0.107
[2025-01-22 22:53:16,501][    INFO] Iter: 50/269, LR: 0.0000033, Loss: 0.235, SiLoss: 0.235, GradLoss: 0.118
[2025-01-22 22:54:51,799][    INFO] Iter: 100/269, LR: 0.0000033, Loss: 0.220, SiLoss: 0.220, GradLoss: 0.108
[2025-01-22 22:56:27,103][    INFO] Iter: 150/269, LR: 0.0000033, Loss: 0.198, SiLoss: 0.198, GradLoss: 0.099
[2025-01-22 22:58:02,414][    INFO] Iter: 200/269, LR: 0.0000033, Loss: 0.200, SiLoss: 0.200, GradLoss: 0.096
[2025-01-22 22:59:37,713][    INFO] Iter: 250/269, LR: 0.0000033, Loss: 0.215, SiLoss: 0.215, GradLoss: 0.103
[2025-01-22 23:00:50,386][    INFO] ==========================================================================================
[2025-01-22 23:00:50,386][    INFO]       d1,       d2,       d3,  abs_rel,   sq_rel,     rmse, rmse_log,    log10,    silog
[2025-01-22 23:00:50,387][    INFO]    0.636,    0.825,    0.921,    0.271,    2.440,    6.853,    0.360,    0.104,    0.355
[2025-01-22 23:00:50,387][    INFO] ==========================================================================================

[2025-01-22 23:00:54,009][    INFO] ===========> Epoch: 19/50, d1: 0.644, d2: 0.838, d3: 0.930
[2025-01-22 23:00:54,009][    INFO] ===========> Epoch: 19/50, abs_rel: 0.261, sq_rel: 2.248, rmse: 6.494, rmse_log: 0.346, log10: 0.101, silog: 0.342
[2025-01-22 23:00:56,510][    INFO] Iter: 0/269, LR: 0.0000033, Loss: 0.201, SiLoss: 0.201, GradLoss: 0.098
[2025-01-22 23:02:31,705][    INFO] Iter: 50/269, LR: 0.0000032, Loss: 0.208, SiLoss: 0.208, GradLoss: 0.102
[2025-01-22 23:04:06,985][    INFO] Iter: 100/269, LR: 0.0000032, Loss: 0.241, SiLoss: 0.241, GradLoss: 0.117
[2025-01-22 23:05:42,247][    INFO] Iter: 150/269, LR: 0.0000032, Loss: 0.211, SiLoss: 0.211, GradLoss: 0.105
[2025-01-22 23:07:17,554][    INFO] Iter: 200/269, LR: 0.0000032, Loss: 0.197, SiLoss: 0.197, GradLoss: 0.095
[2025-01-22 23:08:52,813][    INFO] Iter: 250/269, LR: 0.0000032, Loss: 0.194, SiLoss: 0.194, GradLoss: 0.095
[2025-01-22 23:10:05,516][    INFO] ==========================================================================================
[2025-01-22 23:10:05,516][    INFO]       d1,       d2,       d3,  abs_rel,   sq_rel,     rmse, rmse_log,    log10,    silog
[2025-01-22 23:10:05,517][    INFO]    0.638,    0.825,    0.920,    0.280,    2.574,    6.929,    0.361,    0.105,    0.357
[2025-01-22 23:10:05,517][    INFO] ==========================================================================================

[2025-01-22 23:10:09,092][    INFO] ===========> Epoch: 20/50, d1: 0.644, d2: 0.838, d3: 0.930
[2025-01-22 23:10:09,093][    INFO] ===========> Epoch: 20/50, abs_rel: 0.261, sq_rel: 2.248, rmse: 6.494, rmse_log: 0.346, log10: 0.101, silog: 0.342
[2025-01-22 23:10:11,584][    INFO] Iter: 0/269, LR: 0.0000032, Loss: 0.196, SiLoss: 0.196, GradLoss: 0.092
[2025-01-22 23:11:46,827][    INFO] Iter: 50/269, LR: 0.0000031, Loss: 0.204, SiLoss: 0.204, GradLoss: 0.094
[2025-01-22 23:13:22,115][    INFO] Iter: 100/269, LR: 0.0000031, Loss: 0.193, SiLoss: 0.193, GradLoss: 0.094
[2025-01-22 23:14:57,424][    INFO] Iter: 150/269, LR: 0.0000031, Loss: 0.200, SiLoss: 0.200, GradLoss: 0.092
[2025-01-22 23:16:32,752][    INFO] Iter: 200/269, LR: 0.0000031, Loss: 0.218, SiLoss: 0.218, GradLoss: 0.105
[2025-01-22 23:18:08,091][    INFO] Iter: 250/269, LR: 0.0000031, Loss: 0.189, SiLoss: 0.189, GradLoss: 0.091
[2025-01-22 23:19:20,825][    INFO] ==========================================================================================
[2025-01-22 23:19:20,825][    INFO]       d1,       d2,       d3,  abs_rel,   sq_rel,     rmse, rmse_log,    log10,    silog
[2025-01-22 23:19:20,826][    INFO]    0.634,    0.827,    0.922,    0.272,    2.447,    6.835,    0.357,    0.102,    0.352
[2025-01-22 23:19:20,826][    INFO] ==========================================================================================

[2025-01-22 23:19:24,527][    INFO] ===========> Epoch: 21/50, d1: 0.644, d2: 0.838, d3: 0.930
[2025-01-22 23:19:24,527][    INFO] ===========> Epoch: 21/50, abs_rel: 0.261, sq_rel: 2.248, rmse: 6.494, rmse_log: 0.346, log10: 0.101, silog: 0.342
[2025-01-22 23:19:26,995][    INFO] Iter: 0/269, LR: 0.0000031, Loss: 0.196, SiLoss: 0.196, GradLoss: 0.094
[2025-01-22 23:21:02,280][    INFO] Iter: 50/269, LR: 0.0000030, Loss: 0.199, SiLoss: 0.199, GradLoss: 0.096
[2025-01-22 23:22:37,575][    INFO] Iter: 100/269, LR: 0.0000030, Loss: 0.244, SiLoss: 0.244, GradLoss: 0.117
[2025-01-22 23:24:12,845][    INFO] Iter: 150/269, LR: 0.0000030, Loss: 0.205, SiLoss: 0.205, GradLoss: 0.101
[2025-01-22 23:25:48,192][    INFO] Iter: 200/269, LR: 0.0000030, Loss: 0.206, SiLoss: 0.206, GradLoss: 0.100
[2025-01-22 23:27:23,463][    INFO] Iter: 250/269, LR: 0.0000030, Loss: 0.216, SiLoss: 0.216, GradLoss: 0.107
[2025-01-22 23:28:36,224][    INFO] ==========================================================================================
[2025-01-22 23:28:36,224][    INFO]       d1,       d2,       d3,  abs_rel,   sq_rel,     rmse, rmse_log,    log10,    silog
[2025-01-22 23:28:36,225][    INFO]    0.637,    0.826,    0.922,    0.274,    2.519,    6.904,    0.357,    0.103,    0.352
[2025-01-22 23:28:36,225][    INFO] ==========================================================================================

[2025-01-22 23:28:39,826][    INFO] ===========> Epoch: 22/50, d1: 0.644, d2: 0.838, d3: 0.930
[2025-01-22 23:28:39,826][    INFO] ===========> Epoch: 22/50, abs_rel: 0.261, sq_rel: 2.248, rmse: 6.494, rmse_log: 0.346, log10: 0.101, silog: 0.342
[2025-01-22 23:28:42,283][    INFO] Iter: 0/269, LR: 0.0000030, Loss: 0.225, SiLoss: 0.225, GradLoss: 0.111
[2025-01-22 23:30:17,760][    INFO] Iter: 50/269, LR: 0.0000029, Loss: 0.212, SiLoss: 0.212, GradLoss: 0.102
[2025-01-22 23:31:56,782][    INFO] Iter: 100/269, LR: 0.0000029, Loss: 0.207, SiLoss: 0.207, GradLoss: 0.101
[2025-01-22 23:33:32,280][    INFO] Iter: 150/269, LR: 0.0000029, Loss: 0.246, SiLoss: 0.246, GradLoss: 0.118
[2025-01-22 23:35:07,745][    INFO] Iter: 200/269, LR: 0.0000029, Loss: 0.216, SiLoss: 0.216, GradLoss: 0.109
[2025-01-22 23:36:43,215][    INFO] Iter: 250/269, LR: 0.0000029, Loss: 0.201, SiLoss: 0.201, GradLoss: 0.097
[2025-01-22 23:37:56,180][    INFO] ==========================================================================================
[2025-01-22 23:37:56,180][    INFO]       d1,       d2,       d3,  abs_rel,   sq_rel,     rmse, rmse_log,    log10,    silog
[2025-01-22 23:37:56,180][    INFO]    0.635,    0.826,    0.920,    0.278,    2.572,    6.884,    0.359,    0.102,    0.354
[2025-01-22 23:37:56,181][    INFO] ==========================================================================================

[2025-01-22 23:37:59,804][    INFO] ===========> Epoch: 23/50, d1: 0.644, d2: 0.838, d3: 0.930
[2025-01-22 23:37:59,804][    INFO] ===========> Epoch: 23/50, abs_rel: 0.261, sq_rel: 2.248, rmse: 6.494, rmse_log: 0.346, log10: 0.101, silog: 0.342
[2025-01-22 23:38:02,278][    INFO] Iter: 0/269, LR: 0.0000029, Loss: 0.197, SiLoss: 0.197, GradLoss: 0.095
[2025-01-22 23:39:37,600][    INFO] Iter: 50/269, LR: 0.0000029, Loss: 0.195, SiLoss: 0.195, GradLoss: 0.092
[2025-01-22 23:41:13,012][    INFO] Iter: 100/269, LR: 0.0000028, Loss: 0.207, SiLoss: 0.207, GradLoss: 0.103
[2025-01-22 23:42:48,445][    INFO] Iter: 150/269, LR: 0.0000028, Loss: 0.186, SiLoss: 0.186, GradLoss: 0.090
[2025-01-22 23:44:23,938][    INFO] Iter: 200/269, LR: 0.0000028, Loss: 0.213, SiLoss: 0.213, GradLoss: 0.105
[2025-01-22 23:45:59,458][    INFO] Iter: 250/269, LR: 0.0000028, Loss: 0.211, SiLoss: 0.211, GradLoss: 0.109
[2025-01-22 23:47:12,495][    INFO] ==========================================================================================
[2025-01-22 23:47:12,495][    INFO]       d1,       d2,       d3,  abs_rel,   sq_rel,     rmse, rmse_log,    log10,    silog
[2025-01-22 23:47:12,496][    INFO]    0.633,    0.826,    0.920,    0.279,    2.539,    6.754,    0.359,    0.102,    0.354
[2025-01-22 23:47:12,496][    INFO] ==========================================================================================

[2025-01-22 23:47:28,162][    INFO] ===========> Epoch: 24/50, d1: 0.644, d2: 0.838, d3: 0.930
[2025-01-22 23:47:28,162][    INFO] ===========> Epoch: 24/50, abs_rel: 0.261, sq_rel: 2.248, rmse: 6.494, rmse_log: 0.346, log10: 0.101, silog: 0.342
[2025-01-22 23:47:30,683][    INFO] Iter: 0/269, LR: 0.0000028, Loss: 0.196, SiLoss: 0.196, GradLoss: 0.099
[2025-01-22 23:49:05,840][    INFO] Iter: 50/269, LR: 0.0000028, Loss: 0.203, SiLoss: 0.203, GradLoss: 0.105
[2025-01-22 23:50:41,247][    INFO] Iter: 100/269, LR: 0.0000027, Loss: 0.198, SiLoss: 0.198, GradLoss: 0.098
[2025-01-22 23:52:16,674][    INFO] Iter: 150/269, LR: 0.0000027, Loss: 0.207, SiLoss: 0.207, GradLoss: 0.110
[2025-01-22 23:53:52,078][    INFO] Iter: 200/269, LR: 0.0000027, Loss: 0.203, SiLoss: 0.203, GradLoss: 0.099
[2025-01-22 23:55:27,481][    INFO] Iter: 250/269, LR: 0.0000027, Loss: 0.186, SiLoss: 0.186, GradLoss: 0.092
[2025-01-22 23:56:40,507][    INFO] ==========================================================================================
[2025-01-22 23:56:40,508][    INFO]       d1,       d2,       d3,  abs_rel,   sq_rel,     rmse, rmse_log,    log10,    silog
[2025-01-22 23:56:40,508][    INFO]    0.628,    0.820,    0.918,    0.275,    2.510,    6.921,    0.362,    0.104,    0.357
[2025-01-22 23:56:40,508][    INFO] ==========================================================================================

[2025-01-22 23:56:44,102][    INFO] ===========> Epoch: 25/50, d1: 0.644, d2: 0.838, d3: 0.930
[2025-01-22 23:56:44,103][    INFO] ===========> Epoch: 25/50, abs_rel: 0.261, sq_rel: 2.248, rmse: 6.494, rmse_log: 0.346, log10: 0.101, silog: 0.342
[2025-01-22 23:56:46,577][    INFO] Iter: 0/269, LR: 0.0000027, Loss: 0.206, SiLoss: 0.206, GradLoss: 0.105
[2025-01-22 23:58:21,849][    INFO] Iter: 50/269, LR: 0.0000027, Loss: 0.186, SiLoss: 0.186, GradLoss: 0.094
[2025-01-22 23:59:57,142][    INFO] Iter: 100/269, LR: 0.0000026, Loss: 0.208, SiLoss: 0.208, GradLoss: 0.108
[2025-01-23 00:01:32,422][    INFO] Iter: 150/269, LR: 0.0000026, Loss: 0.201, SiLoss: 0.201, GradLoss: 0.106
[2025-01-23 00:03:07,732][    INFO] Iter: 200/269, LR: 0.0000026, Loss: 0.184, SiLoss: 0.184, GradLoss: 0.092
[2025-01-23 00:04:43,104][    INFO] Iter: 250/269, LR: 0.0000026, Loss: 0.207, SiLoss: 0.207, GradLoss: 0.106
[2025-01-23 00:05:56,073][    INFO] ==========================================================================================
[2025-01-23 00:05:56,073][    INFO]       d1,       d2,       d3,  abs_rel,   sq_rel,     rmse, rmse_log,    log10,    silog
[2025-01-23 00:05:56,074][    INFO]    0.636,    0.825,    0.920,    0.275,    2.518,    6.851,    0.360,    0.103,    0.356
[2025-01-23 00:05:56,074][    INFO] ==========================================================================================

[2025-01-23 00:06:02,839][    INFO] ===========> Epoch: 26/50, d1: 0.644, d2: 0.838, d3: 0.930
[2025-01-23 00:06:02,839][    INFO] ===========> Epoch: 26/50, abs_rel: 0.261, sq_rel: 2.248, rmse: 6.494, rmse_log: 0.346, log10: 0.101, silog: 0.342
[2025-01-23 00:06:05,324][    INFO] Iter: 0/269, LR: 0.0000026, Loss: 0.192, SiLoss: 0.192, GradLoss: 0.097
[2025-01-23 00:07:40,605][    INFO] Iter: 50/269, LR: 0.0000026, Loss: 0.228, SiLoss: 0.228, GradLoss: 0.119
[2025-01-23 00:09:16,026][    INFO] Iter: 100/269, LR: 0.0000025, Loss: 0.208, SiLoss: 0.208, GradLoss: 0.101
[2025-01-23 00:10:51,379][    INFO] Iter: 150/269, LR: 0.0000025, Loss: 0.225, SiLoss: 0.225, GradLoss: 0.112
[2025-01-23 00:12:26,783][    INFO] Iter: 200/269, LR: 0.0000025, Loss: 0.212, SiLoss: 0.212, GradLoss: 0.111
[2025-01-23 00:14:02,179][    INFO] Iter: 250/269, LR: 0.0000025, Loss: 0.199, SiLoss: 0.199, GradLoss: 0.097
[2025-01-23 00:15:15,195][    INFO] ==========================================================================================
[2025-01-23 00:15:15,195][    INFO]       d1,       d2,       d3,  abs_rel,   sq_rel,     rmse, rmse_log,    log10,    silog
[2025-01-23 00:15:15,195][    INFO]    0.640,    0.826,    0.919,    0.281,    2.637,    6.778,    0.361,    0.102,    0.356
[2025-01-23 00:15:15,195][    INFO] ==========================================================================================

[2025-01-23 00:15:22,030][    INFO] ===========> Epoch: 27/50, d1: 0.644, d2: 0.838, d3: 0.930
[2025-01-23 00:15:22,030][    INFO] ===========> Epoch: 27/50, abs_rel: 0.261, sq_rel: 2.248, rmse: 6.494, rmse_log: 0.346, log10: 0.101, silog: 0.342
[2025-01-23 00:15:24,565][    INFO] Iter: 0/269, LR: 0.0000025, Loss: 0.217, SiLoss: 0.217, GradLoss: 0.112
[2025-01-23 00:16:59,779][    INFO] Iter: 50/269, LR: 0.0000025, Loss: 0.199, SiLoss: 0.199, GradLoss: 0.100
[2025-01-23 00:18:35,091][    INFO] Iter: 100/269, LR: 0.0000024, Loss: 0.206, SiLoss: 0.206, GradLoss: 0.108
[2025-01-23 00:20:10,441][    INFO] Iter: 150/269, LR: 0.0000024, Loss: 0.181, SiLoss: 0.181, GradLoss: 0.093
[2025-01-23 00:21:45,739][    INFO] Iter: 200/269, LR: 0.0000024, Loss: 0.185, SiLoss: 0.185, GradLoss: 0.091
[2025-01-23 00:23:21,038][    INFO] Iter: 250/269, LR: 0.0000024, Loss: 0.188, SiLoss: 0.188, GradLoss: 0.095
[2025-01-23 00:24:33,916][    INFO] ==========================================================================================
[2025-01-23 00:24:33,916][    INFO]       d1,       d2,       d3,  abs_rel,   sq_rel,     rmse, rmse_log,    log10,    silog
[2025-01-23 00:24:33,917][    INFO]    0.637,    0.827,    0.922,    0.273,    2.481,    6.762,    0.357,    0.103,    0.352
[2025-01-23 00:24:33,917][    INFO] ==========================================================================================

[2025-01-23 00:24:37,521][    INFO] ===========> Epoch: 28/50, d1: 0.644, d2: 0.838, d3: 0.930
[2025-01-23 00:24:37,521][    INFO] ===========> Epoch: 28/50, abs_rel: 0.261, sq_rel: 2.248, rmse: 6.494, rmse_log: 0.346, log10: 0.101, silog: 0.342
[2025-01-23 00:24:40,020][    INFO] Iter: 0/269, LR: 0.0000024, Loss: 0.186, SiLoss: 0.186, GradLoss: 0.094
[2025-01-23 00:26:15,281][    INFO] Iter: 50/269, LR: 0.0000024, Loss: 0.180, SiLoss: 0.180, GradLoss: 0.088
[2025-01-23 00:27:50,614][    INFO] Iter: 100/269, LR: 0.0000024, Loss: 0.216, SiLoss: 0.216, GradLoss: 0.112
[2025-01-23 00:29:25,923][    INFO] Iter: 150/269, LR: 0.0000023, Loss: 0.197, SiLoss: 0.197, GradLoss: 0.103
[2025-01-23 00:31:01,227][    INFO] Iter: 200/269, LR: 0.0000023, Loss: 0.180, SiLoss: 0.180, GradLoss: 0.089
[2025-01-23 00:32:36,535][    INFO] Iter: 250/269, LR: 0.0000023, Loss: 0.188, SiLoss: 0.188, GradLoss: 0.094
[2025-01-23 00:33:49,426][    INFO] ==========================================================================================
[2025-01-23 00:33:49,426][    INFO]       d1,       d2,       d3,  abs_rel,   sq_rel,     rmse, rmse_log,    log10,    silog
[2025-01-23 00:33:49,427][    INFO]    0.632,    0.822,    0.918,    0.275,    2.502,    6.944,    0.362,    0.104,    0.357
[2025-01-23 00:33:49,427][    INFO] ==========================================================================================

[2025-01-23 00:33:53,018][    INFO] ===========> Epoch: 29/50, d1: 0.644, d2: 0.838, d3: 0.930
[2025-01-23 00:33:53,018][    INFO] ===========> Epoch: 29/50, abs_rel: 0.261, sq_rel: 2.248, rmse: 6.494, rmse_log: 0.346, log10: 0.101, silog: 0.342
[2025-01-23 00:33:55,502][    INFO] Iter: 0/269, LR: 0.0000023, Loss: 0.192, SiLoss: 0.192, GradLoss: 0.097
[2025-01-23 00:35:30,649][    INFO] Iter: 50/269, LR: 0.0000023, Loss: 0.194, SiLoss: 0.194, GradLoss: 0.099
[2025-01-23 00:37:05,902][    INFO] Iter: 100/269, LR: 0.0000023, Loss: 0.203, SiLoss: 0.203, GradLoss: 0.103
[2025-01-23 00:38:41,134][    INFO] Iter: 150/269, LR: 0.0000022, Loss: 0.203, SiLoss: 0.203, GradLoss: 0.101
[2025-01-23 00:40:19,902][    INFO] Iter: 200/269, LR: 0.0000022, Loss: 0.181, SiLoss: 0.181, GradLoss: 0.090
[2025-01-23 00:41:55,008][    INFO] Iter: 250/269, LR: 0.0000022, Loss: 0.222, SiLoss: 0.222, GradLoss: 0.117
[2025-01-23 00:43:07,814][    INFO] ==========================================================================================
[2025-01-23 00:43:07,814][    INFO]       d1,       d2,       d3,  abs_rel,   sq_rel,     rmse, rmse_log,    log10,    silog
[2025-01-23 00:43:07,815][    INFO]    0.631,    0.825,    0.920,    0.277,    2.516,    6.777,    0.359,    0.102,    0.355
[2025-01-23 00:43:07,815][    INFO] ==========================================================================================

[2025-01-23 00:43:11,417][    INFO] ===========> Epoch: 30/50, d1: 0.644, d2: 0.838, d3: 0.930
[2025-01-23 00:43:11,417][    INFO] ===========> Epoch: 30/50, abs_rel: 0.261, sq_rel: 2.248, rmse: 6.494, rmse_log: 0.346, log10: 0.101, silog: 0.342
[2025-01-23 00:43:13,901][    INFO] Iter: 0/269, LR: 0.0000022, Loss: 0.211, SiLoss: 0.211, GradLoss: 0.108
[2025-01-23 00:44:49,155][    INFO] Iter: 50/269, LR: 0.0000022, Loss: 0.193, SiLoss: 0.193, GradLoss: 0.099
[2025-01-23 00:46:24,387][    INFO] Iter: 100/269, LR: 0.0000022, Loss: 0.197, SiLoss: 0.197, GradLoss: 0.101
[2025-01-23 00:47:59,630][    INFO] Iter: 150/269, LR: 0.0000021, Loss: 0.204, SiLoss: 0.204, GradLoss: 0.109
[2025-01-23 00:49:34,862][    INFO] Iter: 200/269, LR: 0.0000021, Loss: 0.197, SiLoss: 0.197, GradLoss: 0.101
[2025-01-23 00:51:10,136][    INFO] Iter: 250/269, LR: 0.0000021, Loss: 0.191, SiLoss: 0.191, GradLoss: 0.094
[2025-01-23 00:52:22,979][    INFO] ==========================================================================================
[2025-01-23 00:52:22,979][    INFO]       d1,       d2,       d3,  abs_rel,   sq_rel,     rmse, rmse_log,    log10,    silog
[2025-01-23 00:52:22,979][    INFO]    0.637,    0.828,    0.921,    0.279,    2.580,    6.730,    0.358,    0.102,    0.354
[2025-01-23 00:52:22,980][    INFO] ==========================================================================================

[2025-01-23 00:52:26,569][    INFO] ===========> Epoch: 31/50, d1: 0.644, d2: 0.838, d3: 0.930
[2025-01-23 00:52:26,570][    INFO] ===========> Epoch: 31/50, abs_rel: 0.261, sq_rel: 2.248, rmse: 6.494, rmse_log: 0.346, log10: 0.101, silog: 0.342
[2025-01-23 00:52:29,062][    INFO] Iter: 0/269, LR: 0.0000021, Loss: 0.184, SiLoss: 0.184, GradLoss: 0.096
[2025-01-23 00:54:04,073][    INFO] Iter: 50/269, LR: 0.0000021, Loss: 0.189, SiLoss: 0.189, GradLoss: 0.098
[2025-01-23 00:55:39,274][    INFO] Iter: 100/269, LR: 0.0000021, Loss: 0.210, SiLoss: 0.210, GradLoss: 0.108
[2025-01-23 00:57:14,459][    INFO] Iter: 150/269, LR: 0.0000020, Loss: 0.204, SiLoss: 0.204, GradLoss: 0.109
[2025-01-23 00:58:49,622][    INFO] Iter: 200/269, LR: 0.0000020, Loss: 0.190, SiLoss: 0.190, GradLoss: 0.102
[2025-01-23 01:00:24,826][    INFO] Iter: 250/269, LR: 0.0000020, Loss: 0.173, SiLoss: 0.173, GradLoss: 0.083
[2025-01-23 01:01:37,606][    INFO] ==========================================================================================
[2025-01-23 01:01:37,606][    INFO]       d1,       d2,       d3,  abs_rel,   sq_rel,     rmse, rmse_log,    log10,    silog
[2025-01-23 01:01:37,606][    INFO]    0.635,    0.823,    0.919,    0.272,    2.476,    6.898,    0.360,    0.102,    0.355
[2025-01-23 01:01:37,606][    INFO] ==========================================================================================

[2025-01-23 01:01:41,178][    INFO] ===========> Epoch: 32/50, d1: 0.644, d2: 0.838, d3: 0.930
[2025-01-23 01:01:41,178][    INFO] ===========> Epoch: 32/50, abs_rel: 0.261, sq_rel: 2.248, rmse: 6.494, rmse_log: 0.346, log10: 0.101, silog: 0.342
[2025-01-23 01:01:43,700][    INFO] Iter: 0/269, LR: 0.0000020, Loss: 0.211, SiLoss: 0.211, GradLoss: 0.112
