/data/miniconda/envs/torch/lib/python3.10/site-packages/torch/distributed/launch.py:183: FutureWarning: The module torch.distributed.launch is deprecated
and will be removed in future. Use torchrun.
Note that --use-env is set by default in torchrun.
If your script expects `--local-rank` argument to be set, please
change it to read from `os.environ['LOCAL_RANK']` instead. See 
https://pytorch.org/docs/stable/distributed.html#launch-utility for 
further instructions

  warnings.warn(
W1215 21:21:20.584000 140083766904640 torch/distributed/run.py:757] 
W1215 21:21:20.584000 140083766904640 torch/distributed/run.py:757] *****************************************
W1215 21:21:20.584000 140083766904640 torch/distributed/run.py:757] Setting OMP_NUM_THREADS environment variable for each process to be 1 in default, to avoid your system being overloaded, please further tune the variable for optimal performance in your application as needed. 
W1215 21:21:20.584000 140083766904640 torch/distributed/run.py:757] *****************************************
/data/miniconda/envs/torch/lib/python3.10/site-packages/timm/models/layers/__init__.py:48: FutureWarning: Importing from timm.models.layers is deprecated, please import via timm.layers
  warnings.warn(f"Importing from {__name__} is deprecated, please import via timm.layers", FutureWarning)
/data/miniconda/envs/torch/lib/python3.10/site-packages/timm/models/layers/__init__.py:48: FutureWarning: Importing from timm.models.layers is deprecated, please import via timm.layers
  warnings.warn(f"Importing from {__name__} is deprecated, please import via timm.layers", FutureWarning)
[2024-12-15 21:21:24,123][    INFO] {'bs': 4,
 'dataset': 'mvsec',
 'depth_anything_pretrained': '/data/coding/upload-data/checkpoints/depth_anything_v2_metric_vkitti_vitl.pth',
 'encoder': 'vitl',
 'epochs': 50,
 'event_voxel_chans': 5,
 'finetune_mode': 'prompt',
 'img_size': 518,
 'local_rank': 0,
 'lr': 5e-06,
 'ngpus': 2,
 'port': 20596,
 'pretrained_from': None,
 'prompt_type': 'epde_deep',
 'save_path': '/data/coding/code/da2-prompt-tuning/exp/mvsec_prompt_normalized_log_20241215_212118'}

Loaded pretrained weights from /data/coding/upload-data/checkpoints/depth_anything_v2_metric_vkitti_vitl.pth
Loaded pretrained weights from /data/coding/upload-data/checkpoints/depth_anything_v2_metric_vkitti_vitl.pth
The freezing mode of weights is: prompt
The freezing mode of weights is: prompt
[2024-12-15 21:21:34,029][    INFO] Module: module.patch_embed_prompt.proj.weight, Trainable Parameters: 1003520
[2024-12-15 21:21:34,029][    INFO] Module: module.patch_embed_prompt.proj.bias, Trainable Parameters: 1024
[2024-12-15 21:21:34,029][    INFO] Module: module.prompt_blocks.0.conv0_0.weight, Trainable Parameters: 8192
[2024-12-15 21:21:34,029][    INFO] Module: module.prompt_blocks.0.conv0_0.bias, Trainable Parameters: 8
[2024-12-15 21:21:34,029][    INFO] Module: module.prompt_blocks.0.conv0_1.weight, Trainable Parameters: 8192
[2024-12-15 21:21:34,029][    INFO] Module: module.prompt_blocks.0.conv0_1.bias, Trainable Parameters: 8
[2024-12-15 21:21:34,029][    INFO] Module: module.prompt_blocks.0.conv1x1.weight, Trainable Parameters: 8192
[2024-12-15 21:21:34,030][    INFO] Module: module.prompt_blocks.0.conv1x1.bias, Trainable Parameters: 1024
[2024-12-15 21:21:34,030][    INFO] Module: module.prompt_blocks.0.fovea.smooth, Trainable Parameters: 1
[2024-12-15 21:21:34,030][    INFO] Module: module.prompt_blocks.1.conv0_0.weight, Trainable Parameters: 8192
[2024-12-15 21:21:34,030][    INFO] Module: module.prompt_blocks.1.conv0_0.bias, Trainable Parameters: 8
[2024-12-15 21:21:34,030][    INFO] Module: module.prompt_blocks.1.conv0_1.weight, Trainable Parameters: 8192
[2024-12-15 21:21:34,030][    INFO] Module: module.prompt_blocks.1.conv0_1.bias, Trainable Parameters: 8
[2024-12-15 21:21:34,030][    INFO] Module: module.prompt_blocks.1.conv1x1.weight, Trainable Parameters: 8192
[2024-12-15 21:21:34,030][    INFO] Module: module.prompt_blocks.1.conv1x1.bias, Trainable Parameters: 1024
[2024-12-15 21:21:34,030][    INFO] Module: module.prompt_blocks.1.fovea.smooth, Trainable Parameters: 1
[2024-12-15 21:21:34,030][    INFO] Module: module.prompt_blocks.2.conv0_0.weight, Trainable Parameters: 8192
[2024-12-15 21:21:34,030][    INFO] Module: module.prompt_blocks.2.conv0_0.bias, Trainable Parameters: 8
[2024-12-15 21:21:34,030][    INFO] Module: module.prompt_blocks.2.conv0_1.weight, Trainable Parameters: 8192
[2024-12-15 21:21:34,030][    INFO] Module: module.prompt_blocks.2.conv0_1.bias, Trainable Parameters: 8
[2024-12-15 21:21:34,030][    INFO] Module: module.prompt_blocks.2.conv1x1.weight, Trainable Parameters: 8192
[2024-12-15 21:21:34,030][    INFO] Module: module.prompt_blocks.2.conv1x1.bias, Trainable Parameters: 1024
[2024-12-15 21:21:34,030][    INFO] Module: module.prompt_blocks.2.fovea.smooth, Trainable Parameters: 1
[2024-12-15 21:21:34,030][    INFO] Module: module.prompt_blocks.3.conv0_0.weight, Trainable Parameters: 8192
[2024-12-15 21:21:34,030][    INFO] Module: module.prompt_blocks.3.conv0_0.bias, Trainable Parameters: 8
[2024-12-15 21:21:34,030][    INFO] Module: module.prompt_blocks.3.conv0_1.weight, Trainable Parameters: 8192
[2024-12-15 21:21:34,030][    INFO] Module: module.prompt_blocks.3.conv0_1.bias, Trainable Parameters: 8
[2024-12-15 21:21:34,030][    INFO] Module: module.prompt_blocks.3.conv1x1.weight, Trainable Parameters: 8192
[2024-12-15 21:21:34,030][    INFO] Module: module.prompt_blocks.3.conv1x1.bias, Trainable Parameters: 1024
[2024-12-15 21:21:34,030][    INFO] Module: module.prompt_blocks.3.fovea.smooth, Trainable Parameters: 1
[2024-12-15 21:21:34,030][    INFO] Module: module.prompt_blocks.4.conv0_0.weight, Trainable Parameters: 8192
[2024-12-15 21:21:34,030][    INFO] Module: module.prompt_blocks.4.conv0_0.bias, Trainable Parameters: 8
[2024-12-15 21:21:34,030][    INFO] Module: module.prompt_blocks.4.conv0_1.weight, Trainable Parameters: 8192
[2024-12-15 21:21:34,030][    INFO] Module: module.prompt_blocks.4.conv0_1.bias, Trainable Parameters: 8
[2024-12-15 21:21:34,030][    INFO] Module: module.prompt_blocks.4.conv1x1.weight, Trainable Parameters: 8192
[2024-12-15 21:21:34,030][    INFO] Module: module.prompt_blocks.4.conv1x1.bias, Trainable Parameters: 1024
[2024-12-15 21:21:34,030][    INFO] Module: module.prompt_blocks.4.fovea.smooth, Trainable Parameters: 1
[2024-12-15 21:21:34,030][    INFO] Module: module.prompt_blocks.5.conv0_0.weight, Trainable Parameters: 8192
[2024-12-15 21:21:34,030][    INFO] Module: module.prompt_blocks.5.conv0_0.bias, Trainable Parameters: 8
[2024-12-15 21:21:34,031][    INFO] Module: module.prompt_blocks.5.conv0_1.weight, Trainable Parameters: 8192
[2024-12-15 21:21:34,031][    INFO] Module: module.prompt_blocks.5.conv0_1.bias, Trainable Parameters: 8
[2024-12-15 21:21:34,031][    INFO] Module: module.prompt_blocks.5.conv1x1.weight, Trainable Parameters: 8192
[2024-12-15 21:21:34,031][    INFO] Module: module.prompt_blocks.5.conv1x1.bias, Trainable Parameters: 1024
[2024-12-15 21:21:34,031][    INFO] Module: module.prompt_blocks.5.fovea.smooth, Trainable Parameters: 1
[2024-12-15 21:21:34,031][    INFO] Module: module.prompt_blocks.6.conv0_0.weight, Trainable Parameters: 8192
[2024-12-15 21:21:34,031][    INFO] Module: module.prompt_blocks.6.conv0_0.bias, Trainable Parameters: 8
[2024-12-15 21:21:34,031][    INFO] Module: module.prompt_blocks.6.conv0_1.weight, Trainable Parameters: 8192
[2024-12-15 21:21:34,031][    INFO] Module: module.prompt_blocks.6.conv0_1.bias, Trainable Parameters: 8
[2024-12-15 21:21:34,031][    INFO] Module: module.prompt_blocks.6.conv1x1.weight, Trainable Parameters: 8192
[2024-12-15 21:21:34,031][    INFO] Module: module.prompt_blocks.6.conv1x1.bias, Trainable Parameters: 1024
[2024-12-15 21:21:34,031][    INFO] Module: module.prompt_blocks.6.fovea.smooth, Trainable Parameters: 1
[2024-12-15 21:21:34,031][    INFO] Module: module.prompt_blocks.7.conv0_0.weight, Trainable Parameters: 8192
[2024-12-15 21:21:34,031][    INFO] Module: module.prompt_blocks.7.conv0_0.bias, Trainable Parameters: 8
[2024-12-15 21:21:34,031][    INFO] Module: module.prompt_blocks.7.conv0_1.weight, Trainable Parameters: 8192
[2024-12-15 21:21:34,031][    INFO] Module: module.prompt_blocks.7.conv0_1.bias, Trainable Parameters: 8
[2024-12-15 21:21:34,031][    INFO] Module: module.prompt_blocks.7.conv1x1.weight, Trainable Parameters: 8192
[2024-12-15 21:21:34,031][    INFO] Module: module.prompt_blocks.7.conv1x1.bias, Trainable Parameters: 1024
[2024-12-15 21:21:34,031][    INFO] Module: module.prompt_blocks.7.fovea.smooth, Trainable Parameters: 1
[2024-12-15 21:21:34,031][    INFO] Module: module.prompt_blocks.8.conv0_0.weight, Trainable Parameters: 8192
[2024-12-15 21:21:34,031][    INFO] Module: module.prompt_blocks.8.conv0_0.bias, Trainable Parameters: 8
[2024-12-15 21:21:34,031][    INFO] Module: module.prompt_blocks.8.conv0_1.weight, Trainable Parameters: 8192
[2024-12-15 21:21:34,031][    INFO] Module: module.prompt_blocks.8.conv0_1.bias, Trainable Parameters: 8
[2024-12-15 21:21:34,031][    INFO] Module: module.prompt_blocks.8.conv1x1.weight, Trainable Parameters: 8192
[2024-12-15 21:21:34,031][    INFO] Module: module.prompt_blocks.8.conv1x1.bias, Trainable Parameters: 1024
[2024-12-15 21:21:34,031][    INFO] Module: module.prompt_blocks.8.fovea.smooth, Trainable Parameters: 1
[2024-12-15 21:21:34,031][    INFO] Module: module.prompt_blocks.9.conv0_0.weight, Trainable Parameters: 8192
[2024-12-15 21:21:34,031][    INFO] Module: module.prompt_blocks.9.conv0_0.bias, Trainable Parameters: 8
[2024-12-15 21:21:34,031][    INFO] Module: module.prompt_blocks.9.conv0_1.weight, Trainable Parameters: 8192
[2024-12-15 21:21:34,031][    INFO] Module: module.prompt_blocks.9.conv0_1.bias, Trainable Parameters: 8
[2024-12-15 21:21:34,031][    INFO] Module: module.prompt_blocks.9.conv1x1.weight, Trainable Parameters: 8192
[2024-12-15 21:21:34,031][    INFO] Module: module.prompt_blocks.9.conv1x1.bias, Trainable Parameters: 1024
[2024-12-15 21:21:34,031][    INFO] Module: module.prompt_blocks.9.fovea.smooth, Trainable Parameters: 1
[2024-12-15 21:21:34,031][    INFO] Module: module.prompt_blocks.10.conv0_0.weight, Trainable Parameters: 8192
[2024-12-15 21:21:34,031][    INFO] Module: module.prompt_blocks.10.conv0_0.bias, Trainable Parameters: 8
[2024-12-15 21:21:34,032][    INFO] Module: module.prompt_blocks.10.conv0_1.weight, Trainable Parameters: 8192
[2024-12-15 21:21:34,032][    INFO] Module: module.prompt_blocks.10.conv0_1.bias, Trainable Parameters: 8
[2024-12-15 21:21:34,032][    INFO] Module: module.prompt_blocks.10.conv1x1.weight, Trainable Parameters: 8192
[2024-12-15 21:21:34,032][    INFO] Module: module.prompt_blocks.10.conv1x1.bias, Trainable Parameters: 1024
[2024-12-15 21:21:34,032][    INFO] Module: module.prompt_blocks.10.fovea.smooth, Trainable Parameters: 1
[2024-12-15 21:21:34,032][    INFO] Module: module.prompt_blocks.11.conv0_0.weight, Trainable Parameters: 8192
[2024-12-15 21:21:34,032][    INFO] Module: module.prompt_blocks.11.conv0_0.bias, Trainable Parameters: 8
[2024-12-15 21:21:34,032][    INFO] Module: module.prompt_blocks.11.conv0_1.weight, Trainable Parameters: 8192
[2024-12-15 21:21:34,032][    INFO] Module: module.prompt_blocks.11.conv0_1.bias, Trainable Parameters: 8
[2024-12-15 21:21:34,032][    INFO] Module: module.prompt_blocks.11.conv1x1.weight, Trainable Parameters: 8192
[2024-12-15 21:21:34,032][    INFO] Module: module.prompt_blocks.11.conv1x1.bias, Trainable Parameters: 1024
[2024-12-15 21:21:34,032][    INFO] Module: module.prompt_blocks.11.fovea.smooth, Trainable Parameters: 1
[2024-12-15 21:21:34,032][    INFO] Module: module.prompt_blocks.12.conv0_0.weight, Trainable Parameters: 8192
[2024-12-15 21:21:34,032][    INFO] Module: module.prompt_blocks.12.conv0_0.bias, Trainable Parameters: 8
[2024-12-15 21:21:34,032][    INFO] Module: module.prompt_blocks.12.conv0_1.weight, Trainable Parameters: 8192
[2024-12-15 21:21:34,032][    INFO] Module: module.prompt_blocks.12.conv0_1.bias, Trainable Parameters: 8
[2024-12-15 21:21:34,032][    INFO] Module: module.prompt_blocks.12.conv1x1.weight, Trainable Parameters: 8192
[2024-12-15 21:21:34,032][    INFO] Module: module.prompt_blocks.12.conv1x1.bias, Trainable Parameters: 1024
[2024-12-15 21:21:34,032][    INFO] Module: module.prompt_blocks.12.fovea.smooth, Trainable Parameters: 1
[2024-12-15 21:21:34,032][    INFO] Module: module.prompt_blocks.13.conv0_0.weight, Trainable Parameters: 8192
[2024-12-15 21:21:34,032][    INFO] Module: module.prompt_blocks.13.conv0_0.bias, Trainable Parameters: 8
[2024-12-15 21:21:34,032][    INFO] Module: module.prompt_blocks.13.conv0_1.weight, Trainable Parameters: 8192
[2024-12-15 21:21:34,032][    INFO] Module: module.prompt_blocks.13.conv0_1.bias, Trainable Parameters: 8
[2024-12-15 21:21:34,032][    INFO] Module: module.prompt_blocks.13.conv1x1.weight, Trainable Parameters: 8192
[2024-12-15 21:21:34,032][    INFO] Module: module.prompt_blocks.13.conv1x1.bias, Trainable Parameters: 1024
[2024-12-15 21:21:34,032][    INFO] Module: module.prompt_blocks.13.fovea.smooth, Trainable Parameters: 1
[2024-12-15 21:21:34,032][    INFO] Module: module.prompt_blocks.14.conv0_0.weight, Trainable Parameters: 8192
[2024-12-15 21:21:34,032][    INFO] Module: module.prompt_blocks.14.conv0_0.bias, Trainable Parameters: 8
[2024-12-15 21:21:34,032][    INFO] Module: module.prompt_blocks.14.conv0_1.weight, Trainable Parameters: 8192
[2024-12-15 21:21:34,032][    INFO] Module: module.prompt_blocks.14.conv0_1.bias, Trainable Parameters: 8
[2024-12-15 21:21:34,032][    INFO] Module: module.prompt_blocks.14.conv1x1.weight, Trainable Parameters: 8192
[2024-12-15 21:21:34,032][    INFO] Module: module.prompt_blocks.14.conv1x1.bias, Trainable Parameters: 1024
[2024-12-15 21:21:34,032][    INFO] Module: module.prompt_blocks.14.fovea.smooth, Trainable Parameters: 1
[2024-12-15 21:21:34,032][    INFO] Module: module.prompt_blocks.15.conv0_0.weight, Trainable Parameters: 8192
[2024-12-15 21:21:34,032][    INFO] Module: module.prompt_blocks.15.conv0_0.bias, Trainable Parameters: 8
[2024-12-15 21:21:34,032][    INFO] Module: module.prompt_blocks.15.conv0_1.weight, Trainable Parameters: 8192
[2024-12-15 21:21:34,033][    INFO] Module: module.prompt_blocks.15.conv0_1.bias, Trainable Parameters: 8
[2024-12-15 21:21:34,033][    INFO] Module: module.prompt_blocks.15.conv1x1.weight, Trainable Parameters: 8192
[2024-12-15 21:21:34,033][    INFO] Module: module.prompt_blocks.15.conv1x1.bias, Trainable Parameters: 1024
[2024-12-15 21:21:34,033][    INFO] Module: module.prompt_blocks.15.fovea.smooth, Trainable Parameters: 1
[2024-12-15 21:21:34,033][    INFO] Module: module.prompt_blocks.16.conv0_0.weight, Trainable Parameters: 8192
[2024-12-15 21:21:34,033][    INFO] Module: module.prompt_blocks.16.conv0_0.bias, Trainable Parameters: 8
[2024-12-15 21:21:34,033][    INFO] Module: module.prompt_blocks.16.conv0_1.weight, Trainable Parameters: 8192
[2024-12-15 21:21:34,033][    INFO] Module: module.prompt_blocks.16.conv0_1.bias, Trainable Parameters: 8
[2024-12-15 21:21:34,033][    INFO] Module: module.prompt_blocks.16.conv1x1.weight, Trainable Parameters: 8192
[2024-12-15 21:21:34,033][    INFO] Module: module.prompt_blocks.16.conv1x1.bias, Trainable Parameters: 1024
[2024-12-15 21:21:34,033][    INFO] Module: module.prompt_blocks.16.fovea.smooth, Trainable Parameters: 1
[2024-12-15 21:21:34,033][    INFO] Module: module.prompt_blocks.17.conv0_0.weight, Trainable Parameters: 8192
[2024-12-15 21:21:34,033][    INFO] Module: module.prompt_blocks.17.conv0_0.bias, Trainable Parameters: 8
[2024-12-15 21:21:34,033][    INFO] Module: module.prompt_blocks.17.conv0_1.weight, Trainable Parameters: 8192
[2024-12-15 21:21:34,033][    INFO] Module: module.prompt_blocks.17.conv0_1.bias, Trainable Parameters: 8
[2024-12-15 21:21:34,033][    INFO] Module: module.prompt_blocks.17.conv1x1.weight, Trainable Parameters: 8192
[2024-12-15 21:21:34,033][    INFO] Module: module.prompt_blocks.17.conv1x1.bias, Trainable Parameters: 1024
[2024-12-15 21:21:34,033][    INFO] Module: module.prompt_blocks.17.fovea.smooth, Trainable Parameters: 1
[2024-12-15 21:21:34,033][    INFO] Module: module.prompt_blocks.18.conv0_0.weight, Trainable Parameters: 8192
[2024-12-15 21:21:34,033][    INFO] Module: module.prompt_blocks.18.conv0_0.bias, Trainable Parameters: 8
[2024-12-15 21:21:34,033][    INFO] Module: module.prompt_blocks.18.conv0_1.weight, Trainable Parameters: 8192
[2024-12-15 21:21:34,033][    INFO] Module: module.prompt_blocks.18.conv0_1.bias, Trainable Parameters: 8
[2024-12-15 21:21:34,033][    INFO] Module: module.prompt_blocks.18.conv1x1.weight, Trainable Parameters: 8192
[2024-12-15 21:21:34,033][    INFO] Module: module.prompt_blocks.18.conv1x1.bias, Trainable Parameters: 1024
[2024-12-15 21:21:34,033][    INFO] Module: module.prompt_blocks.18.fovea.smooth, Trainable Parameters: 1
[2024-12-15 21:21:34,033][    INFO] Module: module.prompt_blocks.19.conv0_0.weight, Trainable Parameters: 8192
[2024-12-15 21:21:34,033][    INFO] Module: module.prompt_blocks.19.conv0_0.bias, Trainable Parameters: 8
[2024-12-15 21:21:34,033][    INFO] Module: module.prompt_blocks.19.conv0_1.weight, Trainable Parameters: 8192
[2024-12-15 21:21:34,033][    INFO] Module: module.prompt_blocks.19.conv0_1.bias, Trainable Parameters: 8
[2024-12-15 21:21:34,033][    INFO] Module: module.prompt_blocks.19.conv1x1.weight, Trainable Parameters: 8192
[2024-12-15 21:21:34,033][    INFO] Module: module.prompt_blocks.19.conv1x1.bias, Trainable Parameters: 1024
[2024-12-15 21:21:34,033][    INFO] Module: module.prompt_blocks.19.fovea.smooth, Trainable Parameters: 1
[2024-12-15 21:21:34,033][    INFO] Module: module.prompt_blocks.20.conv0_0.weight, Trainable Parameters: 8192
[2024-12-15 21:21:34,033][    INFO] Module: module.prompt_blocks.20.conv0_0.bias, Trainable Parameters: 8
[2024-12-15 21:21:34,033][    INFO] Module: module.prompt_blocks.20.conv0_1.weight, Trainable Parameters: 8192
[2024-12-15 21:21:34,033][    INFO] Module: module.prompt_blocks.20.conv0_1.bias, Trainable Parameters: 8
[2024-12-15 21:21:34,034][    INFO] Module: module.prompt_blocks.20.conv1x1.weight, Trainable Parameters: 8192
[2024-12-15 21:21:34,034][    INFO] Module: module.prompt_blocks.20.conv1x1.bias, Trainable Parameters: 1024
[2024-12-15 21:21:34,034][    INFO] Module: module.prompt_blocks.20.fovea.smooth, Trainable Parameters: 1
[2024-12-15 21:21:34,034][    INFO] Module: module.prompt_blocks.21.conv0_0.weight, Trainable Parameters: 8192
[2024-12-15 21:21:34,034][    INFO] Module: module.prompt_blocks.21.conv0_0.bias, Trainable Parameters: 8
[2024-12-15 21:21:34,034][    INFO] Module: module.prompt_blocks.21.conv0_1.weight, Trainable Parameters: 8192
[2024-12-15 21:21:34,034][    INFO] Module: module.prompt_blocks.21.conv0_1.bias, Trainable Parameters: 8
[2024-12-15 21:21:34,034][    INFO] Module: module.prompt_blocks.21.conv1x1.weight, Trainable Parameters: 8192
[2024-12-15 21:21:34,034][    INFO] Module: module.prompt_blocks.21.conv1x1.bias, Trainable Parameters: 1024
[2024-12-15 21:21:34,034][    INFO] Module: module.prompt_blocks.21.fovea.smooth, Trainable Parameters: 1
[2024-12-15 21:21:34,034][    INFO] Module: module.prompt_blocks.22.conv0_0.weight, Trainable Parameters: 8192
[2024-12-15 21:21:34,034][    INFO] Module: module.prompt_blocks.22.conv0_0.bias, Trainable Parameters: 8
[2024-12-15 21:21:34,034][    INFO] Module: module.prompt_blocks.22.conv0_1.weight, Trainable Parameters: 8192
[2024-12-15 21:21:34,034][    INFO] Module: module.prompt_blocks.22.conv0_1.bias, Trainable Parameters: 8
[2024-12-15 21:21:34,034][    INFO] Module: module.prompt_blocks.22.conv1x1.weight, Trainable Parameters: 8192
[2024-12-15 21:21:34,034][    INFO] Module: module.prompt_blocks.22.conv1x1.bias, Trainable Parameters: 1024
[2024-12-15 21:21:34,034][    INFO] Module: module.prompt_blocks.22.fovea.smooth, Trainable Parameters: 1
[2024-12-15 21:21:34,034][    INFO] Module: module.prompt_blocks.23.conv0_0.weight, Trainable Parameters: 8192
[2024-12-15 21:21:34,034][    INFO] Module: module.prompt_blocks.23.conv0_0.bias, Trainable Parameters: 8
[2024-12-15 21:21:34,034][    INFO] Module: module.prompt_blocks.23.conv0_1.weight, Trainable Parameters: 8192
[2024-12-15 21:21:34,034][    INFO] Module: module.prompt_blocks.23.conv0_1.bias, Trainable Parameters: 8
[2024-12-15 21:21:34,034][    INFO] Module: module.prompt_blocks.23.conv1x1.weight, Trainable Parameters: 8192
[2024-12-15 21:21:34,034][    INFO] Module: module.prompt_blocks.23.conv1x1.bias, Trainable Parameters: 1024
[2024-12-15 21:21:34,034][    INFO] Module: module.prompt_blocks.23.fovea.smooth, Trainable Parameters: 1
[2024-12-15 21:21:34,034][    INFO] Module: module.prompt_norms.0.weight, Trainable Parameters: 1024
[2024-12-15 21:21:34,034][    INFO] Module: module.prompt_norms.0.bias, Trainable Parameters: 1024
[2024-12-15 21:21:34,034][    INFO] Module: module.prompt_norms.1.weight, Trainable Parameters: 1024
[2024-12-15 21:21:34,034][    INFO] Module: module.prompt_norms.1.bias, Trainable Parameters: 1024
[2024-12-15 21:21:34,034][    INFO] Module: module.prompt_norms.2.weight, Trainable Parameters: 1024
[2024-12-15 21:21:34,034][    INFO] Module: module.prompt_norms.2.bias, Trainable Parameters: 1024
[2024-12-15 21:21:34,034][    INFO] Module: module.prompt_norms.3.weight, Trainable Parameters: 1024
[2024-12-15 21:21:34,034][    INFO] Module: module.prompt_norms.3.bias, Trainable Parameters: 1024
[2024-12-15 21:21:34,034][    INFO] Module: module.prompt_norms.4.weight, Trainable Parameters: 1024
[2024-12-15 21:21:34,034][    INFO] Module: module.prompt_norms.4.bias, Trainable Parameters: 1024
[2024-12-15 21:21:34,034][    INFO] Module: module.prompt_norms.5.weight, Trainable Parameters: 1024
[2024-12-15 21:21:34,035][    INFO] Module: module.prompt_norms.5.bias, Trainable Parameters: 1024
[2024-12-15 21:21:34,035][    INFO] Module: module.prompt_norms.6.weight, Trainable Parameters: 1024
[2024-12-15 21:21:34,035][    INFO] Module: module.prompt_norms.6.bias, Trainable Parameters: 1024
[2024-12-15 21:21:34,035][    INFO] Module: module.prompt_norms.7.weight, Trainable Parameters: 1024
[2024-12-15 21:21:34,035][    INFO] Module: module.prompt_norms.7.bias, Trainable Parameters: 1024
[2024-12-15 21:21:34,035][    INFO] Module: module.prompt_norms.8.weight, Trainable Parameters: 1024
[2024-12-15 21:21:34,035][    INFO] Module: module.prompt_norms.8.bias, Trainable Parameters: 1024
[2024-12-15 21:21:34,035][    INFO] Module: module.prompt_norms.9.weight, Trainable Parameters: 1024
[2024-12-15 21:21:34,035][    INFO] Module: module.prompt_norms.9.bias, Trainable Parameters: 1024
[2024-12-15 21:21:34,035][    INFO] Module: module.prompt_norms.10.weight, Trainable Parameters: 1024
[2024-12-15 21:21:34,035][    INFO] Module: module.prompt_norms.10.bias, Trainable Parameters: 1024
[2024-12-15 21:21:34,035][    INFO] Module: module.prompt_norms.11.weight, Trainable Parameters: 1024
[2024-12-15 21:21:34,035][    INFO] Module: module.prompt_norms.11.bias, Trainable Parameters: 1024
[2024-12-15 21:21:34,035][    INFO] Module: module.prompt_norms.12.weight, Trainable Parameters: 1024
[2024-12-15 21:21:34,035][    INFO] Module: module.prompt_norms.12.bias, Trainable Parameters: 1024
[2024-12-15 21:21:34,035][    INFO] Module: module.prompt_norms.13.weight, Trainable Parameters: 1024
[2024-12-15 21:21:34,035][    INFO] Module: module.prompt_norms.13.bias, Trainable Parameters: 1024
[2024-12-15 21:21:34,035][    INFO] Module: module.prompt_norms.14.weight, Trainable Parameters: 1024
[2024-12-15 21:21:34,035][    INFO] Module: module.prompt_norms.14.bias, Trainable Parameters: 1024
[2024-12-15 21:21:34,035][    INFO] Module: module.prompt_norms.15.weight, Trainable Parameters: 1024
[2024-12-15 21:21:34,035][    INFO] Module: module.prompt_norms.15.bias, Trainable Parameters: 1024
[2024-12-15 21:21:34,035][    INFO] Module: module.prompt_norms.16.weight, Trainable Parameters: 1024
[2024-12-15 21:21:34,035][    INFO] Module: module.prompt_norms.16.bias, Trainable Parameters: 1024
[2024-12-15 21:21:34,035][    INFO] Module: module.prompt_norms.17.weight, Trainable Parameters: 1024
[2024-12-15 21:21:34,035][    INFO] Module: module.prompt_norms.17.bias, Trainable Parameters: 1024
[2024-12-15 21:21:34,035][    INFO] Module: module.prompt_norms.18.weight, Trainable Parameters: 1024
[2024-12-15 21:21:34,035][    INFO] Module: module.prompt_norms.18.bias, Trainable Parameters: 1024
[2024-12-15 21:21:34,035][    INFO] Module: module.prompt_norms.19.weight, Trainable Parameters: 1024
[2024-12-15 21:21:34,035][    INFO] Module: module.prompt_norms.19.bias, Trainable Parameters: 1024
[2024-12-15 21:21:34,035][    INFO] Module: module.prompt_norms.20.weight, Trainable Parameters: 1024
[2024-12-15 21:21:34,035][    INFO] Module: module.prompt_norms.20.bias, Trainable Parameters: 1024
[2024-12-15 21:21:34,035][    INFO] Module: module.prompt_norms.21.weight, Trainable Parameters: 1024
[2024-12-15 21:21:34,035][    INFO] Module: module.prompt_norms.21.bias, Trainable Parameters: 1024
[2024-12-15 21:21:34,035][    INFO] Module: module.prompt_norms.22.weight, Trainable Parameters: 1024
[2024-12-15 21:21:34,035][    INFO] Module: module.prompt_norms.22.bias, Trainable Parameters: 1024
[2024-12-15 21:21:34,035][    INFO] Module: module.prompt_norms.23.weight, Trainable Parameters: 1024
[2024-12-15 21:21:34,035][    INFO] Module: module.prompt_norms.23.bias, Trainable Parameters: 1024
[2024-12-15 21:21:34,037][    INFO] Total Trainable Parameters: 1668504
[2024-12-15 21:21:34,037][    INFO] ===========> Epoch: 0/50, d1: 0.000, d2: 0.000, d3: 0.000
[2024-12-15 21:21:34,037][    INFO] ===========> Epoch: 0/50, abs_rel: 100.000, sq_rel: 100.000, rmse: 100.000, rmse_log: 100.000, log10: 100.000, silog: 100.000
[2024-12-15 21:21:38,564][    INFO] Iter: 0/1335, LR: 0.0000050, Loss: 1.240
[2024-12-15 21:22:51,699][    INFO] Iter: 100/1335, LR: 0.0000050, Loss: 1.722
[2024-12-15 21:24:04,718][    INFO] Iter: 200/1335, LR: 0.0000050, Loss: 1.158
[2024-12-15 21:25:17,725][    INFO] Iter: 300/1335, LR: 0.0000050, Loss: 1.698
[2024-12-15 21:26:30,852][    INFO] Iter: 400/1335, LR: 0.0000050, Loss: 4.112
[2024-12-15 21:27:43,959][    INFO] Iter: 500/1335, LR: 0.0000050, Loss: 0.990
[2024-12-15 21:28:57,172][    INFO] Iter: 600/1335, LR: 0.0000050, Loss: 1.453
[2024-12-15 21:30:10,408][    INFO] Iter: 700/1335, LR: 0.0000050, Loss: 1.143
[2024-12-15 21:31:23,711][    INFO] Iter: 800/1335, LR: 0.0000049, Loss: 2.590
[2024-12-15 21:32:36,884][    INFO] Iter: 900/1335, LR: 0.0000049, Loss: 1.067
[2024-12-15 21:33:50,088][    INFO] Iter: 1000/1335, LR: 0.0000049, Loss: 1.297
[2024-12-15 21:35:03,291][    INFO] Iter: 1100/1335, LR: 0.0000049, Loss: 1.480
[2024-12-15 21:36:16,379][    INFO] Iter: 1200/1335, LR: 0.0000049, Loss: 1.157
[2024-12-15 21:37:29,646][    INFO] Iter: 1300/1335, LR: 0.0000049, Loss: 1.206
/data/coding/code/da2-prompt-tuning/train.py:333: UserWarning: indexing with dtype torch.uint8 is now deprecated, please use a dtype torch.bool instead. (Triggered internally at ../aten/src/ATen/native/IndexingUtils.h:27.)
  cur_results = eval_depth(pred[valid_mask], depth[valid_mask])
/data/coding/code/da2-prompt-tuning/train.py:333: UserWarning: indexing with dtype torch.uint8 is now deprecated, please use a dtype torch.bool instead. (Triggered internally at ../aten/src/ATen/native/IndexingUtils.h:27.)
  cur_results = eval_depth(pred[valid_mask], depth[valid_mask])
[2024-12-15 21:38:12,440][    INFO] ==========================================================================================
[2024-12-15 21:38:12,441][    INFO]       d1,       d2,       d3,  abs_rel,   sq_rel,     rmse, rmse_log,    log10,    silog
[2024-12-15 21:38:12,441][    INFO]    0.139,    0.273,    0.402,    1.589,  375.561,  107.772,    1.201,    0.427,    1.186
[2024-12-15 21:38:12,441][    INFO] ==========================================================================================

[2024-12-15 21:38:17,434][    INFO] ===========> Epoch: 1/50, d1: 0.139, d2: 0.273, d3: 0.402
[2024-12-15 21:38:17,435][    INFO] ===========> Epoch: 1/50, abs_rel: 1.589, sq_rel: 100.000, rmse: 100.000, rmse_log: 1.201, log10: 0.427, silog: 1.186
[2024-12-15 21:38:18,827][    INFO] Iter: 0/1335, LR: 0.0000049, Loss: 1.612
[2024-12-15 21:39:32,252][    INFO] Iter: 100/1335, LR: 0.0000049, Loss: 1.078
[2024-12-15 21:40:45,608][    INFO] Iter: 200/1335, LR: 0.0000049, Loss: 1.052
[2024-12-15 21:41:58,978][    INFO] Iter: 300/1335, LR: 0.0000049, Loss: 1.006
[2024-12-15 21:43:12,311][    INFO] Iter: 400/1335, LR: 0.0000049, Loss: 0.899
[2024-12-15 21:44:25,617][    INFO] Iter: 500/1335, LR: 0.0000049, Loss: 1.376
[2024-12-15 21:45:38,969][    INFO] Iter: 600/1335, LR: 0.0000049, Loss: 1.069
[2024-12-15 21:46:52,311][    INFO] Iter: 700/1335, LR: 0.0000049, Loss: 0.961
[2024-12-15 21:48:06,155][    INFO] Iter: 800/1335, LR: 0.0000049, Loss: 0.849
[2024-12-15 21:49:19,572][    INFO] Iter: 900/1335, LR: 0.0000048, Loss: 1.190
[2024-12-15 21:50:32,715][    INFO] Iter: 1000/1335, LR: 0.0000048, Loss: 0.926
[2024-12-15 21:51:45,822][    INFO] Iter: 1100/1335, LR: 0.0000048, Loss: 1.164
[2024-12-15 21:52:58,803][    INFO] Iter: 1200/1335, LR: 0.0000048, Loss: 1.428
[2024-12-15 21:54:11,866][    INFO] Iter: 1300/1335, LR: 0.0000048, Loss: 1.195
[2024-12-15 21:54:53,666][    INFO] ==========================================================================================
[2024-12-15 21:54:53,666][    INFO]       d1,       d2,       d3,  abs_rel,   sq_rel,     rmse, rmse_log,    log10,    silog
[2024-12-15 21:54:53,667][    INFO]    0.110,    0.220,    0.329,    1.902,  458.766,  111.772,    1.333,    0.486,    1.320
[2024-12-15 21:54:53,667][    INFO] ==========================================================================================

[2024-12-15 21:54:55,989][    INFO] ===========> Epoch: 2/50, d1: 0.139, d2: 0.273, d3: 0.402
[2024-12-15 21:54:55,989][    INFO] ===========> Epoch: 2/50, abs_rel: 1.589, sq_rel: 100.000, rmse: 100.000, rmse_log: 1.201, log10: 0.427, silog: 1.186
[2024-12-15 21:54:57,391][    INFO] Iter: 0/1335, LR: 0.0000048, Loss: 1.353
[2024-12-15 21:56:10,412][    INFO] Iter: 100/1335, LR: 0.0000048, Loss: 0.777
[2024-12-15 21:57:23,447][    INFO] Iter: 200/1335, LR: 0.0000048, Loss: 0.876
[2024-12-15 21:58:36,539][    INFO] Iter: 300/1335, LR: 0.0000048, Loss: 1.396
[2024-12-15 21:59:49,568][    INFO] Iter: 400/1335, LR: 0.0000048, Loss: 1.228
[2024-12-15 22:01:02,582][    INFO] Iter: 500/1335, LR: 0.0000048, Loss: 0.926
[2024-12-15 22:02:15,593][    INFO] Iter: 600/1335, LR: 0.0000048, Loss: 1.074
[2024-12-15 22:03:28,647][    INFO] Iter: 700/1335, LR: 0.0000048, Loss: 0.715
[2024-12-15 22:04:41,756][    INFO] Iter: 800/1335, LR: 0.0000048, Loss: 1.280
[2024-12-15 22:05:54,839][    INFO] Iter: 900/1335, LR: 0.0000048, Loss: 1.057
[2024-12-15 22:07:07,954][    INFO] Iter: 1000/1335, LR: 0.0000048, Loss: 1.037
[2024-12-15 22:08:21,034][    INFO] Iter: 1100/1335, LR: 0.0000047, Loss: 0.989
[2024-12-15 22:09:34,090][    INFO] Iter: 1200/1335, LR: 0.0000047, Loss: 1.312
[2024-12-15 22:10:47,208][    INFO] Iter: 1300/1335, LR: 0.0000047, Loss: 1.160
[2024-12-15 22:11:29,244][    INFO] ==========================================================================================
[2024-12-15 22:11:29,244][    INFO]       d1,       d2,       d3,  abs_rel,   sq_rel,     rmse, rmse_log,    log10,    silog
[2024-12-15 22:11:29,245][    INFO]    0.125,    0.247,    0.366,    1.684,  399.924,  109.922,    1.270,    0.457,    1.257
[2024-12-15 22:11:29,245][    INFO] ==========================================================================================

[2024-12-15 22:11:31,588][    INFO] ===========> Epoch: 3/50, d1: 0.139, d2: 0.273, d3: 0.402
[2024-12-15 22:11:31,590][    INFO] ===========> Epoch: 3/50, abs_rel: 1.589, sq_rel: 100.000, rmse: 100.000, rmse_log: 1.201, log10: 0.427, silog: 1.186
[2024-12-15 22:11:32,985][    INFO] Iter: 0/1335, LR: 0.0000047, Loss: 2.716
[2024-12-15 22:12:46,080][    INFO] Iter: 100/1335, LR: 0.0000047, Loss: 1.065
[2024-12-15 22:13:59,179][    INFO] Iter: 200/1335, LR: 0.0000047, Loss: 1.039
[2024-12-15 22:15:12,269][    INFO] Iter: 300/1335, LR: 0.0000047, Loss: 1.121
[2024-12-15 22:16:25,387][    INFO] Iter: 400/1335, LR: 0.0000047, Loss: 0.841
[2024-12-15 22:17:38,543][    INFO] Iter: 500/1335, LR: 0.0000047, Loss: 0.654
[2024-12-15 22:18:51,736][    INFO] Iter: 600/1335, LR: 0.0000047, Loss: 1.345
[2024-12-15 22:20:04,831][    INFO] Iter: 700/1335, LR: 0.0000047, Loss: 1.175
[2024-12-15 22:21:17,946][    INFO] Iter: 800/1335, LR: 0.0000047, Loss: 0.657
[2024-12-15 22:22:31,079][    INFO] Iter: 900/1335, LR: 0.0000047, Loss: 0.922
[2024-12-15 22:23:44,168][    INFO] Iter: 1000/1335, LR: 0.0000047, Loss: 0.914
[2024-12-15 22:24:57,267][    INFO] Iter: 1100/1335, LR: 0.0000047, Loss: 2.512
[2024-12-15 22:26:10,343][    INFO] Iter: 1200/1335, LR: 0.0000046, Loss: 0.972
[2024-12-15 22:27:23,419][    INFO] Iter: 1300/1335, LR: 0.0000046, Loss: 1.236
[2024-12-15 22:28:05,249][    INFO] ==========================================================================================
[2024-12-15 22:28:05,249][    INFO]       d1,       d2,       d3,  abs_rel,   sq_rel,     rmse, rmse_log,    log10,    silog
[2024-12-15 22:28:05,250][    INFO]    0.134,    0.270,    0.405,    1.002,  194.743,  100.391,    1.114,    0.403,    1.062
[2024-12-15 22:28:05,250][    INFO] ==========================================================================================

[2024-12-15 22:28:09,201][    INFO] ===========> Epoch: 4/50, d1: 0.139, d2: 0.273, d3: 0.405
[2024-12-15 22:28:09,201][    INFO] ===========> Epoch: 4/50, abs_rel: 1.002, sq_rel: 100.000, rmse: 100.000, rmse_log: 1.114, log10: 0.403, silog: 1.062
[2024-12-15 22:28:10,636][    INFO] Iter: 0/1335, LR: 0.0000046, Loss: 1.617
[2024-12-15 22:29:23,796][    INFO] Iter: 100/1335, LR: 0.0000046, Loss: 1.519
[2024-12-15 22:30:36,891][    INFO] Iter: 200/1335, LR: 0.0000046, Loss: 0.944
[2024-12-15 22:31:49,999][    INFO] Iter: 300/1335, LR: 0.0000046, Loss: 1.475
[2024-12-15 22:33:03,123][    INFO] Iter: 400/1335, LR: 0.0000046, Loss: 1.146
[2024-12-15 22:34:16,202][    INFO] Iter: 500/1335, LR: 0.0000046, Loss: 0.847
[2024-12-15 22:35:29,241][    INFO] Iter: 600/1335, LR: 0.0000046, Loss: 1.586
[2024-12-15 22:36:42,358][    INFO] Iter: 700/1335, LR: 0.0000046, Loss: 0.638
[2024-12-15 22:37:55,455][    INFO] Iter: 800/1335, LR: 0.0000046, Loss: 0.970
[2024-12-15 22:39:08,534][    INFO] Iter: 900/1335, LR: 0.0000046, Loss: 1.235
[2024-12-15 22:40:21,605][    INFO] Iter: 1000/1335, LR: 0.0000046, Loss: 1.121
[2024-12-15 22:41:34,663][    INFO] Iter: 1100/1335, LR: 0.0000046, Loss: 1.271
[2024-12-15 22:42:47,752][    INFO] Iter: 1200/1335, LR: 0.0000046, Loss: 1.382
[2024-12-15 22:44:00,830][    INFO] Iter: 1300/1335, LR: 0.0000046, Loss: 1.780
[2024-12-15 22:44:42,805][    INFO] ==========================================================================================
[2024-12-15 22:44:42,806][    INFO]       d1,       d2,       d3,  abs_rel,   sq_rel,     rmse, rmse_log,    log10,    silog
[2024-12-15 22:44:42,806][    INFO]    0.146,    0.294,    0.435,    0.963,  183.601,   99.643,    1.079,    0.386,    1.030
[2024-12-15 22:44:42,806][    INFO] ==========================================================================================

[2024-12-15 22:44:50,159][    INFO] ===========> Epoch: 5/50, d1: 0.146, d2: 0.294, d3: 0.435
[2024-12-15 22:44:50,160][    INFO] ===========> Epoch: 5/50, abs_rel: 0.963, sq_rel: 100.000, rmse: 99.643, rmse_log: 1.079, log10: 0.386, silog: 1.030
[2024-12-15 22:44:51,525][    INFO] Iter: 0/1335, LR: 0.0000045, Loss: 0.999
[2024-12-15 22:46:04,539][    INFO] Iter: 100/1335, LR: 0.0000045, Loss: 1.976
[2024-12-15 22:47:17,679][    INFO] Iter: 200/1335, LR: 0.0000045, Loss: 0.585
[2024-12-15 22:48:30,824][    INFO] Iter: 300/1335, LR: 0.0000045, Loss: 0.728
[2024-12-15 22:49:43,896][    INFO] Iter: 400/1335, LR: 0.0000045, Loss: 1.438
[2024-12-15 22:50:56,962][    INFO] Iter: 500/1335, LR: 0.0000045, Loss: 0.863
[2024-12-15 22:52:10,035][    INFO] Iter: 600/1335, LR: 0.0000045, Loss: 1.093
[2024-12-15 22:53:23,126][    INFO] Iter: 700/1335, LR: 0.0000045, Loss: 0.984
[2024-12-15 22:54:36,214][    INFO] Iter: 800/1335, LR: 0.0000045, Loss: 0.925
[2024-12-15 22:55:49,250][    INFO] Iter: 900/1335, LR: 0.0000045, Loss: 1.308
[2024-12-15 22:57:02,251][    INFO] Iter: 1000/1335, LR: 0.0000045, Loss: 1.020
[2024-12-15 22:58:15,297][    INFO] Iter: 1100/1335, LR: 0.0000045, Loss: 1.426
[2024-12-15 22:59:28,431][    INFO] Iter: 1200/1335, LR: 0.0000045, Loss: 2.150
[2024-12-15 23:00:41,466][    INFO] Iter: 1300/1335, LR: 0.0000045, Loss: 0.819
[2024-12-15 23:01:23,209][    INFO] ==========================================================================================
[2024-12-15 23:01:23,210][    INFO]       d1,       d2,       d3,  abs_rel,   sq_rel,     rmse, rmse_log,    log10,    silog
[2024-12-15 23:01:23,210][    INFO]    0.135,    0.293,    0.458,    0.673,   93.402,   93.275,    1.038,    0.373,    0.941
[2024-12-15 23:01:23,210][    INFO] ==========================================================================================

[2024-12-15 23:01:28,666][    INFO] ===========> Epoch: 6/50, d1: 0.146, d2: 0.294, d3: 0.458
[2024-12-15 23:01:28,666][    INFO] ===========> Epoch: 6/50, abs_rel: 0.673, sq_rel: 93.402, rmse: 93.275, rmse_log: 1.038, log10: 0.373, silog: 0.941
[2024-12-15 23:01:30,092][    INFO] Iter: 0/1335, LR: 0.0000045, Loss: 0.954
[2024-12-15 23:02:43,122][    INFO] Iter: 100/1335, LR: 0.0000044, Loss: 1.857
[2024-12-15 23:03:56,182][    INFO] Iter: 200/1335, LR: 0.0000044, Loss: 1.748
[2024-12-15 23:05:09,291][    INFO] Iter: 300/1335, LR: 0.0000044, Loss: 0.821
[2024-12-15 23:06:22,412][    INFO] Iter: 400/1335, LR: 0.0000044, Loss: 1.178
[2024-12-15 23:07:35,443][    INFO] Iter: 500/1335, LR: 0.0000044, Loss: 0.990
[2024-12-15 23:08:48,514][    INFO] Iter: 600/1335, LR: 0.0000044, Loss: 1.452
[2024-12-15 23:10:01,639][    INFO] Iter: 700/1335, LR: 0.0000044, Loss: 0.615
[2024-12-15 23:11:14,850][    INFO] Iter: 800/1335, LR: 0.0000044, Loss: 1.696
[2024-12-15 23:12:28,095][    INFO] Iter: 900/1335, LR: 0.0000044, Loss: 0.902
[2024-12-15 23:13:41,308][    INFO] Iter: 1000/1335, LR: 0.0000044, Loss: 1.838
[2024-12-15 23:14:54,506][    INFO] Iter: 1100/1335, LR: 0.0000044, Loss: 1.057
[2024-12-15 23:16:07,662][    INFO] Iter: 1200/1335, LR: 0.0000044, Loss: 1.061
[2024-12-15 23:17:20,911][    INFO] Iter: 1300/1335, LR: 0.0000044, Loss: 1.434
[2024-12-15 23:18:02,733][    INFO] ==========================================================================================
[2024-12-15 23:18:02,734][    INFO]       d1,       d2,       d3,  abs_rel,   sq_rel,     rmse, rmse_log,    log10,    silog
[2024-12-15 23:18:02,734][    INFO]    0.214,    0.395,    0.537,    0.597,   76.998,   89.852,    0.944,    0.326,    0.873
[2024-12-15 23:18:02,734][    INFO] ==========================================================================================

[2024-12-15 23:18:10,608][    INFO] ===========> Epoch: 7/50, d1: 0.214, d2: 0.395, d3: 0.537
[2024-12-15 23:18:10,609][    INFO] ===========> Epoch: 7/50, abs_rel: 0.597, sq_rel: 76.998, rmse: 89.852, rmse_log: 0.944, log10: 0.326, silog: 0.873
[2024-12-15 23:18:12,048][    INFO] Iter: 0/1335, LR: 0.0000044, Loss: 1.223
[2024-12-15 23:19:25,067][    INFO] Iter: 100/1335, LR: 0.0000044, Loss: 2.032
[2024-12-15 23:20:38,119][    INFO] Iter: 200/1335, LR: 0.0000044, Loss: 1.021
[2024-12-15 23:21:51,179][    INFO] Iter: 300/1335, LR: 0.0000043, Loss: 1.643
[2024-12-15 23:23:04,455][    INFO] Iter: 400/1335, LR: 0.0000043, Loss: 1.123
[2024-12-15 23:24:17,784][    INFO] Iter: 500/1335, LR: 0.0000043, Loss: 1.002
[2024-12-15 23:25:30,979][    INFO] Iter: 600/1335, LR: 0.0000043, Loss: 1.959
[2024-12-15 23:26:44,021][    INFO] Iter: 700/1335, LR: 0.0000043, Loss: 1.257
[2024-12-15 23:27:57,065][    INFO] Iter: 800/1335, LR: 0.0000043, Loss: 0.954
[2024-12-15 23:29:10,107][    INFO] Iter: 900/1335, LR: 0.0000043, Loss: 1.481
[2024-12-15 23:30:23,147][    INFO] Iter: 1000/1335, LR: 0.0000043, Loss: 0.904
[2024-12-15 23:31:36,184][    INFO] Iter: 1100/1335, LR: 0.0000043, Loss: 0.801
[2024-12-15 23:32:49,240][    INFO] Iter: 1200/1335, LR: 0.0000043, Loss: 0.866
[2024-12-15 23:34:02,258][    INFO] Iter: 1300/1335, LR: 0.0000043, Loss: 1.415
[2024-12-15 23:34:44,108][    INFO] ==========================================================================================
[2024-12-15 23:34:44,108][    INFO]       d1,       d2,       d3,  abs_rel,   sq_rel,     rmse, rmse_log,    log10,    silog
[2024-12-15 23:34:44,109][    INFO]    0.177,    0.356,    0.506,    0.585,   70.825,   90.672,    0.994,    0.349,    0.892
[2024-12-15 23:34:44,109][    INFO] ==========================================================================================

[2024-12-15 23:34:47,712][    INFO] ===========> Epoch: 8/50, d1: 0.214, d2: 0.395, d3: 0.537
[2024-12-15 23:34:47,712][    INFO] ===========> Epoch: 8/50, abs_rel: 0.585, sq_rel: 70.825, rmse: 89.852, rmse_log: 0.944, log10: 0.326, silog: 0.873
[2024-12-15 23:34:49,063][    INFO] Iter: 0/1335, LR: 0.0000043, Loss: 0.977
[2024-12-15 23:36:02,088][    INFO] Iter: 100/1335, LR: 0.0000043, Loss: 1.697
[2024-12-15 23:37:15,131][    INFO] Iter: 200/1335, LR: 0.0000043, Loss: 0.987
[2024-12-15 23:38:28,150][    INFO] Iter: 300/1335, LR: 0.0000043, Loss: 0.634
[2024-12-15 23:39:41,199][    INFO] Iter: 400/1335, LR: 0.0000042, Loss: 0.980
[rank1]: Traceback (most recent call last):
[rank1]:   File "/data/coding/code/da2-prompt-tuning/train.py", line 423, in <module>
[rank1]:     main()
[rank1]:   File "/data/coding/code/da2-prompt-tuning/train.py", line 273, in main
[rank1]:     loss.backward()
[rank1]:   File "/data/miniconda/envs/torch/lib/python3.10/site-packages/torch/_tensor.py", line 525, in backward
[rank1]:     torch.autograd.backward(
[rank1]:   File "/data/miniconda/envs/torch/lib/python3.10/site-packages/torch/autograd/__init__.py", line 267, in backward
[rank1]:     _engine_run_backward(
[rank1]:   File "/data/miniconda/envs/torch/lib/python3.10/site-packages/torch/autograd/graph.py", line 744, in _engine_run_backward
[rank1]:     return Variable._execution_engine.run_backward(  # Calls into the C++ engine to run the backward pass
[rank1]:   File "/data/miniconda/envs/torch/lib/python3.10/site-packages/torch/utils/data/_utils/signal_handling.py", line 66, in handler
[rank1]:     _error_if_any_worker_fails()
[rank1]: RuntimeError: DataLoader worker (pid 48668) is killed by signal: Terminated. 
W1215 23:40:48.459000 140083766904640 torch/distributed/elastic/multiprocessing/api.py:851] Sending process 57518 closing signal SIGTERM
E1215 23:40:48.625000 140083766904640 torch/distributed/elastic/multiprocessing/api.py:826] failed (exitcode: 1) local_rank: 1 (pid: 57519) of binary: /data/miniconda/envs/torch/bin/python3
Traceback (most recent call last):
  File "/data/miniconda/envs/torch/lib/python3.10/runpy.py", line 196, in _run_module_as_main
    return _run_code(code, main_globals, None,
  File "/data/miniconda/envs/torch/lib/python3.10/runpy.py", line 86, in _run_code
    exec(code, run_globals)
  File "/data/miniconda/envs/torch/lib/python3.10/site-packages/torch/distributed/launch.py", line 198, in <module>
    main()
  File "/data/miniconda/envs/torch/lib/python3.10/site-packages/torch/distributed/launch.py", line 194, in main
    launch(args)
  File "/data/miniconda/envs/torch/lib/python3.10/site-packages/torch/distributed/launch.py", line 179, in launch
    run(args)
  File "/data/miniconda/envs/torch/lib/python3.10/site-packages/torch/distributed/run.py", line 870, in run
    elastic_launch(
  File "/data/miniconda/envs/torch/lib/python3.10/site-packages/torch/distributed/launcher/api.py", line 132, in __call__
    return launch_agent(self._config, self._entrypoint, list(args))
  File "/data/miniconda/envs/torch/lib/python3.10/site-packages/torch/distributed/launcher/api.py", line 263, in launch_agent
    raise ChildFailedError(
torch.distributed.elastic.multiprocessing.errors.ChildFailedError: 
============================================================
train.py FAILED
------------------------------------------------------------
Failures:
  <NO_OTHER_FAILURES>
------------------------------------------------------------
Root Cause (first observed failure):
[0]:
  time      : 2024-12-15_23:40:48
  host      : dwvhfrsxfimuijje-snow-5bdcdcf6dc-xgd2s
  rank      : 1 (local_rank: 1)
  exitcode  : 1 (pid: 57519)
  error_file: <N/A>
  traceback : To enable traceback see: https://pytorch.org/docs/stable/elastic/errors.html
============================================================
