/data/miniconda/envs/torch/lib/python3.10/site-packages/torch/distributed/launch.py:183: FutureWarning: The module torch.distributed.launch is deprecated
and will be removed in future. Use torchrun.
Note that --use-env is set by default in torchrun.
If your script expects `--local-rank` argument to be set, please
change it to read from `os.environ['LOCAL_RANK']` instead. See 
https://pytorch.org/docs/stable/distributed.html#launch-utility for 
further instructions

  warnings.warn(
W1207 18:32:06.851000 140032417789760 torch/distributed/run.py:757] 
W1207 18:32:06.851000 140032417789760 torch/distributed/run.py:757] *****************************************
W1207 18:32:06.851000 140032417789760 torch/distributed/run.py:757] Setting OMP_NUM_THREADS environment variable for each process to be 1 in default, to avoid your system being overloaded, please further tune the variable for optimal performance in your application as needed. 
W1207 18:32:06.851000 140032417789760 torch/distributed/run.py:757] *****************************************
xFormers not available
xFormers not available
xFormers not available
xFormers not available
[2024-12-07 18:32:11,025][    INFO] {'bs': 4,
 'dataset': 'dense',
 'depth_anything_pretrained': '/data/coding/upload-data/checkpoints/depth_anything_v2_metric_vkitti_vitl.pth',
 'encoder': 'vitl',
 'epochs': 20,
 'finetune_mode': 'foundation_encoders_frozen',
 'img_size': 518,
 'local_rank': 0,
 'lr': 5e-06,
 'max_depth': 1000.0,
 'min_depth': 0.0,
 'ngpus': 2,
 'port': 20596,
 'pretrained_from': None,
 'save_path': '/data/coding/code/da2-prompt-tuning/exp/dense_foundation_encoders_frozen_normalized_log_20241207_183204'}

Loaded pretrained weights from /data/coding/upload-data/checkpoints/depth_anything_v2_metric_vkitti_vitl.pth
Loaded pretrained weights from /data/coding/upload-data/checkpoints/depth_anything_v2_metric_vkitti_vitl.pth
The freezing mode of weights is: foundation_encoders_frozen
The freezing mode of weights is: foundation_encoders_frozen
[2024-12-07 18:32:27,652][    INFO] Module: module.foundation.depth_head.projects.0.weight, Trainable Parameters: 262144
[2024-12-07 18:32:27,652][    INFO] Module: module.foundation.depth_head.projects.0.bias, Trainable Parameters: 256
[2024-12-07 18:32:27,652][    INFO] Module: module.foundation.depth_head.projects.1.weight, Trainable Parameters: 524288
[2024-12-07 18:32:27,652][    INFO] Module: module.foundation.depth_head.projects.1.bias, Trainable Parameters: 512
[2024-12-07 18:32:27,652][    INFO] Module: module.foundation.depth_head.projects.2.weight, Trainable Parameters: 1048576
[2024-12-07 18:32:27,652][    INFO] Module: module.foundation.depth_head.projects.2.bias, Trainable Parameters: 1024
[2024-12-07 18:32:27,652][    INFO] Module: module.foundation.depth_head.projects.3.weight, Trainable Parameters: 1048576
[2024-12-07 18:32:27,652][    INFO] Module: module.foundation.depth_head.projects.3.bias, Trainable Parameters: 1024
[2024-12-07 18:32:27,652][    INFO] Module: module.foundation.depth_head.resize_layers.0.weight, Trainable Parameters: 1048576
[2024-12-07 18:32:27,652][    INFO] Module: module.foundation.depth_head.resize_layers.0.bias, Trainable Parameters: 256
[2024-12-07 18:32:27,652][    INFO] Module: module.foundation.depth_head.resize_layers.1.weight, Trainable Parameters: 1048576
[2024-12-07 18:32:27,652][    INFO] Module: module.foundation.depth_head.resize_layers.1.bias, Trainable Parameters: 512
[2024-12-07 18:32:27,652][    INFO] Module: module.foundation.depth_head.resize_layers.3.weight, Trainable Parameters: 9437184
[2024-12-07 18:32:27,652][    INFO] Module: module.foundation.depth_head.resize_layers.3.bias, Trainable Parameters: 1024
[2024-12-07 18:32:27,652][    INFO] Module: module.foundation.depth_head.scratch.layer1_rn.weight, Trainable Parameters: 589824
[2024-12-07 18:32:27,652][    INFO] Module: module.foundation.depth_head.scratch.layer2_rn.weight, Trainable Parameters: 1179648
[2024-12-07 18:32:27,652][    INFO] Module: module.foundation.depth_head.scratch.layer3_rn.weight, Trainable Parameters: 2359296
[2024-12-07 18:32:27,652][    INFO] Module: module.foundation.depth_head.scratch.layer4_rn.weight, Trainable Parameters: 2359296
[2024-12-07 18:32:27,653][    INFO] Module: module.foundation.depth_head.scratch.refinenet1.out_conv.weight, Trainable Parameters: 65536
[2024-12-07 18:32:27,653][    INFO] Module: module.foundation.depth_head.scratch.refinenet1.out_conv.bias, Trainable Parameters: 256
[2024-12-07 18:32:27,653][    INFO] Module: module.foundation.depth_head.scratch.refinenet1.resConfUnit1.conv1.weight, Trainable Parameters: 589824
[2024-12-07 18:32:27,653][    INFO] Module: module.foundation.depth_head.scratch.refinenet1.resConfUnit1.conv1.bias, Trainable Parameters: 256
[2024-12-07 18:32:27,653][    INFO] Module: module.foundation.depth_head.scratch.refinenet1.resConfUnit1.conv2.weight, Trainable Parameters: 589824
[2024-12-07 18:32:27,653][    INFO] Module: module.foundation.depth_head.scratch.refinenet1.resConfUnit1.conv2.bias, Trainable Parameters: 256
[2024-12-07 18:32:27,653][    INFO] Module: module.foundation.depth_head.scratch.refinenet1.resConfUnit2.conv1.weight, Trainable Parameters: 589824
[2024-12-07 18:32:27,653][    INFO] Module: module.foundation.depth_head.scratch.refinenet1.resConfUnit2.conv1.bias, Trainable Parameters: 256
[2024-12-07 18:32:27,653][    INFO] Module: module.foundation.depth_head.scratch.refinenet1.resConfUnit2.conv2.weight, Trainable Parameters: 589824
[2024-12-07 18:32:27,653][    INFO] Module: module.foundation.depth_head.scratch.refinenet1.resConfUnit2.conv2.bias, Trainable Parameters: 256
[2024-12-07 18:32:27,653][    INFO] Module: module.foundation.depth_head.scratch.refinenet2.out_conv.weight, Trainable Parameters: 65536
[2024-12-07 18:32:27,653][    INFO] Module: module.foundation.depth_head.scratch.refinenet2.out_conv.bias, Trainable Parameters: 256
[2024-12-07 18:32:27,653][    INFO] Module: module.foundation.depth_head.scratch.refinenet2.resConfUnit1.conv1.weight, Trainable Parameters: 589824
[2024-12-07 18:32:27,653][    INFO] Module: module.foundation.depth_head.scratch.refinenet2.resConfUnit1.conv1.bias, Trainable Parameters: 256
[2024-12-07 18:32:27,653][    INFO] Module: module.foundation.depth_head.scratch.refinenet2.resConfUnit1.conv2.weight, Trainable Parameters: 589824
[2024-12-07 18:32:27,653][    INFO] Module: module.foundation.depth_head.scratch.refinenet2.resConfUnit1.conv2.bias, Trainable Parameters: 256
[2024-12-07 18:32:27,653][    INFO] Module: module.foundation.depth_head.scratch.refinenet2.resConfUnit2.conv1.weight, Trainable Parameters: 589824
[2024-12-07 18:32:27,653][    INFO] Module: module.foundation.depth_head.scratch.refinenet2.resConfUnit2.conv1.bias, Trainable Parameters: 256
[2024-12-07 18:32:27,653][    INFO] Module: module.foundation.depth_head.scratch.refinenet2.resConfUnit2.conv2.weight, Trainable Parameters: 589824
[2024-12-07 18:32:27,653][    INFO] Module: module.foundation.depth_head.scratch.refinenet2.resConfUnit2.conv2.bias, Trainable Parameters: 256
[2024-12-07 18:32:27,653][    INFO] Module: module.foundation.depth_head.scratch.refinenet3.out_conv.weight, Trainable Parameters: 65536
[2024-12-07 18:32:27,654][    INFO] Module: module.foundation.depth_head.scratch.refinenet3.out_conv.bias, Trainable Parameters: 256
[2024-12-07 18:32:27,654][    INFO] Module: module.foundation.depth_head.scratch.refinenet3.resConfUnit1.conv1.weight, Trainable Parameters: 589824
[2024-12-07 18:32:27,654][    INFO] Module: module.foundation.depth_head.scratch.refinenet3.resConfUnit1.conv1.bias, Trainable Parameters: 256
[2024-12-07 18:32:27,654][    INFO] Module: module.foundation.depth_head.scratch.refinenet3.resConfUnit1.conv2.weight, Trainable Parameters: 589824
[2024-12-07 18:32:27,654][    INFO] Module: module.foundation.depth_head.scratch.refinenet3.resConfUnit1.conv2.bias, Trainable Parameters: 256
[2024-12-07 18:32:27,654][    INFO] Module: module.foundation.depth_head.scratch.refinenet3.resConfUnit2.conv1.weight, Trainable Parameters: 589824
[2024-12-07 18:32:27,654][    INFO] Module: module.foundation.depth_head.scratch.refinenet3.resConfUnit2.conv1.bias, Trainable Parameters: 256
[2024-12-07 18:32:27,654][    INFO] Module: module.foundation.depth_head.scratch.refinenet3.resConfUnit2.conv2.weight, Trainable Parameters: 589824
[2024-12-07 18:32:27,654][    INFO] Module: module.foundation.depth_head.scratch.refinenet3.resConfUnit2.conv2.bias, Trainable Parameters: 256
[2024-12-07 18:32:27,654][    INFO] Module: module.foundation.depth_head.scratch.refinenet4.out_conv.weight, Trainable Parameters: 65536
[2024-12-07 18:32:27,654][    INFO] Module: module.foundation.depth_head.scratch.refinenet4.out_conv.bias, Trainable Parameters: 256
[2024-12-07 18:32:27,654][    INFO] Module: module.foundation.depth_head.scratch.refinenet4.resConfUnit1.conv1.weight, Trainable Parameters: 589824
[2024-12-07 18:32:27,654][    INFO] Module: module.foundation.depth_head.scratch.refinenet4.resConfUnit1.conv1.bias, Trainable Parameters: 256
[2024-12-07 18:32:27,654][    INFO] Module: module.foundation.depth_head.scratch.refinenet4.resConfUnit1.conv2.weight, Trainable Parameters: 589824
[2024-12-07 18:32:27,654][    INFO] Module: module.foundation.depth_head.scratch.refinenet4.resConfUnit1.conv2.bias, Trainable Parameters: 256
[2024-12-07 18:32:27,654][    INFO] Module: module.foundation.depth_head.scratch.refinenet4.resConfUnit2.conv1.weight, Trainable Parameters: 589824
[2024-12-07 18:32:27,654][    INFO] Module: module.foundation.depth_head.scratch.refinenet4.resConfUnit2.conv1.bias, Trainable Parameters: 256
[2024-12-07 18:32:27,654][    INFO] Module: module.foundation.depth_head.scratch.refinenet4.resConfUnit2.conv2.weight, Trainable Parameters: 589824
[2024-12-07 18:32:27,654][    INFO] Module: module.foundation.depth_head.scratch.refinenet4.resConfUnit2.conv2.bias, Trainable Parameters: 256
[2024-12-07 18:32:27,654][    INFO] Module: module.foundation.depth_head.scratch.output_conv1.weight, Trainable Parameters: 294912
[2024-12-07 18:32:27,654][    INFO] Module: module.foundation.depth_head.scratch.output_conv1.bias, Trainable Parameters: 128
[2024-12-07 18:32:27,655][    INFO] Module: module.foundation.depth_head.scratch.output_conv2.0.weight, Trainable Parameters: 36864
[2024-12-07 18:32:27,655][    INFO] Module: module.foundation.depth_head.scratch.output_conv2.0.bias, Trainable Parameters: 32
[2024-12-07 18:32:27,655][    INFO] Module: module.foundation.depth_head.scratch.output_conv2.2.weight, Trainable Parameters: 32
[2024-12-07 18:32:27,655][    INFO] Module: module.foundation.depth_head.scratch.output_conv2.2.bias, Trainable Parameters: 1
[2024-12-07 18:32:27,655][    INFO] Module: module.patch_embed_prompt.proj.weight, Trainable Parameters: 1003520
[2024-12-07 18:32:27,655][    INFO] Module: module.patch_embed_prompt.proj.bias, Trainable Parameters: 1024
[2024-12-07 18:32:27,658][    INFO] Total Trainable Parameters: 31951553
[2024-12-07 18:32:27,658][    INFO] ===========> Epoch: 0/20, d1: 0.000, d2: 0.000, d3: 0.000
[2024-12-07 18:32:27,658][    INFO] ===========> Epoch: 0/20, abs_rel: 100.000, sq_rel: 100.000, rmse: 100.000, rmse_log: 100.000, log10: 100.000, silog: 100.000
/data/miniconda/envs/torch/lib/python3.10/site-packages/torch/autograd/graph.py:744: UserWarning: Grad strides do not match bucket view strides. This may indicate grad was not created according to the gradient layout contract, or that the param's strides changed since DDP was constructed.  This is not an error, but may impair performance.
grad.sizes() = [1, 32, 1, 1], strides() = [32, 1, 32, 32]
bucket_view.sizes() = [1, 32, 1, 1], strides() = [32, 1, 1, 1] (Triggered internally at ../torch/csrc/distributed/c10d/reducer.cpp:325.)
  return Variable._execution_engine.run_backward(  # Calls into the C++ engine to run the backward pass
/data/miniconda/envs/torch/lib/python3.10/site-packages/torch/autograd/graph.py:744: UserWarning: Grad strides do not match bucket view strides. This may indicate grad was not created according to the gradient layout contract, or that the param's strides changed since DDP was constructed.  This is not an error, but may impair performance.
grad.sizes() = [1, 32, 1, 1], strides() = [32, 1, 32, 32]
bucket_view.sizes() = [1, 32, 1, 1], strides() = [32, 1, 1, 1] (Triggered internally at ../torch/csrc/distributed/c10d/reducer.cpp:325.)
  return Variable._execution_engine.run_backward(  # Calls into the C++ engine to run the backward pass
[2024-12-07 18:32:41,785][    INFO] Iter: 0/625, LR: 0.0000050, Loss: 1.082
[2024-12-07 18:34:56,429][    INFO] Iter: 100/625, LR: 0.0000050, Loss: 0.151
[2024-12-07 18:37:11,928][    INFO] Iter: 200/625, LR: 0.0000049, Loss: 0.118
[2024-12-07 18:39:27,662][    INFO] Iter: 300/625, LR: 0.0000049, Loss: 0.084
[2024-12-07 18:41:43,466][    INFO] Iter: 400/625, LR: 0.0000049, Loss: 0.091
[2024-12-07 18:43:59,070][    INFO] Iter: 500/625, LR: 0.0000048, Loss: 0.080
[2024-12-07 18:46:14,783][    INFO] Iter: 600/625, LR: 0.0000048, Loss: 0.092
[2024-12-07 18:50:02,983][    INFO] ==========================================================================================
[2024-12-07 18:50:02,984][    INFO]       d1,       d2,       d3,  abs_rel,   sq_rel,     rmse, rmse_log,    log10,    silog
[2024-12-07 18:50:02,985][    INFO]    0.805,    0.898,    0.941,    0.158,    8.992,   60.566,    0.401,    0.078,    0.394
[2024-12-07 18:50:02,985][    INFO] ==========================================================================================

[2024-12-07 18:50:10,788][    INFO] ===========> Epoch: 1/20, d1: 0.805, d2: 0.898, d3: 0.941
[2024-12-07 18:50:10,788][    INFO] ===========> Epoch: 1/20, abs_rel: 0.158, sq_rel: 8.992, rmse: 60.566, rmse_log: 0.401, log10: 0.078, silog: 0.394
[2024-12-07 18:50:12,745][    INFO] Iter: 0/625, LR: 0.0000048, Loss: 0.079
[2024-12-07 18:52:28,480][    INFO] Iter: 100/625, LR: 0.0000047, Loss: 0.070
[2024-12-07 18:54:44,185][    INFO] Iter: 200/625, LR: 0.0000047, Loss: 0.093
[2024-12-07 18:56:59,789][    INFO] Iter: 300/625, LR: 0.0000047, Loss: 0.115
[2024-12-07 18:59:15,652][    INFO] Iter: 400/625, LR: 0.0000046, Loss: 0.076
[2024-12-07 19:01:31,253][    INFO] Iter: 500/625, LR: 0.0000046, Loss: 0.073
[2024-12-07 19:03:47,019][    INFO] Iter: 600/625, LR: 0.0000046, Loss: 0.069
[2024-12-07 19:07:32,024][    INFO] ==========================================================================================
[2024-12-07 19:07:32,025][    INFO]       d1,       d2,       d3,  abs_rel,   sq_rel,     rmse, rmse_log,    log10,    silog
[2024-12-07 19:07:32,026][    INFO]    0.821,    0.919,    0.954,    0.152,    6.936,   47.653,    0.348,    0.069,    0.344
[2024-12-07 19:07:32,026][    INFO] ==========================================================================================

[2024-12-07 19:07:40,746][    INFO] ===========> Epoch: 2/20, d1: 0.821, d2: 0.919, d3: 0.954
[2024-12-07 19:07:40,746][    INFO] ===========> Epoch: 2/20, abs_rel: 0.152, sq_rel: 6.936, rmse: 47.653, rmse_log: 0.348, log10: 0.069, silog: 0.344
[2024-12-07 19:07:42,699][    INFO] Iter: 0/625, LR: 0.0000045, Loss: 0.065
[2024-12-07 19:09:58,362][    INFO] Iter: 100/625, LR: 0.0000045, Loss: 0.089
[2024-12-07 19:12:14,177][    INFO] Iter: 200/625, LR: 0.0000045, Loss: 0.107
[2024-12-07 19:14:29,938][    INFO] Iter: 300/625, LR: 0.0000044, Loss: 0.074
[2024-12-07 19:16:45,665][    INFO] Iter: 400/625, LR: 0.0000044, Loss: 0.062
[2024-12-07 19:19:01,441][    INFO] Iter: 500/625, LR: 0.0000044, Loss: 0.069
[2024-12-07 19:21:17,149][    INFO] Iter: 600/625, LR: 0.0000043, Loss: 0.070
[2024-12-07 19:25:02,164][    INFO] ==========================================================================================
[2024-12-07 19:25:02,165][    INFO]       d1,       d2,       d3,  abs_rel,   sq_rel,     rmse, rmse_log,    log10,    silog
[2024-12-07 19:25:02,166][    INFO]    0.829,    0.920,    0.957,    0.155,    8.011,   52.975,    0.352,    0.067,    0.348
[2024-12-07 19:25:02,166][    INFO] ==========================================================================================

[2024-12-07 19:25:06,872][    INFO] ===========> Epoch: 3/20, d1: 0.829, d2: 0.920, d3: 0.957
[2024-12-07 19:25:06,873][    INFO] ===========> Epoch: 3/20, abs_rel: 0.152, sq_rel: 6.936, rmse: 47.653, rmse_log: 0.348, log10: 0.067, silog: 0.344
[2024-12-07 19:25:08,798][    INFO] Iter: 0/625, LR: 0.0000043, Loss: 0.070
[2024-12-07 19:27:24,681][    INFO] Iter: 100/625, LR: 0.0000043, Loss: 0.096
[2024-12-07 19:29:40,392][    INFO] Iter: 200/625, LR: 0.0000042, Loss: 0.073
[2024-12-07 19:31:56,096][    INFO] Iter: 300/625, LR: 0.0000042, Loss: 0.069
[2024-12-07 19:34:11,890][    INFO] Iter: 400/625, LR: 0.0000042, Loss: 0.066
[2024-12-07 19:36:27,658][    INFO] Iter: 500/625, LR: 0.0000041, Loss: 0.057
[2024-12-07 19:38:43,426][    INFO] Iter: 600/625, LR: 0.0000041, Loss: 0.061
[2024-12-07 19:42:28,489][    INFO] ==========================================================================================
[2024-12-07 19:42:28,490][    INFO]       d1,       d2,       d3,  abs_rel,   sq_rel,     rmse, rmse_log,    log10,    silog
[2024-12-07 19:42:28,491][    INFO]    0.825,    0.915,    0.953,    0.159,    7.615,   51.784,    0.357,    0.071,    0.353
[2024-12-07 19:42:28,491][    INFO] ==========================================================================================

[2024-12-07 19:42:31,114][    INFO] ===========> Epoch: 4/20, d1: 0.829, d2: 0.920, d3: 0.957
[2024-12-07 19:42:31,115][    INFO] ===========> Epoch: 4/20, abs_rel: 0.152, sq_rel: 6.936, rmse: 47.653, rmse_log: 0.348, log10: 0.067, silog: 0.344
[2024-12-07 19:42:33,002][    INFO] Iter: 0/625, LR: 0.0000041, Loss: 0.052
[2024-12-07 19:44:48,573][    INFO] Iter: 100/625, LR: 0.0000041, Loss: 0.049
[2024-12-07 19:47:04,381][    INFO] Iter: 200/625, LR: 0.0000040, Loss: 0.060
[2024-12-07 19:49:20,026][    INFO] Iter: 300/625, LR: 0.0000040, Loss: 0.064
[2024-12-07 19:51:35,836][    INFO] Iter: 400/625, LR: 0.0000039, Loss: 0.054
[2024-12-07 19:53:51,380][    INFO] Iter: 500/625, LR: 0.0000039, Loss: 0.075
[2024-12-07 19:56:06,882][    INFO] Iter: 600/625, LR: 0.0000039, Loss: 0.058
[2024-12-07 19:59:51,853][    INFO] ==========================================================================================
[2024-12-07 19:59:51,854][    INFO]       d1,       d2,       d3,  abs_rel,   sq_rel,     rmse, rmse_log,    log10,    silog
[2024-12-07 19:59:51,855][    INFO]    0.838,    0.919,    0.955,    0.142,    6.439,   46.785,    0.334,    0.066,    0.330
[2024-12-07 19:59:51,855][    INFO] ==========================================================================================

[2024-12-07 20:00:00,497][    INFO] ===========> Epoch: 5/20, d1: 0.838, d2: 0.920, d3: 0.957
[2024-12-07 20:00:00,498][    INFO] ===========> Epoch: 5/20, abs_rel: 0.142, sq_rel: 6.439, rmse: 46.785, rmse_log: 0.334, log10: 0.066, silog: 0.330
[2024-12-07 20:00:02,467][    INFO] Iter: 0/625, LR: 0.0000039, Loss: 0.061
[2024-12-07 20:02:18,101][    INFO] Iter: 100/625, LR: 0.0000038, Loss: 0.053
[2024-12-07 20:04:33,620][    INFO] Iter: 200/625, LR: 0.0000038, Loss: 0.047
[2024-12-07 20:06:49,412][    INFO] Iter: 300/625, LR: 0.0000037, Loss: 0.087
[2024-12-07 20:09:05,258][    INFO] Iter: 400/625, LR: 0.0000037, Loss: 0.062
[2024-12-07 20:11:21,049][    INFO] Iter: 500/625, LR: 0.0000037, Loss: 0.056
[2024-12-07 20:13:36,734][    INFO] Iter: 600/625, LR: 0.0000036, Loss: 0.060
[2024-12-07 20:17:21,793][    INFO] ==========================================================================================
[2024-12-07 20:17:21,793][    INFO]       d1,       d2,       d3,  abs_rel,   sq_rel,     rmse, rmse_log,    log10,    silog
[2024-12-07 20:17:21,794][    INFO]    0.838,    0.921,    0.955,    0.141,    6.566,   48.412,    0.336,    0.065,    0.332
[2024-12-07 20:17:21,794][    INFO] ==========================================================================================

[2024-12-07 20:17:27,847][    INFO] ===========> Epoch: 6/20, d1: 0.838, d2: 0.921, d3: 0.957
[2024-12-07 20:17:27,848][    INFO] ===========> Epoch: 6/20, abs_rel: 0.141, sq_rel: 6.439, rmse: 46.785, rmse_log: 0.334, log10: 0.065, silog: 0.330
[2024-12-07 20:17:29,683][    INFO] Iter: 0/625, LR: 0.0000036, Loss: 0.064
[2024-12-07 20:19:45,522][    INFO] Iter: 100/625, LR: 0.0000036, Loss: 0.045
[2024-12-07 20:22:01,442][    INFO] Iter: 200/625, LR: 0.0000036, Loss: 0.065
[2024-12-07 20:24:17,346][    INFO] Iter: 300/625, LR: 0.0000035, Loss: 0.075
[2024-12-07 20:26:33,271][    INFO] Iter: 400/625, LR: 0.0000035, Loss: 0.057
[2024-12-07 20:28:49,060][    INFO] Iter: 500/625, LR: 0.0000034, Loss: 0.062
[2024-12-07 20:31:04,665][    INFO] Iter: 600/625, LR: 0.0000034, Loss: 0.046
[2024-12-07 20:34:49,559][    INFO] ==========================================================================================
[2024-12-07 20:34:49,559][    INFO]       d1,       d2,       d3,  abs_rel,   sq_rel,     rmse, rmse_log,    log10,    silog
[2024-12-07 20:34:49,561][    INFO]    0.834,    0.917,    0.953,    0.142,    6.311,   47.741,    0.342,    0.067,    0.337
[2024-12-07 20:34:49,561][    INFO] ==========================================================================================

[2024-12-07 20:34:52,214][    INFO] ===========> Epoch: 7/20, d1: 0.838, d2: 0.921, d3: 0.957
[2024-12-07 20:34:52,214][    INFO] ===========> Epoch: 7/20, abs_rel: 0.141, sq_rel: 6.311, rmse: 46.785, rmse_log: 0.334, log10: 0.065, silog: 0.330
[2024-12-07 20:34:54,121][    INFO] Iter: 0/625, LR: 0.0000034, Loss: 0.061
[2024-12-07 20:37:09,910][    INFO] Iter: 100/625, LR: 0.0000034, Loss: 0.051
[2024-12-07 20:39:25,557][    INFO] Iter: 200/625, LR: 0.0000033, Loss: 0.049
[2024-12-07 20:41:41,208][    INFO] Iter: 300/625, LR: 0.0000033, Loss: 0.050
[2024-12-07 20:43:56,845][    INFO] Iter: 400/625, LR: 0.0000032, Loss: 0.063
[2024-12-07 20:46:12,325][    INFO] Iter: 500/625, LR: 0.0000032, Loss: 0.061
[2024-12-07 20:48:27,917][    INFO] Iter: 600/625, LR: 0.0000032, Loss: 0.050
[2024-12-07 20:52:13,431][    INFO] ==========================================================================================
[2024-12-07 20:52:13,431][    INFO]       d1,       d2,       d3,  abs_rel,   sq_rel,     rmse, rmse_log,    log10,    silog
[2024-12-07 20:52:13,431][    INFO]    0.838,    0.918,    0.954,    0.138,    6.365,   45.943,    0.334,    0.064,    0.330
[2024-12-07 20:52:13,431][    INFO] ==========================================================================================

[2024-12-07 20:52:22,409][    INFO] ===========> Epoch: 8/20, d1: 0.838, d2: 0.921, d3: 0.957
[2024-12-07 20:52:22,410][    INFO] ===========> Epoch: 8/20, abs_rel: 0.138, sq_rel: 6.311, rmse: 45.943, rmse_log: 0.334, log10: 0.064, silog: 0.330
[2024-12-07 20:52:24,347][    INFO] Iter: 0/625, LR: 0.0000032, Loss: 0.052
[2024-12-07 20:54:39,888][    INFO] Iter: 100/625, LR: 0.0000031, Loss: 0.048
[2024-12-07 20:56:55,711][    INFO] Iter: 200/625, LR: 0.0000031, Loss: 0.050
[2024-12-07 20:59:11,448][    INFO] Iter: 300/625, LR: 0.0000030, Loss: 0.058
[2024-12-07 21:01:27,120][    INFO] Iter: 400/625, LR: 0.0000030, Loss: 0.040
[2024-12-07 21:03:42,813][    INFO] Iter: 500/625, LR: 0.0000030, Loss: 0.073
[2024-12-07 21:05:58,553][    INFO] Iter: 600/625, LR: 0.0000029, Loss: 0.048
[2024-12-07 21:09:43,645][    INFO] ==========================================================================================
[2024-12-07 21:09:43,645][    INFO]       d1,       d2,       d3,  abs_rel,   sq_rel,     rmse, rmse_log,    log10,    silog
[2024-12-07 21:09:43,646][    INFO]    0.843,    0.922,    0.956,    0.134,    6.666,   50.123,    0.340,    0.063,    0.337
[2024-12-07 21:09:43,646][    INFO] ==========================================================================================

[2024-12-07 21:09:49,734][    INFO] ===========> Epoch: 9/20, d1: 0.843, d2: 0.922, d3: 0.957
[2024-12-07 21:09:49,734][    INFO] ===========> Epoch: 9/20, abs_rel: 0.134, sq_rel: 6.311, rmse: 45.943, rmse_log: 0.334, log10: 0.063, silog: 0.330
[2024-12-07 21:09:51,623][    INFO] Iter: 0/625, LR: 0.0000029, Loss: 0.052
[2024-12-07 21:12:07,459][    INFO] Iter: 100/625, LR: 0.0000029, Loss: 0.057
[2024-12-07 21:14:23,160][    INFO] Iter: 200/625, LR: 0.0000028, Loss: 0.032
[2024-12-07 21:18:08,589][    INFO] Iter: 300/625, LR: 0.0000028, Loss: 0.046
[2024-12-07 21:20:30,573][    INFO] Iter: 400/625, LR: 0.0000028, Loss: 0.044
[2024-12-07 21:24:34,888][    INFO] Iter: 500/625, LR: 0.0000027, Loss: 0.049
[2024-12-07 21:28:50,207][    INFO] Iter: 600/625, LR: 0.0000027, Loss: 0.041
[2024-12-07 21:32:42,092][    INFO] ==========================================================================================
[2024-12-07 21:32:42,092][    INFO]       d1,       d2,       d3,  abs_rel,   sq_rel,     rmse, rmse_log,    log10,    silog
[2024-12-07 21:32:42,093][    INFO]    0.842,    0.923,    0.957,    0.135,    6.469,   49.357,    0.335,    0.063,    0.331
[2024-12-07 21:32:42,093][    INFO] ==========================================================================================

[2024-12-07 21:32:44,785][    INFO] ===========> Epoch: 10/20, d1: 0.843, d2: 0.923, d3: 0.957
[2024-12-07 21:32:44,785][    INFO] ===========> Epoch: 10/20, abs_rel: 0.134, sq_rel: 6.311, rmse: 45.943, rmse_log: 0.334, log10: 0.063, silog: 0.330
[2024-12-07 21:32:46,680][    INFO] Iter: 0/625, LR: 0.0000027, Loss: 0.048
[2024-12-07 21:35:02,426][    INFO] Iter: 100/625, LR: 0.0000026, Loss: 0.055
[2024-12-07 21:37:18,338][    INFO] Iter: 200/625, LR: 0.0000026, Loss: 0.078
[2024-12-07 21:39:34,118][    INFO] Iter: 300/625, LR: 0.0000026, Loss: 0.063
[2024-12-07 21:41:49,897][    INFO] Iter: 400/625, LR: 0.0000025, Loss: 0.050
[2024-12-07 21:44:05,671][    INFO] Iter: 500/625, LR: 0.0000025, Loss: 0.043
[2024-12-07 21:46:21,493][    INFO] Iter: 600/625, LR: 0.0000024, Loss: 0.047
[2024-12-07 21:50:06,407][    INFO] ==========================================================================================
[2024-12-07 21:50:06,407][    INFO]       d1,       d2,       d3,  abs_rel,   sq_rel,     rmse, rmse_log,    log10,    silog
[2024-12-07 21:50:06,408][    INFO]    0.841,    0.922,    0.956,    0.138,    6.511,   49.354,    0.338,    0.063,    0.334
[2024-12-07 21:50:06,408][    INFO] ==========================================================================================

[2024-12-07 21:50:09,024][    INFO] ===========> Epoch: 11/20, d1: 0.843, d2: 0.923, d3: 0.957
[2024-12-07 21:50:09,024][    INFO] ===========> Epoch: 11/20, abs_rel: 0.134, sq_rel: 6.311, rmse: 45.943, rmse_log: 0.334, log10: 0.063, silog: 0.330
[2024-12-07 21:50:10,875][    INFO] Iter: 0/625, LR: 0.0000024, Loss: 0.053
[2024-12-07 21:52:26,698][    INFO] Iter: 100/625, LR: 0.0000024, Loss: 0.045
[2024-12-07 21:54:42,420][    INFO] Iter: 200/625, LR: 0.0000024, Loss: 0.054
[2024-12-07 21:56:58,162][    INFO] Iter: 300/625, LR: 0.0000023, Loss: 0.040
[2024-12-07 21:59:13,892][    INFO] Iter: 400/625, LR: 0.0000023, Loss: 0.041
[2024-12-07 22:01:29,580][    INFO] Iter: 500/625, LR: 0.0000022, Loss: 0.048
[2024-12-07 22:03:45,244][    INFO] Iter: 600/625, LR: 0.0000022, Loss: 0.061
[2024-12-07 22:07:30,152][    INFO] ==========================================================================================
[2024-12-07 22:07:30,152][    INFO]       d1,       d2,       d3,  abs_rel,   sq_rel,     rmse, rmse_log,    log10,    silog
[2024-12-07 22:07:30,153][    INFO]    0.838,    0.922,    0.956,    0.133,    6.219,   47.364,    0.333,    0.063,    0.329
[2024-12-07 22:07:30,153][    INFO] ==========================================================================================

[2024-12-07 22:07:34,927][    INFO] ===========> Epoch: 12/20, d1: 0.843, d2: 0.923, d3: 0.957
[2024-12-07 22:07:34,927][    INFO] ===========> Epoch: 12/20, abs_rel: 0.133, sq_rel: 6.219, rmse: 45.943, rmse_log: 0.333, log10: 0.063, silog: 0.329
[2024-12-07 22:07:36,786][    INFO] Iter: 0/625, LR: 0.0000022, Loss: 0.067
[2024-12-07 22:09:52,390][    INFO] Iter: 100/625, LR: 0.0000022, Loss: 0.058
[2024-12-07 22:12:08,013][    INFO] Iter: 200/625, LR: 0.0000021, Loss: 0.053
[2024-12-07 22:14:23,446][    INFO] Iter: 300/625, LR: 0.0000021, Loss: 0.061
[2024-12-07 22:16:38,935][    INFO] Iter: 400/625, LR: 0.0000020, Loss: 0.039
[2024-12-07 22:18:53,793][    INFO] Iter: 500/625, LR: 0.0000020, Loss: 0.053
[2024-12-07 22:21:09,382][    INFO] Iter: 600/625, LR: 0.0000020, Loss: 0.046
[2024-12-07 22:24:54,090][    INFO] ==========================================================================================
[2024-12-07 22:24:54,090][    INFO]       d1,       d2,       d3,  abs_rel,   sq_rel,     rmse, rmse_log,    log10,    silog
[2024-12-07 22:24:54,092][    INFO]    0.843,    0.923,    0.958,    0.132,    6.344,   48.414,    0.331,    0.061,    0.327
[2024-12-07 22:24:54,092][    INFO] ==========================================================================================

[2024-12-07 22:25:00,088][    INFO] ===========> Epoch: 13/20, d1: 0.843, d2: 0.923, d3: 0.958
[2024-12-07 22:25:00,088][    INFO] ===========> Epoch: 13/20, abs_rel: 0.132, sq_rel: 6.219, rmse: 45.943, rmse_log: 0.331, log10: 0.061, silog: 0.327
[2024-12-07 22:25:01,945][    INFO] Iter: 0/625, LR: 0.0000019, Loss: 0.037
[2024-12-07 22:27:17,263][    INFO] Iter: 100/625, LR: 0.0000019, Loss: 0.089
[2024-12-07 22:29:32,830][    INFO] Iter: 200/625, LR: 0.0000019, Loss: 0.045
[2024-12-07 22:31:48,429][    INFO] Iter: 300/625, LR: 0.0000018, Loss: 0.047
[2024-12-07 22:34:03,946][    INFO] Iter: 400/625, LR: 0.0000018, Loss: 0.050
[2024-12-07 22:36:19,410][    INFO] Iter: 500/625, LR: 0.0000017, Loss: 0.057
[2024-12-07 22:38:34,896][    INFO] Iter: 600/625, LR: 0.0000017, Loss: 0.054
[2024-12-07 22:42:19,617][    INFO] ==========================================================================================
[2024-12-07 22:42:19,618][    INFO]       d1,       d2,       d3,  abs_rel,   sq_rel,     rmse, rmse_log,    log10,    silog
[2024-12-07 22:42:19,619][    INFO]    0.842,    0.922,    0.956,    0.134,    5.919,   45.512,    0.325,    0.063,    0.321
[2024-12-07 22:42:19,619][    INFO] ==========================================================================================

[2024-12-07 22:42:24,114][    INFO] ===========> Epoch: 14/20, d1: 0.843, d2: 0.923, d3: 0.958
[2024-12-07 22:42:24,115][    INFO] ===========> Epoch: 14/20, abs_rel: 0.132, sq_rel: 5.919, rmse: 45.512, rmse_log: 0.325, log10: 0.061, silog: 0.321
[2024-12-07 22:42:26,002][    INFO] Iter: 0/625, LR: 0.0000017, Loss: 0.058
[2024-12-07 22:44:41,654][    INFO] Iter: 100/625, LR: 0.0000017, Loss: 0.053
[2024-12-07 22:46:57,376][    INFO] Iter: 200/625, LR: 0.0000016, Loss: 0.041
[2024-12-07 22:49:13,104][    INFO] Iter: 300/625, LR: 0.0000016, Loss: 0.043
[2024-12-07 22:51:28,793][    INFO] Iter: 400/625, LR: 0.0000015, Loss: 0.075
[2024-12-07 22:53:44,453][    INFO] Iter: 500/625, LR: 0.0000015, Loss: 0.092
[2024-12-07 22:56:00,115][    INFO] Iter: 600/625, LR: 0.0000014, Loss: 0.082
[2024-12-07 22:59:45,190][    INFO] ==========================================================================================
[2024-12-07 22:59:45,190][    INFO]       d1,       d2,       d3,  abs_rel,   sq_rel,     rmse, rmse_log,    log10,    silog
[2024-12-07 22:59:45,190][    INFO]    0.843,    0.920,    0.953,    0.133,    6.087,   46.929,    0.333,    0.063,    0.329
[2024-12-07 22:59:45,190][    INFO] ==========================================================================================

[2024-12-07 22:59:47,826][    INFO] ===========> Epoch: 15/20, d1: 0.843, d2: 0.923, d3: 0.958
[2024-12-07 22:59:47,827][    INFO] ===========> Epoch: 15/20, abs_rel: 0.132, sq_rel: 5.919, rmse: 45.512, rmse_log: 0.325, log10: 0.061, silog: 0.321
[2024-12-07 22:59:49,670][    INFO] Iter: 0/625, LR: 0.0000014, Loss: 0.041
[2024-12-07 23:02:05,403][    INFO] Iter: 100/625, LR: 0.0000014, Loss: 0.071
[2024-12-07 23:04:21,117][    INFO] Iter: 200/625, LR: 0.0000014, Loss: 0.053
[2024-12-07 23:06:36,775][    INFO] Iter: 300/625, LR: 0.0000013, Loss: 0.061
[2024-12-07 23:08:52,230][    INFO] Iter: 400/625, LR: 0.0000013, Loss: 0.048
