/data/miniconda/envs/torch/lib/python3.10/site-packages/torch/distributed/launch.py:183: FutureWarning: The module torch.distributed.launch is deprecated
and will be removed in future. Use torchrun.
Note that --use-env is set by default in torchrun.
If your script expects `--local-rank` argument to be set, please
change it to read from `os.environ['LOCAL_RANK']` instead. See 
https://pytorch.org/docs/stable/distributed.html#launch-utility for 
further instructions

  warnings.warn(
W1223 23:08:02.314000 139950216050496 torch/distributed/run.py:757] 
W1223 23:08:02.314000 139950216050496 torch/distributed/run.py:757] *****************************************
W1223 23:08:02.314000 139950216050496 torch/distributed/run.py:757] Setting OMP_NUM_THREADS environment variable for each process to be 1 in default, to avoid your system being overloaded, please further tune the variable for optimal performance in your application as needed. 
W1223 23:08:02.314000 139950216050496 torch/distributed/run.py:757] *****************************************
/data/miniconda/envs/torch/lib/python3.10/site-packages/timm/models/layers/__init__.py:48: FutureWarning: Importing from timm.models.layers is deprecated, please import via timm.layers
  warnings.warn(f"Importing from {__name__} is deprecated, please import via timm.layers", FutureWarning)
/data/miniconda/envs/torch/lib/python3.10/site-packages/timm/models/layers/__init__.py:48: FutureWarning: Importing from timm.models.layers is deprecated, please import via timm.layers
  warnings.warn(f"Importing from {__name__} is deprecated, please import via timm.layers", FutureWarning)
[2024-12-23 23:08:06,127][    INFO] {'bs': 6,
 'dataset': 'mvsec',
 'depth_anything_pretrained': None,
 'encoder': 'vitl',
 'epochs': 20,
 'event_voxel_chans': 3,
 'finetune_mode': 'overall',
 'img_size': 350,
 'local_rank': 0,
 'lr': 5e-06,
 'max_depth': 100.0,
 'min_depth': 0.0,
 'ngpus': 2,
 'normalized_depth': False,
 'port': 20596,
 'pretrained_from': '/data/coding/code/da2-prompt-tuning/exp/ffr_eventscape_overall_nl_20241222_235859/latest.pth',
 'prompt_type': 'epde_deep',
 'save_path': '/data/coding/code/da2-prompt-tuning/exp/ffr_mvsec_overall_metric_e8_20241223_230800'}

INFO:dinov2:using MLP layer as FFN
INFO:dinov2:using MLP layer as FFN
Initializing encoder parameters without pre-trained weights
Initializing encoder parameters without pre-trained weights
Model weights load from /data/coding/code/da2-prompt-tuning/exp/ffr_eventscape_overall_nl_20241222_235859/latest.pth successfully!
Model weights load from /data/coding/code/da2-prompt-tuning/exp/ffr_eventscape_overall_nl_20241222_235859/latest.pth successfully!
The freezing mode of weights is: overall
The freezing mode of weights is: overall
[2024-12-23 23:08:24,241][    INFO] Module: module.foundation.pretrained.cls_token, Trainable Parameters: 1024
[2024-12-23 23:08:24,242][    INFO] Module: module.foundation.pretrained.pos_embed, Trainable Parameters: 1402880
[2024-12-23 23:08:24,242][    INFO] Module: module.foundation.pretrained.mask_token, Trainable Parameters: 1024
[2024-12-23 23:08:24,242][    INFO] Module: module.foundation.pretrained.patch_embed.proj.weight, Trainable Parameters: 602112
[2024-12-23 23:08:24,242][    INFO] Module: module.foundation.pretrained.patch_embed.proj.bias, Trainable Parameters: 1024
[2024-12-23 23:08:24,242][    INFO] Module: module.foundation.pretrained.blocks.0.norm1.weight, Trainable Parameters: 1024
[2024-12-23 23:08:24,242][    INFO] Module: module.foundation.pretrained.blocks.0.norm1.bias, Trainable Parameters: 1024
[2024-12-23 23:08:24,242][    INFO] Module: module.foundation.pretrained.blocks.0.attn.qkv.weight, Trainable Parameters: 3145728
[2024-12-23 23:08:24,242][    INFO] Module: module.foundation.pretrained.blocks.0.attn.qkv.bias, Trainable Parameters: 3072
[2024-12-23 23:08:24,242][    INFO] Module: module.foundation.pretrained.blocks.0.attn.proj.weight, Trainable Parameters: 1048576
[2024-12-23 23:08:24,242][    INFO] Module: module.foundation.pretrained.blocks.0.attn.proj.bias, Trainable Parameters: 1024
[2024-12-23 23:08:24,242][    INFO] Module: module.foundation.pretrained.blocks.0.ls1.gamma, Trainable Parameters: 1024
[2024-12-23 23:08:24,242][    INFO] Module: module.foundation.pretrained.blocks.0.norm2.weight, Trainable Parameters: 1024
[2024-12-23 23:08:24,242][    INFO] Module: module.foundation.pretrained.blocks.0.norm2.bias, Trainable Parameters: 1024
[2024-12-23 23:08:24,242][    INFO] Module: module.foundation.pretrained.blocks.0.mlp.fc1.weight, Trainable Parameters: 4194304
[2024-12-23 23:08:24,242][    INFO] Module: module.foundation.pretrained.blocks.0.mlp.fc1.bias, Trainable Parameters: 4096
[2024-12-23 23:08:24,242][    INFO] Module: module.foundation.pretrained.blocks.0.mlp.fc2.weight, Trainable Parameters: 4194304
[2024-12-23 23:08:24,242][    INFO] Module: module.foundation.pretrained.blocks.0.mlp.fc2.bias, Trainable Parameters: 1024
[2024-12-23 23:08:24,242][    INFO] Module: module.foundation.pretrained.blocks.0.ls2.gamma, Trainable Parameters: 1024
[2024-12-23 23:08:24,242][    INFO] Module: module.foundation.pretrained.blocks.1.norm1.weight, Trainable Parameters: 1024
[2024-12-23 23:08:24,242][    INFO] Module: module.foundation.pretrained.blocks.1.norm1.bias, Trainable Parameters: 1024
[2024-12-23 23:08:24,242][    INFO] Module: module.foundation.pretrained.blocks.1.attn.qkv.weight, Trainable Parameters: 3145728
[2024-12-23 23:08:24,242][    INFO] Module: module.foundation.pretrained.blocks.1.attn.qkv.bias, Trainable Parameters: 3072
[2024-12-23 23:08:24,242][    INFO] Module: module.foundation.pretrained.blocks.1.attn.proj.weight, Trainable Parameters: 1048576
[2024-12-23 23:08:24,242][    INFO] Module: module.foundation.pretrained.blocks.1.attn.proj.bias, Trainable Parameters: 1024
[2024-12-23 23:08:24,242][    INFO] Module: module.foundation.pretrained.blocks.1.ls1.gamma, Trainable Parameters: 1024
[2024-12-23 23:08:24,242][    INFO] Module: module.foundation.pretrained.blocks.1.norm2.weight, Trainable Parameters: 1024
[2024-12-23 23:08:24,242][    INFO] Module: module.foundation.pretrained.blocks.1.norm2.bias, Trainable Parameters: 1024
[2024-12-23 23:08:24,242][    INFO] Module: module.foundation.pretrained.blocks.1.mlp.fc1.weight, Trainable Parameters: 4194304
[2024-12-23 23:08:24,242][    INFO] Module: module.foundation.pretrained.blocks.1.mlp.fc1.bias, Trainable Parameters: 4096
[2024-12-23 23:08:24,242][    INFO] Module: module.foundation.pretrained.blocks.1.mlp.fc2.weight, Trainable Parameters: 4194304
[2024-12-23 23:08:24,242][    INFO] Module: module.foundation.pretrained.blocks.1.mlp.fc2.bias, Trainable Parameters: 1024
[2024-12-23 23:08:24,242][    INFO] Module: module.foundation.pretrained.blocks.1.ls2.gamma, Trainable Parameters: 1024
[2024-12-23 23:08:24,242][    INFO] Module: module.foundation.pretrained.blocks.2.norm1.weight, Trainable Parameters: 1024
[2024-12-23 23:08:24,242][    INFO] Module: module.foundation.pretrained.blocks.2.norm1.bias, Trainable Parameters: 1024
[2024-12-23 23:08:24,243][    INFO] Module: module.foundation.pretrained.blocks.2.attn.qkv.weight, Trainable Parameters: 3145728
[2024-12-23 23:08:24,243][    INFO] Module: module.foundation.pretrained.blocks.2.attn.qkv.bias, Trainable Parameters: 3072
[2024-12-23 23:08:24,243][    INFO] Module: module.foundation.pretrained.blocks.2.attn.proj.weight, Trainable Parameters: 1048576
[2024-12-23 23:08:24,243][    INFO] Module: module.foundation.pretrained.blocks.2.attn.proj.bias, Trainable Parameters: 1024
[2024-12-23 23:08:24,243][    INFO] Module: module.foundation.pretrained.blocks.2.ls1.gamma, Trainable Parameters: 1024
[2024-12-23 23:08:24,243][    INFO] Module: module.foundation.pretrained.blocks.2.norm2.weight, Trainable Parameters: 1024
[2024-12-23 23:08:24,243][    INFO] Module: module.foundation.pretrained.blocks.2.norm2.bias, Trainable Parameters: 1024
[2024-12-23 23:08:24,243][    INFO] Module: module.foundation.pretrained.blocks.2.mlp.fc1.weight, Trainable Parameters: 4194304
[2024-12-23 23:08:24,243][    INFO] Module: module.foundation.pretrained.blocks.2.mlp.fc1.bias, Trainable Parameters: 4096
[2024-12-23 23:08:24,243][    INFO] Module: module.foundation.pretrained.blocks.2.mlp.fc2.weight, Trainable Parameters: 4194304
[2024-12-23 23:08:24,243][    INFO] Module: module.foundation.pretrained.blocks.2.mlp.fc2.bias, Trainable Parameters: 1024
[2024-12-23 23:08:24,243][    INFO] Module: module.foundation.pretrained.blocks.2.ls2.gamma, Trainable Parameters: 1024
[2024-12-23 23:08:24,243][    INFO] Module: module.foundation.pretrained.blocks.3.norm1.weight, Trainable Parameters: 1024
[2024-12-23 23:08:24,243][    INFO] Module: module.foundation.pretrained.blocks.3.norm1.bias, Trainable Parameters: 1024
[2024-12-23 23:08:24,243][    INFO] Module: module.foundation.pretrained.blocks.3.attn.qkv.weight, Trainable Parameters: 3145728
[2024-12-23 23:08:24,243][    INFO] Module: module.foundation.pretrained.blocks.3.attn.qkv.bias, Trainable Parameters: 3072
[2024-12-23 23:08:24,243][    INFO] Module: module.foundation.pretrained.blocks.3.attn.proj.weight, Trainable Parameters: 1048576
[2024-12-23 23:08:24,243][    INFO] Module: module.foundation.pretrained.blocks.3.attn.proj.bias, Trainable Parameters: 1024
[2024-12-23 23:08:24,243][    INFO] Module: module.foundation.pretrained.blocks.3.ls1.gamma, Trainable Parameters: 1024
[2024-12-23 23:08:24,243][    INFO] Module: module.foundation.pretrained.blocks.3.norm2.weight, Trainable Parameters: 1024
[2024-12-23 23:08:24,243][    INFO] Module: module.foundation.pretrained.blocks.3.norm2.bias, Trainable Parameters: 1024
[2024-12-23 23:08:24,243][    INFO] Module: module.foundation.pretrained.blocks.3.mlp.fc1.weight, Trainable Parameters: 4194304
[2024-12-23 23:08:24,243][    INFO] Module: module.foundation.pretrained.blocks.3.mlp.fc1.bias, Trainable Parameters: 4096
[2024-12-23 23:08:24,243][    INFO] Module: module.foundation.pretrained.blocks.3.mlp.fc2.weight, Trainable Parameters: 4194304
[2024-12-23 23:08:24,243][    INFO] Module: module.foundation.pretrained.blocks.3.mlp.fc2.bias, Trainable Parameters: 1024
[2024-12-23 23:08:24,243][    INFO] Module: module.foundation.pretrained.blocks.3.ls2.gamma, Trainable Parameters: 1024
[2024-12-23 23:08:24,243][    INFO] Module: module.foundation.pretrained.blocks.4.norm1.weight, Trainable Parameters: 1024
[2024-12-23 23:08:24,243][    INFO] Module: module.foundation.pretrained.blocks.4.norm1.bias, Trainable Parameters: 1024
[2024-12-23 23:08:24,243][    INFO] Module: module.foundation.pretrained.blocks.4.attn.qkv.weight, Trainable Parameters: 3145728
[2024-12-23 23:08:24,243][    INFO] Module: module.foundation.pretrained.blocks.4.attn.qkv.bias, Trainable Parameters: 3072
[2024-12-23 23:08:24,243][    INFO] Module: module.foundation.pretrained.blocks.4.attn.proj.weight, Trainable Parameters: 1048576
[2024-12-23 23:08:24,243][    INFO] Module: module.foundation.pretrained.blocks.4.attn.proj.bias, Trainable Parameters: 1024
[2024-12-23 23:08:24,243][    INFO] Module: module.foundation.pretrained.blocks.4.ls1.gamma, Trainable Parameters: 1024
[2024-12-23 23:08:24,243][    INFO] Module: module.foundation.pretrained.blocks.4.norm2.weight, Trainable Parameters: 1024
[2024-12-23 23:08:24,243][    INFO] Module: module.foundation.pretrained.blocks.4.norm2.bias, Trainable Parameters: 1024
[2024-12-23 23:08:24,243][    INFO] Module: module.foundation.pretrained.blocks.4.mlp.fc1.weight, Trainable Parameters: 4194304
[2024-12-23 23:08:24,243][    INFO] Module: module.foundation.pretrained.blocks.4.mlp.fc1.bias, Trainable Parameters: 4096
[2024-12-23 23:08:24,243][    INFO] Module: module.foundation.pretrained.blocks.4.mlp.fc2.weight, Trainable Parameters: 4194304
[2024-12-23 23:08:24,244][    INFO] Module: module.foundation.pretrained.blocks.4.mlp.fc2.bias, Trainable Parameters: 1024
[2024-12-23 23:08:24,244][    INFO] Module: module.foundation.pretrained.blocks.4.ls2.gamma, Trainable Parameters: 1024
[2024-12-23 23:08:24,244][    INFO] Module: module.foundation.pretrained.blocks.5.norm1.weight, Trainable Parameters: 1024
[2024-12-23 23:08:24,244][    INFO] Module: module.foundation.pretrained.blocks.5.norm1.bias, Trainable Parameters: 1024
[2024-12-23 23:08:24,244][    INFO] Module: module.foundation.pretrained.blocks.5.attn.qkv.weight, Trainable Parameters: 3145728
[2024-12-23 23:08:24,244][    INFO] Module: module.foundation.pretrained.blocks.5.attn.qkv.bias, Trainable Parameters: 3072
[2024-12-23 23:08:24,244][    INFO] Module: module.foundation.pretrained.blocks.5.attn.proj.weight, Trainable Parameters: 1048576
[2024-12-23 23:08:24,244][    INFO] Module: module.foundation.pretrained.blocks.5.attn.proj.bias, Trainable Parameters: 1024
[2024-12-23 23:08:24,244][    INFO] Module: module.foundation.pretrained.blocks.5.ls1.gamma, Trainable Parameters: 1024
[2024-12-23 23:08:24,244][    INFO] Module: module.foundation.pretrained.blocks.5.norm2.weight, Trainable Parameters: 1024
[2024-12-23 23:08:24,244][    INFO] Module: module.foundation.pretrained.blocks.5.norm2.bias, Trainable Parameters: 1024
[2024-12-23 23:08:24,244][    INFO] Module: module.foundation.pretrained.blocks.5.mlp.fc1.weight, Trainable Parameters: 4194304
[2024-12-23 23:08:24,244][    INFO] Module: module.foundation.pretrained.blocks.5.mlp.fc1.bias, Trainable Parameters: 4096
[2024-12-23 23:08:24,244][    INFO] Module: module.foundation.pretrained.blocks.5.mlp.fc2.weight, Trainable Parameters: 4194304
[2024-12-23 23:08:24,244][    INFO] Module: module.foundation.pretrained.blocks.5.mlp.fc2.bias, Trainable Parameters: 1024
[2024-12-23 23:08:24,244][    INFO] Module: module.foundation.pretrained.blocks.5.ls2.gamma, Trainable Parameters: 1024
[2024-12-23 23:08:24,244][    INFO] Module: module.foundation.pretrained.blocks.6.norm1.weight, Trainable Parameters: 1024
[2024-12-23 23:08:24,244][    INFO] Module: module.foundation.pretrained.blocks.6.norm1.bias, Trainable Parameters: 1024
[2024-12-23 23:08:24,244][    INFO] Module: module.foundation.pretrained.blocks.6.attn.qkv.weight, Trainable Parameters: 3145728
[2024-12-23 23:08:24,244][    INFO] Module: module.foundation.pretrained.blocks.6.attn.qkv.bias, Trainable Parameters: 3072
[2024-12-23 23:08:24,244][    INFO] Module: module.foundation.pretrained.blocks.6.attn.proj.weight, Trainable Parameters: 1048576
[2024-12-23 23:08:24,244][    INFO] Module: module.foundation.pretrained.blocks.6.attn.proj.bias, Trainable Parameters: 1024
[2024-12-23 23:08:24,244][    INFO] Module: module.foundation.pretrained.blocks.6.ls1.gamma, Trainable Parameters: 1024
[2024-12-23 23:08:24,244][    INFO] Module: module.foundation.pretrained.blocks.6.norm2.weight, Trainable Parameters: 1024
[2024-12-23 23:08:24,244][    INFO] Module: module.foundation.pretrained.blocks.6.norm2.bias, Trainable Parameters: 1024
[2024-12-23 23:08:24,244][    INFO] Module: module.foundation.pretrained.blocks.6.mlp.fc1.weight, Trainable Parameters: 4194304
[2024-12-23 23:08:24,244][    INFO] Module: module.foundation.pretrained.blocks.6.mlp.fc1.bias, Trainable Parameters: 4096
[2024-12-23 23:08:24,244][    INFO] Module: module.foundation.pretrained.blocks.6.mlp.fc2.weight, Trainable Parameters: 4194304
[2024-12-23 23:08:24,244][    INFO] Module: module.foundation.pretrained.blocks.6.mlp.fc2.bias, Trainable Parameters: 1024
[2024-12-23 23:08:24,244][    INFO] Module: module.foundation.pretrained.blocks.6.ls2.gamma, Trainable Parameters: 1024
[2024-12-23 23:08:24,244][    INFO] Module: module.foundation.pretrained.blocks.7.norm1.weight, Trainable Parameters: 1024
[2024-12-23 23:08:24,244][    INFO] Module: module.foundation.pretrained.blocks.7.norm1.bias, Trainable Parameters: 1024
[2024-12-23 23:08:24,244][    INFO] Module: module.foundation.pretrained.blocks.7.attn.qkv.weight, Trainable Parameters: 3145728
[2024-12-23 23:08:24,244][    INFO] Module: module.foundation.pretrained.blocks.7.attn.qkv.bias, Trainable Parameters: 3072
[2024-12-23 23:08:24,244][    INFO] Module: module.foundation.pretrained.blocks.7.attn.proj.weight, Trainable Parameters: 1048576
[2024-12-23 23:08:24,244][    INFO] Module: module.foundation.pretrained.blocks.7.attn.proj.bias, Trainable Parameters: 1024
[2024-12-23 23:08:24,244][    INFO] Module: module.foundation.pretrained.blocks.7.ls1.gamma, Trainable Parameters: 1024
[2024-12-23 23:08:24,244][    INFO] Module: module.foundation.pretrained.blocks.7.norm2.weight, Trainable Parameters: 1024
[2024-12-23 23:08:24,245][    INFO] Module: module.foundation.pretrained.blocks.7.norm2.bias, Trainable Parameters: 1024
[2024-12-23 23:08:24,245][    INFO] Module: module.foundation.pretrained.blocks.7.mlp.fc1.weight, Trainable Parameters: 4194304
[2024-12-23 23:08:24,245][    INFO] Module: module.foundation.pretrained.blocks.7.mlp.fc1.bias, Trainable Parameters: 4096
[2024-12-23 23:08:24,245][    INFO] Module: module.foundation.pretrained.blocks.7.mlp.fc2.weight, Trainable Parameters: 4194304
[2024-12-23 23:08:24,245][    INFO] Module: module.foundation.pretrained.blocks.7.mlp.fc2.bias, Trainable Parameters: 1024
[2024-12-23 23:08:24,245][    INFO] Module: module.foundation.pretrained.blocks.7.ls2.gamma, Trainable Parameters: 1024
[2024-12-23 23:08:24,245][    INFO] Module: module.foundation.pretrained.blocks.8.norm1.weight, Trainable Parameters: 1024
[2024-12-23 23:08:24,245][    INFO] Module: module.foundation.pretrained.blocks.8.norm1.bias, Trainable Parameters: 1024
[2024-12-23 23:08:24,245][    INFO] Module: module.foundation.pretrained.blocks.8.attn.qkv.weight, Trainable Parameters: 3145728
[2024-12-23 23:08:24,245][    INFO] Module: module.foundation.pretrained.blocks.8.attn.qkv.bias, Trainable Parameters: 3072
[2024-12-23 23:08:24,245][    INFO] Module: module.foundation.pretrained.blocks.8.attn.proj.weight, Trainable Parameters: 1048576
[2024-12-23 23:08:24,245][    INFO] Module: module.foundation.pretrained.blocks.8.attn.proj.bias, Trainable Parameters: 1024
[2024-12-23 23:08:24,245][    INFO] Module: module.foundation.pretrained.blocks.8.ls1.gamma, Trainable Parameters: 1024
[2024-12-23 23:08:24,245][    INFO] Module: module.foundation.pretrained.blocks.8.norm2.weight, Trainable Parameters: 1024
[2024-12-23 23:08:24,245][    INFO] Module: module.foundation.pretrained.blocks.8.norm2.bias, Trainable Parameters: 1024
[2024-12-23 23:08:24,245][    INFO] Module: module.foundation.pretrained.blocks.8.mlp.fc1.weight, Trainable Parameters: 4194304
[2024-12-23 23:08:24,245][    INFO] Module: module.foundation.pretrained.blocks.8.mlp.fc1.bias, Trainable Parameters: 4096
[2024-12-23 23:08:24,245][    INFO] Module: module.foundation.pretrained.blocks.8.mlp.fc2.weight, Trainable Parameters: 4194304
[2024-12-23 23:08:24,245][    INFO] Module: module.foundation.pretrained.blocks.8.mlp.fc2.bias, Trainable Parameters: 1024
[2024-12-23 23:08:24,245][    INFO] Module: module.foundation.pretrained.blocks.8.ls2.gamma, Trainable Parameters: 1024
[2024-12-23 23:08:24,245][    INFO] Module: module.foundation.pretrained.blocks.9.norm1.weight, Trainable Parameters: 1024
[2024-12-23 23:08:24,245][    INFO] Module: module.foundation.pretrained.blocks.9.norm1.bias, Trainable Parameters: 1024
[2024-12-23 23:08:24,245][    INFO] Module: module.foundation.pretrained.blocks.9.attn.qkv.weight, Trainable Parameters: 3145728
[2024-12-23 23:08:24,245][    INFO] Module: module.foundation.pretrained.blocks.9.attn.qkv.bias, Trainable Parameters: 3072
[2024-12-23 23:08:24,245][    INFO] Module: module.foundation.pretrained.blocks.9.attn.proj.weight, Trainable Parameters: 1048576
[2024-12-23 23:08:24,245][    INFO] Module: module.foundation.pretrained.blocks.9.attn.proj.bias, Trainable Parameters: 1024
[2024-12-23 23:08:24,245][    INFO] Module: module.foundation.pretrained.blocks.9.ls1.gamma, Trainable Parameters: 1024
[2024-12-23 23:08:24,245][    INFO] Module: module.foundation.pretrained.blocks.9.norm2.weight, Trainable Parameters: 1024
[2024-12-23 23:08:24,245][    INFO] Module: module.foundation.pretrained.blocks.9.norm2.bias, Trainable Parameters: 1024
[2024-12-23 23:08:24,245][    INFO] Module: module.foundation.pretrained.blocks.9.mlp.fc1.weight, Trainable Parameters: 4194304
[2024-12-23 23:08:24,245][    INFO] Module: module.foundation.pretrained.blocks.9.mlp.fc1.bias, Trainable Parameters: 4096
[2024-12-23 23:08:24,245][    INFO] Module: module.foundation.pretrained.blocks.9.mlp.fc2.weight, Trainable Parameters: 4194304
[2024-12-23 23:08:24,245][    INFO] Module: module.foundation.pretrained.blocks.9.mlp.fc2.bias, Trainable Parameters: 1024
[2024-12-23 23:08:24,245][    INFO] Module: module.foundation.pretrained.blocks.9.ls2.gamma, Trainable Parameters: 1024
[2024-12-23 23:08:24,245][    INFO] Module: module.foundation.pretrained.blocks.10.norm1.weight, Trainable Parameters: 1024
[2024-12-23 23:08:24,245][    INFO] Module: module.foundation.pretrained.blocks.10.norm1.bias, Trainable Parameters: 1024
[2024-12-23 23:08:24,245][    INFO] Module: module.foundation.pretrained.blocks.10.attn.qkv.weight, Trainable Parameters: 3145728
[2024-12-23 23:08:24,246][    INFO] Module: module.foundation.pretrained.blocks.10.attn.qkv.bias, Trainable Parameters: 3072
[2024-12-23 23:08:24,246][    INFO] Module: module.foundation.pretrained.blocks.10.attn.proj.weight, Trainable Parameters: 1048576
[2024-12-23 23:08:24,246][    INFO] Module: module.foundation.pretrained.blocks.10.attn.proj.bias, Trainable Parameters: 1024
[2024-12-23 23:08:24,246][    INFO] Module: module.foundation.pretrained.blocks.10.ls1.gamma, Trainable Parameters: 1024
[2024-12-23 23:08:24,246][    INFO] Module: module.foundation.pretrained.blocks.10.norm2.weight, Trainable Parameters: 1024
[2024-12-23 23:08:24,246][    INFO] Module: module.foundation.pretrained.blocks.10.norm2.bias, Trainable Parameters: 1024
[2024-12-23 23:08:24,246][    INFO] Module: module.foundation.pretrained.blocks.10.mlp.fc1.weight, Trainable Parameters: 4194304
[2024-12-23 23:08:24,246][    INFO] Module: module.foundation.pretrained.blocks.10.mlp.fc1.bias, Trainable Parameters: 4096
[2024-12-23 23:08:24,246][    INFO] Module: module.foundation.pretrained.blocks.10.mlp.fc2.weight, Trainable Parameters: 4194304
[2024-12-23 23:08:24,246][    INFO] Module: module.foundation.pretrained.blocks.10.mlp.fc2.bias, Trainable Parameters: 1024
[2024-12-23 23:08:24,246][    INFO] Module: module.foundation.pretrained.blocks.10.ls2.gamma, Trainable Parameters: 1024
[2024-12-23 23:08:24,246][    INFO] Module: module.foundation.pretrained.blocks.11.norm1.weight, Trainable Parameters: 1024
[2024-12-23 23:08:24,246][    INFO] Module: module.foundation.pretrained.blocks.11.norm1.bias, Trainable Parameters: 1024
[2024-12-23 23:08:24,246][    INFO] Module: module.foundation.pretrained.blocks.11.attn.qkv.weight, Trainable Parameters: 3145728
[2024-12-23 23:08:24,246][    INFO] Module: module.foundation.pretrained.blocks.11.attn.qkv.bias, Trainable Parameters: 3072
[2024-12-23 23:08:24,246][    INFO] Module: module.foundation.pretrained.blocks.11.attn.proj.weight, Trainable Parameters: 1048576
[2024-12-23 23:08:24,246][    INFO] Module: module.foundation.pretrained.blocks.11.attn.proj.bias, Trainable Parameters: 1024
[2024-12-23 23:08:24,246][    INFO] Module: module.foundation.pretrained.blocks.11.ls1.gamma, Trainable Parameters: 1024
[2024-12-23 23:08:24,246][    INFO] Module: module.foundation.pretrained.blocks.11.norm2.weight, Trainable Parameters: 1024
[2024-12-23 23:08:24,246][    INFO] Module: module.foundation.pretrained.blocks.11.norm2.bias, Trainable Parameters: 1024
[2024-12-23 23:08:24,246][    INFO] Module: module.foundation.pretrained.blocks.11.mlp.fc1.weight, Trainable Parameters: 4194304
[2024-12-23 23:08:24,246][    INFO] Module: module.foundation.pretrained.blocks.11.mlp.fc1.bias, Trainable Parameters: 4096
[2024-12-23 23:08:24,246][    INFO] Module: module.foundation.pretrained.blocks.11.mlp.fc2.weight, Trainable Parameters: 4194304
[2024-12-23 23:08:24,246][    INFO] Module: module.foundation.pretrained.blocks.11.mlp.fc2.bias, Trainable Parameters: 1024
[2024-12-23 23:08:24,246][    INFO] Module: module.foundation.pretrained.blocks.11.ls2.gamma, Trainable Parameters: 1024
[2024-12-23 23:08:24,246][    INFO] Module: module.foundation.pretrained.blocks.12.norm1.weight, Trainable Parameters: 1024
[2024-12-23 23:08:24,246][    INFO] Module: module.foundation.pretrained.blocks.12.norm1.bias, Trainable Parameters: 1024
[2024-12-23 23:08:24,246][    INFO] Module: module.foundation.pretrained.blocks.12.attn.qkv.weight, Trainable Parameters: 3145728
[2024-12-23 23:08:24,246][    INFO] Module: module.foundation.pretrained.blocks.12.attn.qkv.bias, Trainable Parameters: 3072
[2024-12-23 23:08:24,246][    INFO] Module: module.foundation.pretrained.blocks.12.attn.proj.weight, Trainable Parameters: 1048576
[2024-12-23 23:08:24,246][    INFO] Module: module.foundation.pretrained.blocks.12.attn.proj.bias, Trainable Parameters: 1024
[2024-12-23 23:08:24,246][    INFO] Module: module.foundation.pretrained.blocks.12.ls1.gamma, Trainable Parameters: 1024
[2024-12-23 23:08:24,246][    INFO] Module: module.foundation.pretrained.blocks.12.norm2.weight, Trainable Parameters: 1024
[2024-12-23 23:08:24,246][    INFO] Module: module.foundation.pretrained.blocks.12.norm2.bias, Trainable Parameters: 1024
[2024-12-23 23:08:24,246][    INFO] Module: module.foundation.pretrained.blocks.12.mlp.fc1.weight, Trainable Parameters: 4194304
[2024-12-23 23:08:24,246][    INFO] Module: module.foundation.pretrained.blocks.12.mlp.fc1.bias, Trainable Parameters: 4096
[2024-12-23 23:08:24,246][    INFO] Module: module.foundation.pretrained.blocks.12.mlp.fc2.weight, Trainable Parameters: 4194304
[2024-12-23 23:08:24,246][    INFO] Module: module.foundation.pretrained.blocks.12.mlp.fc2.bias, Trainable Parameters: 1024
[2024-12-23 23:08:24,246][    INFO] Module: module.foundation.pretrained.blocks.12.ls2.gamma, Trainable Parameters: 1024
[2024-12-23 23:08:24,247][    INFO] Module: module.foundation.pretrained.blocks.13.norm1.weight, Trainable Parameters: 1024
[2024-12-23 23:08:24,247][    INFO] Module: module.foundation.pretrained.blocks.13.norm1.bias, Trainable Parameters: 1024
[2024-12-23 23:08:24,247][    INFO] Module: module.foundation.pretrained.blocks.13.attn.qkv.weight, Trainable Parameters: 3145728
[2024-12-23 23:08:24,247][    INFO] Module: module.foundation.pretrained.blocks.13.attn.qkv.bias, Trainable Parameters: 3072
[2024-12-23 23:08:24,247][    INFO] Module: module.foundation.pretrained.blocks.13.attn.proj.weight, Trainable Parameters: 1048576
[2024-12-23 23:08:24,247][    INFO] Module: module.foundation.pretrained.blocks.13.attn.proj.bias, Trainable Parameters: 1024
[2024-12-23 23:08:24,247][    INFO] Module: module.foundation.pretrained.blocks.13.ls1.gamma, Trainable Parameters: 1024
[2024-12-23 23:08:24,247][    INFO] Module: module.foundation.pretrained.blocks.13.norm2.weight, Trainable Parameters: 1024
[2024-12-23 23:08:24,247][    INFO] Module: module.foundation.pretrained.blocks.13.norm2.bias, Trainable Parameters: 1024
[2024-12-23 23:08:24,247][    INFO] Module: module.foundation.pretrained.blocks.13.mlp.fc1.weight, Trainable Parameters: 4194304
[2024-12-23 23:08:24,247][    INFO] Module: module.foundation.pretrained.blocks.13.mlp.fc1.bias, Trainable Parameters: 4096
[2024-12-23 23:08:24,247][    INFO] Module: module.foundation.pretrained.blocks.13.mlp.fc2.weight, Trainable Parameters: 4194304
[2024-12-23 23:08:24,247][    INFO] Module: module.foundation.pretrained.blocks.13.mlp.fc2.bias, Trainable Parameters: 1024
[2024-12-23 23:08:24,247][    INFO] Module: module.foundation.pretrained.blocks.13.ls2.gamma, Trainable Parameters: 1024
[2024-12-23 23:08:24,247][    INFO] Module: module.foundation.pretrained.blocks.14.norm1.weight, Trainable Parameters: 1024
[2024-12-23 23:08:24,247][    INFO] Module: module.foundation.pretrained.blocks.14.norm1.bias, Trainable Parameters: 1024
[2024-12-23 23:08:24,247][    INFO] Module: module.foundation.pretrained.blocks.14.attn.qkv.weight, Trainable Parameters: 3145728
[2024-12-23 23:08:24,247][    INFO] Module: module.foundation.pretrained.blocks.14.attn.qkv.bias, Trainable Parameters: 3072
[2024-12-23 23:08:24,247][    INFO] Module: module.foundation.pretrained.blocks.14.attn.proj.weight, Trainable Parameters: 1048576
[2024-12-23 23:08:24,247][    INFO] Module: module.foundation.pretrained.blocks.14.attn.proj.bias, Trainable Parameters: 1024
[2024-12-23 23:08:24,247][    INFO] Module: module.foundation.pretrained.blocks.14.ls1.gamma, Trainable Parameters: 1024
[2024-12-23 23:08:24,247][    INFO] Module: module.foundation.pretrained.blocks.14.norm2.weight, Trainable Parameters: 1024
[2024-12-23 23:08:24,247][    INFO] Module: module.foundation.pretrained.blocks.14.norm2.bias, Trainable Parameters: 1024
[2024-12-23 23:08:24,247][    INFO] Module: module.foundation.pretrained.blocks.14.mlp.fc1.weight, Trainable Parameters: 4194304
[2024-12-23 23:08:24,247][    INFO] Module: module.foundation.pretrained.blocks.14.mlp.fc1.bias, Trainable Parameters: 4096
[2024-12-23 23:08:24,247][    INFO] Module: module.foundation.pretrained.blocks.14.mlp.fc2.weight, Trainable Parameters: 4194304
[2024-12-23 23:08:24,247][    INFO] Module: module.foundation.pretrained.blocks.14.mlp.fc2.bias, Trainable Parameters: 1024
[2024-12-23 23:08:24,247][    INFO] Module: module.foundation.pretrained.blocks.14.ls2.gamma, Trainable Parameters: 1024
[2024-12-23 23:08:24,247][    INFO] Module: module.foundation.pretrained.blocks.15.norm1.weight, Trainable Parameters: 1024
[2024-12-23 23:08:24,247][    INFO] Module: module.foundation.pretrained.blocks.15.norm1.bias, Trainable Parameters: 1024
[2024-12-23 23:08:24,247][    INFO] Module: module.foundation.pretrained.blocks.15.attn.qkv.weight, Trainable Parameters: 3145728
[2024-12-23 23:08:24,247][    INFO] Module: module.foundation.pretrained.blocks.15.attn.qkv.bias, Trainable Parameters: 3072
[2024-12-23 23:08:24,247][    INFO] Module: module.foundation.pretrained.blocks.15.attn.proj.weight, Trainable Parameters: 1048576
[2024-12-23 23:08:24,247][    INFO] Module: module.foundation.pretrained.blocks.15.attn.proj.bias, Trainable Parameters: 1024
[2024-12-23 23:08:24,247][    INFO] Module: module.foundation.pretrained.blocks.15.ls1.gamma, Trainable Parameters: 1024
[2024-12-23 23:08:24,247][    INFO] Module: module.foundation.pretrained.blocks.15.norm2.weight, Trainable Parameters: 1024
[2024-12-23 23:08:24,247][    INFO] Module: module.foundation.pretrained.blocks.15.norm2.bias, Trainable Parameters: 1024
[2024-12-23 23:08:24,247][    INFO] Module: module.foundation.pretrained.blocks.15.mlp.fc1.weight, Trainable Parameters: 4194304
[2024-12-23 23:08:24,248][    INFO] Module: module.foundation.pretrained.blocks.15.mlp.fc1.bias, Trainable Parameters: 4096
[2024-12-23 23:08:24,248][    INFO] Module: module.foundation.pretrained.blocks.15.mlp.fc2.weight, Trainable Parameters: 4194304
[2024-12-23 23:08:24,248][    INFO] Module: module.foundation.pretrained.blocks.15.mlp.fc2.bias, Trainable Parameters: 1024
[2024-12-23 23:08:24,248][    INFO] Module: module.foundation.pretrained.blocks.15.ls2.gamma, Trainable Parameters: 1024
[2024-12-23 23:08:24,248][    INFO] Module: module.foundation.pretrained.blocks.16.norm1.weight, Trainable Parameters: 1024
[2024-12-23 23:08:24,248][    INFO] Module: module.foundation.pretrained.blocks.16.norm1.bias, Trainable Parameters: 1024
[2024-12-23 23:08:24,248][    INFO] Module: module.foundation.pretrained.blocks.16.attn.qkv.weight, Trainable Parameters: 3145728
[2024-12-23 23:08:24,248][    INFO] Module: module.foundation.pretrained.blocks.16.attn.qkv.bias, Trainable Parameters: 3072
[2024-12-23 23:08:24,248][    INFO] Module: module.foundation.pretrained.blocks.16.attn.proj.weight, Trainable Parameters: 1048576
[2024-12-23 23:08:24,248][    INFO] Module: module.foundation.pretrained.blocks.16.attn.proj.bias, Trainable Parameters: 1024
[2024-12-23 23:08:24,248][    INFO] Module: module.foundation.pretrained.blocks.16.ls1.gamma, Trainable Parameters: 1024
[2024-12-23 23:08:24,248][    INFO] Module: module.foundation.pretrained.blocks.16.norm2.weight, Trainable Parameters: 1024
[2024-12-23 23:08:24,248][    INFO] Module: module.foundation.pretrained.blocks.16.norm2.bias, Trainable Parameters: 1024
[2024-12-23 23:08:24,248][    INFO] Module: module.foundation.pretrained.blocks.16.mlp.fc1.weight, Trainable Parameters: 4194304
[2024-12-23 23:08:24,248][    INFO] Module: module.foundation.pretrained.blocks.16.mlp.fc1.bias, Trainable Parameters: 4096
[2024-12-23 23:08:24,248][    INFO] Module: module.foundation.pretrained.blocks.16.mlp.fc2.weight, Trainable Parameters: 4194304
[2024-12-23 23:08:24,248][    INFO] Module: module.foundation.pretrained.blocks.16.mlp.fc2.bias, Trainable Parameters: 1024
[2024-12-23 23:08:24,248][    INFO] Module: module.foundation.pretrained.blocks.16.ls2.gamma, Trainable Parameters: 1024
[2024-12-23 23:08:24,248][    INFO] Module: module.foundation.pretrained.blocks.17.norm1.weight, Trainable Parameters: 1024
[2024-12-23 23:08:24,248][    INFO] Module: module.foundation.pretrained.blocks.17.norm1.bias, Trainable Parameters: 1024
[2024-12-23 23:08:24,248][    INFO] Module: module.foundation.pretrained.blocks.17.attn.qkv.weight, Trainable Parameters: 3145728
[2024-12-23 23:08:24,248][    INFO] Module: module.foundation.pretrained.blocks.17.attn.qkv.bias, Trainable Parameters: 3072
[2024-12-23 23:08:24,248][    INFO] Module: module.foundation.pretrained.blocks.17.attn.proj.weight, Trainable Parameters: 1048576
[2024-12-23 23:08:24,248][    INFO] Module: module.foundation.pretrained.blocks.17.attn.proj.bias, Trainable Parameters: 1024
[2024-12-23 23:08:24,248][    INFO] Module: module.foundation.pretrained.blocks.17.ls1.gamma, Trainable Parameters: 1024
[2024-12-23 23:08:24,248][    INFO] Module: module.foundation.pretrained.blocks.17.norm2.weight, Trainable Parameters: 1024
[2024-12-23 23:08:24,248][    INFO] Module: module.foundation.pretrained.blocks.17.norm2.bias, Trainable Parameters: 1024
[2024-12-23 23:08:24,248][    INFO] Module: module.foundation.pretrained.blocks.17.mlp.fc1.weight, Trainable Parameters: 4194304
[2024-12-23 23:08:24,248][    INFO] Module: module.foundation.pretrained.blocks.17.mlp.fc1.bias, Trainable Parameters: 4096
[2024-12-23 23:08:24,248][    INFO] Module: module.foundation.pretrained.blocks.17.mlp.fc2.weight, Trainable Parameters: 4194304
[2024-12-23 23:08:24,248][    INFO] Module: module.foundation.pretrained.blocks.17.mlp.fc2.bias, Trainable Parameters: 1024
[2024-12-23 23:08:24,248][    INFO] Module: module.foundation.pretrained.blocks.17.ls2.gamma, Trainable Parameters: 1024
[2024-12-23 23:08:24,248][    INFO] Module: module.foundation.pretrained.blocks.18.norm1.weight, Trainable Parameters: 1024
[2024-12-23 23:08:24,248][    INFO] Module: module.foundation.pretrained.blocks.18.norm1.bias, Trainable Parameters: 1024
[2024-12-23 23:08:24,248][    INFO] Module: module.foundation.pretrained.blocks.18.attn.qkv.weight, Trainable Parameters: 3145728
[2024-12-23 23:08:24,248][    INFO] Module: module.foundation.pretrained.blocks.18.attn.qkv.bias, Trainable Parameters: 3072
[2024-12-23 23:08:24,248][    INFO] Module: module.foundation.pretrained.blocks.18.attn.proj.weight, Trainable Parameters: 1048576
[2024-12-23 23:08:24,248][    INFO] Module: module.foundation.pretrained.blocks.18.attn.proj.bias, Trainable Parameters: 1024
[2024-12-23 23:08:24,249][    INFO] Module: module.foundation.pretrained.blocks.18.ls1.gamma, Trainable Parameters: 1024
[2024-12-23 23:08:24,249][    INFO] Module: module.foundation.pretrained.blocks.18.norm2.weight, Trainable Parameters: 1024
[2024-12-23 23:08:24,249][    INFO] Module: module.foundation.pretrained.blocks.18.norm2.bias, Trainable Parameters: 1024
[2024-12-23 23:08:24,249][    INFO] Module: module.foundation.pretrained.blocks.18.mlp.fc1.weight, Trainable Parameters: 4194304
[2024-12-23 23:08:24,249][    INFO] Module: module.foundation.pretrained.blocks.18.mlp.fc1.bias, Trainable Parameters: 4096
[2024-12-23 23:08:24,249][    INFO] Module: module.foundation.pretrained.blocks.18.mlp.fc2.weight, Trainable Parameters: 4194304
[2024-12-23 23:08:24,249][    INFO] Module: module.foundation.pretrained.blocks.18.mlp.fc2.bias, Trainable Parameters: 1024
[2024-12-23 23:08:24,249][    INFO] Module: module.foundation.pretrained.blocks.18.ls2.gamma, Trainable Parameters: 1024
[2024-12-23 23:08:24,249][    INFO] Module: module.foundation.pretrained.blocks.19.norm1.weight, Trainable Parameters: 1024
[2024-12-23 23:08:24,249][    INFO] Module: module.foundation.pretrained.blocks.19.norm1.bias, Trainable Parameters: 1024
[2024-12-23 23:08:24,249][    INFO] Module: module.foundation.pretrained.blocks.19.attn.qkv.weight, Trainable Parameters: 3145728
[2024-12-23 23:08:24,249][    INFO] Module: module.foundation.pretrained.blocks.19.attn.qkv.bias, Trainable Parameters: 3072
[2024-12-23 23:08:24,249][    INFO] Module: module.foundation.pretrained.blocks.19.attn.proj.weight, Trainable Parameters: 1048576
[2024-12-23 23:08:24,249][    INFO] Module: module.foundation.pretrained.blocks.19.attn.proj.bias, Trainable Parameters: 1024
[2024-12-23 23:08:24,249][    INFO] Module: module.foundation.pretrained.blocks.19.ls1.gamma, Trainable Parameters: 1024
[2024-12-23 23:08:24,249][    INFO] Module: module.foundation.pretrained.blocks.19.norm2.weight, Trainable Parameters: 1024
[2024-12-23 23:08:24,249][    INFO] Module: module.foundation.pretrained.blocks.19.norm2.bias, Trainable Parameters: 1024
[2024-12-23 23:08:24,249][    INFO] Module: module.foundation.pretrained.blocks.19.mlp.fc1.weight, Trainable Parameters: 4194304
[2024-12-23 23:08:24,249][    INFO] Module: module.foundation.pretrained.blocks.19.mlp.fc1.bias, Trainable Parameters: 4096
[2024-12-23 23:08:24,249][    INFO] Module: module.foundation.pretrained.blocks.19.mlp.fc2.weight, Trainable Parameters: 4194304
[2024-12-23 23:08:24,249][    INFO] Module: module.foundation.pretrained.blocks.19.mlp.fc2.bias, Trainable Parameters: 1024
[2024-12-23 23:08:24,249][    INFO] Module: module.foundation.pretrained.blocks.19.ls2.gamma, Trainable Parameters: 1024
[2024-12-23 23:08:24,249][    INFO] Module: module.foundation.pretrained.blocks.20.norm1.weight, Trainable Parameters: 1024
[2024-12-23 23:08:24,249][    INFO] Module: module.foundation.pretrained.blocks.20.norm1.bias, Trainable Parameters: 1024
[2024-12-23 23:08:24,249][    INFO] Module: module.foundation.pretrained.blocks.20.attn.qkv.weight, Trainable Parameters: 3145728
[2024-12-23 23:08:24,249][    INFO] Module: module.foundation.pretrained.blocks.20.attn.qkv.bias, Trainable Parameters: 3072
[2024-12-23 23:08:24,249][    INFO] Module: module.foundation.pretrained.blocks.20.attn.proj.weight, Trainable Parameters: 1048576
[2024-12-23 23:08:24,249][    INFO] Module: module.foundation.pretrained.blocks.20.attn.proj.bias, Trainable Parameters: 1024
[2024-12-23 23:08:24,249][    INFO] Module: module.foundation.pretrained.blocks.20.ls1.gamma, Trainable Parameters: 1024
[2024-12-23 23:08:24,249][    INFO] Module: module.foundation.pretrained.blocks.20.norm2.weight, Trainable Parameters: 1024
[2024-12-23 23:08:24,249][    INFO] Module: module.foundation.pretrained.blocks.20.norm2.bias, Trainable Parameters: 1024
[2024-12-23 23:08:24,249][    INFO] Module: module.foundation.pretrained.blocks.20.mlp.fc1.weight, Trainable Parameters: 4194304
[2024-12-23 23:08:24,249][    INFO] Module: module.foundation.pretrained.blocks.20.mlp.fc1.bias, Trainable Parameters: 4096
[2024-12-23 23:08:24,249][    INFO] Module: module.foundation.pretrained.blocks.20.mlp.fc2.weight, Trainable Parameters: 4194304
[2024-12-23 23:08:24,249][    INFO] Module: module.foundation.pretrained.blocks.20.mlp.fc2.bias, Trainable Parameters: 1024
[2024-12-23 23:08:24,249][    INFO] Module: module.foundation.pretrained.blocks.20.ls2.gamma, Trainable Parameters: 1024
[2024-12-23 23:08:24,249][    INFO] Module: module.foundation.pretrained.blocks.21.norm1.weight, Trainable Parameters: 1024
[2024-12-23 23:08:24,249][    INFO] Module: module.foundation.pretrained.blocks.21.norm1.bias, Trainable Parameters: 1024
[2024-12-23 23:08:24,250][    INFO] Module: module.foundation.pretrained.blocks.21.attn.qkv.weight, Trainable Parameters: 3145728
[2024-12-23 23:08:24,250][    INFO] Module: module.foundation.pretrained.blocks.21.attn.qkv.bias, Trainable Parameters: 3072
[2024-12-23 23:08:24,250][    INFO] Module: module.foundation.pretrained.blocks.21.attn.proj.weight, Trainable Parameters: 1048576
[2024-12-23 23:08:24,250][    INFO] Module: module.foundation.pretrained.blocks.21.attn.proj.bias, Trainable Parameters: 1024
[2024-12-23 23:08:24,250][    INFO] Module: module.foundation.pretrained.blocks.21.ls1.gamma, Trainable Parameters: 1024
[2024-12-23 23:08:24,250][    INFO] Module: module.foundation.pretrained.blocks.21.norm2.weight, Trainable Parameters: 1024
[2024-12-23 23:08:24,250][    INFO] Module: module.foundation.pretrained.blocks.21.norm2.bias, Trainable Parameters: 1024
[2024-12-23 23:08:24,250][    INFO] Module: module.foundation.pretrained.blocks.21.mlp.fc1.weight, Trainable Parameters: 4194304
[2024-12-23 23:08:24,250][    INFO] Module: module.foundation.pretrained.blocks.21.mlp.fc1.bias, Trainable Parameters: 4096
[2024-12-23 23:08:24,250][    INFO] Module: module.foundation.pretrained.blocks.21.mlp.fc2.weight, Trainable Parameters: 4194304
[2024-12-23 23:08:24,250][    INFO] Module: module.foundation.pretrained.blocks.21.mlp.fc2.bias, Trainable Parameters: 1024
[2024-12-23 23:08:24,250][    INFO] Module: module.foundation.pretrained.blocks.21.ls2.gamma, Trainable Parameters: 1024
[2024-12-23 23:08:24,250][    INFO] Module: module.foundation.pretrained.blocks.22.norm1.weight, Trainable Parameters: 1024
[2024-12-23 23:08:24,250][    INFO] Module: module.foundation.pretrained.blocks.22.norm1.bias, Trainable Parameters: 1024
[2024-12-23 23:08:24,250][    INFO] Module: module.foundation.pretrained.blocks.22.attn.qkv.weight, Trainable Parameters: 3145728
[2024-12-23 23:08:24,250][    INFO] Module: module.foundation.pretrained.blocks.22.attn.qkv.bias, Trainable Parameters: 3072
[2024-12-23 23:08:24,250][    INFO] Module: module.foundation.pretrained.blocks.22.attn.proj.weight, Trainable Parameters: 1048576
[2024-12-23 23:08:24,250][    INFO] Module: module.foundation.pretrained.blocks.22.attn.proj.bias, Trainable Parameters: 1024
[2024-12-23 23:08:24,250][    INFO] Module: module.foundation.pretrained.blocks.22.ls1.gamma, Trainable Parameters: 1024
[2024-12-23 23:08:24,250][    INFO] Module: module.foundation.pretrained.blocks.22.norm2.weight, Trainable Parameters: 1024
[2024-12-23 23:08:24,250][    INFO] Module: module.foundation.pretrained.blocks.22.norm2.bias, Trainable Parameters: 1024
[2024-12-23 23:08:24,250][    INFO] Module: module.foundation.pretrained.blocks.22.mlp.fc1.weight, Trainable Parameters: 4194304
[2024-12-23 23:08:24,250][    INFO] Module: module.foundation.pretrained.blocks.22.mlp.fc1.bias, Trainable Parameters: 4096
[2024-12-23 23:08:24,250][    INFO] Module: module.foundation.pretrained.blocks.22.mlp.fc2.weight, Trainable Parameters: 4194304
[2024-12-23 23:08:24,250][    INFO] Module: module.foundation.pretrained.blocks.22.mlp.fc2.bias, Trainable Parameters: 1024
[2024-12-23 23:08:24,250][    INFO] Module: module.foundation.pretrained.blocks.22.ls2.gamma, Trainable Parameters: 1024
[2024-12-23 23:08:24,250][    INFO] Module: module.foundation.pretrained.blocks.23.norm1.weight, Trainable Parameters: 1024
[2024-12-23 23:08:24,250][    INFO] Module: module.foundation.pretrained.blocks.23.norm1.bias, Trainable Parameters: 1024
[2024-12-23 23:08:24,250][    INFO] Module: module.foundation.pretrained.blocks.23.attn.qkv.weight, Trainable Parameters: 3145728
[2024-12-23 23:08:24,250][    INFO] Module: module.foundation.pretrained.blocks.23.attn.qkv.bias, Trainable Parameters: 3072
[2024-12-23 23:08:24,250][    INFO] Module: module.foundation.pretrained.blocks.23.attn.proj.weight, Trainable Parameters: 1048576
[2024-12-23 23:08:24,250][    INFO] Module: module.foundation.pretrained.blocks.23.attn.proj.bias, Trainable Parameters: 1024
[2024-12-23 23:08:24,250][    INFO] Module: module.foundation.pretrained.blocks.23.ls1.gamma, Trainable Parameters: 1024
[2024-12-23 23:08:24,250][    INFO] Module: module.foundation.pretrained.blocks.23.norm2.weight, Trainable Parameters: 1024
[2024-12-23 23:08:24,250][    INFO] Module: module.foundation.pretrained.blocks.23.norm2.bias, Trainable Parameters: 1024
[2024-12-23 23:08:24,250][    INFO] Module: module.foundation.pretrained.blocks.23.mlp.fc1.weight, Trainable Parameters: 4194304
[2024-12-23 23:08:24,250][    INFO] Module: module.foundation.pretrained.blocks.23.mlp.fc1.bias, Trainable Parameters: 4096
[2024-12-23 23:08:24,250][    INFO] Module: module.foundation.pretrained.blocks.23.mlp.fc2.weight, Trainable Parameters: 4194304
[2024-12-23 23:08:24,251][    INFO] Module: module.foundation.pretrained.blocks.23.mlp.fc2.bias, Trainable Parameters: 1024
[2024-12-23 23:08:24,251][    INFO] Module: module.foundation.pretrained.blocks.23.ls2.gamma, Trainable Parameters: 1024
[2024-12-23 23:08:24,251][    INFO] Module: module.foundation.pretrained.norm.weight, Trainable Parameters: 1024
[2024-12-23 23:08:24,251][    INFO] Module: module.foundation.pretrained.norm.bias, Trainable Parameters: 1024
[2024-12-23 23:08:24,251][    INFO] Module: module.foundation.depth_head.projects.0.weight, Trainable Parameters: 262144
[2024-12-23 23:08:24,251][    INFO] Module: module.foundation.depth_head.projects.0.bias, Trainable Parameters: 256
[2024-12-23 23:08:24,251][    INFO] Module: module.foundation.depth_head.projects.1.weight, Trainable Parameters: 524288
[2024-12-23 23:08:24,251][    INFO] Module: module.foundation.depth_head.projects.1.bias, Trainable Parameters: 512
[2024-12-23 23:08:24,251][    INFO] Module: module.foundation.depth_head.projects.2.weight, Trainable Parameters: 1048576
[2024-12-23 23:08:24,251][    INFO] Module: module.foundation.depth_head.projects.2.bias, Trainable Parameters: 1024
[2024-12-23 23:08:24,251][    INFO] Module: module.foundation.depth_head.projects.3.weight, Trainable Parameters: 1048576
[2024-12-23 23:08:24,251][    INFO] Module: module.foundation.depth_head.projects.3.bias, Trainable Parameters: 1024
[2024-12-23 23:08:24,251][    INFO] Module: module.foundation.depth_head.resize_layers.0.weight, Trainable Parameters: 1048576
[2024-12-23 23:08:24,251][    INFO] Module: module.foundation.depth_head.resize_layers.0.bias, Trainable Parameters: 256
[2024-12-23 23:08:24,251][    INFO] Module: module.foundation.depth_head.resize_layers.1.weight, Trainable Parameters: 1048576
[2024-12-23 23:08:24,251][    INFO] Module: module.foundation.depth_head.resize_layers.1.bias, Trainable Parameters: 512
[2024-12-23 23:08:24,251][    INFO] Module: module.foundation.depth_head.resize_layers.3.weight, Trainable Parameters: 9437184
[2024-12-23 23:08:24,251][    INFO] Module: module.foundation.depth_head.resize_layers.3.bias, Trainable Parameters: 1024
[2024-12-23 23:08:24,251][    INFO] Module: module.foundation.depth_head.scratch.layer1_rn.weight, Trainable Parameters: 589824
[2024-12-23 23:08:24,251][    INFO] Module: module.foundation.depth_head.scratch.layer2_rn.weight, Trainable Parameters: 1179648
[2024-12-23 23:08:24,251][    INFO] Module: module.foundation.depth_head.scratch.layer3_rn.weight, Trainable Parameters: 2359296
[2024-12-23 23:08:24,251][    INFO] Module: module.foundation.depth_head.scratch.layer4_rn.weight, Trainable Parameters: 2359296
[2024-12-23 23:08:24,251][    INFO] Module: module.foundation.depth_head.scratch.refinenet1.out_conv.weight, Trainable Parameters: 65536
[2024-12-23 23:08:24,251][    INFO] Module: module.foundation.depth_head.scratch.refinenet1.out_conv.bias, Trainable Parameters: 256
[2024-12-23 23:08:24,251][    INFO] Module: module.foundation.depth_head.scratch.refinenet1.resConfUnit1.conv1.weight, Trainable Parameters: 589824
[2024-12-23 23:08:24,251][    INFO] Module: module.foundation.depth_head.scratch.refinenet1.resConfUnit1.conv1.bias, Trainable Parameters: 256
[2024-12-23 23:08:24,251][    INFO] Module: module.foundation.depth_head.scratch.refinenet1.resConfUnit1.conv2.weight, Trainable Parameters: 589824
[2024-12-23 23:08:24,251][    INFO] Module: module.foundation.depth_head.scratch.refinenet1.resConfUnit1.conv2.bias, Trainable Parameters: 256
[2024-12-23 23:08:24,251][    INFO] Module: module.foundation.depth_head.scratch.refinenet1.resConfUnit2.conv1.weight, Trainable Parameters: 589824
[2024-12-23 23:08:24,251][    INFO] Module: module.foundation.depth_head.scratch.refinenet1.resConfUnit2.conv1.bias, Trainable Parameters: 256
[2024-12-23 23:08:24,251][    INFO] Module: module.foundation.depth_head.scratch.refinenet1.resConfUnit2.conv2.weight, Trainable Parameters: 589824
[2024-12-23 23:08:24,251][    INFO] Module: module.foundation.depth_head.scratch.refinenet1.resConfUnit2.conv2.bias, Trainable Parameters: 256
[2024-12-23 23:08:24,251][    INFO] Module: module.foundation.depth_head.scratch.refinenet2.out_conv.weight, Trainable Parameters: 65536
[2024-12-23 23:08:24,251][    INFO] Module: module.foundation.depth_head.scratch.refinenet2.out_conv.bias, Trainable Parameters: 256
[2024-12-23 23:08:24,251][    INFO] Module: module.foundation.depth_head.scratch.refinenet2.resConfUnit1.conv1.weight, Trainable Parameters: 589824
[2024-12-23 23:08:24,251][    INFO] Module: module.foundation.depth_head.scratch.refinenet2.resConfUnit1.conv1.bias, Trainable Parameters: 256
[2024-12-23 23:08:24,251][    INFO] Module: module.foundation.depth_head.scratch.refinenet2.resConfUnit1.conv2.weight, Trainable Parameters: 589824
[2024-12-23 23:08:24,252][    INFO] Module: module.foundation.depth_head.scratch.refinenet2.resConfUnit1.conv2.bias, Trainable Parameters: 256
[2024-12-23 23:08:24,252][    INFO] Module: module.foundation.depth_head.scratch.refinenet2.resConfUnit2.conv1.weight, Trainable Parameters: 589824
[2024-12-23 23:08:24,252][    INFO] Module: module.foundation.depth_head.scratch.refinenet2.resConfUnit2.conv1.bias, Trainable Parameters: 256
[2024-12-23 23:08:24,252][    INFO] Module: module.foundation.depth_head.scratch.refinenet2.resConfUnit2.conv2.weight, Trainable Parameters: 589824
[2024-12-23 23:08:24,252][    INFO] Module: module.foundation.depth_head.scratch.refinenet2.resConfUnit2.conv2.bias, Trainable Parameters: 256
[2024-12-23 23:08:24,252][    INFO] Module: module.foundation.depth_head.scratch.refinenet3.out_conv.weight, Trainable Parameters: 65536
[2024-12-23 23:08:24,252][    INFO] Module: module.foundation.depth_head.scratch.refinenet3.out_conv.bias, Trainable Parameters: 256
[2024-12-23 23:08:24,252][    INFO] Module: module.foundation.depth_head.scratch.refinenet3.resConfUnit1.conv1.weight, Trainable Parameters: 589824
[2024-12-23 23:08:24,252][    INFO] Module: module.foundation.depth_head.scratch.refinenet3.resConfUnit1.conv1.bias, Trainable Parameters: 256
[2024-12-23 23:08:24,252][    INFO] Module: module.foundation.depth_head.scratch.refinenet3.resConfUnit1.conv2.weight, Trainable Parameters: 589824
[2024-12-23 23:08:24,252][    INFO] Module: module.foundation.depth_head.scratch.refinenet3.resConfUnit1.conv2.bias, Trainable Parameters: 256
[2024-12-23 23:08:24,252][    INFO] Module: module.foundation.depth_head.scratch.refinenet3.resConfUnit2.conv1.weight, Trainable Parameters: 589824
[2024-12-23 23:08:24,252][    INFO] Module: module.foundation.depth_head.scratch.refinenet3.resConfUnit2.conv1.bias, Trainable Parameters: 256
[2024-12-23 23:08:24,252][    INFO] Module: module.foundation.depth_head.scratch.refinenet3.resConfUnit2.conv2.weight, Trainable Parameters: 589824
[2024-12-23 23:08:24,252][    INFO] Module: module.foundation.depth_head.scratch.refinenet3.resConfUnit2.conv2.bias, Trainable Parameters: 256
[2024-12-23 23:08:24,252][    INFO] Module: module.foundation.depth_head.scratch.refinenet4.out_conv.weight, Trainable Parameters: 65536
[2024-12-23 23:08:24,252][    INFO] Module: module.foundation.depth_head.scratch.refinenet4.out_conv.bias, Trainable Parameters: 256
[2024-12-23 23:08:24,252][    INFO] Module: module.foundation.depth_head.scratch.refinenet4.resConfUnit1.conv1.weight, Trainable Parameters: 589824
[2024-12-23 23:08:24,252][    INFO] Module: module.foundation.depth_head.scratch.refinenet4.resConfUnit1.conv1.bias, Trainable Parameters: 256
[2024-12-23 23:08:24,252][    INFO] Module: module.foundation.depth_head.scratch.refinenet4.resConfUnit1.conv2.weight, Trainable Parameters: 589824
[2024-12-23 23:08:24,252][    INFO] Module: module.foundation.depth_head.scratch.refinenet4.resConfUnit1.conv2.bias, Trainable Parameters: 256
[2024-12-23 23:08:24,252][    INFO] Module: module.foundation.depth_head.scratch.refinenet4.resConfUnit2.conv1.weight, Trainable Parameters: 589824
[2024-12-23 23:08:24,252][    INFO] Module: module.foundation.depth_head.scratch.refinenet4.resConfUnit2.conv1.bias, Trainable Parameters: 256
[2024-12-23 23:08:24,252][    INFO] Module: module.foundation.depth_head.scratch.refinenet4.resConfUnit2.conv2.weight, Trainable Parameters: 589824
[2024-12-23 23:08:24,252][    INFO] Module: module.foundation.depth_head.scratch.refinenet4.resConfUnit2.conv2.bias, Trainable Parameters: 256
[2024-12-23 23:08:24,252][    INFO] Module: module.foundation.depth_head.scratch.output_conv1.weight, Trainable Parameters: 294912
[2024-12-23 23:08:24,252][    INFO] Module: module.foundation.depth_head.scratch.output_conv1.bias, Trainable Parameters: 128
[2024-12-23 23:08:24,252][    INFO] Module: module.foundation.depth_head.scratch.output_conv2.0.weight, Trainable Parameters: 36864
[2024-12-23 23:08:24,252][    INFO] Module: module.foundation.depth_head.scratch.output_conv2.0.bias, Trainable Parameters: 32
[2024-12-23 23:08:24,252][    INFO] Module: module.foundation.depth_head.scratch.output_conv2.2.weight, Trainable Parameters: 32
[2024-12-23 23:08:24,252][    INFO] Module: module.foundation.depth_head.scratch.output_conv2.2.bias, Trainable Parameters: 1
[2024-12-23 23:08:24,252][    INFO] Module: module.patch_embed_prompt.proj.weight, Trainable Parameters: 602112
[2024-12-23 23:08:24,252][    INFO] Module: module.patch_embed_prompt.proj.bias, Trainable Parameters: 1024
[2024-12-23 23:08:24,252][    INFO] Module: module.prompt_blocks.0.channel_weights.mlp.0.weight, Trainable Parameters: 2097152
[2024-12-23 23:08:24,252][    INFO] Module: module.prompt_blocks.0.channel_weights.mlp.0.bias, Trainable Parameters: 512
[2024-12-23 23:08:24,252][    INFO] Module: module.prompt_blocks.0.channel_weights.mlp.2.weight, Trainable Parameters: 1048576
[2024-12-23 23:08:24,253][    INFO] Module: module.prompt_blocks.0.channel_weights.mlp.2.bias, Trainable Parameters: 2048
[2024-12-23 23:08:24,253][    INFO] Module: module.prompt_blocks.0.spatial_weights.mlp.0.weight, Trainable Parameters: 262144
[2024-12-23 23:08:24,253][    INFO] Module: module.prompt_blocks.0.spatial_weights.mlp.0.bias, Trainable Parameters: 128
[2024-12-23 23:08:24,253][    INFO] Module: module.prompt_blocks.0.spatial_weights.mlp.2.weight, Trainable Parameters: 256
[2024-12-23 23:08:24,253][    INFO] Module: module.prompt_blocks.0.spatial_weights.mlp.2.bias, Trainable Parameters: 2
[2024-12-23 23:08:24,253][    INFO] Module: module.prompt_blocks.1.channel_weights.mlp.0.weight, Trainable Parameters: 2097152
[2024-12-23 23:08:24,253][    INFO] Module: module.prompt_blocks.1.channel_weights.mlp.0.bias, Trainable Parameters: 512
[2024-12-23 23:08:24,253][    INFO] Module: module.prompt_blocks.1.channel_weights.mlp.2.weight, Trainable Parameters: 1048576
[2024-12-23 23:08:24,253][    INFO] Module: module.prompt_blocks.1.channel_weights.mlp.2.bias, Trainable Parameters: 2048
[2024-12-23 23:08:24,253][    INFO] Module: module.prompt_blocks.1.spatial_weights.mlp.0.weight, Trainable Parameters: 262144
[2024-12-23 23:08:24,253][    INFO] Module: module.prompt_blocks.1.spatial_weights.mlp.0.bias, Trainable Parameters: 128
[2024-12-23 23:08:24,253][    INFO] Module: module.prompt_blocks.1.spatial_weights.mlp.2.weight, Trainable Parameters: 256
[2024-12-23 23:08:24,253][    INFO] Module: module.prompt_blocks.1.spatial_weights.mlp.2.bias, Trainable Parameters: 2
[2024-12-23 23:08:24,253][    INFO] Module: module.prompt_blocks.2.channel_weights.mlp.0.weight, Trainable Parameters: 2097152
[2024-12-23 23:08:24,253][    INFO] Module: module.prompt_blocks.2.channel_weights.mlp.0.bias, Trainable Parameters: 512
[2024-12-23 23:08:24,253][    INFO] Module: module.prompt_blocks.2.channel_weights.mlp.2.weight, Trainable Parameters: 1048576
[2024-12-23 23:08:24,253][    INFO] Module: module.prompt_blocks.2.channel_weights.mlp.2.bias, Trainable Parameters: 2048
[2024-12-23 23:08:24,253][    INFO] Module: module.prompt_blocks.2.spatial_weights.mlp.0.weight, Trainable Parameters: 262144
[2024-12-23 23:08:24,253][    INFO] Module: module.prompt_blocks.2.spatial_weights.mlp.0.bias, Trainable Parameters: 128
[2024-12-23 23:08:24,253][    INFO] Module: module.prompt_blocks.2.spatial_weights.mlp.2.weight, Trainable Parameters: 256
[2024-12-23 23:08:24,253][    INFO] Module: module.prompt_blocks.2.spatial_weights.mlp.2.bias, Trainable Parameters: 2
[2024-12-23 23:08:24,253][    INFO] Module: module.prompt_blocks.3.channel_weights.mlp.0.weight, Trainable Parameters: 2097152
[2024-12-23 23:08:24,253][    INFO] Module: module.prompt_blocks.3.channel_weights.mlp.0.bias, Trainable Parameters: 512
[2024-12-23 23:08:24,253][    INFO] Module: module.prompt_blocks.3.channel_weights.mlp.2.weight, Trainable Parameters: 1048576
[2024-12-23 23:08:24,253][    INFO] Module: module.prompt_blocks.3.channel_weights.mlp.2.bias, Trainable Parameters: 2048
[2024-12-23 23:08:24,253][    INFO] Module: module.prompt_blocks.3.spatial_weights.mlp.0.weight, Trainable Parameters: 262144
[2024-12-23 23:08:24,253][    INFO] Module: module.prompt_blocks.3.spatial_weights.mlp.0.bias, Trainable Parameters: 128
[2024-12-23 23:08:24,253][    INFO] Module: module.prompt_blocks.3.spatial_weights.mlp.2.weight, Trainable Parameters: 256
[2024-12-23 23:08:24,253][    INFO] Module: module.prompt_blocks.3.spatial_weights.mlp.2.bias, Trainable Parameters: 2
[2024-12-23 23:08:24,253][    INFO] Module: module.prompt_blocks.4.channel_weights.mlp.0.weight, Trainable Parameters: 2097152
[2024-12-23 23:08:24,253][    INFO] Module: module.prompt_blocks.4.channel_weights.mlp.0.bias, Trainable Parameters: 512
[2024-12-23 23:08:24,253][    INFO] Module: module.prompt_blocks.4.channel_weights.mlp.2.weight, Trainable Parameters: 1048576
[2024-12-23 23:08:24,253][    INFO] Module: module.prompt_blocks.4.channel_weights.mlp.2.bias, Trainable Parameters: 2048
[2024-12-23 23:08:24,254][    INFO] Module: module.prompt_blocks.4.spatial_weights.mlp.0.weight, Trainable Parameters: 262144
[2024-12-23 23:08:24,254][    INFO] Module: module.prompt_blocks.4.spatial_weights.mlp.0.bias, Trainable Parameters: 128
[2024-12-23 23:08:24,254][    INFO] Module: module.prompt_blocks.4.spatial_weights.mlp.2.weight, Trainable Parameters: 256
[2024-12-23 23:08:24,254][    INFO] Module: module.prompt_blocks.4.spatial_weights.mlp.2.bias, Trainable Parameters: 2
[2024-12-23 23:08:24,254][    INFO] Module: module.prompt_blocks.5.channel_weights.mlp.0.weight, Trainable Parameters: 2097152
[2024-12-23 23:08:24,254][    INFO] Module: module.prompt_blocks.5.channel_weights.mlp.0.bias, Trainable Parameters: 512
[2024-12-23 23:08:24,254][    INFO] Module: module.prompt_blocks.5.channel_weights.mlp.2.weight, Trainable Parameters: 1048576
[2024-12-23 23:08:24,254][    INFO] Module: module.prompt_blocks.5.channel_weights.mlp.2.bias, Trainable Parameters: 2048
[2024-12-23 23:08:24,254][    INFO] Module: module.prompt_blocks.5.spatial_weights.mlp.0.weight, Trainable Parameters: 262144
[2024-12-23 23:08:24,254][    INFO] Module: module.prompt_blocks.5.spatial_weights.mlp.0.bias, Trainable Parameters: 128
[2024-12-23 23:08:24,254][    INFO] Module: module.prompt_blocks.5.spatial_weights.mlp.2.weight, Trainable Parameters: 256
[2024-12-23 23:08:24,254][    INFO] Module: module.prompt_blocks.5.spatial_weights.mlp.2.bias, Trainable Parameters: 2
[2024-12-23 23:08:24,254][    INFO] Module: module.prompt_blocks.6.channel_weights.mlp.0.weight, Trainable Parameters: 2097152
[2024-12-23 23:08:24,254][    INFO] Module: module.prompt_blocks.6.channel_weights.mlp.0.bias, Trainable Parameters: 512
[2024-12-23 23:08:24,254][    INFO] Module: module.prompt_blocks.6.channel_weights.mlp.2.weight, Trainable Parameters: 1048576
[2024-12-23 23:08:24,254][    INFO] Module: module.prompt_blocks.6.channel_weights.mlp.2.bias, Trainable Parameters: 2048
[2024-12-23 23:08:24,254][    INFO] Module: module.prompt_blocks.6.spatial_weights.mlp.0.weight, Trainable Parameters: 262144
[2024-12-23 23:08:24,254][    INFO] Module: module.prompt_blocks.6.spatial_weights.mlp.0.bias, Trainable Parameters: 128
[2024-12-23 23:08:24,254][    INFO] Module: module.prompt_blocks.6.spatial_weights.mlp.2.weight, Trainable Parameters: 256
[2024-12-23 23:08:24,254][    INFO] Module: module.prompt_blocks.6.spatial_weights.mlp.2.bias, Trainable Parameters: 2
[2024-12-23 23:08:24,254][    INFO] Module: module.prompt_blocks.7.channel_weights.mlp.0.weight, Trainable Parameters: 2097152
[2024-12-23 23:08:24,254][    INFO] Module: module.prompt_blocks.7.channel_weights.mlp.0.bias, Trainable Parameters: 512
[2024-12-23 23:08:24,254][    INFO] Module: module.prompt_blocks.7.channel_weights.mlp.2.weight, Trainable Parameters: 1048576
[2024-12-23 23:08:24,254][    INFO] Module: module.prompt_blocks.7.channel_weights.mlp.2.bias, Trainable Parameters: 2048
[2024-12-23 23:08:24,254][    INFO] Module: module.prompt_blocks.7.spatial_weights.mlp.0.weight, Trainable Parameters: 262144
[2024-12-23 23:08:24,254][    INFO] Module: module.prompt_blocks.7.spatial_weights.mlp.0.bias, Trainable Parameters: 128
[2024-12-23 23:08:24,254][    INFO] Module: module.prompt_blocks.7.spatial_weights.mlp.2.weight, Trainable Parameters: 256
[2024-12-23 23:08:24,254][    INFO] Module: module.prompt_blocks.7.spatial_weights.mlp.2.bias, Trainable Parameters: 2
[2024-12-23 23:08:24,254][    INFO] Module: module.prompt_blocks.8.channel_weights.mlp.0.weight, Trainable Parameters: 2097152
[2024-12-23 23:08:24,254][    INFO] Module: module.prompt_blocks.8.channel_weights.mlp.0.bias, Trainable Parameters: 512
[2024-12-23 23:08:24,254][    INFO] Module: module.prompt_blocks.8.channel_weights.mlp.2.weight, Trainable Parameters: 1048576
[2024-12-23 23:08:24,254][    INFO] Module: module.prompt_blocks.8.channel_weights.mlp.2.bias, Trainable Parameters: 2048
[2024-12-23 23:08:24,254][    INFO] Module: module.prompt_blocks.8.spatial_weights.mlp.0.weight, Trainable Parameters: 262144
[2024-12-23 23:08:24,254][    INFO] Module: module.prompt_blocks.8.spatial_weights.mlp.0.bias, Trainable Parameters: 128
[2024-12-23 23:08:24,254][    INFO] Module: module.prompt_blocks.8.spatial_weights.mlp.2.weight, Trainable Parameters: 256
[2024-12-23 23:08:24,254][    INFO] Module: module.prompt_blocks.8.spatial_weights.mlp.2.bias, Trainable Parameters: 2
[2024-12-23 23:08:24,255][    INFO] Module: module.prompt_blocks.9.channel_weights.mlp.0.weight, Trainable Parameters: 2097152
[2024-12-23 23:08:24,255][    INFO] Module: module.prompt_blocks.9.channel_weights.mlp.0.bias, Trainable Parameters: 512
[2024-12-23 23:08:24,255][    INFO] Module: module.prompt_blocks.9.channel_weights.mlp.2.weight, Trainable Parameters: 1048576
[2024-12-23 23:08:24,255][    INFO] Module: module.prompt_blocks.9.channel_weights.mlp.2.bias, Trainable Parameters: 2048
[2024-12-23 23:08:24,255][    INFO] Module: module.prompt_blocks.9.spatial_weights.mlp.0.weight, Trainable Parameters: 262144
[2024-12-23 23:08:24,255][    INFO] Module: module.prompt_blocks.9.spatial_weights.mlp.0.bias, Trainable Parameters: 128
[2024-12-23 23:08:24,255][    INFO] Module: module.prompt_blocks.9.spatial_weights.mlp.2.weight, Trainable Parameters: 256
[2024-12-23 23:08:24,255][    INFO] Module: module.prompt_blocks.9.spatial_weights.mlp.2.bias, Trainable Parameters: 2
[2024-12-23 23:08:24,255][    INFO] Module: module.prompt_blocks.10.channel_weights.mlp.0.weight, Trainable Parameters: 2097152
[2024-12-23 23:08:24,255][    INFO] Module: module.prompt_blocks.10.channel_weights.mlp.0.bias, Trainable Parameters: 512
[2024-12-23 23:08:24,255][    INFO] Module: module.prompt_blocks.10.channel_weights.mlp.2.weight, Trainable Parameters: 1048576
[2024-12-23 23:08:24,255][    INFO] Module: module.prompt_blocks.10.channel_weights.mlp.2.bias, Trainable Parameters: 2048
[2024-12-23 23:08:24,255][    INFO] Module: module.prompt_blocks.10.spatial_weights.mlp.0.weight, Trainable Parameters: 262144
[2024-12-23 23:08:24,255][    INFO] Module: module.prompt_blocks.10.spatial_weights.mlp.0.bias, Trainable Parameters: 128
[2024-12-23 23:08:24,255][    INFO] Module: module.prompt_blocks.10.spatial_weights.mlp.2.weight, Trainable Parameters: 256
[2024-12-23 23:08:24,255][    INFO] Module: module.prompt_blocks.10.spatial_weights.mlp.2.bias, Trainable Parameters: 2
[2024-12-23 23:08:24,255][    INFO] Module: module.prompt_blocks.11.channel_weights.mlp.0.weight, Trainable Parameters: 2097152
[2024-12-23 23:08:24,255][    INFO] Module: module.prompt_blocks.11.channel_weights.mlp.0.bias, Trainable Parameters: 512
[2024-12-23 23:08:24,255][    INFO] Module: module.prompt_blocks.11.channel_weights.mlp.2.weight, Trainable Parameters: 1048576
[2024-12-23 23:08:24,255][    INFO] Module: module.prompt_blocks.11.channel_weights.mlp.2.bias, Trainable Parameters: 2048
[2024-12-23 23:08:24,255][    INFO] Module: module.prompt_blocks.11.spatial_weights.mlp.0.weight, Trainable Parameters: 262144
[2024-12-23 23:08:24,255][    INFO] Module: module.prompt_blocks.11.spatial_weights.mlp.0.bias, Trainable Parameters: 128
[2024-12-23 23:08:24,255][    INFO] Module: module.prompt_blocks.11.spatial_weights.mlp.2.weight, Trainable Parameters: 256
[2024-12-23 23:08:24,255][    INFO] Module: module.prompt_blocks.11.spatial_weights.mlp.2.bias, Trainable Parameters: 2
[2024-12-23 23:08:24,255][    INFO] Module: module.prompt_blocks.12.channel_weights.mlp.0.weight, Trainable Parameters: 2097152
[2024-12-23 23:08:24,255][    INFO] Module: module.prompt_blocks.12.channel_weights.mlp.0.bias, Trainable Parameters: 512
[2024-12-23 23:08:24,255][    INFO] Module: module.prompt_blocks.12.channel_weights.mlp.2.weight, Trainable Parameters: 1048576
[2024-12-23 23:08:24,255][    INFO] Module: module.prompt_blocks.12.channel_weights.mlp.2.bias, Trainable Parameters: 2048
[2024-12-23 23:08:24,255][    INFO] Module: module.prompt_blocks.12.spatial_weights.mlp.0.weight, Trainable Parameters: 262144
[2024-12-23 23:08:24,255][    INFO] Module: module.prompt_blocks.12.spatial_weights.mlp.0.bias, Trainable Parameters: 128
[2024-12-23 23:08:24,255][    INFO] Module: module.prompt_blocks.12.spatial_weights.mlp.2.weight, Trainable Parameters: 256
[2024-12-23 23:08:24,255][    INFO] Module: module.prompt_blocks.12.spatial_weights.mlp.2.bias, Trainable Parameters: 2
[2024-12-23 23:08:24,255][    INFO] Module: module.prompt_blocks.13.channel_weights.mlp.0.weight, Trainable Parameters: 2097152
[2024-12-23 23:08:24,255][    INFO] Module: module.prompt_blocks.13.channel_weights.mlp.0.bias, Trainable Parameters: 512
[2024-12-23 23:08:24,255][    INFO] Module: module.prompt_blocks.13.channel_weights.mlp.2.weight, Trainable Parameters: 1048576
[2024-12-23 23:08:24,255][    INFO] Module: module.prompt_blocks.13.channel_weights.mlp.2.bias, Trainable Parameters: 2048
[2024-12-23 23:08:24,256][    INFO] Module: module.prompt_blocks.13.spatial_weights.mlp.0.weight, Trainable Parameters: 262144
[2024-12-23 23:08:24,256][    INFO] Module: module.prompt_blocks.13.spatial_weights.mlp.0.bias, Trainable Parameters: 128
[2024-12-23 23:08:24,256][    INFO] Module: module.prompt_blocks.13.spatial_weights.mlp.2.weight, Trainable Parameters: 256
[2024-12-23 23:08:24,256][    INFO] Module: module.prompt_blocks.13.spatial_weights.mlp.2.bias, Trainable Parameters: 2
[2024-12-23 23:08:24,256][    INFO] Module: module.prompt_blocks.14.channel_weights.mlp.0.weight, Trainable Parameters: 2097152
[2024-12-23 23:08:24,256][    INFO] Module: module.prompt_blocks.14.channel_weights.mlp.0.bias, Trainable Parameters: 512
[2024-12-23 23:08:24,256][    INFO] Module: module.prompt_blocks.14.channel_weights.mlp.2.weight, Trainable Parameters: 1048576
[2024-12-23 23:08:24,256][    INFO] Module: module.prompt_blocks.14.channel_weights.mlp.2.bias, Trainable Parameters: 2048
[2024-12-23 23:08:24,256][    INFO] Module: module.prompt_blocks.14.spatial_weights.mlp.0.weight, Trainable Parameters: 262144
[2024-12-23 23:08:24,256][    INFO] Module: module.prompt_blocks.14.spatial_weights.mlp.0.bias, Trainable Parameters: 128
[2024-12-23 23:08:24,256][    INFO] Module: module.prompt_blocks.14.spatial_weights.mlp.2.weight, Trainable Parameters: 256
[2024-12-23 23:08:24,256][    INFO] Module: module.prompt_blocks.14.spatial_weights.mlp.2.bias, Trainable Parameters: 2
[2024-12-23 23:08:24,256][    INFO] Module: module.prompt_blocks.15.channel_weights.mlp.0.weight, Trainable Parameters: 2097152
[2024-12-23 23:08:24,256][    INFO] Module: module.prompt_blocks.15.channel_weights.mlp.0.bias, Trainable Parameters: 512
[2024-12-23 23:08:24,256][    INFO] Module: module.prompt_blocks.15.channel_weights.mlp.2.weight, Trainable Parameters: 1048576
[2024-12-23 23:08:24,256][    INFO] Module: module.prompt_blocks.15.channel_weights.mlp.2.bias, Trainable Parameters: 2048
[2024-12-23 23:08:24,256][    INFO] Module: module.prompt_blocks.15.spatial_weights.mlp.0.weight, Trainable Parameters: 262144
[2024-12-23 23:08:24,256][    INFO] Module: module.prompt_blocks.15.spatial_weights.mlp.0.bias, Trainable Parameters: 128
[2024-12-23 23:08:24,256][    INFO] Module: module.prompt_blocks.15.spatial_weights.mlp.2.weight, Trainable Parameters: 256
[2024-12-23 23:08:24,256][    INFO] Module: module.prompt_blocks.15.spatial_weights.mlp.2.bias, Trainable Parameters: 2
[2024-12-23 23:08:24,256][    INFO] Module: module.prompt_blocks.16.channel_weights.mlp.0.weight, Trainable Parameters: 2097152
[2024-12-23 23:08:24,256][    INFO] Module: module.prompt_blocks.16.channel_weights.mlp.0.bias, Trainable Parameters: 512
[2024-12-23 23:08:24,256][    INFO] Module: module.prompt_blocks.16.channel_weights.mlp.2.weight, Trainable Parameters: 1048576
[2024-12-23 23:08:24,256][    INFO] Module: module.prompt_blocks.16.channel_weights.mlp.2.bias, Trainable Parameters: 2048
[2024-12-23 23:08:24,256][    INFO] Module: module.prompt_blocks.16.spatial_weights.mlp.0.weight, Trainable Parameters: 262144
[2024-12-23 23:08:24,256][    INFO] Module: module.prompt_blocks.16.spatial_weights.mlp.0.bias, Trainable Parameters: 128
[2024-12-23 23:08:24,256][    INFO] Module: module.prompt_blocks.16.spatial_weights.mlp.2.weight, Trainable Parameters: 256
[2024-12-23 23:08:24,256][    INFO] Module: module.prompt_blocks.16.spatial_weights.mlp.2.bias, Trainable Parameters: 2
[2024-12-23 23:08:24,256][    INFO] Module: module.prompt_blocks.17.channel_weights.mlp.0.weight, Trainable Parameters: 2097152
[2024-12-23 23:08:24,256][    INFO] Module: module.prompt_blocks.17.channel_weights.mlp.0.bias, Trainable Parameters: 512
[2024-12-23 23:08:24,256][    INFO] Module: module.prompt_blocks.17.channel_weights.mlp.2.weight, Trainable Parameters: 1048576
[2024-12-23 23:08:24,256][    INFO] Module: module.prompt_blocks.17.channel_weights.mlp.2.bias, Trainable Parameters: 2048
[2024-12-23 23:08:24,256][    INFO] Module: module.prompt_blocks.17.spatial_weights.mlp.0.weight, Trainable Parameters: 262144
[2024-12-23 23:08:24,256][    INFO] Module: module.prompt_blocks.17.spatial_weights.mlp.0.bias, Trainable Parameters: 128
[2024-12-23 23:08:24,256][    INFO] Module: module.prompt_blocks.17.spatial_weights.mlp.2.weight, Trainable Parameters: 256
[2024-12-23 23:08:24,256][    INFO] Module: module.prompt_blocks.17.spatial_weights.mlp.2.bias, Trainable Parameters: 2
[2024-12-23 23:08:24,256][    INFO] Module: module.prompt_blocks.18.channel_weights.mlp.0.weight, Trainable Parameters: 2097152
[2024-12-23 23:08:24,257][    INFO] Module: module.prompt_blocks.18.channel_weights.mlp.0.bias, Trainable Parameters: 512
[2024-12-23 23:08:24,257][    INFO] Module: module.prompt_blocks.18.channel_weights.mlp.2.weight, Trainable Parameters: 1048576
[2024-12-23 23:08:24,257][    INFO] Module: module.prompt_blocks.18.channel_weights.mlp.2.bias, Trainable Parameters: 2048
[2024-12-23 23:08:24,257][    INFO] Module: module.prompt_blocks.18.spatial_weights.mlp.0.weight, Trainable Parameters: 262144
[2024-12-23 23:08:24,257][    INFO] Module: module.prompt_blocks.18.spatial_weights.mlp.0.bias, Trainable Parameters: 128
[2024-12-23 23:08:24,257][    INFO] Module: module.prompt_blocks.18.spatial_weights.mlp.2.weight, Trainable Parameters: 256
[2024-12-23 23:08:24,257][    INFO] Module: module.prompt_blocks.18.spatial_weights.mlp.2.bias, Trainable Parameters: 2
[2024-12-23 23:08:24,257][    INFO] Module: module.prompt_blocks.19.channel_weights.mlp.0.weight, Trainable Parameters: 2097152
[2024-12-23 23:08:24,257][    INFO] Module: module.prompt_blocks.19.channel_weights.mlp.0.bias, Trainable Parameters: 512
[2024-12-23 23:08:24,257][    INFO] Module: module.prompt_blocks.19.channel_weights.mlp.2.weight, Trainable Parameters: 1048576
[2024-12-23 23:08:24,257][    INFO] Module: module.prompt_blocks.19.channel_weights.mlp.2.bias, Trainable Parameters: 2048
[2024-12-23 23:08:24,257][    INFO] Module: module.prompt_blocks.19.spatial_weights.mlp.0.weight, Trainable Parameters: 262144
[2024-12-23 23:08:24,257][    INFO] Module: module.prompt_blocks.19.spatial_weights.mlp.0.bias, Trainable Parameters: 128
[2024-12-23 23:08:24,257][    INFO] Module: module.prompt_blocks.19.spatial_weights.mlp.2.weight, Trainable Parameters: 256
[2024-12-23 23:08:24,257][    INFO] Module: module.prompt_blocks.19.spatial_weights.mlp.2.bias, Trainable Parameters: 2
[2024-12-23 23:08:24,257][    INFO] Module: module.prompt_blocks.20.channel_weights.mlp.0.weight, Trainable Parameters: 2097152
[2024-12-23 23:08:24,257][    INFO] Module: module.prompt_blocks.20.channel_weights.mlp.0.bias, Trainable Parameters: 512
[2024-12-23 23:08:24,257][    INFO] Module: module.prompt_blocks.20.channel_weights.mlp.2.weight, Trainable Parameters: 1048576
[2024-12-23 23:08:24,257][    INFO] Module: module.prompt_blocks.20.channel_weights.mlp.2.bias, Trainable Parameters: 2048
[2024-12-23 23:08:24,257][    INFO] Module: module.prompt_blocks.20.spatial_weights.mlp.0.weight, Trainable Parameters: 262144
[2024-12-23 23:08:24,257][    INFO] Module: module.prompt_blocks.20.spatial_weights.mlp.0.bias, Trainable Parameters: 128
[2024-12-23 23:08:24,257][    INFO] Module: module.prompt_blocks.20.spatial_weights.mlp.2.weight, Trainable Parameters: 256
[2024-12-23 23:08:24,257][    INFO] Module: module.prompt_blocks.20.spatial_weights.mlp.2.bias, Trainable Parameters: 2
[2024-12-23 23:08:24,257][    INFO] Module: module.prompt_blocks.21.channel_weights.mlp.0.weight, Trainable Parameters: 2097152
[2024-12-23 23:08:24,257][    INFO] Module: module.prompt_blocks.21.channel_weights.mlp.0.bias, Trainable Parameters: 512
[2024-12-23 23:08:24,257][    INFO] Module: module.prompt_blocks.21.channel_weights.mlp.2.weight, Trainable Parameters: 1048576
[2024-12-23 23:08:24,257][    INFO] Module: module.prompt_blocks.21.channel_weights.mlp.2.bias, Trainable Parameters: 2048
[2024-12-23 23:08:24,257][    INFO] Module: module.prompt_blocks.21.spatial_weights.mlp.0.weight, Trainable Parameters: 262144
[2024-12-23 23:08:24,257][    INFO] Module: module.prompt_blocks.21.spatial_weights.mlp.0.bias, Trainable Parameters: 128
[2024-12-23 23:08:24,257][    INFO] Module: module.prompt_blocks.21.spatial_weights.mlp.2.weight, Trainable Parameters: 256
[2024-12-23 23:08:24,257][    INFO] Module: module.prompt_blocks.21.spatial_weights.mlp.2.bias, Trainable Parameters: 2
[2024-12-23 23:08:24,257][    INFO] Module: module.prompt_blocks.22.channel_weights.mlp.0.weight, Trainable Parameters: 2097152
[2024-12-23 23:08:24,257][    INFO] Module: module.prompt_blocks.22.channel_weights.mlp.0.bias, Trainable Parameters: 512
[2024-12-23 23:08:24,257][    INFO] Module: module.prompt_blocks.22.channel_weights.mlp.2.weight, Trainable Parameters: 1048576
[2024-12-23 23:08:24,257][    INFO] Module: module.prompt_blocks.22.channel_weights.mlp.2.bias, Trainable Parameters: 2048
[2024-12-23 23:08:24,257][    INFO] Module: module.prompt_blocks.22.spatial_weights.mlp.0.weight, Trainable Parameters: 262144
[2024-12-23 23:08:24,258][    INFO] Module: module.prompt_blocks.22.spatial_weights.mlp.0.bias, Trainable Parameters: 128
[2024-12-23 23:08:24,258][    INFO] Module: module.prompt_blocks.22.spatial_weights.mlp.2.weight, Trainable Parameters: 256
[2024-12-23 23:08:24,258][    INFO] Module: module.prompt_blocks.22.spatial_weights.mlp.2.bias, Trainable Parameters: 2
[2024-12-23 23:08:24,258][    INFO] Module: module.prompt_blocks.23.channel_weights.mlp.0.weight, Trainable Parameters: 2097152
[2024-12-23 23:08:24,258][    INFO] Module: module.prompt_blocks.23.channel_weights.mlp.0.bias, Trainable Parameters: 512
[2024-12-23 23:08:24,258][    INFO] Module: module.prompt_blocks.23.channel_weights.mlp.2.weight, Trainable Parameters: 1048576
[2024-12-23 23:08:24,258][    INFO] Module: module.prompt_blocks.23.channel_weights.mlp.2.bias, Trainable Parameters: 2048
[2024-12-23 23:08:24,258][    INFO] Module: module.prompt_blocks.23.spatial_weights.mlp.0.weight, Trainable Parameters: 262144
[2024-12-23 23:08:24,258][    INFO] Module: module.prompt_blocks.23.spatial_weights.mlp.0.bias, Trainable Parameters: 128
[2024-12-23 23:08:24,258][    INFO] Module: module.prompt_blocks.23.spatial_weights.mlp.2.weight, Trainable Parameters: 256
[2024-12-23 23:08:24,258][    INFO] Module: module.prompt_blocks.23.spatial_weights.mlp.2.bias, Trainable Parameters: 2
[2024-12-23 23:08:24,258][    INFO] Module: module.prompt_norms.0.weight, Trainable Parameters: 1024
[2024-12-23 23:08:24,258][    INFO] Module: module.prompt_norms.0.bias, Trainable Parameters: 1024
[2024-12-23 23:08:24,258][    INFO] Module: module.prompt_norms.1.weight, Trainable Parameters: 1024
[2024-12-23 23:08:24,258][    INFO] Module: module.prompt_norms.1.bias, Trainable Parameters: 1024
[2024-12-23 23:08:24,258][    INFO] Module: module.prompt_norms.2.weight, Trainable Parameters: 1024
[2024-12-23 23:08:24,258][    INFO] Module: module.prompt_norms.2.bias, Trainable Parameters: 1024
[2024-12-23 23:08:24,258][    INFO] Module: module.prompt_norms.3.weight, Trainable Parameters: 1024
[2024-12-23 23:08:24,258][    INFO] Module: module.prompt_norms.3.bias, Trainable Parameters: 1024
[2024-12-23 23:08:24,258][    INFO] Module: module.prompt_norms.4.weight, Trainable Parameters: 1024
[2024-12-23 23:08:24,258][    INFO] Module: module.prompt_norms.4.bias, Trainable Parameters: 1024
[2024-12-23 23:08:24,258][    INFO] Module: module.prompt_norms.5.weight, Trainable Parameters: 1024
[2024-12-23 23:08:24,258][    INFO] Module: module.prompt_norms.5.bias, Trainable Parameters: 1024
[2024-12-23 23:08:24,258][    INFO] Module: module.prompt_norms.6.weight, Trainable Parameters: 1024
[2024-12-23 23:08:24,258][    INFO] Module: module.prompt_norms.6.bias, Trainable Parameters: 1024
[2024-12-23 23:08:24,258][    INFO] Module: module.prompt_norms.7.weight, Trainable Parameters: 1024
[2024-12-23 23:08:24,258][    INFO] Module: module.prompt_norms.7.bias, Trainable Parameters: 1024
[2024-12-23 23:08:24,258][    INFO] Module: module.prompt_norms.8.weight, Trainable Parameters: 1024
[2024-12-23 23:08:24,258][    INFO] Module: module.prompt_norms.8.bias, Trainable Parameters: 1024
[2024-12-23 23:08:24,258][    INFO] Module: module.prompt_norms.9.weight, Trainable Parameters: 1024
[2024-12-23 23:08:24,258][    INFO] Module: module.prompt_norms.9.bias, Trainable Parameters: 1024
[2024-12-23 23:08:24,258][    INFO] Module: module.prompt_norms.10.weight, Trainable Parameters: 1024
[2024-12-23 23:08:24,258][    INFO] Module: module.prompt_norms.10.bias, Trainable Parameters: 1024
[2024-12-23 23:08:24,258][    INFO] Module: module.prompt_norms.11.weight, Trainable Parameters: 1024
[2024-12-23 23:08:24,258][    INFO] Module: module.prompt_norms.11.bias, Trainable Parameters: 1024
[2024-12-23 23:08:24,258][    INFO] Module: module.prompt_norms.12.weight, Trainable Parameters: 1024
[2024-12-23 23:08:24,258][    INFO] Module: module.prompt_norms.12.bias, Trainable Parameters: 1024
[2024-12-23 23:08:24,258][    INFO] Module: module.prompt_norms.13.weight, Trainable Parameters: 1024
[2024-12-23 23:08:24,259][    INFO] Module: module.prompt_norms.13.bias, Trainable Parameters: 1024
[2024-12-23 23:08:24,259][    INFO] Module: module.prompt_norms.14.weight, Trainable Parameters: 1024
[2024-12-23 23:08:24,259][    INFO] Module: module.prompt_norms.14.bias, Trainable Parameters: 1024
[2024-12-23 23:08:24,259][    INFO] Module: module.prompt_norms.15.weight, Trainable Parameters: 1024
[2024-12-23 23:08:24,259][    INFO] Module: module.prompt_norms.15.bias, Trainable Parameters: 1024
[2024-12-23 23:08:24,259][    INFO] Module: module.prompt_norms.16.weight, Trainable Parameters: 1024
[2024-12-23 23:08:24,259][    INFO] Module: module.prompt_norms.16.bias, Trainable Parameters: 1024
[2024-12-23 23:08:24,259][    INFO] Module: module.prompt_norms.17.weight, Trainable Parameters: 1024
[2024-12-23 23:08:24,259][    INFO] Module: module.prompt_norms.17.bias, Trainable Parameters: 1024
[2024-12-23 23:08:24,259][    INFO] Module: module.prompt_norms.18.weight, Trainable Parameters: 1024
[2024-12-23 23:08:24,259][    INFO] Module: module.prompt_norms.18.bias, Trainable Parameters: 1024
[2024-12-23 23:08:24,259][    INFO] Module: module.prompt_norms.19.weight, Trainable Parameters: 1024
[2024-12-23 23:08:24,259][    INFO] Module: module.prompt_norms.19.bias, Trainable Parameters: 1024
[2024-12-23 23:08:24,259][    INFO] Module: module.prompt_norms.20.weight, Trainable Parameters: 1024
[2024-12-23 23:08:24,259][    INFO] Module: module.prompt_norms.20.bias, Trainable Parameters: 1024
[2024-12-23 23:08:24,259][    INFO] Module: module.prompt_norms.21.weight, Trainable Parameters: 1024
[2024-12-23 23:08:24,259][    INFO] Module: module.prompt_norms.21.bias, Trainable Parameters: 1024
[2024-12-23 23:08:24,259][    INFO] Module: module.prompt_norms.22.weight, Trainable Parameters: 1024
[2024-12-23 23:08:24,259][    INFO] Module: module.prompt_norms.22.bias, Trainable Parameters: 1024
[2024-12-23 23:08:24,259][    INFO] Module: module.prompt_norms.23.weight, Trainable Parameters: 1024
[2024-12-23 23:08:24,259][    INFO] Module: module.prompt_norms.23.bias, Trainable Parameters: 1024
[2024-12-23 23:08:24,259][    INFO] Module: module.fuse_blocks.4.cross.channel_proj1.weight, Trainable Parameters: 2097152
[2024-12-23 23:08:24,259][    INFO] Module: module.fuse_blocks.4.cross.channel_proj1.bias, Trainable Parameters: 2048
[2024-12-23 23:08:24,259][    INFO] Module: module.fuse_blocks.4.cross.channel_proj2.weight, Trainable Parameters: 2097152
[2024-12-23 23:08:24,259][    INFO] Module: module.fuse_blocks.4.cross.channel_proj2.bias, Trainable Parameters: 2048
[2024-12-23 23:08:24,259][    INFO] Module: module.fuse_blocks.4.cross.cross_attn.kv1.weight, Trainable Parameters: 2097152
[2024-12-23 23:08:24,259][    INFO] Module: module.fuse_blocks.4.cross.cross_attn.kv2.weight, Trainable Parameters: 2097152
[2024-12-23 23:08:24,259][    INFO] Module: module.fuse_blocks.4.cross.end_proj1.weight, Trainable Parameters: 2097152
[2024-12-23 23:08:24,259][    INFO] Module: module.fuse_blocks.4.cross.end_proj1.bias, Trainable Parameters: 1024
[2024-12-23 23:08:24,259][    INFO] Module: module.fuse_blocks.4.cross.end_proj2.weight, Trainable Parameters: 2097152
[2024-12-23 23:08:24,259][    INFO] Module: module.fuse_blocks.4.cross.end_proj2.bias, Trainable Parameters: 1024
[2024-12-23 23:08:24,259][    INFO] Module: module.fuse_blocks.4.cross.norm1.weight, Trainable Parameters: 1024
[2024-12-23 23:08:24,259][    INFO] Module: module.fuse_blocks.4.cross.norm1.bias, Trainable Parameters: 1024
[2024-12-23 23:08:24,259][    INFO] Module: module.fuse_blocks.4.cross.norm2.weight, Trainable Parameters: 1024
[2024-12-23 23:08:24,259][    INFO] Module: module.fuse_blocks.4.cross.norm2.bias, Trainable Parameters: 1024
[2024-12-23 23:08:24,259][    INFO] Module: module.fuse_blocks.4.channel_emb.residual.weight, Trainable Parameters: 2097152
[2024-12-23 23:08:24,259][    INFO] Module: module.fuse_blocks.4.channel_emb.channel_embed.0.weight, Trainable Parameters: 2097152
[2024-12-23 23:08:24,259][    INFO] Module: module.fuse_blocks.4.channel_emb.channel_embed.0.bias, Trainable Parameters: 1024
[2024-12-23 23:08:24,259][    INFO] Module: module.fuse_blocks.4.channel_emb.channel_embed.1.weight, Trainable Parameters: 9216
[2024-12-23 23:08:24,260][    INFO] Module: module.fuse_blocks.4.channel_emb.channel_embed.1.bias, Trainable Parameters: 1024
[2024-12-23 23:08:24,260][    INFO] Module: module.fuse_blocks.4.channel_emb.channel_embed.3.weight, Trainable Parameters: 1048576
[2024-12-23 23:08:24,260][    INFO] Module: module.fuse_blocks.4.channel_emb.channel_embed.3.bias, Trainable Parameters: 1024
[2024-12-23 23:08:24,260][    INFO] Module: module.fuse_blocks.4.channel_emb.channel_embed.4.weight, Trainable Parameters: 1024
[2024-12-23 23:08:24,260][    INFO] Module: module.fuse_blocks.4.channel_emb.channel_embed.4.bias, Trainable Parameters: 1024
[2024-12-23 23:08:24,260][    INFO] Module: module.fuse_blocks.4.channel_emb.norm.weight, Trainable Parameters: 1024
[2024-12-23 23:08:24,260][    INFO] Module: module.fuse_blocks.4.channel_emb.norm.bias, Trainable Parameters: 1024
[2024-12-23 23:08:24,260][    INFO] Module: module.fuse_blocks.11.cross.channel_proj1.weight, Trainable Parameters: 2097152
[2024-12-23 23:08:24,260][    INFO] Module: module.fuse_blocks.11.cross.channel_proj1.bias, Trainable Parameters: 2048
[2024-12-23 23:08:24,260][    INFO] Module: module.fuse_blocks.11.cross.channel_proj2.weight, Trainable Parameters: 2097152
[2024-12-23 23:08:24,260][    INFO] Module: module.fuse_blocks.11.cross.channel_proj2.bias, Trainable Parameters: 2048
[2024-12-23 23:08:24,260][    INFO] Module: module.fuse_blocks.11.cross.cross_attn.kv1.weight, Trainable Parameters: 2097152
[2024-12-23 23:08:24,260][    INFO] Module: module.fuse_blocks.11.cross.cross_attn.kv2.weight, Trainable Parameters: 2097152
[2024-12-23 23:08:24,260][    INFO] Module: module.fuse_blocks.11.cross.end_proj1.weight, Trainable Parameters: 2097152
[2024-12-23 23:08:24,260][    INFO] Module: module.fuse_blocks.11.cross.end_proj1.bias, Trainable Parameters: 1024
[2024-12-23 23:08:24,260][    INFO] Module: module.fuse_blocks.11.cross.end_proj2.weight, Trainable Parameters: 2097152
[2024-12-23 23:08:24,260][    INFO] Module: module.fuse_blocks.11.cross.end_proj2.bias, Trainable Parameters: 1024
[2024-12-23 23:08:24,260][    INFO] Module: module.fuse_blocks.11.cross.norm1.weight, Trainable Parameters: 1024
[2024-12-23 23:08:24,260][    INFO] Module: module.fuse_blocks.11.cross.norm1.bias, Trainable Parameters: 1024
[2024-12-23 23:08:24,260][    INFO] Module: module.fuse_blocks.11.cross.norm2.weight, Trainable Parameters: 1024
[2024-12-23 23:08:24,260][    INFO] Module: module.fuse_blocks.11.cross.norm2.bias, Trainable Parameters: 1024
[2024-12-23 23:08:24,260][    INFO] Module: module.fuse_blocks.11.channel_emb.residual.weight, Trainable Parameters: 2097152
[2024-12-23 23:08:24,260][    INFO] Module: module.fuse_blocks.11.channel_emb.channel_embed.0.weight, Trainable Parameters: 2097152
[2024-12-23 23:08:24,260][    INFO] Module: module.fuse_blocks.11.channel_emb.channel_embed.0.bias, Trainable Parameters: 1024
[2024-12-23 23:08:24,260][    INFO] Module: module.fuse_blocks.11.channel_emb.channel_embed.1.weight, Trainable Parameters: 9216
[2024-12-23 23:08:24,260][    INFO] Module: module.fuse_blocks.11.channel_emb.channel_embed.1.bias, Trainable Parameters: 1024
[2024-12-23 23:08:24,260][    INFO] Module: module.fuse_blocks.11.channel_emb.channel_embed.3.weight, Trainable Parameters: 1048576
[2024-12-23 23:08:24,260][    INFO] Module: module.fuse_blocks.11.channel_emb.channel_embed.3.bias, Trainable Parameters: 1024
[2024-12-23 23:08:24,260][    INFO] Module: module.fuse_blocks.11.channel_emb.channel_embed.4.weight, Trainable Parameters: 1024
[2024-12-23 23:08:24,260][    INFO] Module: module.fuse_blocks.11.channel_emb.channel_embed.4.bias, Trainable Parameters: 1024
[2024-12-23 23:08:24,260][    INFO] Module: module.fuse_blocks.11.channel_emb.norm.weight, Trainable Parameters: 1024
[2024-12-23 23:08:24,260][    INFO] Module: module.fuse_blocks.11.channel_emb.norm.bias, Trainable Parameters: 1024
[2024-12-23 23:08:24,260][    INFO] Module: module.fuse_blocks.17.cross.channel_proj1.weight, Trainable Parameters: 2097152
[2024-12-23 23:08:24,260][    INFO] Module: module.fuse_blocks.17.cross.channel_proj1.bias, Trainable Parameters: 2048
[2024-12-23 23:08:24,260][    INFO] Module: module.fuse_blocks.17.cross.channel_proj2.weight, Trainable Parameters: 2097152
[2024-12-23 23:08:24,260][    INFO] Module: module.fuse_blocks.17.cross.channel_proj2.bias, Trainable Parameters: 2048
[2024-12-23 23:08:24,260][    INFO] Module: module.fuse_blocks.17.cross.cross_attn.kv1.weight, Trainable Parameters: 2097152
[2024-12-23 23:08:24,261][    INFO] Module: module.fuse_blocks.17.cross.cross_attn.kv2.weight, Trainable Parameters: 2097152
[2024-12-23 23:08:24,261][    INFO] Module: module.fuse_blocks.17.cross.end_proj1.weight, Trainable Parameters: 2097152
[2024-12-23 23:08:24,261][    INFO] Module: module.fuse_blocks.17.cross.end_proj1.bias, Trainable Parameters: 1024
[2024-12-23 23:08:24,261][    INFO] Module: module.fuse_blocks.17.cross.end_proj2.weight, Trainable Parameters: 2097152
[2024-12-23 23:08:24,261][    INFO] Module: module.fuse_blocks.17.cross.end_proj2.bias, Trainable Parameters: 1024
[2024-12-23 23:08:24,261][    INFO] Module: module.fuse_blocks.17.cross.norm1.weight, Trainable Parameters: 1024
[2024-12-23 23:08:24,261][    INFO] Module: module.fuse_blocks.17.cross.norm1.bias, Trainable Parameters: 1024
[2024-12-23 23:08:24,261][    INFO] Module: module.fuse_blocks.17.cross.norm2.weight, Trainable Parameters: 1024
[2024-12-23 23:08:24,261][    INFO] Module: module.fuse_blocks.17.cross.norm2.bias, Trainable Parameters: 1024
[2024-12-23 23:08:24,261][    INFO] Module: module.fuse_blocks.17.channel_emb.residual.weight, Trainable Parameters: 2097152
[2024-12-23 23:08:24,261][    INFO] Module: module.fuse_blocks.17.channel_emb.channel_embed.0.weight, Trainable Parameters: 2097152
[2024-12-23 23:08:24,261][    INFO] Module: module.fuse_blocks.17.channel_emb.channel_embed.0.bias, Trainable Parameters: 1024
[2024-12-23 23:08:24,261][    INFO] Module: module.fuse_blocks.17.channel_emb.channel_embed.1.weight, Trainable Parameters: 9216
[2024-12-23 23:08:24,261][    INFO] Module: module.fuse_blocks.17.channel_emb.channel_embed.1.bias, Trainable Parameters: 1024
[2024-12-23 23:08:24,261][    INFO] Module: module.fuse_blocks.17.channel_emb.channel_embed.3.weight, Trainable Parameters: 1048576
[2024-12-23 23:08:24,261][    INFO] Module: module.fuse_blocks.17.channel_emb.channel_embed.3.bias, Trainable Parameters: 1024
[2024-12-23 23:08:24,261][    INFO] Module: module.fuse_blocks.17.channel_emb.channel_embed.4.weight, Trainable Parameters: 1024
[2024-12-23 23:08:24,261][    INFO] Module: module.fuse_blocks.17.channel_emb.channel_embed.4.bias, Trainable Parameters: 1024
[2024-12-23 23:08:24,261][    INFO] Module: module.fuse_blocks.17.channel_emb.norm.weight, Trainable Parameters: 1024
[2024-12-23 23:08:24,261][    INFO] Module: module.fuse_blocks.17.channel_emb.norm.bias, Trainable Parameters: 1024
[2024-12-23 23:08:24,261][    INFO] Module: module.fuse_blocks.23.cross.channel_proj1.weight, Trainable Parameters: 2097152
[2024-12-23 23:08:24,261][    INFO] Module: module.fuse_blocks.23.cross.channel_proj1.bias, Trainable Parameters: 2048
[2024-12-23 23:08:24,261][    INFO] Module: module.fuse_blocks.23.cross.channel_proj2.weight, Trainable Parameters: 2097152
[2024-12-23 23:08:24,261][    INFO] Module: module.fuse_blocks.23.cross.channel_proj2.bias, Trainable Parameters: 2048
[2024-12-23 23:08:24,261][    INFO] Module: module.fuse_blocks.23.cross.cross_attn.kv1.weight, Trainable Parameters: 2097152
[2024-12-23 23:08:24,261][    INFO] Module: module.fuse_blocks.23.cross.cross_attn.kv2.weight, Trainable Parameters: 2097152
[2024-12-23 23:08:24,261][    INFO] Module: module.fuse_blocks.23.cross.end_proj1.weight, Trainable Parameters: 2097152
[2024-12-23 23:08:24,261][    INFO] Module: module.fuse_blocks.23.cross.end_proj1.bias, Trainable Parameters: 1024
[2024-12-23 23:08:24,261][    INFO] Module: module.fuse_blocks.23.cross.end_proj2.weight, Trainable Parameters: 2097152
[2024-12-23 23:08:24,261][    INFO] Module: module.fuse_blocks.23.cross.end_proj2.bias, Trainable Parameters: 1024
[2024-12-23 23:08:24,261][    INFO] Module: module.fuse_blocks.23.cross.norm1.weight, Trainable Parameters: 1024
[2024-12-23 23:08:24,261][    INFO] Module: module.fuse_blocks.23.cross.norm1.bias, Trainable Parameters: 1024
[2024-12-23 23:08:24,261][    INFO] Module: module.fuse_blocks.23.cross.norm2.weight, Trainable Parameters: 1024
[2024-12-23 23:08:24,261][    INFO] Module: module.fuse_blocks.23.cross.norm2.bias, Trainable Parameters: 1024
[2024-12-23 23:08:24,261][    INFO] Module: module.fuse_blocks.23.channel_emb.residual.weight, Trainable Parameters: 2097152
[2024-12-23 23:08:24,261][    INFO] Module: module.fuse_blocks.23.channel_emb.channel_embed.0.weight, Trainable Parameters: 2097152
[2024-12-23 23:08:24,261][    INFO] Module: module.fuse_blocks.23.channel_emb.channel_embed.0.bias, Trainable Parameters: 1024
[2024-12-23 23:08:24,261][    INFO] Module: module.fuse_blocks.23.channel_emb.channel_embed.1.weight, Trainable Parameters: 9216
[2024-12-23 23:08:24,261][    INFO] Module: module.fuse_blocks.23.channel_emb.channel_embed.1.bias, Trainable Parameters: 1024
[2024-12-23 23:08:24,262][    INFO] Module: module.fuse_blocks.23.channel_emb.channel_embed.3.weight, Trainable Parameters: 1048576
[2024-12-23 23:08:24,262][    INFO] Module: module.fuse_blocks.23.channel_emb.channel_embed.3.bias, Trainable Parameters: 1024
[2024-12-23 23:08:24,262][    INFO] Module: module.fuse_blocks.23.channel_emb.channel_embed.4.weight, Trainable Parameters: 1024
[2024-12-23 23:08:24,262][    INFO] Module: module.fuse_blocks.23.channel_emb.channel_embed.4.bias, Trainable Parameters: 1024
[2024-12-23 23:08:24,262][    INFO] Module: module.fuse_blocks.23.channel_emb.norm.weight, Trainable Parameters: 1024
[2024-12-23 23:08:24,262][    INFO] Module: module.fuse_blocks.23.channel_emb.norm.bias, Trainable Parameters: 1024
[2024-12-23 23:08:24,264][    INFO] Total Trainable Parameters: 489237233
[2024-12-23 23:08:24,264][    INFO] ===========> Epoch: 0/20, d1: 0.000, d2: 0.000, d3: 0.000
[2024-12-23 23:08:24,264][    INFO] ===========> Epoch: 0/20, abs_rel: 100.000, sq_rel: 100.000, rmse: 100.000, rmse_log: 100.000, log10: 100.000, silog: 100.000
/data/miniconda/envs/torch/lib/python3.10/site-packages/torch/autograd/graph.py:744: UserWarning: Grad strides do not match bucket view strides. This may indicate grad was not created according to the gradient layout contract, or that the param's strides changed since DDP was constructed.  This is not an error, but may impair performance.
grad.sizes() = [1, 32, 1, 1], strides() = [32, 1, 32, 32]
bucket_view.sizes() = [1, 32, 1, 1], strides() = [32, 1, 1, 1] (Triggered internally at ../torch/csrc/distributed/c10d/reducer.cpp:325.)
  return Variable._execution_engine.run_backward(  # Calls into the C++ engine to run the backward pass
/data/miniconda/envs/torch/lib/python3.10/site-packages/torch/autograd/graph.py:744: UserWarning: Grad strides do not match bucket view strides. This may indicate grad was not created according to the gradient layout contract, or that the param's strides changed since DDP was constructed.  This is not an error, but may impair performance.
grad.sizes() = [1, 32, 1, 1], strides() = [32, 1, 32, 32]
bucket_view.sizes() = [1, 32, 1, 1], strides() = [32, 1, 1, 1] (Triggered internally at ../torch/csrc/distributed/c10d/reducer.cpp:325.)
  return Variable._execution_engine.run_backward(  # Calls into the C++ engine to run the backward pass
[2024-12-23 23:08:29,050][    INFO] Iter: 0/890, LR: 0.0000050, Loss: 0.928
[2024-12-23 23:10:00,532][    INFO] Iter: 100/890, LR: 0.0000050, Loss: 0.290
[2024-12-23 23:11:32,003][    INFO] Iter: 200/890, LR: 0.0000049, Loss: 0.264
[2024-12-23 23:13:03,584][    INFO] Iter: 300/890, LR: 0.0000049, Loss: 0.239
[2024-12-23 23:14:34,997][    INFO] Iter: 400/890, LR: 0.0000049, Loss: 0.265
[2024-12-23 23:16:06,456][    INFO] Iter: 500/890, LR: 0.0000049, Loss: 0.252
[2024-12-23 23:17:37,895][    INFO] Iter: 600/890, LR: 0.0000048, Loss: 0.234
[2024-12-23 23:19:09,577][    INFO] Iter: 700/890, LR: 0.0000048, Loss: 0.223
[2024-12-23 23:20:41,082][    INFO] Iter: 800/890, LR: 0.0000048, Loss: 0.260
[2024-12-23 23:22:06,998][    INFO] ==========================================================================================
[2024-12-23 23:22:06,998][    INFO]       d1,       d2,       d3,  abs_rel,   sq_rel,     rmse, rmse_log,    log10,    silog
[2024-12-23 23:22:06,999][    INFO]    0.452,    0.658,    0.785,    0.408,    4.754,   11.248,    0.567,    0.177,    0.550
[2024-12-23 23:22:06,999][    INFO] ==========================================================================================

[2024-12-23 23:22:21,514][    INFO] ===========> Epoch: 1/20, d1: 0.452, d2: 0.658, d3: 0.785
[2024-12-23 23:22:21,514][    INFO] ===========> Epoch: 1/20, abs_rel: 0.408, sq_rel: 4.754, rmse: 11.248, rmse_log: 0.567, log10: 0.177, silog: 0.550
[2024-12-23 23:22:23,045][    INFO] Iter: 0/890, LR: 0.0000048, Loss: 0.226
[2024-12-23 23:23:54,596][    INFO] Iter: 100/890, LR: 0.0000047, Loss: 0.204
[2024-12-23 23:25:26,042][    INFO] Iter: 200/890, LR: 0.0000047, Loss: 0.237
[2024-12-23 23:26:57,575][    INFO] Iter: 300/890, LR: 0.0000047, Loss: 0.230
[2024-12-23 23:28:29,285][    INFO] Iter: 400/890, LR: 0.0000047, Loss: 0.191
[2024-12-23 23:30:00,924][    INFO] Iter: 500/890, LR: 0.0000046, Loss: 0.208
[2024-12-23 23:31:32,341][    INFO] Iter: 600/890, LR: 0.0000046, Loss: 0.180
[2024-12-23 23:33:03,804][    INFO] Iter: 700/890, LR: 0.0000046, Loss: 0.214
[2024-12-23 23:34:35,274][    INFO] Iter: 800/890, LR: 0.0000046, Loss: 0.217
[2024-12-23 23:36:00,405][    INFO] ==========================================================================================
[2024-12-23 23:36:00,406][    INFO]       d1,       d2,       d3,  abs_rel,   sq_rel,     rmse, rmse_log,    log10,    silog
[2024-12-23 23:36:00,406][    INFO]    0.465,    0.666,    0.792,    0.411,    4.521,   10.727,    0.545,    0.171,    0.529
[2024-12-23 23:36:00,406][    INFO] ==========================================================================================

[2024-12-23 23:36:14,780][    INFO] ===========> Epoch: 2/20, d1: 0.465, d2: 0.666, d3: 0.792
[2024-12-23 23:36:14,781][    INFO] ===========> Epoch: 2/20, abs_rel: 0.408, sq_rel: 4.521, rmse: 10.727, rmse_log: 0.545, log10: 0.171, silog: 0.529
[2024-12-23 23:36:16,209][    INFO] Iter: 0/890, LR: 0.0000045, Loss: 0.213
[2024-12-23 23:37:47,521][    INFO] Iter: 100/890, LR: 0.0000045, Loss: 0.225
