/data/miniconda/envs/torch/lib/python3.10/site-packages/torch/distributed/launch.py:183: FutureWarning: The module torch.distributed.launch is deprecated
and will be removed in future. Use torchrun.
Note that --use-env is set by default in torchrun.
If your script expects `--local-rank` argument to be set, please
change it to read from `os.environ['LOCAL_RANK']` instead. See 
https://pytorch.org/docs/stable/distributed.html#launch-utility for 
further instructions

  warnings.warn(
W1206 22:54:30.325000 139973387011904 torch/distributed/run.py:757] 
W1206 22:54:30.325000 139973387011904 torch/distributed/run.py:757] *****************************************
W1206 22:54:30.325000 139973387011904 torch/distributed/run.py:757] Setting OMP_NUM_THREADS environment variable for each process to be 1 in default, to avoid your system being overloaded, please further tune the variable for optimal performance in your application as needed. 
W1206 22:54:30.325000 139973387011904 torch/distributed/run.py:757] *****************************************
xFormers not available
xFormers not available
xFormers not available
xFormers not available
[2024-12-06 22:54:34,422][    INFO] {'bs': 4,
 'dataset': 'dense',
 'depth_anything_pretrained': '/data/coding/upload-data/checkpoints/depth_anything_v2_metric_vkitti_vitl.pth',
 'encoder': 'vitl',
 'epochs': 20,
 'finetune_mode': 'foundation_all_frozen',
 'img_size': 518,
 'local_rank': 0,
 'lr': 5e-06,
 'max_depth': 1000.0,
 'min_depth': 0.0,
 'ngpus': 2,
 'port': 20596,
 'pretrained_from': None,
 'save_path': '/data/coding/exp/dense_foundation_all_frozen_normalized_log_20241206_225427'}

Loaded pretrained weights from /data/coding/upload-data/checkpoints/depth_anything_v2_metric_vkitti_vitl.pth
Loaded pretrained weights from /data/coding/upload-data/checkpoints/depth_anything_v2_metric_vkitti_vitl.pth
The freezing mode of weights is: foundation_all_frozen
The freezing mode of weights is: foundation_all_frozen
[2024-12-06 22:54:52,128][    INFO] Module: module.patch_embed_prompt.proj.weight, Trainable Parameters: 1003520
[2024-12-06 22:54:52,128][    INFO] Module: module.patch_embed_prompt.proj.bias, Trainable Parameters: 1024
[2024-12-06 22:54:52,130][    INFO] Total Trainable Parameters: 1004544
[2024-12-06 22:54:52,131][    INFO] ===========> Epoch: 0/20, d1: 0.000, d2: 0.000, d3: 0.000
[2024-12-06 22:54:52,131][    INFO] ===========> Epoch: 0/20, abs_rel: 100.000, sq_rel: 100.000, rmse: 100.000, rmse_log: 100.000, log10: 100.000, silog: 100.000
[2024-12-06 22:55:02,523][    INFO] Iter: 0/625, LR: 0.0000050, Loss: 1.051
[2024-12-06 22:57:10,679][    INFO] Iter: 100/625, LR: 0.0000050, Loss: 1.050
[2024-12-06 22:59:19,459][    INFO] Iter: 200/625, LR: 0.0000049, Loss: 0.996
[2024-12-06 23:01:28,203][    INFO] Iter: 300/625, LR: 0.0000049, Loss: 1.082
[2024-12-06 23:03:37,018][    INFO] Iter: 400/625, LR: 0.0000049, Loss: 1.009
[2024-12-06 23:05:45,920][    INFO] Iter: 500/625, LR: 0.0000048, Loss: 0.998
[2024-12-06 23:07:54,781][    INFO] Iter: 600/625, LR: 0.0000048, Loss: 1.066
[2024-12-06 23:11:41,020][    INFO] ==========================================================================================
[2024-12-06 23:11:41,020][    INFO]       d1,       d2,       d3,  abs_rel,   sq_rel,     rmse, rmse_log,    log10,    silog
[2024-12-06 23:11:41,022][    INFO]    0.079,    0.153,    0.220,    0.784,   40.927,   37.738,    1.655,    0.635,    1.369
[2024-12-06 23:11:41,022][    INFO] ==========================================================================================

[2024-12-06 23:11:48,444][    INFO] ===========> Epoch: 1/20, d1: 0.079, d2: 0.153, d3: 0.220
[2024-12-06 23:11:48,444][    INFO] ===========> Epoch: 1/20, abs_rel: 0.784, sq_rel: 40.927, rmse: 37.738, rmse_log: 1.655, log10: 0.635, silog: 1.369
[2024-12-06 23:11:50,256][    INFO] Iter: 0/625, LR: 0.0000048, Loss: 1.101
[2024-12-06 23:13:59,019][    INFO] Iter: 100/625, LR: 0.0000047, Loss: 0.996
[2024-12-06 23:16:07,859][    INFO] Iter: 200/625, LR: 0.0000047, Loss: 1.041
[2024-12-06 23:18:16,706][    INFO] Iter: 300/625, LR: 0.0000047, Loss: 1.077
[2024-12-06 23:20:25,513][    INFO] Iter: 400/625, LR: 0.0000046, Loss: 1.062
[2024-12-06 23:22:34,234][    INFO] Iter: 500/625, LR: 0.0000046, Loss: 1.063
[2024-12-06 23:24:42,976][    INFO] Iter: 600/625, LR: 0.0000046, Loss: 0.963
[2024-12-06 23:28:26,262][    INFO] ==========================================================================================
[2024-12-06 23:28:26,262][    INFO]       d1,       d2,       d3,  abs_rel,   sq_rel,     rmse, rmse_log,    log10,    silog
[2024-12-06 23:28:26,263][    INFO]    0.083,    0.161,    0.232,    0.760,   36.717,   35.451,    1.546,    0.593,    1.281
[2024-12-06 23:28:26,264][    INFO] ==========================================================================================

[2024-12-06 23:28:32,890][    INFO] ===========> Epoch: 2/20, d1: 0.083, d2: 0.161, d3: 0.232
[2024-12-06 23:28:32,890][    INFO] ===========> Epoch: 2/20, abs_rel: 0.760, sq_rel: 36.717, rmse: 35.451, rmse_log: 1.546, log10: 0.593, silog: 1.281
[2024-12-06 23:28:34,635][    INFO] Iter: 0/625, LR: 0.0000045, Loss: 1.053
[2024-12-06 23:30:43,419][    INFO] Iter: 100/625, LR: 0.0000045, Loss: 1.054
[2024-12-06 23:32:52,198][    INFO] Iter: 200/625, LR: 0.0000045, Loss: 1.033
[2024-12-06 23:35:00,952][    INFO] Iter: 300/625, LR: 0.0000044, Loss: 1.049
[2024-12-06 23:37:09,682][    INFO] Iter: 400/625, LR: 0.0000044, Loss: 0.971
[2024-12-06 23:39:18,425][    INFO] Iter: 500/625, LR: 0.0000044, Loss: 0.944
[2024-12-06 23:41:27,128][    INFO] Iter: 600/625, LR: 0.0000043, Loss: 0.995
[2024-12-06 23:45:10,294][    INFO] ==========================================================================================
[2024-12-06 23:45:10,295][    INFO]       d1,       d2,       d3,  abs_rel,   sq_rel,     rmse, rmse_log,    log10,    silog
[2024-12-06 23:45:10,296][    INFO]    0.086,    0.167,    0.240,    0.738,   33.182,   34.159,    1.482,    0.567,    1.228
[2024-12-06 23:45:10,296][    INFO] ==========================================================================================

[2024-12-06 23:45:17,569][    INFO] ===========> Epoch: 3/20, d1: 0.086, d2: 0.167, d3: 0.240
[2024-12-06 23:45:17,570][    INFO] ===========> Epoch: 3/20, abs_rel: 0.738, sq_rel: 33.182, rmse: 34.159, rmse_log: 1.482, log10: 0.567, silog: 1.228
[2024-12-06 23:45:19,366][    INFO] Iter: 0/625, LR: 0.0000043, Loss: 0.995
[2024-12-06 23:47:27,996][    INFO] Iter: 100/625, LR: 0.0000043, Loss: 0.952
[2024-12-06 23:49:36,745][    INFO] Iter: 200/625, LR: 0.0000042, Loss: 0.977
[2024-12-06 23:51:45,477][    INFO] Iter: 300/625, LR: 0.0000042, Loss: 0.957
[2024-12-06 23:53:54,249][    INFO] Iter: 400/625, LR: 0.0000042, Loss: 1.011
[2024-12-06 23:56:02,974][    INFO] Iter: 500/625, LR: 0.0000041, Loss: 0.945
[2024-12-06 23:58:11,677][    INFO] Iter: 600/625, LR: 0.0000041, Loss: 0.992
[2024-12-07 00:01:54,905][    INFO] ==========================================================================================
[2024-12-07 00:01:54,905][    INFO]       d1,       d2,       d3,  abs_rel,   sq_rel,     rmse, rmse_log,    log10,    silog
[2024-12-07 00:01:54,905][    INFO]    0.087,    0.170,    0.248,    0.718,   29.847,   33.094,    1.429,    0.547,    1.183
[2024-12-07 00:01:54,905][    INFO] ==========================================================================================

[2024-12-07 00:02:02,106][    INFO] ===========> Epoch: 4/20, d1: 0.087, d2: 0.170, d3: 0.248
[2024-12-07 00:02:02,106][    INFO] ===========> Epoch: 4/20, abs_rel: 0.718, sq_rel: 29.847, rmse: 33.094, rmse_log: 1.429, log10: 0.547, silog: 1.183
[2024-12-07 00:02:03,906][    INFO] Iter: 0/625, LR: 0.0000041, Loss: 0.941
[2024-12-07 00:04:12,580][    INFO] Iter: 100/625, LR: 0.0000041, Loss: 0.919
[2024-12-07 00:06:21,274][    INFO] Iter: 200/625, LR: 0.0000040, Loss: 0.972
[2024-12-07 00:08:30,011][    INFO] Iter: 300/625, LR: 0.0000040, Loss: 0.926
[2024-12-07 00:10:38,730][    INFO] Iter: 400/625, LR: 0.0000039, Loss: 0.951
[2024-12-07 00:12:47,561][    INFO] Iter: 500/625, LR: 0.0000039, Loss: 0.986
[2024-12-07 00:14:56,511][    INFO] Iter: 600/625, LR: 0.0000039, Loss: 0.969
[2024-12-07 00:18:39,840][    INFO] ==========================================================================================
[2024-12-07 00:18:39,841][    INFO]       d1,       d2,       d3,  abs_rel,   sq_rel,     rmse, rmse_log,    log10,    silog
[2024-12-07 00:18:39,841][    INFO]    0.087,    0.172,    0.255,    0.704,   27.680,   32.382,    1.393,    0.533,    1.151
[2024-12-07 00:18:39,841][    INFO] ==========================================================================================

[2024-12-07 00:18:45,426][    INFO] ===========> Epoch: 5/20, d1: 0.087, d2: 0.172, d3: 0.255
[2024-12-07 00:18:45,426][    INFO] ===========> Epoch: 5/20, abs_rel: 0.704, sq_rel: 27.680, rmse: 32.382, rmse_log: 1.393, log10: 0.533, silog: 1.151
[2024-12-07 00:18:47,210][    INFO] Iter: 0/625, LR: 0.0000039, Loss: 0.945
[2024-12-07 00:20:55,953][    INFO] Iter: 100/625, LR: 0.0000038, Loss: 0.934
[2024-12-07 00:23:04,778][    INFO] Iter: 200/625, LR: 0.0000038, Loss: 0.960
[2024-12-07 00:25:13,470][    INFO] Iter: 300/625, LR: 0.0000037, Loss: 0.938
[2024-12-07 00:27:22,207][    INFO] Iter: 400/625, LR: 0.0000037, Loss: 0.990
[2024-12-07 00:29:30,919][    INFO] Iter: 500/625, LR: 0.0000037, Loss: 0.912
[2024-12-07 00:31:39,650][    INFO] Iter: 600/625, LR: 0.0000036, Loss: 0.893
[2024-12-07 00:35:22,756][    INFO] ==========================================================================================
[2024-12-07 00:35:22,756][    INFO]       d1,       d2,       d3,  abs_rel,   sq_rel,     rmse, rmse_log,    log10,    silog
[2024-12-07 00:35:22,757][    INFO]    0.088,    0.175,    0.263,    0.693,   26.269,   31.901,    1.368,    0.523,    1.128
[2024-12-07 00:35:22,757][    INFO] ==========================================================================================

[2024-12-07 00:35:29,980][    INFO] ===========> Epoch: 6/20, d1: 0.088, d2: 0.175, d3: 0.263
[2024-12-07 00:35:29,981][    INFO] ===========> Epoch: 6/20, abs_rel: 0.693, sq_rel: 26.269, rmse: 31.901, rmse_log: 1.368, log10: 0.523, silog: 1.128
[2024-12-07 00:35:31,719][    INFO] Iter: 0/625, LR: 0.0000036, Loss: 0.994
[2024-12-07 00:37:40,414][    INFO] Iter: 100/625, LR: 0.0000036, Loss: 0.937
[2024-12-07 00:39:49,158][    INFO] Iter: 200/625, LR: 0.0000036, Loss: 0.910
[2024-12-07 00:41:57,917][    INFO] Iter: 300/625, LR: 0.0000035, Loss: 0.985
[2024-12-07 00:44:06,655][    INFO] Iter: 400/625, LR: 0.0000035, Loss: 0.952
[2024-12-07 00:46:15,412][    INFO] Iter: 500/625, LR: 0.0000034, Loss: 0.907
[2024-12-07 00:48:24,104][    INFO] Iter: 600/625, LR: 0.0000034, Loss: 0.921
[2024-12-07 00:52:07,265][    INFO] ==========================================================================================
[2024-12-07 00:52:07,265][    INFO]       d1,       d2,       d3,  abs_rel,   sq_rel,     rmse, rmse_log,    log10,    silog
[2024-12-07 00:52:07,266][    INFO]    0.089,    0.178,    0.269,    0.686,   25.278,   31.554,    1.349,    0.515,    1.112
[2024-12-07 00:52:07,266][    INFO] ==========================================================================================

[2024-12-07 00:52:14,507][    INFO] ===========> Epoch: 7/20, d1: 0.089, d2: 0.178, d3: 0.269
[2024-12-07 00:52:14,508][    INFO] ===========> Epoch: 7/20, abs_rel: 0.686, sq_rel: 25.278, rmse: 31.554, rmse_log: 1.349, log10: 0.515, silog: 1.112
[2024-12-07 00:52:16,327][    INFO] Iter: 0/625, LR: 0.0000034, Loss: 0.949
[2024-12-07 00:54:24,928][    INFO] Iter: 100/625, LR: 0.0000034, Loss: 0.922
[2024-12-07 00:56:33,572][    INFO] Iter: 200/625, LR: 0.0000033, Loss: 0.915
[2024-12-07 00:58:42,186][    INFO] Iter: 300/625, LR: 0.0000033, Loss: 0.984
[2024-12-07 01:00:50,856][    INFO] Iter: 400/625, LR: 0.0000032, Loss: 0.928
[2024-12-07 01:02:59,507][    INFO] Iter: 500/625, LR: 0.0000032, Loss: 0.910
[2024-12-07 01:05:08,213][    INFO] Iter: 600/625, LR: 0.0000032, Loss: 0.936
[2024-12-07 01:08:51,357][    INFO] ==========================================================================================
[2024-12-07 01:08:51,357][    INFO]       d1,       d2,       d3,  abs_rel,   sq_rel,     rmse, rmse_log,    log10,    silog
[2024-12-07 01:08:51,359][    INFO]    0.091,    0.181,    0.275,    0.680,   24.558,   31.276,    1.334,    0.509,    1.101
[2024-12-07 01:08:51,359][    INFO] ==========================================================================================

[2024-12-07 01:08:58,878][    INFO] ===========> Epoch: 8/20, d1: 0.091, d2: 0.181, d3: 0.275
[2024-12-07 01:08:58,878][    INFO] ===========> Epoch: 8/20, abs_rel: 0.680, sq_rel: 24.558, rmse: 31.276, rmse_log: 1.334, log10: 0.509, silog: 1.101
[2024-12-07 01:09:00,659][    INFO] Iter: 0/625, LR: 0.0000032, Loss: 0.916
[2024-12-07 01:11:09,375][    INFO] Iter: 100/625, LR: 0.0000031, Loss: 0.901
[2024-12-07 01:13:18,093][    INFO] Iter: 200/625, LR: 0.0000031, Loss: 0.927
[2024-12-07 01:15:26,774][    INFO] Iter: 300/625, LR: 0.0000030, Loss: 0.908
[2024-12-07 01:17:35,424][    INFO] Iter: 400/625, LR: 0.0000030, Loss: 0.897
[2024-12-07 01:19:44,075][    INFO] Iter: 500/625, LR: 0.0000030, Loss: 0.984
[2024-12-07 01:21:52,694][    INFO] Iter: 600/625, LR: 0.0000029, Loss: 0.916
[2024-12-07 01:25:35,479][    INFO] ==========================================================================================
[2024-12-07 01:25:35,479][    INFO]       d1,       d2,       d3,  abs_rel,   sq_rel,     rmse, rmse_log,    log10,    silog
[2024-12-07 01:25:35,480][    INFO]    0.091,    0.181,    0.276,    0.677,   24.026,   31.100,    1.325,    0.505,    1.093
[2024-12-07 01:25:35,480][    INFO] ==========================================================================================

[2024-12-07 01:25:40,963][    INFO] ===========> Epoch: 9/20, d1: 0.091, d2: 0.181, d3: 0.276
[2024-12-07 01:25:40,963][    INFO] ===========> Epoch: 9/20, abs_rel: 0.677, sq_rel: 24.026, rmse: 31.100, rmse_log: 1.325, log10: 0.505, silog: 1.093
[2024-12-07 01:25:42,722][    INFO] Iter: 0/625, LR: 0.0000029, Loss: 0.931
[2024-12-07 01:27:51,295][    INFO] Iter: 100/625, LR: 0.0000029, Loss: 0.991
[2024-12-07 01:29:59,845][    INFO] Iter: 200/625, LR: 0.0000028, Loss: 0.789
[2024-12-07 01:32:08,416][    INFO] Iter: 300/625, LR: 0.0000028, Loss: 0.862
[2024-12-07 01:34:16,961][    INFO] Iter: 400/625, LR: 0.0000028, Loss: 0.862
[2024-12-07 01:36:25,463][    INFO] Iter: 500/625, LR: 0.0000027, Loss: 0.933
[2024-12-07 01:38:33,988][    INFO] Iter: 600/625, LR: 0.0000027, Loss: 0.874
[2024-12-07 01:42:16,844][    INFO] ==========================================================================================
[2024-12-07 01:42:16,844][    INFO]       d1,       d2,       d3,  abs_rel,   sq_rel,     rmse, rmse_log,    log10,    silog
[2024-12-07 01:42:16,846][    INFO]    0.090,    0.180,    0.276,    0.674,   23.606,   30.967,    1.318,    0.503,    1.086
[2024-12-07 01:42:16,846][    INFO] ==========================================================================================

[2024-12-07 01:42:22,271][    INFO] ===========> Epoch: 10/20, d1: 0.091, d2: 0.181, d3: 0.276
[2024-12-07 01:42:22,271][    INFO] ===========> Epoch: 10/20, abs_rel: 0.674, sq_rel: 23.606, rmse: 30.967, rmse_log: 1.318, log10: 0.503, silog: 1.086
[2024-12-07 01:42:24,033][    INFO] Iter: 0/625, LR: 0.0000027, Loss: 0.926
[2024-12-07 01:44:32,605][    INFO] Iter: 100/625, LR: 0.0000026, Loss: 0.914
[2024-12-07 01:46:41,217][    INFO] Iter: 200/625, LR: 0.0000026, Loss: 0.912
[2024-12-07 01:48:49,836][    INFO] Iter: 300/625, LR: 0.0000026, Loss: 0.911
[2024-12-07 01:50:58,488][    INFO] Iter: 400/625, LR: 0.0000025, Loss: 0.882
[2024-12-07 01:53:07,136][    INFO] Iter: 500/625, LR: 0.0000025, Loss: 0.895
[2024-12-07 01:55:15,747][    INFO] Iter: 600/625, LR: 0.0000024, Loss: 0.948
[2024-12-07 01:58:58,725][    INFO] ==========================================================================================
[2024-12-07 01:58:58,725][    INFO]       d1,       d2,       d3,  abs_rel,   sq_rel,     rmse, rmse_log,    log10,    silog
[2024-12-07 01:58:58,725][    INFO]    0.092,    0.183,    0.281,    0.671,   23.251,   30.816,    1.310,    0.499,    1.081
[2024-12-07 01:58:58,726][    INFO] ==========================================================================================

[2024-12-07 01:59:06,122][    INFO] ===========> Epoch: 11/20, d1: 0.092, d2: 0.183, d3: 0.281
[2024-12-07 01:59:06,123][    INFO] ===========> Epoch: 11/20, abs_rel: 0.671, sq_rel: 23.251, rmse: 30.816, rmse_log: 1.310, log10: 0.499, silog: 1.081
[2024-12-07 01:59:07,968][    INFO] Iter: 0/625, LR: 0.0000024, Loss: 0.919
[2024-12-07 02:01:16,541][    INFO] Iter: 100/625, LR: 0.0000024, Loss: 0.887
[2024-12-07 02:03:25,124][    INFO] Iter: 200/625, LR: 0.0000024, Loss: 0.892
[2024-12-07 02:05:33,762][    INFO] Iter: 300/625, LR: 0.0000023, Loss: 0.885
[2024-12-07 02:07:42,412][    INFO] Iter: 400/625, LR: 0.0000023, Loss: 0.890
[2024-12-07 02:09:51,108][    INFO] Iter: 500/625, LR: 0.0000022, Loss: 0.933
[2024-12-07 02:11:59,736][    INFO] Iter: 600/625, LR: 0.0000022, Loss: 0.911
[2024-12-07 02:15:42,776][    INFO] ==========================================================================================
[2024-12-07 02:15:42,776][    INFO]       d1,       d2,       d3,  abs_rel,   sq_rel,     rmse, rmse_log,    log10,    silog
[2024-12-07 02:15:42,777][    INFO]    0.090,    0.180,    0.280,    0.670,   22.992,   30.757,    1.306,    0.498,    1.076
[2024-12-07 02:15:42,777][    INFO] ==========================================================================================

[2024-12-07 02:15:48,260][    INFO] ===========> Epoch: 12/20, d1: 0.092, d2: 0.183, d3: 0.281
[2024-12-07 02:15:48,260][    INFO] ===========> Epoch: 12/20, abs_rel: 0.670, sq_rel: 22.992, rmse: 30.757, rmse_log: 1.306, log10: 0.498, silog: 1.076
[2024-12-07 02:15:50,028][    INFO] Iter: 0/625, LR: 0.0000022, Loss: 0.932
[2024-12-07 02:17:58,654][    INFO] Iter: 100/625, LR: 0.0000022, Loss: 0.945
[2024-12-07 02:20:07,338][    INFO] Iter: 200/625, LR: 0.0000021, Loss: 0.922
[2024-12-07 02:22:16,021][    INFO] Iter: 300/625, LR: 0.0000021, Loss: 0.900
[2024-12-07 02:24:24,694][    INFO] Iter: 400/625, LR: 0.0000020, Loss: 0.897
[2024-12-07 02:26:33,369][    INFO] Iter: 500/625, LR: 0.0000020, Loss: 1.007
[2024-12-07 02:28:42,060][    INFO] Iter: 600/625, LR: 0.0000020, Loss: 0.901
[2024-12-07 02:32:25,030][    INFO] ==========================================================================================
[2024-12-07 02:32:25,031][    INFO]       d1,       d2,       d3,  abs_rel,   sq_rel,     rmse, rmse_log,    log10,    silog
[2024-12-07 02:32:25,031][    INFO]    0.091,    0.183,    0.283,    0.668,   22.771,   30.655,    1.301,    0.496,    1.073
[2024-12-07 02:32:25,031][    INFO] ==========================================================================================

[2024-12-07 02:32:30,525][    INFO] ===========> Epoch: 13/20, d1: 0.092, d2: 0.183, d3: 0.283
[2024-12-07 02:32:30,525][    INFO] ===========> Epoch: 13/20, abs_rel: 0.668, sq_rel: 22.771, rmse: 30.655, rmse_log: 1.301, log10: 0.496, silog: 1.073
[2024-12-07 02:32:32,334][    INFO] Iter: 0/625, LR: 0.0000019, Loss: 0.894
[2024-12-07 02:34:41,003][    INFO] Iter: 100/625, LR: 0.0000019, Loss: 0.937
[2024-12-07 02:36:49,660][    INFO] Iter: 200/625, LR: 0.0000019, Loss: 0.889
[2024-12-07 02:38:58,271][    INFO] Iter: 300/625, LR: 0.0000018, Loss: 0.872
[2024-12-07 02:41:06,929][    INFO] Iter: 400/625, LR: 0.0000018, Loss: 0.937
[2024-12-07 02:43:15,537][    INFO] Iter: 500/625, LR: 0.0000017, Loss: 0.978
[2024-12-07 02:45:24,087][    INFO] Iter: 600/625, LR: 0.0000017, Loss: 0.869
[2024-12-07 02:49:06,953][    INFO] ==========================================================================================
[2024-12-07 02:49:06,953][    INFO]       d1,       d2,       d3,  abs_rel,   sq_rel,     rmse, rmse_log,    log10,    silog
[2024-12-07 02:49:06,954][    INFO]    0.091,    0.183,    0.284,    0.666,   22.593,   30.594,    1.298,    0.495,    1.070
[2024-12-07 02:49:06,954][    INFO] ==========================================================================================

[2024-12-07 02:49:12,508][    INFO] ===========> Epoch: 14/20, d1: 0.092, d2: 0.183, d3: 0.284
[2024-12-07 02:49:12,509][    INFO] ===========> Epoch: 14/20, abs_rel: 0.666, sq_rel: 22.593, rmse: 30.594, rmse_log: 1.298, log10: 0.495, silog: 1.070
[2024-12-07 02:49:14,282][    INFO] Iter: 0/625, LR: 0.0000017, Loss: 0.908
[2024-12-07 02:51:22,809][    INFO] Iter: 100/625, LR: 0.0000017, Loss: 0.930
[2024-12-07 02:53:31,388][    INFO] Iter: 200/625, LR: 0.0000016, Loss: 0.895
[2024-12-07 02:55:40,002][    INFO] Iter: 300/625, LR: 0.0000016, Loss: 0.936
[2024-12-07 02:57:48,579][    INFO] Iter: 400/625, LR: 0.0000015, Loss: 0.901
[2024-12-07 02:59:57,128][    INFO] Iter: 500/625, LR: 0.0000015, Loss: 0.849
[2024-12-07 03:02:05,715][    INFO] Iter: 600/625, LR: 0.0000014, Loss: 0.937
[2024-12-07 03:05:48,537][    INFO] ==========================================================================================
[2024-12-07 03:05:48,538][    INFO]       d1,       d2,       d3,  abs_rel,   sq_rel,     rmse, rmse_log,    log10,    silog
[2024-12-07 03:05:48,538][    INFO]    0.092,    0.185,    0.286,    0.665,   22.431,   30.523,    1.294,    0.493,    1.067
[2024-12-07 03:05:48,538][    INFO] ==========================================================================================

[2024-12-07 03:05:55,800][    INFO] ===========> Epoch: 15/20, d1: 0.092, d2: 0.185, d3: 0.286
[2024-12-07 03:05:55,800][    INFO] ===========> Epoch: 15/20, abs_rel: 0.665, sq_rel: 22.431, rmse: 30.523, rmse_log: 1.294, log10: 0.493, silog: 1.067
[2024-12-07 03:05:57,529][    INFO] Iter: 0/625, LR: 0.0000014, Loss: 0.818
[2024-12-07 03:08:06,115][    INFO] Iter: 100/625, LR: 0.0000014, Loss: 0.882
[2024-12-07 03:10:14,719][    INFO] Iter: 200/625, LR: 0.0000014, Loss: 0.904
[2024-12-07 03:12:23,325][    INFO] Iter: 300/625, LR: 0.0000013, Loss: 0.897
[2024-12-07 03:14:31,971][    INFO] Iter: 400/625, LR: 0.0000013, Loss: 0.912
[2024-12-07 03:16:40,647][    INFO] Iter: 500/625, LR: 0.0000012, Loss: 0.887
[2024-12-07 03:18:49,284][    INFO] Iter: 600/625, LR: 0.0000012, Loss: 0.888
[2024-12-07 03:22:32,224][    INFO] ==========================================================================================
[2024-12-07 03:22:32,225][    INFO]       d1,       d2,       d3,  abs_rel,   sq_rel,     rmse, rmse_log,    log10,    silog
[2024-12-07 03:22:32,226][    INFO]    0.092,    0.185,    0.286,    0.664,   22.328,   30.492,    1.292,    0.493,    1.065
[2024-12-07 03:22:32,226][    INFO] ==========================================================================================

[2024-12-07 03:22:37,771][    INFO] ===========> Epoch: 16/20, d1: 0.092, d2: 0.185, d3: 0.286
[2024-12-07 03:22:37,771][    INFO] ===========> Epoch: 16/20, abs_rel: 0.664, sq_rel: 22.328, rmse: 30.492, rmse_log: 1.292, log10: 0.493, silog: 1.065
[2024-12-07 03:22:39,524][    INFO] Iter: 0/625, LR: 0.0000012, Loss: 0.928
[2024-12-07 03:24:48,130][    INFO] Iter: 100/625, LR: 0.0000011, Loss: 0.892
[2024-12-07 03:26:56,736][    INFO] Iter: 200/625, LR: 0.0000011, Loss: 0.856
[2024-12-07 03:29:05,422][    INFO] Iter: 300/625, LR: 0.0000010, Loss: 0.943
[2024-12-07 03:31:14,020][    INFO] Iter: 400/625, LR: 0.0000010, Loss: 0.935
[2024-12-07 03:33:22,588][    INFO] Iter: 500/625, LR: 0.0000010, Loss: 0.911
[2024-12-07 03:35:31,139][    INFO] Iter: 600/625, LR: 0.0000009, Loss: 0.904
[2024-12-07 03:39:14,022][    INFO] ==========================================================================================
[2024-12-07 03:39:14,022][    INFO]       d1,       d2,       d3,  abs_rel,   sq_rel,     rmse, rmse_log,    log10,    silog
[2024-12-07 03:39:14,023][    INFO]    0.092,    0.185,    0.286,    0.663,   22.240,   30.464,    1.291,    0.492,    1.064
[2024-12-07 03:39:14,023][    INFO] ==========================================================================================

[2024-12-07 03:39:19,479][    INFO] ===========> Epoch: 17/20, d1: 0.092, d2: 0.185, d3: 0.286
[2024-12-07 03:39:19,479][    INFO] ===========> Epoch: 17/20, abs_rel: 0.663, sq_rel: 22.240, rmse: 30.464, rmse_log: 1.291, log10: 0.492, silog: 1.064
[2024-12-07 03:39:21,195][    INFO] Iter: 0/625, LR: 0.0000009, Loss: 0.964
[2024-12-07 03:41:29,722][    INFO] Iter: 100/625, LR: 0.0000009, Loss: 0.944
[2024-12-07 03:43:38,335][    INFO] Iter: 200/625, LR: 0.0000008, Loss: 0.866
[2024-12-07 03:45:46,954][    INFO] Iter: 300/625, LR: 0.0000008, Loss: 0.877
[2024-12-07 03:47:55,572][    INFO] Iter: 400/625, LR: 0.0000007, Loss: 0.910
[2024-12-07 03:50:04,165][    INFO] Iter: 500/625, LR: 0.0000007, Loss: 0.882
[2024-12-07 03:52:12,745][    INFO] Iter: 600/625, LR: 0.0000006, Loss: 0.869
[2024-12-07 03:55:55,729][    INFO] ==========================================================================================
[2024-12-07 03:55:55,729][    INFO]       d1,       d2,       d3,  abs_rel,   sq_rel,     rmse, rmse_log,    log10,    silog
[2024-12-07 03:55:55,730][    INFO]    0.093,    0.186,    0.288,    0.662,   22.174,   30.425,    1.289,    0.491,    1.063
[2024-12-07 03:55:55,730][    INFO] ==========================================================================================

[2024-12-07 03:56:03,003][    INFO] ===========> Epoch: 18/20, d1: 0.093, d2: 0.186, d3: 0.288
[2024-12-07 03:56:03,004][    INFO] ===========> Epoch: 18/20, abs_rel: 0.662, sq_rel: 22.174, rmse: 30.425, rmse_log: 1.289, log10: 0.491, silog: 1.063
[2024-12-07 03:56:04,819][    INFO] Iter: 0/625, LR: 0.0000006, Loss: 0.889
[2024-12-07 03:58:13,419][    INFO] Iter: 100/625, LR: 0.0000006, Loss: 0.892
[2024-12-07 04:00:22,013][    INFO] Iter: 200/625, LR: 0.0000005, Loss: 0.906
[2024-12-07 04:02:30,622][    INFO] Iter: 300/625, LR: 0.0000005, Loss: 0.937
[2024-12-07 04:04:39,118][    INFO] Iter: 400/625, LR: 0.0000004, Loss: 0.901
[2024-12-07 04:06:47,630][    INFO] Iter: 500/625, LR: 0.0000004, Loss: 0.957
[2024-12-07 04:08:56,043][    INFO] Iter: 600/625, LR: 0.0000003, Loss: 0.938
[2024-12-07 04:12:38,707][    INFO] ==========================================================================================
[2024-12-07 04:12:38,708][    INFO]       d1,       d2,       d3,  abs_rel,   sq_rel,     rmse, rmse_log,    log10,    silog
[2024-12-07 04:12:38,708][    INFO]    0.092,    0.184,    0.286,    0.663,   22.141,   30.436,    1.289,    0.491,    1.062
[2024-12-07 04:12:38,708][    INFO] ==========================================================================================

[2024-12-07 04:12:40,896][    INFO] ===========> Epoch: 19/20, d1: 0.093, d2: 0.186, d3: 0.288
[2024-12-07 04:12:40,896][    INFO] ===========> Epoch: 19/20, abs_rel: 0.662, sq_rel: 22.141, rmse: 30.425, rmse_log: 1.289, log10: 0.491, silog: 1.062
[2024-12-07 04:12:42,665][    INFO] Iter: 0/625, LR: 0.0000003, Loss: 0.914
[2024-12-07 04:14:51,228][    INFO] Iter: 100/625, LR: 0.0000003, Loss: 0.906
[2024-12-07 04:16:59,758][    INFO] Iter: 200/625, LR: 0.0000002, Loss: 0.887
[2024-12-07 04:19:08,256][    INFO] Iter: 300/625, LR: 0.0000002, Loss: 0.912
[2024-12-07 04:21:16,756][    INFO] Iter: 400/625, LR: 0.0000001, Loss: 0.935
[2024-12-07 04:23:25,266][    INFO] Iter: 500/625, LR: 0.0000001, Loss: 0.897
[2024-12-07 04:25:33,777][    INFO] Iter: 600/625, LR: 0.0000000, Loss: 0.887
[2024-12-07 04:29:16,533][    INFO] ==========================================================================================
[2024-12-07 04:29:16,533][    INFO]       d1,       d2,       d3,  abs_rel,   sq_rel,     rmse, rmse_log,    log10,    silog
[2024-12-07 04:29:16,535][    INFO]    0.092,    0.184,    0.286,    0.663,   22.126,   30.428,    1.289,    0.491,    1.062
[2024-12-07 04:29:16,535][    INFO] ==========================================================================================

