/home/sph/anaconda3/envs/anything/lib/python3.9/site-packages/torch/distributed/launch.py:183: FutureWarning: The module torch.distributed.launch is deprecated
and will be removed in future. Use torchrun.
Note that --use-env is set by default in torchrun.
If your script expects `--local-rank` argument to be set, please
change it to read from `os.environ['LOCAL_RANK']` instead. See 
https://pytorch.org/docs/stable/distributed.html#launch-utility for 
further instructions

  warnings.warn(
[2025-01-16 13:12:05,904] torch.distributed.run: [WARNING] 
[2025-01-16 13:12:05,904] torch.distributed.run: [WARNING] *****************************************
[2025-01-16 13:12:05,904] torch.distributed.run: [WARNING] Setting OMP_NUM_THREADS environment variable for each process to be 1 in default, to avoid your system being overloaded, please further tune the variable for optimal performance in your application as needed. 
[2025-01-16 13:12:05,904] torch.distributed.run: [WARNING] *****************************************
/home/sph/anaconda3/envs/anything/lib/python3.9/site-packages/timm/models/layers/__init__.py:48: FutureWarning: Importing from timm.models.layers is deprecated, please import via timm.layers
  warnings.warn(f"Importing from {__name__} is deprecated, please import via timm.layers", FutureWarning)
/home/sph/anaconda3/envs/anything/lib/python3.9/site-packages/timm/models/layers/__init__.py:48: FutureWarning: Importing from timm.models.layers is deprecated, please import via timm.layers
  warnings.warn(f"Importing from {__name__} is deprecated, please import via timm.layers", FutureWarning)
[2025-01-16 13:12:08,413][    INFO] {'bs': 24,
 'dataset': 'mvsec_2',
 'depth_anything_pretrained': None,
 'encoder': 'vitl',
 'epochs': 20,
 'event_voxel_chans': 3,
 'finetune_mode': 'decoder',
 'img_size': 266,
 'inv': False,
 'local_rank': 0,
 'lr': 5e-06,
 'max_depth': 80.0,
 'min_depth': 0.0,
 'ngpus': 2,
 'normalized_depth': False,
 'port': 20596,
 'pretrained_from': '/home/sph/event/da2-prompt-tuning/exp/fuse_log_l1_eventscape_fuse_cor_20250114_110446/latest.pth',
 'return_feature': False,
 'save_path': '/home/sph/event/da2-prompt-tuning/exp/epde_metric_80_mvsec_2_decoder_20250116_131204'}

INFO:dinov2:using MLP layer as FFN
INFO:dinov2:using MLP layer as FFN
INFO:dinov2:using MLP layer as FFN
INFO:dinov2:using MLP layer as FFN
Initializing encoder parameters without pre-trained weights
Initializing encoder parameters without pre-trained weights
Model weights load from /home/sph/event/da2-prompt-tuning/exp/fuse_log_l1_eventscape_fuse_cor_20250114_110446/latest.pth successfully!
Model weights load from /home/sph/event/da2-prompt-tuning/exp/fuse_log_l1_eventscape_fuse_cor_20250114_110446/latest.pth successfully!
The freezing mode of weights is: decoder
The freezing mode of weights is: decoder
[2025-01-16 13:12:25,399][    INFO] Module: module.depth_head.projects.0.weight, Trainable Parameters: 262144
[2025-01-16 13:12:25,399][    INFO] Module: module.depth_head.projects.0.bias, Trainable Parameters: 256
[2025-01-16 13:12:25,399][    INFO] Module: module.depth_head.projects.1.weight, Trainable Parameters: 524288
[2025-01-16 13:12:25,399][    INFO] Module: module.depth_head.projects.1.bias, Trainable Parameters: 512
[2025-01-16 13:12:25,399][    INFO] Module: module.depth_head.projects.2.weight, Trainable Parameters: 1048576
[2025-01-16 13:12:25,399][    INFO] Module: module.depth_head.projects.2.bias, Trainable Parameters: 1024
[2025-01-16 13:12:25,399][    INFO] Module: module.depth_head.projects.3.weight, Trainable Parameters: 1048576
[2025-01-16 13:12:25,399][    INFO] Module: module.depth_head.projects.3.bias, Trainable Parameters: 1024
[2025-01-16 13:12:25,399][    INFO] Module: module.depth_head.resize_layers.0.weight, Trainable Parameters: 1048576
[2025-01-16 13:12:25,399][    INFO] Module: module.depth_head.resize_layers.0.bias, Trainable Parameters: 256
[2025-01-16 13:12:25,399][    INFO] Module: module.depth_head.resize_layers.1.weight, Trainable Parameters: 1048576
[2025-01-16 13:12:25,399][    INFO] Module: module.depth_head.resize_layers.1.bias, Trainable Parameters: 512
[2025-01-16 13:12:25,399][    INFO] Module: module.depth_head.resize_layers.3.weight, Trainable Parameters: 9437184
[2025-01-16 13:12:25,399][    INFO] Module: module.depth_head.resize_layers.3.bias, Trainable Parameters: 1024
[2025-01-16 13:12:25,399][    INFO] Module: module.depth_head.scratch.layer1_rn.weight, Trainable Parameters: 589824
[2025-01-16 13:12:25,399][    INFO] Module: module.depth_head.scratch.layer2_rn.weight, Trainable Parameters: 1179648
[2025-01-16 13:12:25,399][    INFO] Module: module.depth_head.scratch.layer3_rn.weight, Trainable Parameters: 2359296
[2025-01-16 13:12:25,399][    INFO] Module: module.depth_head.scratch.layer4_rn.weight, Trainable Parameters: 2359296
[2025-01-16 13:12:25,399][    INFO] Module: module.depth_head.scratch.refinenet1.out_conv.weight, Trainable Parameters: 65536
[2025-01-16 13:12:25,399][    INFO] Module: module.depth_head.scratch.refinenet1.out_conv.bias, Trainable Parameters: 256
[2025-01-16 13:12:25,399][    INFO] Module: module.depth_head.scratch.refinenet1.resConfUnit1.conv1.weight, Trainable Parameters: 589824
[2025-01-16 13:12:25,399][    INFO] Module: module.depth_head.scratch.refinenet1.resConfUnit1.conv1.bias, Trainable Parameters: 256
[2025-01-16 13:12:25,399][    INFO] Module: module.depth_head.scratch.refinenet1.resConfUnit1.conv2.weight, Trainable Parameters: 589824
[2025-01-16 13:12:25,399][    INFO] Module: module.depth_head.scratch.refinenet1.resConfUnit1.conv2.bias, Trainable Parameters: 256
[2025-01-16 13:12:25,399][    INFO] Module: module.depth_head.scratch.refinenet1.resConfUnit2.conv1.weight, Trainable Parameters: 589824
[2025-01-16 13:12:25,399][    INFO] Module: module.depth_head.scratch.refinenet1.resConfUnit2.conv1.bias, Trainable Parameters: 256
[2025-01-16 13:12:25,399][    INFO] Module: module.depth_head.scratch.refinenet1.resConfUnit2.conv2.weight, Trainable Parameters: 589824
[2025-01-16 13:12:25,399][    INFO] Module: module.depth_head.scratch.refinenet1.resConfUnit2.conv2.bias, Trainable Parameters: 256
[2025-01-16 13:12:25,399][    INFO] Module: module.depth_head.scratch.refinenet2.out_conv.weight, Trainable Parameters: 65536
[2025-01-16 13:12:25,399][    INFO] Module: module.depth_head.scratch.refinenet2.out_conv.bias, Trainable Parameters: 256
[2025-01-16 13:12:25,399][    INFO] Module: module.depth_head.scratch.refinenet2.resConfUnit1.conv1.weight, Trainable Parameters: 589824
[2025-01-16 13:12:25,399][    INFO] Module: module.depth_head.scratch.refinenet2.resConfUnit1.conv1.bias, Trainable Parameters: 256
[2025-01-16 13:12:25,399][    INFO] Module: module.depth_head.scratch.refinenet2.resConfUnit1.conv2.weight, Trainable Parameters: 589824
[2025-01-16 13:12:25,399][    INFO] Module: module.depth_head.scratch.refinenet2.resConfUnit1.conv2.bias, Trainable Parameters: 256
[2025-01-16 13:12:25,399][    INFO] Module: module.depth_head.scratch.refinenet2.resConfUnit2.conv1.weight, Trainable Parameters: 589824
[2025-01-16 13:12:25,399][    INFO] Module: module.depth_head.scratch.refinenet2.resConfUnit2.conv1.bias, Trainable Parameters: 256
[2025-01-16 13:12:25,399][    INFO] Module: module.depth_head.scratch.refinenet2.resConfUnit2.conv2.weight, Trainable Parameters: 589824
[2025-01-16 13:12:25,399][    INFO] Module: module.depth_head.scratch.refinenet2.resConfUnit2.conv2.bias, Trainable Parameters: 256
[2025-01-16 13:12:25,399][    INFO] Module: module.depth_head.scratch.refinenet3.out_conv.weight, Trainable Parameters: 65536
[2025-01-16 13:12:25,399][    INFO] Module: module.depth_head.scratch.refinenet3.out_conv.bias, Trainable Parameters: 256
[2025-01-16 13:12:25,400][    INFO] Module: module.depth_head.scratch.refinenet3.resConfUnit1.conv1.weight, Trainable Parameters: 589824
[2025-01-16 13:12:25,400][    INFO] Module: module.depth_head.scratch.refinenet3.resConfUnit1.conv1.bias, Trainable Parameters: 256
[2025-01-16 13:12:25,400][    INFO] Module: module.depth_head.scratch.refinenet3.resConfUnit1.conv2.weight, Trainable Parameters: 589824
[2025-01-16 13:12:25,400][    INFO] Module: module.depth_head.scratch.refinenet3.resConfUnit1.conv2.bias, Trainable Parameters: 256
[2025-01-16 13:12:25,400][    INFO] Module: module.depth_head.scratch.refinenet3.resConfUnit2.conv1.weight, Trainable Parameters: 589824
[2025-01-16 13:12:25,400][    INFO] Module: module.depth_head.scratch.refinenet3.resConfUnit2.conv1.bias, Trainable Parameters: 256
[2025-01-16 13:12:25,400][    INFO] Module: module.depth_head.scratch.refinenet3.resConfUnit2.conv2.weight, Trainable Parameters: 589824
[2025-01-16 13:12:25,400][    INFO] Module: module.depth_head.scratch.refinenet3.resConfUnit2.conv2.bias, Trainable Parameters: 256
[2025-01-16 13:12:25,400][    INFO] Module: module.depth_head.scratch.refinenet4.out_conv.weight, Trainable Parameters: 65536
[2025-01-16 13:12:25,400][    INFO] Module: module.depth_head.scratch.refinenet4.out_conv.bias, Trainable Parameters: 256
[2025-01-16 13:12:25,400][    INFO] Module: module.depth_head.scratch.refinenet4.resConfUnit1.conv1.weight, Trainable Parameters: 589824
[2025-01-16 13:12:25,400][    INFO] Module: module.depth_head.scratch.refinenet4.resConfUnit1.conv1.bias, Trainable Parameters: 256
[2025-01-16 13:12:25,400][    INFO] Module: module.depth_head.scratch.refinenet4.resConfUnit1.conv2.weight, Trainable Parameters: 589824
[2025-01-16 13:12:25,400][    INFO] Module: module.depth_head.scratch.refinenet4.resConfUnit1.conv2.bias, Trainable Parameters: 256
[2025-01-16 13:12:25,400][    INFO] Module: module.depth_head.scratch.refinenet4.resConfUnit2.conv1.weight, Trainable Parameters: 589824
[2025-01-16 13:12:25,400][    INFO] Module: module.depth_head.scratch.refinenet4.resConfUnit2.conv1.bias, Trainable Parameters: 256
[2025-01-16 13:12:25,400][    INFO] Module: module.depth_head.scratch.refinenet4.resConfUnit2.conv2.weight, Trainable Parameters: 589824
[2025-01-16 13:12:25,400][    INFO] Module: module.depth_head.scratch.refinenet4.resConfUnit2.conv2.bias, Trainable Parameters: 256
[2025-01-16 13:12:25,400][    INFO] Module: module.depth_head.scratch.output_conv1.weight, Trainable Parameters: 294912
[2025-01-16 13:12:25,400][    INFO] Module: module.depth_head.scratch.output_conv1.bias, Trainable Parameters: 128
[2025-01-16 13:12:25,400][    INFO] Module: module.depth_head.scratch.output_conv2.0.weight, Trainable Parameters: 36864
[2025-01-16 13:12:25,400][    INFO] Module: module.depth_head.scratch.output_conv2.0.bias, Trainable Parameters: 32
[2025-01-16 13:12:25,400][    INFO] Module: module.depth_head.scratch.output_conv2.2.weight, Trainable Parameters: 32
[2025-01-16 13:12:25,400][    INFO] Module: module.depth_head.scratch.output_conv2.2.bias, Trainable Parameters: 1
[2025-01-16 13:12:25,402][    INFO] Total Trainable Parameters: 30947009
[2025-01-16 13:12:25,402][    INFO] ===========> Epoch: 0/20, d1: 0.000, d2: 0.000, d3: 0.000
[2025-01-16 13:12:25,402][    INFO] ===========> Epoch: 0/20, abs_rel: 100.000, sq_rel: 100.000, rmse: 100.000, rmse_log: 100.000, log10: 100.000, silog: 100.000
/home/sph/anaconda3/envs/anything/lib/python3.9/site-packages/torch/autograd/__init__.py:266: UserWarning: Grad strides do not match bucket view strides. This may indicate grad was not created according to the gradient layout contract, or that the param's strides changed since DDP was constructed.  This is not an error, but may impair performance.
grad.sizes() = [1, 32, 1, 1], strides() = [32, 1, 32, 32]
bucket_view.sizes() = [1, 32, 1, 1], strides() = [32, 1, 1, 1] (Triggered internally at ../torch/csrc/distributed/c10d/reducer.cpp:322.)
  Variable._execution_engine.run_backward(  # Calls into the C++ engine to run the backward pass
/home/sph/anaconda3/envs/anything/lib/python3.9/site-packages/torch/autograd/__init__.py:266: UserWarning: Grad strides do not match bucket view strides. This may indicate grad was not created according to the gradient layout contract, or that the param's strides changed since DDP was constructed.  This is not an error, but may impair performance.
grad.sizes() = [1, 32, 1, 1], strides() = [32, 1, 32, 32]
bucket_view.sizes() = [1, 32, 1, 1], strides() = [32, 1, 1, 1] (Triggered internally at ../torch/csrc/distributed/c10d/reducer.cpp:322.)
  Variable._execution_engine.run_backward(  # Calls into the C++ engine to run the backward pass
[2025-01-16 13:12:33,634][    INFO] Iter: 0/269, LR: 0.0000050, Loss: 15.387
[2025-01-16 13:15:39,333][    INFO] Iter: 100/269, LR: 0.0000049, Loss: 6.058
[2025-01-16 13:18:45,708][    INFO] Iter: 200/269, LR: 0.0000048, Loss: 5.676
[2025-01-16 13:21:31,122][    INFO] ==========================================================================================
[2025-01-16 13:21:31,122][    INFO]       d1,       d2,       d3,  abs_rel,   sq_rel,     rmse, rmse_log,    log10,    silog
[2025-01-16 13:21:31,123][    INFO]    0.606,    0.818,    0.918,    0.334,    2.942,    6.464,    0.373,    0.114,    0.366
[2025-01-16 13:21:31,123][    INFO] ==========================================================================================

[2025-01-16 13:21:41,541][    INFO] ===========> Epoch: 1/20, d1: 0.606, d2: 0.818, d3: 0.918
[2025-01-16 13:21:41,542][    INFO] ===========> Epoch: 1/20, abs_rel: 0.334, sq_rel: 2.942, rmse: 6.464, rmse_log: 0.373, log10: 0.114, silog: 0.366
[2025-01-16 13:21:44,023][    INFO] Iter: 0/269, LR: 0.0000048, Loss: 5.323
[2025-01-16 13:24:50,477][    INFO] Iter: 100/269, LR: 0.0000047, Loss: 5.341
[2025-01-16 13:27:56,952][    INFO] Iter: 200/269, LR: 0.0000046, Loss: 5.331
[2025-01-16 13:30:41,591][    INFO] ==========================================================================================
[2025-01-16 13:30:41,591][    INFO]       d1,       d2,       d3,  abs_rel,   sq_rel,     rmse, rmse_log,    log10,    silog
[2025-01-16 13:30:41,591][    INFO]    0.605,    0.818,    0.922,    0.313,    2.813,    6.465,    0.364,    0.107,    0.356
[2025-01-16 13:30:41,591][    INFO] ==========================================================================================

[2025-01-16 13:30:51,903][    INFO] ===========> Epoch: 2/20, d1: 0.606, d2: 0.818, d3: 0.922
[2025-01-16 13:30:51,903][    INFO] ===========> Epoch: 2/20, abs_rel: 0.313, sq_rel: 2.813, rmse: 6.464, rmse_log: 0.364, log10: 0.107, silog: 0.356
[2025-01-16 13:30:54,329][    INFO] Iter: 0/269, LR: 0.0000045, Loss: 5.023
[2025-01-16 13:34:00,683][    INFO] Iter: 100/269, LR: 0.0000045, Loss: 5.057
[2025-01-16 13:37:07,043][    INFO] Iter: 200/269, LR: 0.0000044, Loss: 5.135
[2025-01-16 13:39:51,651][    INFO] ==========================================================================================
[2025-01-16 13:39:51,651][    INFO]       d1,       d2,       d3,  abs_rel,   sq_rel,     rmse, rmse_log,    log10,    silog
[2025-01-16 13:39:51,652][    INFO]    0.620,    0.828,    0.927,    0.292,    2.618,    6.440,    0.354,    0.104,    0.348
[2025-01-16 13:39:51,652][    INFO] ==========================================================================================

[2025-01-16 13:40:03,822][    INFO] ===========> Epoch: 3/20, d1: 0.620, d2: 0.828, d3: 0.927
[2025-01-16 13:40:03,822][    INFO] ===========> Epoch: 3/20, abs_rel: 0.292, sq_rel: 2.618, rmse: 6.440, rmse_log: 0.354, log10: 0.104, silog: 0.348
[2025-01-16 13:40:06,263][    INFO] Iter: 0/269, LR: 0.0000043, Loss: 4.884
[2025-01-16 13:43:12,589][    INFO] Iter: 100/269, LR: 0.0000042, Loss: 5.025
[2025-01-16 13:46:19,148][    INFO] Iter: 200/269, LR: 0.0000041, Loss: 5.004
[2025-01-16 13:49:03,825][    INFO] ==========================================================================================
[2025-01-16 13:49:03,825][    INFO]       d1,       d2,       d3,  abs_rel,   sq_rel,     rmse, rmse_log,    log10,    silog
[2025-01-16 13:49:03,826][    INFO]    0.629,    0.832,    0.929,    0.285,    2.494,    6.482,    0.349,    0.104,    0.345
[2025-01-16 13:49:03,826][    INFO] ==========================================================================================

[2025-01-16 13:49:17,795][    INFO] ===========> Epoch: 4/20, d1: 0.629, d2: 0.832, d3: 0.929
[2025-01-16 13:49:17,796][    INFO] ===========> Epoch: 4/20, abs_rel: 0.285, sq_rel: 2.494, rmse: 6.440, rmse_log: 0.349, log10: 0.104, silog: 0.345
[2025-01-16 13:49:20,201][    INFO] Iter: 0/269, LR: 0.0000041, Loss: 4.882
[2025-01-16 13:52:26,695][    INFO] Iter: 100/269, LR: 0.0000040, Loss: 4.834
[2025-01-16 13:55:33,444][    INFO] Iter: 200/269, LR: 0.0000039, Loss: 4.874
[2025-01-16 13:58:18,220][    INFO] ==========================================================================================
[2025-01-16 13:58:18,220][    INFO]       d1,       d2,       d3,  abs_rel,   sq_rel,     rmse, rmse_log,    log10,    silog
[2025-01-16 13:58:18,220][    INFO]    0.627,    0.838,    0.930,    0.294,    2.626,    6.382,    0.351,    0.108,    0.347
[2025-01-16 13:58:18,220][    INFO] ==========================================================================================

[2025-01-16 13:58:24,919][    INFO] ===========> Epoch: 5/20, d1: 0.629, d2: 0.838, d3: 0.930
[2025-01-16 13:58:24,919][    INFO] ===========> Epoch: 5/20, abs_rel: 0.285, sq_rel: 2.494, rmse: 6.382, rmse_log: 0.349, log10: 0.104, silog: 0.345
[2025-01-16 13:58:27,309][    INFO] Iter: 0/269, LR: 0.0000039, Loss: 4.394
[2025-01-16 14:01:33,920][    INFO] Iter: 100/269, LR: 0.0000038, Loss: 4.564
[2025-01-16 14:04:41,189][    INFO] Iter: 200/269, LR: 0.0000037, Loss: 4.646
[2025-01-16 14:07:26,765][    INFO] ==========================================================================================
[2025-01-16 14:07:26,765][    INFO]       d1,       d2,       d3,  abs_rel,   sq_rel,     rmse, rmse_log,    log10,    silog
[2025-01-16 14:07:26,765][    INFO]    0.627,    0.833,    0.928,    0.283,    2.486,    6.586,    0.351,    0.106,    0.346
[2025-01-16 14:07:26,765][    INFO] ==========================================================================================

[2025-01-16 14:07:37,476][    INFO] ===========> Epoch: 6/20, d1: 0.629, d2: 0.838, d3: 0.930
[2025-01-16 14:07:37,476][    INFO] ===========> Epoch: 6/20, abs_rel: 0.283, sq_rel: 2.486, rmse: 6.382, rmse_log: 0.349, log10: 0.104, silog: 0.345
[2025-01-16 14:07:39,887][    INFO] Iter: 0/269, LR: 0.0000036, Loss: 4.700
[2025-01-16 14:10:47,459][    INFO] Iter: 100/269, LR: 0.0000035, Loss: 4.161
[2025-01-16 14:13:55,431][    INFO] Iter: 200/269, LR: 0.0000035, Loss: 4.091
[2025-01-16 14:16:41,686][    INFO] ==========================================================================================
[2025-01-16 14:16:41,687][    INFO]       d1,       d2,       d3,  abs_rel,   sq_rel,     rmse, rmse_log,    log10,    silog
[2025-01-16 14:16:41,687][    INFO]    0.626,    0.826,    0.924,    0.282,    2.560,    6.630,    0.356,    0.104,    0.351
[2025-01-16 14:16:41,687][    INFO] ==========================================================================================

[2025-01-16 14:16:48,575][    INFO] ===========> Epoch: 7/20, d1: 0.629, d2: 0.838, d3: 0.930
[2025-01-16 14:16:48,575][    INFO] ===========> Epoch: 7/20, abs_rel: 0.282, sq_rel: 2.486, rmse: 6.382, rmse_log: 0.349, log10: 0.104, silog: 0.345
[2025-01-16 14:16:51,044][    INFO] Iter: 0/269, LR: 0.0000034, Loss: 4.429
[2025-01-16 14:19:59,258][    INFO] Iter: 100/269, LR: 0.0000033, Loss: 4.369
[2025-01-16 14:23:11,580][    INFO] Iter: 200/269, LR: 0.0000032, Loss: 4.449
[2025-01-16 14:25:58,220][    INFO] ==========================================================================================
[2025-01-16 14:25:58,220][    INFO]       d1,       d2,       d3,  abs_rel,   sq_rel,     rmse, rmse_log,    log10,    silog
[2025-01-16 14:25:58,221][    INFO]    0.622,    0.821,    0.921,    0.296,    2.774,    6.681,    0.361,    0.105,    0.356
[2025-01-16 14:25:58,221][    INFO] ==========================================================================================

[2025-01-16 14:26:02,107][    INFO] ===========> Epoch: 8/20, d1: 0.629, d2: 0.838, d3: 0.930
[2025-01-16 14:26:02,107][    INFO] ===========> Epoch: 8/20, abs_rel: 0.282, sq_rel: 2.486, rmse: 6.382, rmse_log: 0.349, log10: 0.104, silog: 0.345
[2025-01-16 14:26:04,545][    INFO] Iter: 0/269, LR: 0.0000032, Loss: 3.848
[2025-01-16 14:29:13,133][    INFO] Iter: 100/269, LR: 0.0000031, Loss: 4.286
[2025-01-16 14:32:21,863][    INFO] Iter: 200/269, LR: 0.0000030, Loss: 4.338
[2025-01-16 14:35:08,763][    INFO] ==========================================================================================
[2025-01-16 14:35:08,763][    INFO]       d1,       d2,       d3,  abs_rel,   sq_rel,     rmse, rmse_log,    log10,    silog
[2025-01-16 14:35:08,764][    INFO]    0.633,    0.829,    0.923,    0.300,    2.801,    6.532,    0.358,    0.104,    0.353
[2025-01-16 14:35:08,764][    INFO] ==========================================================================================

[2025-01-16 14:35:15,426][    INFO] ===========> Epoch: 9/20, d1: 0.633, d2: 0.838, d3: 0.930
[2025-01-16 14:35:15,426][    INFO] ===========> Epoch: 9/20, abs_rel: 0.282, sq_rel: 2.486, rmse: 6.382, rmse_log: 0.349, log10: 0.104, silog: 0.345
[2025-01-16 14:35:17,872][    INFO] Iter: 0/269, LR: 0.0000029, Loss: 4.442
[2025-01-16 14:38:27,075][    INFO] Iter: 100/269, LR: 0.0000028, Loss: 4.411
[2025-01-16 14:41:36,524][    INFO] Iter: 200/269, LR: 0.0000027, Loss: 4.346
[2025-01-16 14:44:24,200][    INFO] ==========================================================================================
[2025-01-16 14:44:24,200][    INFO]       d1,       d2,       d3,  abs_rel,   sq_rel,     rmse, rmse_log,    log10,    silog
[2025-01-16 14:44:24,201][    INFO]    0.643,    0.836,    0.927,    0.283,    2.599,    6.404,    0.350,    0.102,    0.345
[2025-01-16 14:44:24,201][    INFO] ==========================================================================================

[2025-01-16 14:44:30,891][    INFO] ===========> Epoch: 10/20, d1: 0.643, d2: 0.838, d3: 0.930
[2025-01-16 14:44:30,891][    INFO] ===========> Epoch: 10/20, abs_rel: 0.282, sq_rel: 2.486, rmse: 6.382, rmse_log: 0.349, log10: 0.102, silog: 0.345
[2025-01-16 14:44:33,288][    INFO] Iter: 0/269, LR: 0.0000027, Loss: 3.833
[2025-01-16 14:47:43,049][    INFO] Iter: 100/269, LR: 0.0000026, Loss: 4.182
[2025-01-16 14:50:52,962][    INFO] Iter: 200/269, LR: 0.0000025, Loss: 3.913
[2025-01-16 14:53:40,778][    INFO] ==========================================================================================
[2025-01-16 14:53:40,779][    INFO]       d1,       d2,       d3,  abs_rel,   sq_rel,     rmse, rmse_log,    log10,    silog
[2025-01-16 14:53:40,779][    INFO]    0.625,    0.821,    0.919,    0.293,    2.685,    6.753,    0.365,    0.110,    0.361
[2025-01-16 14:53:40,779][    INFO] ==========================================================================================

[2025-01-16 14:53:48,267][    INFO] ===========> Epoch: 11/20, d1: 0.643, d2: 0.838, d3: 0.930
[2025-01-16 14:53:48,267][    INFO] ===========> Epoch: 11/20, abs_rel: 0.282, sq_rel: 2.486, rmse: 6.382, rmse_log: 0.349, log10: 0.102, silog: 0.345
[2025-01-16 14:53:50,681][    INFO] Iter: 0/269, LR: 0.0000024, Loss: 4.442
[2025-01-16 14:57:00,573][    INFO] Iter: 100/269, LR: 0.0000023, Loss: 4.078
[2025-01-16 15:00:10,496][    INFO] Iter: 200/269, LR: 0.0000023, Loss: 3.973
[2025-01-16 15:02:58,329][    INFO] ==========================================================================================
[2025-01-16 15:02:58,329][    INFO]       d1,       d2,       d3,  abs_rel,   sq_rel,     rmse, rmse_log,    log10,    silog
[2025-01-16 15:02:58,330][    INFO]    0.634,    0.828,    0.921,    0.298,    2.816,    6.586,    0.359,    0.103,    0.353
[2025-01-16 15:02:58,330][    INFO] ==========================================================================================

[2025-01-16 15:03:02,262][    INFO] ===========> Epoch: 12/20, d1: 0.643, d2: 0.838, d3: 0.930
[2025-01-16 15:03:02,262][    INFO] ===========> Epoch: 12/20, abs_rel: 0.282, sq_rel: 2.486, rmse: 6.382, rmse_log: 0.349, log10: 0.102, silog: 0.345
[2025-01-16 15:03:04,662][    INFO] Iter: 0/269, LR: 0.0000022, Loss: 3.900
[2025-01-16 15:06:14,731][    INFO] Iter: 100/269, LR: 0.0000021, Loss: 3.997
[2025-01-16 15:09:25,023][    INFO] Iter: 200/269, LR: 0.0000020, Loss: 3.814
[2025-01-16 15:12:13,063][    INFO] ==========================================================================================
[2025-01-16 15:12:13,063][    INFO]       d1,       d2,       d3,  abs_rel,   sq_rel,     rmse, rmse_log,    log10,    silog
[2025-01-16 15:12:13,064][    INFO]    0.630,    0.829,    0.923,    0.292,    2.681,    6.605,    0.357,    0.104,    0.352
[2025-01-16 15:12:13,064][    INFO] ==========================================================================================

[2025-01-16 15:12:20,605][    INFO] ===========> Epoch: 13/20, d1: 0.643, d2: 0.838, d3: 0.930
[2025-01-16 15:12:20,605][    INFO] ===========> Epoch: 13/20, abs_rel: 0.282, sq_rel: 2.486, rmse: 6.382, rmse_log: 0.349, log10: 0.102, silog: 0.345
[2025-01-16 15:12:23,048][    INFO] Iter: 0/269, LR: 0.0000019, Loss: 4.123
[2025-01-16 15:15:33,073][    INFO] Iter: 100/269, LR: 0.0000019, Loss: 3.845
[2025-01-16 15:18:43,435][    INFO] Iter: 200/269, LR: 0.0000018, Loss: 4.084
[2025-01-16 15:21:31,772][    INFO] ==========================================================================================
[2025-01-16 15:21:31,772][    INFO]       d1,       d2,       d3,  abs_rel,   sq_rel,     rmse, rmse_log,    log10,    silog
[2025-01-16 15:21:31,773][    INFO]    0.631,    0.832,    0.925,    0.298,    2.767,    6.426,    0.355,    0.104,    0.349
[2025-01-16 15:21:31,773][    INFO] ==========================================================================================

[2025-01-16 15:21:35,731][    INFO] ===========> Epoch: 14/20, d1: 0.643, d2: 0.838, d3: 0.930
[2025-01-16 15:21:35,731][    INFO] ===========> Epoch: 14/20, abs_rel: 0.282, sq_rel: 2.486, rmse: 6.382, rmse_log: 0.349, log10: 0.102, silog: 0.345
[2025-01-16 15:21:38,179][    INFO] Iter: 0/269, LR: 0.0000017, Loss: 3.665
[2025-01-16 15:24:48,848][    INFO] Iter: 100/269, LR: 0.0000016, Loss: 4.140
[2025-01-16 15:27:59,630][    INFO] Iter: 200/269, LR: 0.0000015, Loss: 4.156
[2025-01-16 15:30:51,880][    INFO] ==========================================================================================
[2025-01-16 15:30:51,881][    INFO]       d1,       d2,       d3,  abs_rel,   sq_rel,     rmse, rmse_log,    log10,    silog
[2025-01-16 15:30:51,881][    INFO]    0.642,    0.835,    0.924,    0.292,    2.771,    6.496,    0.355,    0.102,    0.350
[2025-01-16 15:30:51,881][    INFO] ==========================================================================================

[2025-01-16 15:30:55,822][    INFO] ===========> Epoch: 15/20, d1: 0.643, d2: 0.838, d3: 0.930
[2025-01-16 15:30:55,823][    INFO] ===========> Epoch: 15/20, abs_rel: 0.282, sq_rel: 2.486, rmse: 6.382, rmse_log: 0.349, log10: 0.102, silog: 0.345
[2025-01-16 15:30:58,221][    INFO] Iter: 0/269, LR: 0.0000014, Loss: 3.849
[2025-01-16 15:34:08,739][    INFO] Iter: 100/269, LR: 0.0000013, Loss: 3.910
[2025-01-16 15:37:19,628][    INFO] Iter: 200/269, LR: 0.0000012, Loss: 4.049
[2025-01-16 15:40:08,243][    INFO] ==========================================================================================
[2025-01-16 15:40:08,243][    INFO]       d1,       d2,       d3,  abs_rel,   sq_rel,     rmse, rmse_log,    log10,    silog
[2025-01-16 15:40:08,243][    INFO]    0.634,    0.829,    0.923,    0.289,    2.724,    6.604,    0.358,    0.103,    0.353
[2025-01-16 15:40:08,243][    INFO] ==========================================================================================

[2025-01-16 15:40:15,855][    INFO] ===========> Epoch: 16/20, d1: 0.643, d2: 0.838, d3: 0.930
[2025-01-16 15:40:15,855][    INFO] ===========> Epoch: 16/20, abs_rel: 0.282, sq_rel: 2.486, rmse: 6.382, rmse_log: 0.349, log10: 0.102, silog: 0.345
[2025-01-16 15:40:18,330][    INFO] Iter: 0/269, LR: 0.0000012, Loss: 3.966
[2025-01-16 15:43:29,156][    INFO] Iter: 100/269, LR: 0.0000011, Loss: 3.881
[2025-01-16 15:46:40,264][    INFO] Iter: 200/269, LR: 0.0000010, Loss: 3.861
[2025-01-16 15:49:29,073][    INFO] ==========================================================================================
[2025-01-16 15:49:29,073][    INFO]       d1,       d2,       d3,  abs_rel,   sq_rel,     rmse, rmse_log,    log10,    silog
[2025-01-16 15:49:29,074][    INFO]    0.637,    0.831,    0.923,    0.287,    2.704,    6.557,    0.356,    0.102,    0.352
[2025-01-16 15:49:29,074][    INFO] ==========================================================================================

[2025-01-16 15:49:33,088][    INFO] ===========> Epoch: 17/20, d1: 0.643, d2: 0.838, d3: 0.930
[2025-01-16 15:49:33,088][    INFO] ===========> Epoch: 17/20, abs_rel: 0.282, sq_rel: 2.486, rmse: 6.382, rmse_log: 0.349, log10: 0.102, silog: 0.345
[2025-01-16 15:49:35,523][    INFO] Iter: 0/269, LR: 0.0000009, Loss: 3.986
[2025-01-16 15:52:46,529][    INFO] Iter: 100/269, LR: 0.0000008, Loss: 3.792
[2025-01-16 15:55:57,501][    INFO] Iter: 200/269, LR: 0.0000007, Loss: 4.158
[2025-01-16 15:58:46,066][    INFO] ==========================================================================================
[2025-01-16 15:58:46,067][    INFO]       d1,       d2,       d3,  abs_rel,   sq_rel,     rmse, rmse_log,    log10,    silog
[2025-01-16 15:58:46,067][    INFO]    0.634,    0.830,    0.922,    0.292,    2.775,    6.565,    0.359,    0.103,    0.353
[2025-01-16 15:58:46,067][    INFO] ==========================================================================================

[2025-01-16 15:58:49,973][    INFO] ===========> Epoch: 18/20, d1: 0.643, d2: 0.838, d3: 0.930
[2025-01-16 15:58:49,974][    INFO] ===========> Epoch: 18/20, abs_rel: 0.282, sq_rel: 2.486, rmse: 6.382, rmse_log: 0.349, log10: 0.102, silog: 0.345
[2025-01-16 15:58:52,392][    INFO] Iter: 0/269, LR: 0.0000006, Loss: 4.064
[2025-01-16 16:02:03,329][    INFO] Iter: 100/269, LR: 0.0000005, Loss: 3.663
[2025-01-16 16:05:14,272][    INFO] Iter: 200/269, LR: 0.0000004, Loss: 3.816
[2025-01-16 16:08:02,998][    INFO] ==========================================================================================
[2025-01-16 16:08:02,998][    INFO]       d1,       d2,       d3,  abs_rel,   sq_rel,     rmse, rmse_log,    log10,    silog
[2025-01-16 16:08:02,998][    INFO]    0.637,    0.832,    0.923,    0.289,    2.730,    6.568,    0.356,    0.102,    0.351
[2025-01-16 16:08:02,998][    INFO] ==========================================================================================

[2025-01-16 16:08:07,077][    INFO] ===========> Epoch: 19/20, d1: 0.643, d2: 0.838, d3: 0.930
[2025-01-16 16:08:07,077][    INFO] ===========> Epoch: 19/20, abs_rel: 0.282, sq_rel: 2.486, rmse: 6.382, rmse_log: 0.349, log10: 0.102, silog: 0.345
[2025-01-16 16:08:09,520][    INFO] Iter: 0/269, LR: 0.0000003, Loss: 3.946
[2025-01-16 16:11:20,398][    INFO] Iter: 100/269, LR: 0.0000002, Loss: 4.114
[2025-01-16 16:14:31,174][    INFO] Iter: 200/269, LR: 0.0000001, Loss: 3.960
[2025-01-16 16:17:20,753][    INFO] ==========================================================================================
[2025-01-16 16:17:20,753][    INFO]       d1,       d2,       d3,  abs_rel,   sq_rel,     rmse, rmse_log,    log10,    silog
[2025-01-16 16:17:20,753][    INFO]    0.637,    0.832,    0.924,    0.287,    2.682,    6.589,    0.356,    0.102,    0.351
[2025-01-16 16:17:20,753][    INFO] ==========================================================================================

